-- The C compiler identification is GNU 12.1.0
-- The CXX compiler identification is GNU 11.4.0
-- Detecting C compiler ABI info
-- Detecting C compiler ABI info - done
-- Check for working C compiler: /home/bwilab/miniconda3/bin/cc - skipped
-- Detecting C compile features
-- Detecting C compile features - done
-- Detecting CXX compiler ABI info
-- Detecting CXX compiler ABI info - done
-- Check for working CXX compiler: /usr/bin/c++ - skipped
-- Detecting CXX compile features
-- Detecting CXX compile features - done
[0mur_robot_driver: You did not request a specific build type: selecting 'RelWithDebInfo'.[0m
-- Found ament_cmake: 1.3.10 (/opt/ros/humble/share/ament_cmake/cmake)
-- Found Python3: /home/bwilab/miniconda3/bin/python3 (found version "3.12.2") found components: Interpreter 
-- Override CMake install command with custom implementation using symlinks instead of copying resources
-- Found controller_manager: 2.43.1 (/opt/ros/humble/share/controller_manager/cmake)
-- Found rosidl_generator_c: 3.1.5 (/opt/ros/humble/share/rosidl_generator_c/cmake)
-- Found rosidl_adapter: 3.1.5 (/opt/ros/humble/share/rosidl_adapter/cmake)
-- Found rosidl_generator_cpp: 3.1.5 (/opt/ros/humble/share/rosidl_generator_cpp/cmake)
-- Using all available rosidl_typesupport_c: rosidl_typesupport_fastrtps_c;rosidl_typesupport_introspection_c
-- Using all available rosidl_typesupport_cpp: rosidl_typesupport_fastrtps_cpp;rosidl_typesupport_introspection_cpp
-- Found rmw_implementation_cmake: 6.1.2 (/opt/ros/humble/share/rmw_implementation_cmake/cmake)
-- Found rmw_fastrtps_cpp: 6.2.7 (/opt/ros/humble/share/rmw_fastrtps_cpp/cmake)
-- Found TinyXML2 via Config file: TinyXML2_DIR-NOTFOUND
-- Found OpenSSL: /usr/lib/x86_64-linux-gnu/libcrypto.so (found version "3.0.2")  
-- Found TinyXML2 via Config file: TinyXML2_DIR-NOTFOUND
-- Found FastRTPS: /opt/ros/humble/include  
-- Found TinyXML2 via Config file: TinyXML2_DIR-NOTFOUND
-- Found TinyXML2 via Config file: TinyXML2_DIR-NOTFOUND
-- Using RMW implementation 'rmw_fastrtps_cpp' as default
-- Performing Test CMAKE_HAVE_LIBC_PTHREAD
-- Performing Test CMAKE_HAVE_LIBC_PTHREAD - Failed
-- Looking for pthread_create in pthreads
-- Looking for pthread_create in pthreads - not found
-- Looking for pthread_create in pthread
-- Looking for pthread_create in pthread - found
-- Found Threads: TRUE  
-- Found rclpy: 3.3.14 (/opt/ros/humble/share/rclpy/cmake)
-- Found std_srvs: 4.2.4 (/opt/ros/humble/share/std_srvs/cmake)
-- Found tf2_geometry_msgs: 0.25.8 (/opt/ros/humble/share/tf2_geometry_msgs/cmake)
-- Found eigen3_cmake_module: 0.1.1 (/opt/ros/humble/share/eigen3_cmake_module/cmake)
-- Found Eigen3: TRUE (found version "3.4.0") 
-- Ensuring Eigen3 include directory is part of orocos-kdl CMake target
-- Found ur_dashboard_msgs: 2.2.15 (/opt/ros/humble/share/ur_dashboard_msgs/cmake)
-- Found ur_controllers: 2.2.16 (/opt/ros/humble/share/ur_controllers/cmake)
-- Found parameter_traits: 0.3.8 (/opt/ros/humble/share/parameter_traits/cmake)
-- Found ur_description: 2.1.5 (/home/bwilab/fri_ws/install/ur_description/share/ur_description/cmake)
-- Found launch_testing_ament_cmake: 1.0.6 (/opt/ros/humble/share/launch_testing_ament_cmake/cmake)
-- Found python_cmake_module: 0.10.0 (/opt/ros/humble/share/python_cmake_module/cmake)
-- Found PythonInterp: /home/bwilab/miniconda3/bin/python3 (found suitable version "3.12.2", minimum required is "3.6") 
-- Found PythonLibs: /home/bwilab/miniconda3/lib/libpython3.12.so (found suitable version "3.12.2", minimum required is "3.5") 
-- Using PYTHON_EXECUTABLE: /home/bwilab/miniconda3/bin/python3
-- Using PYTHON_INCLUDE_DIRS: /home/bwilab/miniconda3/include/python3.12
-- Using PYTHON_LIBRARIES: /home/bwilab/miniconda3/lib/libpython3.12.so
-- Found PythonExtra: .so  
-- Configuring done (2.0s)
-- Generating done (0.1s)
-- Build files have been written to: /home/bwilab/fri_ws/build/ur_robot_driver
[  6%] [32mBuilding CXX object CMakeFiles/ur_ros2_control_node.dir/src/ur_ros2_control_node.cpp.o[0m
[ 13%] [32mBuilding CXX object CMakeFiles/urscript_interface.dir/src/urscript_interface.cpp.o[0m
[ 20%] [32mBuilding CXX object CMakeFiles/controller_stopper_node.dir/src/controller_stopper.cpp.o[0m
[ 26%] [32mBuilding CXX object CMakeFiles/ur_robot_driver_plugin.dir/src/dashboard_client_ros.cpp.o[0m
[ 33%] [32mBuilding CXX object CMakeFiles/controller_stopper_node.dir/src/controller_stopper_node.cpp.o[0m
[ 40%] [32mBuilding CXX object CMakeFiles/ur_robot_driver_plugin.dir/src/hardware_interface.cpp.o[0m
[ 46%] [32mBuilding CXX object CMakeFiles/dashboard_client.dir/src/dashboard_client_ros.cpp.o[0m
[ 60%] [32mBuilding CXX object CMakeFiles/dashboard_client.dir/src/dashboard_client_node.cpp.o[0m
[ 60%] [32mBuilding CXX object CMakeFiles/ur_robot_driver_plugin.dir/src/urcl_log_handler.cpp.o[0m
[ 66%] [32mBuilding CXX object CMakeFiles/dashboard_client.dir/src/urcl_log_handler.cpp.o[0m
[ 66%] Built target ament_cmake_python_symlink_ur_robot_driver
running egg_info
creating ur_robot_driver.egg-info
writing ur_robot_driver.egg-info/PKG-INFO
writing dependency_links to ur_robot_driver.egg-info/dependency_links.txt
writing top-level names to ur_robot_driver.egg-info/top_level.txt
writing manifest file 'ur_robot_driver.egg-info/SOURCES.txt'
reading manifest file 'ur_robot_driver.egg-info/SOURCES.txt'
writing manifest file 'ur_robot_driver.egg-info/SOURCES.txt'
[ 66%] Built target ament_cmake_python_build_ur_robot_driver_egg
[ 73%] [32m[1mLinking CXX executable ur_ros2_control_node[0m
[ 73%] Built target ur_ros2_control_node
[ 80%] [32m[1mLinking CXX executable urscript_interface[0m
[ 80%] Built target urscript_interface
[ 86%] [32m[1mLinking CXX executable controller_stopper_node[0m
[ 86%] Built target controller_stopper_node
[ 93%] [32m[1mLinking CXX executable dashboard_client[0m
[100%] [32m[1mLinking CXX shared library libur_robot_driver_plugin.so[0m
[100%] Built target dashboard_client
[100%] Built target ur_robot_driver_plugin
