[0.007s] Invoking command in '/home/bwilab/fri_ws/build/ur_robot_driver': CMAKE_PREFIX_PATH=/home/bwilab/fri_ws/install/ur_description:/home/bwilab/fri_ws/install/v5_moveit_config:/home/bwilab/fri_ws/install/v5_description:/home/bwilab/fri_ws/install/ur_robot_driver:/home/bwilab/fri_ws/install/robotiq_description:/home/bwilab/fri_ws/install/arm_launch:/home/bwilab/fri_ws/install/ur5_wave:/home/bwilab/fri_ws/install/robotiq_gripper_driver:/opt/ros/humble CONDA_PROMPT_MODIFIER=(base) /home/bwilab/.local/bin/cmake /home/bwilab/fri_ws/src/v5_arm/ur_robot_driver -DAMENT_CMAKE_SYMLINK_INSTALL=1 -DCMAKE_INSTALL_PREFIX=/home/bwilab/fri_ws/install/ur_robot_driver
[0.067s] -- The C compiler identification is GNU 12.1.0
[0.117s] -- The CXX compiler identification is GNU 11.4.0
[0.125s] -- Detecting C compiler ABI info
[0.175s] -- Detecting C compiler ABI info - done
[0.184s] -- Check for working C compiler: /home/bwilab/miniconda3/bin/cc - skipped
[0.184s] -- Detecting C compile features
[0.185s] -- Detecting C compile features - done
[0.187s] -- Detecting CXX compiler ABI info
[0.247s] -- Detecting CXX compiler ABI info - done
[0.255s] -- Check for working CXX compiler: /usr/bin/c++ - skipped
[0.256s] -- Detecting CXX compile features
[0.256s] -- Detecting CXX compile features - done
[0.257s] [0mur_robot_driver: You did not request a specific build type: selecting 'RelWithDebInfo'.[0m
[0.260s] -- Found ament_cmake: 1.3.10 (/opt/ros/humble/share/ament_cmake/cmake)
[0.535s] -- Found Python3: /home/bwilab/miniconda3/bin/python3 (found version "3.12.2") found components: Interpreter 
[0.606s] -- Override CMake install command with custom implementation using symlinks instead of copying resources
[0.645s] -- Found controller_manager: 2.43.1 (/opt/ros/humble/share/controller_manager/cmake)
[0.706s] -- Found rosidl_generator_c: 3.1.5 (/opt/ros/humble/share/rosidl_generator_c/cmake)
[0.713s] -- Found rosidl_adapter: 3.1.5 (/opt/ros/humble/share/rosidl_adapter/cmake)
[0.723s] -- Found rosidl_generator_cpp: 3.1.5 (/opt/ros/humble/share/rosidl_generator_cpp/cmake)
[0.737s] -- Using all available rosidl_typesupport_c: rosidl_typesupport_fastrtps_c;rosidl_typesupport_introspection_c
[0.757s] -- Using all available rosidl_typesupport_cpp: rosidl_typesupport_fastrtps_cpp;rosidl_typesupport_introspection_cpp
[1.015s] -- Found rmw_implementation_cmake: 6.1.2 (/opt/ros/humble/share/rmw_implementation_cmake/cmake)
[1.018s] -- Found rmw_fastrtps_cpp: 6.2.7 (/opt/ros/humble/share/rmw_fastrtps_cpp/cmake)
[1.049s] -- Found TinyXML2 via Config file: TinyXML2_DIR-NOTFOUND
[1.097s] -- Found OpenSSL: /usr/lib/x86_64-linux-gnu/libcrypto.so (found version "3.0.2")  
[1.099s] -- Found TinyXML2 via Config file: TinyXML2_DIR-NOTFOUND
[1.120s] -- Found FastRTPS: /opt/ros/humble/include  
[1.124s] -- Found TinyXML2 via Config file: TinyXML2_DIR-NOTFOUND
[1.132s] -- Found TinyXML2 via Config file: TinyXML2_DIR-NOTFOUND
[1.146s] -- Using RMW implementation 'rmw_fastrtps_cpp' as default
[1.158s] -- Performing Test CMAKE_HAVE_LIBC_PTHREAD
[1.214s] -- Performing Test CMAKE_HAVE_LIBC_PTHREAD - Failed
[1.214s] -- Looking for pthread_create in pthreads
[1.257s] -- Looking for pthread_create in pthreads - not found
[1.257s] -- Looking for pthread_create in pthread
[1.312s] -- Looking for pthread_create in pthread - found
[1.313s] -- Found Threads: TRUE  
[1.421s] -- Found rclpy: 3.3.14 (/opt/ros/humble/share/rclpy/cmake)
[1.423s] -- Found std_srvs: 4.2.4 (/opt/ros/humble/share/std_srvs/cmake)
[1.435s] -- Found tf2_geometry_msgs: 0.25.8 (/opt/ros/humble/share/tf2_geometry_msgs/cmake)
[1.455s] -- Found eigen3_cmake_module: 0.1.1 (/opt/ros/humble/share/eigen3_cmake_module/cmake)
[1.457s] -- Found Eigen3: TRUE (found version "3.4.0") 
[1.457s] -- Ensuring Eigen3 include directory is part of orocos-kdl CMake target
[1.533s] -- Found ur_dashboard_msgs: 2.2.15 (/opt/ros/humble/share/ur_dashboard_msgs/cmake)
[1.852s] -- Found ur_controllers: 2.2.16 (/opt/ros/humble/share/ur_controllers/cmake)
[1.878s] -- Found parameter_traits: 0.3.8 (/opt/ros/humble/share/parameter_traits/cmake)
[1.949s] -- Found ur_description: 2.1.5 (/home/bwilab/fri_ws/install/ur_description/share/ur_description/cmake)
[1.951s] -- Found launch_testing_ament_cmake: 1.0.6 (/opt/ros/humble/share/launch_testing_ament_cmake/cmake)
[1.954s] -- Found python_cmake_module: 0.10.0 (/opt/ros/humble/share/python_cmake_module/cmake)
[1.971s] -- Found PythonInterp: /home/bwilab/miniconda3/bin/python3 (found suitable version "3.12.2", minimum required is "3.6") 
[1.974s] -- Found PythonLibs: /home/bwilab/miniconda3/lib/libpython3.12.so (found suitable version "3.12.2", minimum required is "3.5") 
[1.974s] -- Using PYTHON_EXECUTABLE: /home/bwilab/miniconda3/bin/python3
[1.975s] -- Using PYTHON_INCLUDE_DIRS: /home/bwilab/miniconda3/include/python3.12
[1.975s] -- Using PYTHON_LIBRARIES: /home/bwilab/miniconda3/lib/libpython3.12.so
[1.993s] -- Found PythonExtra: .so  
[1.993s] -- Configuring done (2.0s)
[2.120s] -- Generating done (0.1s)
[2.122s] -- Build files have been written to: /home/bwilab/fri_ws/build/ur_robot_driver
[2.144s] Invoked command in '/home/bwilab/fri_ws/build/ur_robot_driver' returned '0': CMAKE_PREFIX_PATH=/home/bwilab/fri_ws/install/ur_description:/home/bwilab/fri_ws/install/v5_moveit_config:/home/bwilab/fri_ws/install/v5_description:/home/bwilab/fri_ws/install/ur_robot_driver:/home/bwilab/fri_ws/install/robotiq_description:/home/bwilab/fri_ws/install/arm_launch:/home/bwilab/fri_ws/install/ur5_wave:/home/bwilab/fri_ws/install/robotiq_gripper_driver:/opt/ros/humble CONDA_PROMPT_MODIFIER=(base) /home/bwilab/.local/bin/cmake /home/bwilab/fri_ws/src/v5_arm/ur_robot_driver -DAMENT_CMAKE_SYMLINK_INSTALL=1 -DCMAKE_INSTALL_PREFIX=/home/bwilab/fri_ws/install/ur_robot_driver
[2.146s] Invoking command in '/home/bwilab/fri_ws/build/ur_robot_driver': CMAKE_PREFIX_PATH=/home/bwilab/fri_ws/install/ur_description:/home/bwilab/fri_ws/install/v5_moveit_config:/home/bwilab/fri_ws/install/v5_description:/home/bwilab/fri_ws/install/ur_robot_driver:/home/bwilab/fri_ws/install/robotiq_description:/home/bwilab/fri_ws/install/arm_launch:/home/bwilab/fri_ws/install/ur5_wave:/home/bwilab/fri_ws/install/robotiq_gripper_driver:/opt/ros/humble CONDA_PROMPT_MODIFIER=(base) /home/bwilab/.local/bin/cmake --build /home/bwilab/fri_ws/build/ur_robot_driver -- -j16 -l16
[2.192s] [  6%] [32mBuilding CXX object CMakeFiles/ur_ros2_control_node.dir/src/ur_ros2_control_node.cpp.o[0m
[2.192s] [ 13%] [32mBuilding CXX object CMakeFiles/urscript_interface.dir/src/urscript_interface.cpp.o[0m
[2.192s] [ 20%] [32mBuilding CXX object CMakeFiles/controller_stopper_node.dir/src/controller_stopper.cpp.o[0m
[2.193s] [ 26%] [32mBuilding CXX object CMakeFiles/ur_robot_driver_plugin.dir/src/dashboard_client_ros.cpp.o[0m
[2.193s] [ 33%] [32mBuilding CXX object CMakeFiles/controller_stopper_node.dir/src/controller_stopper_node.cpp.o[0m
[2.193s] [ 40%] [32mBuilding CXX object CMakeFiles/ur_robot_driver_plugin.dir/src/hardware_interface.cpp.o[0m
[2.193s] [ 46%] [32mBuilding CXX object CMakeFiles/dashboard_client.dir/src/dashboard_client_ros.cpp.o[0m
[2.193s] [ 60%] [32mBuilding CXX object CMakeFiles/dashboard_client.dir/src/dashboard_client_node.cpp.o[0m
[2.193s] [ 60%] [32mBuilding CXX object CMakeFiles/ur_robot_driver_plugin.dir/src/urcl_log_handler.cpp.o[0m
[2.193s] [ 66%] [32mBuilding CXX object CMakeFiles/dashboard_client.dir/src/urcl_log_handler.cpp.o[0m
[2.196s] [ 66%] Built target ament_cmake_python_symlink_ur_robot_driver
[2.538s] running egg_info
[2.539s] creating ur_robot_driver.egg-info
[2.570s] writing ur_robot_driver.egg-info/PKG-INFO
[2.571s] writing dependency_links to ur_robot_driver.egg-info/dependency_links.txt
[2.571s] writing top-level names to ur_robot_driver.egg-info/top_level.txt
[2.571s] writing manifest file 'ur_robot_driver.egg-info/SOURCES.txt'
[2.658s] reading manifest file 'ur_robot_driver.egg-info/SOURCES.txt'
[2.658s] writing manifest file 'ur_robot_driver.egg-info/SOURCES.txt'
[2.726s] [ 66%] Built target ament_cmake_python_build_ur_robot_driver_egg
[8.374s] [ 73%] [32m[1mLinking CXX executable ur_ros2_control_node[0m
[8.555s] [ 73%] Built target ur_ros2_control_node
[15.710s] [ 80%] [32m[1mLinking CXX executable urscript_interface[0m
[15.980s] [ 80%] Built target urscript_interface
[18.272s] [ 86%] [32m[1mLinking CXX executable controller_stopper_node[0m
[18.557s] [ 86%] Built target controller_stopper_node
[20.064s] [ 93%] [32m[1mLinking CXX executable dashboard_client[0m
[20.141s] [100%] [32m[1mLinking CXX shared library libur_robot_driver_plugin.so[0m
[20.345s] [100%] Built target dashboard_client
[20.432s] [100%] Built target ur_robot_driver_plugin
