[0.020s] Invoking command in '/home/bwilab/fri_ws/src/build/robotiq_description': CMAKE_PREFIX_PATH=/opt/ros/humble CONDA_PROMPT_MODIFIER=(base) /home/bwilab/.local/bin/cmake --build /home/bwilab/fri_ws/src/build/robotiq_description -- -j16 -l16
[0.280s] -- Found ament_cmake: 1.3.10 (/opt/ros/humble/share/ament_cmake/cmake)
[0.281s] -- Found ament_lint_auto: 0.12.11 (/opt/ros/humble/share/ament_lint_auto/cmake)
[0.281s] -- Added test 'copyright' to check source files copyright and LICENSE
[0.281s] -- Added test 'lint_cmake' to check CMake code style
[0.281s] -- Added test 'xmllint' to check XML markup files
[0.281s] -- Configuring done (0.2s)
[0.281s] -- Generating done (0.0s)
[0.281s] -- Build files have been written to: /home/bwilab/fri_ws/src/build/robotiq_description
[0.282s] Invoked command in '/home/bwilab/fri_ws/src/build/robotiq_description' returned '0': CMAKE_PREFIX_PATH=/opt/ros/humble CONDA_PROMPT_MODIFIER=(base) /home/bwilab/.local/bin/cmake --build /home/bwilab/fri_ws/src/build/robotiq_description -- -j16 -l16
[0.559s] Invoking command in '/home/bwilab/fri_ws/src/build/robotiq_description': CMAKE_PREFIX_PATH=/opt/ros/humble CONDA_PROMPT_MODIFIER=(base) /home/bwilab/.local/bin/cmake --install /home/bwilab/fri_ws/src/build/robotiq_description
[0.580s] -- Install configuration: ""
[0.580s] -- Up-to-date: /home/bwilab/fri_ws/src/install/robotiq_description/share/robotiq_description/urdf
[0.580s] -- Installing: /home/bwilab/fri_ws/src/install/robotiq_description/share/robotiq_description/urdf/robotiq_arg2f_140_model.xacro
[0.582s] -- Installing: /home/bwilab/fri_ws/src/install/robotiq_description/share/robotiq_description/urdf/robotiq_arg2f_transmission.xacro
[0.582s] -- Installing: /home/bwilab/fri_ws/src/install/robotiq_description/share/robotiq_description/urdf/robotiq_arg2f_140_model_macro.xacro
[0.582s] -- Installing: /home/bwilab/fri_ws/src/install/robotiq_description/share/robotiq_description/urdf/robotiq_arg2f.xacro
[0.583s] -- Up-to-date: /home/bwilab/fri_ws/src/install/robotiq_description/share/robotiq_description/meshes
[0.583s] -- Up-to-date: /home/bwilab/fri_ws/src/install/robotiq_description/share/robotiq_description/meshes/visual
[0.583s] -- Installing: /home/bwilab/fri_ws/src/install/robotiq_description/share/robotiq_description/meshes/visual/robotiq_arg2f_140_outer_knuckle.stl
[0.583s] -- Installing: /home/bwilab/fri_ws/src/install/robotiq_description/share/robotiq_description/meshes/visual/robotiq_arg2f_base_link.stl
[0.590s] -- Installing: /home/bwilab/fri_ws/src/install/robotiq_description/share/robotiq_description/meshes/visual/robotiq_arg2f_140_inner_knuckle.stl
[0.590s] -- Installing: /home/bwilab/fri_ws/src/install/robotiq_description/share/robotiq_description/meshes/visual/robotiq_arg2f_coupling.stl
[0.594s] -- Installing: /home/bwilab/fri_ws/src/install/robotiq_description/share/robotiq_description/meshes/visual/robotiq_arg2f_140_inner_finger.stl
[0.595s] -- Installing: /home/bwilab/fri_ws/src/install/robotiq_description/share/robotiq_description/meshes/visual/robotiq_arg2f_140_outer_finger.stl
[0.596s] -- Up-to-date: /home/bwilab/fri_ws/src/install/robotiq_description/share/robotiq_description/meshes/collision
[0.596s] -- Installing: /home/bwilab/fri_ws/src/install/robotiq_description/share/robotiq_description/meshes/collision/robotiq_arg2f_140_outer_knuckle.stl
[0.597s] -- Installing: /home/bwilab/fri_ws/src/install/robotiq_description/share/robotiq_description/meshes/collision/robotiq_arg2f_base_link.stl
[0.600s] -- Installing: /home/bwilab/fri_ws/src/install/robotiq_description/share/robotiq_description/meshes/collision/robotiq_arg2f_140_inner_knuckle.stl
[0.600s] -- Installing: /home/bwilab/fri_ws/src/install/robotiq_description/share/robotiq_description/meshes/collision/robotiq_arg2f_coupling.stl
[0.600s] -- Installing: /home/bwilab/fri_ws/src/install/robotiq_description/share/robotiq_description/meshes/collision/robotiq_arg2f_140_inner_finger.stl
[0.600s] -- Installing: /home/bwilab/fri_ws/src/install/robotiq_description/share/robotiq_description/meshes/collision/robotiq_arg2f_140_outer_finger.stl
[0.601s] -- Up-to-date: /home/bwilab/fri_ws/src/install/robotiq_description/share/ament_index/resource_index/package_run_dependencies/robotiq_description
[0.603s] -- Installing: /home/bwilab/fri_ws/src/install/robotiq_description/share/ament_index/resource_index/parent_prefix_path/robotiq_description
[0.603s] -- Installing: /home/bwilab/fri_ws/src/install/robotiq_description/share/robotiq_description/environment/ament_prefix_path.sh
[0.603s] -- Installing: /home/bwilab/fri_ws/src/install/robotiq_description/share/robotiq_description/environment/ament_prefix_path.dsv
[0.604s] -- Installing: /home/bwilab/fri_ws/src/install/robotiq_description/share/robotiq_description/environment/path.sh
[0.605s] -- Installing: /home/bwilab/fri_ws/src/install/robotiq_description/share/robotiq_description/environment/path.dsv
[0.605s] -- Up-to-date: /home/bwilab/fri_ws/src/install/robotiq_description/share/robotiq_description/local_setup.bash
[0.605s] -- Up-to-date: /home/bwilab/fri_ws/src/install/robotiq_description/share/robotiq_description/local_setup.sh
[0.605s] -- Up-to-date: /home/bwilab/fri_ws/src/install/robotiq_description/share/robotiq_description/local_setup.zsh
[0.605s] -- Installing: /home/bwilab/fri_ws/src/install/robotiq_description/share/robotiq_description/local_setup.dsv
[0.608s] -- Installing: /home/bwilab/fri_ws/src/install/robotiq_description/share/robotiq_description/package.dsv
[0.609s] -- Up-to-date: /home/bwilab/fri_ws/src/install/robotiq_description/share/ament_index/resource_index/packages/robotiq_description
[0.609s] -- Up-to-date: /home/bwilab/fri_ws/src/install/robotiq_description/share/robotiq_description/cmake/robotiq_descriptionConfig.cmake
[0.609s] -- Up-to-date: /home/bwilab/fri_ws/src/install/robotiq_description/share/robotiq_description/cmake/robotiq_descriptionConfig-version.cmake
[0.611s] -- Installing: /home/bwilab/fri_ws/src/install/robotiq_description/share/robotiq_description/package.xml
[0.623s] Invoked command in '/home/bwilab/fri_ws/src/build/robotiq_description' returned '0': CMAKE_PREFIX_PATH=/opt/ros/humble CONDA_PROMPT_MODIFIER=(base) /home/bwilab/.local/bin/cmake --install /home/bwilab/fri_ws/src/build/robotiq_description
