[0.010s] Invoking command in '/home/bwilab/fri_ws/build/ur_robot_driver': CMAKE_PREFIX_PATH=/home/bwilab/fri_ws/install/ur_description:/home/bwilab/fri_ws/install/v5_moveit_config:/home/bwilab/fri_ws/install/v5_description:/home/bwilab/fri_ws/install/ur_robot_driver:/home/bwilab/fri_ws/install/robotiq_description:/home/bwilab/fri_ws/install/arm_launch:/home/bwilab/fri_ws/install/ur5_wave:/home/bwilab/fri_ws/install/robotiq_gripper_driver:/opt/ros/humble CONDA_PROMPT_MODIFIER=(base) /home/bwilab/.local/bin/cmake --build /home/bwilab/fri_ws/build/ur_robot_driver -- -j16 -l16
[0.061s] [  0%] Built target ament_cmake_python_symlink_ur_robot_driver
[0.064s] [ 26%] Built target dashboard_client
[0.064s] [ 53%] Built target ur_ros2_control_node
[0.065s] [ 53%] Built target urscript_interface
[0.066s] [ 73%] Built target controller_stopper_node
[0.066s] [100%] Built target ur_robot_driver_plugin
[0.256s] running egg_info
[0.273s] writing ur_robot_driver.egg-info/PKG-INFO
[0.274s] writing dependency_links to ur_robot_driver.egg-info/dependency_links.txt
[0.274s] writing top-level names to ur_robot_driver.egg-info/top_level.txt
[0.319s] reading manifest file 'ur_robot_driver.egg-info/SOURCES.txt'
[0.320s] writing manifest file 'ur_robot_driver.egg-info/SOURCES.txt'
[0.354s] [100%] Built target ament_cmake_python_build_ur_robot_driver_egg
[0.363s] Invoked command in '/home/bwilab/fri_ws/build/ur_robot_driver' returned '0': CMAKE_PREFIX_PATH=/home/bwilab/fri_ws/install/ur_description:/home/bwilab/fri_ws/install/v5_moveit_config:/home/bwilab/fri_ws/install/v5_description:/home/bwilab/fri_ws/install/ur_robot_driver:/home/bwilab/fri_ws/install/robotiq_description:/home/bwilab/fri_ws/install/arm_launch:/home/bwilab/fri_ws/install/ur5_wave:/home/bwilab/fri_ws/install/robotiq_gripper_driver:/opt/ros/humble CONDA_PROMPT_MODIFIER=(base) /home/bwilab/.local/bin/cmake --build /home/bwilab/fri_ws/build/ur_robot_driver -- -j16 -l16
[0.432s] Invoking command in '/home/bwilab/fri_ws/build/ur_robot_driver': CMAKE_PREFIX_PATH=/home/bwilab/fri_ws/install/ur_description:/home/bwilab/fri_ws/install/v5_moveit_config:/home/bwilab/fri_ws/install/v5_description:/home/bwilab/fri_ws/install/ur_robot_driver:/home/bwilab/fri_ws/install/robotiq_description:/home/bwilab/fri_ws/install/arm_launch:/home/bwilab/fri_ws/install/ur5_wave:/home/bwilab/fri_ws/install/robotiq_gripper_driver:/opt/ros/humble CONDA_PROMPT_MODIFIER=(base) /home/bwilab/.local/bin/cmake --install /home/bwilab/fri_ws/build/ur_robot_driver
[0.455s] -- Install configuration: "RelWithDebInfo"
[0.455s] -- Execute custom install script
[0.455s] -- Up-to-date symlink: /home/bwilab/fri_ws/install/ur_robot_driver/share/ur_robot_driver//hardware_interface_plugin.xml
[0.455s] -- Up-to-date symlink: /home/bwilab/fri_ws/install/ur_robot_driver/lib/ur_robot_driver/dashboard_client
[0.455s] -- Up-to-date symlink: /home/bwilab/fri_ws/install/ur_robot_driver/lib/ur_robot_driver/ur_ros2_control_node
[0.456s] -- Up-to-date symlink: /home/bwilab/fri_ws/install/ur_robot_driver/lib/ur_robot_driver/controller_stopper_node
[0.456s] -- Up-to-date symlink: /home/bwilab/fri_ws/install/ur_robot_driver/lib/ur_robot_driver/urscript_interface
[0.456s] -- Up-to-date symlink: /home/bwilab/fri_ws/install/ur_robot_driver/lib/libur_robot_driver_plugin.so
[0.456s] -- Up-to-date symlink: /home/bwilab/fri_ws/install/ur_robot_driver/include/ur_robot_driver/controller_stopper.hpp
[0.456s] -- Up-to-date symlink: /home/bwilab/fri_ws/install/ur_robot_driver/include/ur_robot_driver/dashboard_client_ros.hpp
[0.456s] -- Up-to-date symlink: /home/bwilab/fri_ws/install/ur_robot_driver/include/ur_robot_driver/hardware_interface.hpp
[0.457s] -- Up-to-date symlink: /home/bwilab/fri_ws/install/ur_robot_driver/include/ur_robot_driver/urcl_log_handler.hpp
[0.457s] -- Up-to-date symlink: /home/bwilab/fri_ws/install/ur_robot_driver/share/ur_robot_driver/environment/library_path.sh
[0.457s] -- Up-to-date symlink: /home/bwilab/fri_ws/install/ur_robot_driver/share/ur_robot_driver/environment/library_path.dsv
[0.457s] -- Up-to-date symlink: /home/bwilab/fri_ws/install/ur_robot_driver/include/ur_robot_driver/controller_stopper.hpp
[0.457s] -- Up-to-date symlink: /home/bwilab/fri_ws/install/ur_robot_driver/include/ur_robot_driver/dashboard_client_ros.hpp
[0.457s] -- Up-to-date symlink: /home/bwilab/fri_ws/install/ur_robot_driver/include/ur_robot_driver/hardware_interface.hpp
[0.457s] -- Up-to-date symlink: /home/bwilab/fri_ws/install/ur_robot_driver/include/ur_robot_driver/urcl_log_handler.hpp
[0.457s] -- Up-to-date symlink: /home/bwilab/fri_ws/install/ur_robot_driver/share/ur_robot_driver/environment/pythonpath.sh
[0.457s] -- Up-to-date symlink: /home/bwilab/fri_ws/install/ur_robot_driver/share/ur_robot_driver/environment/pythonpath.dsv
[0.458s] -- Up-to-date symlink: /home/bwilab/fri_ws/install/ur_robot_driver/lib/python3.12/site-packages/ur_robot_driver-2.2.16-py3.12.egg-info/PKG-INFO
[0.458s] -- Up-to-date symlink: /home/bwilab/fri_ws/install/ur_robot_driver/lib/python3.12/site-packages/ur_robot_driver-2.2.16-py3.12.egg-info/SOURCES.txt
[0.458s] -- Up-to-date symlink: /home/bwilab/fri_ws/install/ur_robot_driver/lib/python3.12/site-packages/ur_robot_driver-2.2.16-py3.12.egg-info/dependency_links.txt
[0.458s] -- Up-to-date symlink: /home/bwilab/fri_ws/install/ur_robot_driver/lib/python3.12/site-packages/ur_robot_driver-2.2.16-py3.12.egg-info/top_level.txt
[0.458s] -- Up-to-date symlink: /home/bwilab/fri_ws/install/ur_robot_driver/lib/python3.12/site-packages/ur_robot_driver/__init__.py
[0.458s] -- Up-to-date symlink: /home/bwilab/fri_ws/install/ur_robot_driver/lib/ur_robot_driver/tool_communication.py
[0.458s] -- Up-to-date symlink: /home/bwilab/fri_ws/install/ur_robot_driver/bin/wait_dashboard_server.sh
[0.459s] -- Up-to-date symlink: /home/bwilab/fri_ws/install/ur_robot_driver/lib/ur_robot_driver/start_ursim.sh
[0.459s] -- Up-to-date symlink: /home/bwilab/fri_ws/install/ur_robot_driver/share/ur_robot_driver/config/test_goal_publishers_config.yaml
[0.459s] -- Up-to-date symlink: /home/bwilab/fri_ws/install/ur_robot_driver/share/ur_robot_driver/config/test_velocity_goal_publishers_config.yaml
[0.459s] -- Up-to-date symlink: /home/bwilab/fri_ws/install/ur_robot_driver/share/ur_robot_driver/config/ur10_update_rate.yaml
[0.459s] -- Up-to-date symlink: /home/bwilab/fri_ws/install/ur_robot_driver/share/ur_robot_driver/config/ur10e_update_rate.yaml
[0.459s] -- Up-to-date symlink: /home/bwilab/fri_ws/install/ur_robot_driver/share/ur_robot_driver/config/ur16e_update_rate.yaml
[0.459s] -- Up-to-date symlink: /home/bwilab/fri_ws/install/ur_robot_driver/share/ur_robot_driver/config/ur20_update_rate.yaml
[0.459s] -- Up-to-date symlink: /home/bwilab/fri_ws/install/ur_robot_driver/share/ur_robot_driver/config/ur30_update_rate.yaml
[0.459s] -- Up-to-date symlink: /home/bwilab/fri_ws/install/ur_robot_driver/share/ur_robot_driver/config/ur3_update_rate.yaml
[0.460s] -- Up-to-date symlink: /home/bwilab/fri_ws/install/ur_robot_driver/share/ur_robot_driver/config/ur3e_update_rate.yaml
[0.460s] -- Up-to-date symlink: /home/bwilab/fri_ws/install/ur_robot_driver/share/ur_robot_driver/config/ur5_update_rate.yaml
[0.460s] -- Up-to-date symlink: /home/bwilab/fri_ws/install/ur_robot_driver/share/ur_robot_driver/config/ur5e_update_rate.yaml
[0.460s] -- Up-to-date symlink: /home/bwilab/fri_ws/install/ur_robot_driver/share/ur_robot_driver/config/ur_controllers.yaml
[0.460s] -- Up-to-date symlink: /home/bwilab/fri_ws/install/ur_robot_driver/share/ur_robot_driver/launch/test_forward_velocity_controller.launch.py
[0.460s] -- Up-to-date symlink: /home/bwilab/fri_ws/install/ur_robot_driver/share/ur_robot_driver/launch/test_joint_trajectory_controller.launch.py
[0.460s] -- Up-to-date symlink: /home/bwilab/fri_ws/install/ur_robot_driver/share/ur_robot_driver/launch/test_scaled_joint_trajectory_controller.launch.py
[0.460s] -- Up-to-date symlink: /home/bwilab/fri_ws/install/ur_robot_driver/share/ur_robot_driver/launch/ur10.launch.py
[0.460s] -- Up-to-date symlink: /home/bwilab/fri_ws/install/ur_robot_driver/share/ur_robot_driver/launch/ur10e.launch.py
[0.461s] -- Up-to-date symlink: /home/bwilab/fri_ws/install/ur_robot_driver/share/ur_robot_driver/launch/ur16e.launch.py
[0.461s] -- Up-to-date symlink: /home/bwilab/fri_ws/install/ur_robot_driver/share/ur_robot_driver/launch/ur20.launch.py
[0.461s] -- Up-to-date symlink: /home/bwilab/fri_ws/install/ur_robot_driver/share/ur_robot_driver/launch/ur3.launch.py
[0.461s] -- Up-to-date symlink: /home/bwilab/fri_ws/install/ur_robot_driver/share/ur_robot_driver/launch/ur30.launch.py
[0.461s] -- Up-to-date symlink: /home/bwilab/fri_ws/install/ur_robot_driver/share/ur_robot_driver/launch/ur3e.launch.py
[0.461s] -- Up-to-date symlink: /home/bwilab/fri_ws/install/ur_robot_driver/share/ur_robot_driver/launch/ur5.launch.py
[0.461s] -- Up-to-date symlink: /home/bwilab/fri_ws/install/ur_robot_driver/share/ur_robot_driver/launch/ur5e.launch.py
[0.461s] -- Up-to-date symlink: /home/bwilab/fri_ws/install/ur_robot_driver/share/ur_robot_driver/launch/ur_control.launch.py
[0.461s] -- Up-to-date symlink: /home/bwilab/fri_ws/install/ur_robot_driver/share/ur_robot_driver/launch/ur_dashboard_client.launch.py
[0.461s] -- Up-to-date symlink: /home/bwilab/fri_ws/install/ur_robot_driver/share/ament_index/resource_index/package_run_dependencies/ur_robot_driver
[0.461s] -- Up-to-date symlink: /home/bwilab/fri_ws/install/ur_robot_driver/share/ament_index/resource_index/parent_prefix_path/ur_robot_driver
[0.462s] -- Up-to-date symlink: /home/bwilab/fri_ws/install/ur_robot_driver/share/ur_robot_driver/environment/ament_prefix_path.sh
[0.462s] -- Up-to-date symlink: /home/bwilab/fri_ws/install/ur_robot_driver/share/ur_robot_driver/environment/ament_prefix_path.dsv
[0.462s] -- Up-to-date symlink: /home/bwilab/fri_ws/install/ur_robot_driver/share/ur_robot_driver/environment/path.sh
[0.462s] -- Up-to-date symlink: /home/bwilab/fri_ws/install/ur_robot_driver/share/ur_robot_driver/environment/path.dsv
[0.462s] -- Up-to-date symlink: /home/bwilab/fri_ws/install/ur_robot_driver/share/ur_robot_driver/local_setup.bash
[0.462s] -- Up-to-date symlink: /home/bwilab/fri_ws/install/ur_robot_driver/share/ur_robot_driver/local_setup.sh
[0.462s] -- Up-to-date symlink: /home/bwilab/fri_ws/install/ur_robot_driver/share/ur_robot_driver/local_setup.zsh
[0.462s] -- Up-to-date symlink: /home/bwilab/fri_ws/install/ur_robot_driver/share/ur_robot_driver/local_setup.dsv
[0.463s] -- Symlinking: /home/bwilab/fri_ws/install/ur_robot_driver/share/ur_robot_driver/package.dsv
[0.466s] -- Up-to-date symlink: /home/bwilab/fri_ws/install/ur_robot_driver/share/ament_index/resource_index/packages/ur_robot_driver
[0.466s] -- Up-to-date symlink: /home/bwilab/fri_ws/install/ur_robot_driver/share/ament_index/resource_index/hardware_interface__pluginlib__plugin/ur_robot_driver
[0.467s] -- Up-to-date symlink: /home/bwilab/fri_ws/install/ur_robot_driver/share/ur_robot_driver/cmake/ament_cmake_export_include_directories-extras.cmake
[0.467s] -- Up-to-date symlink: /home/bwilab/fri_ws/install/ur_robot_driver/share/ur_robot_driver/cmake/ament_cmake_export_libraries-extras.cmake
[0.467s] -- Up-to-date symlink: /home/bwilab/fri_ws/install/ur_robot_driver/share/ur_robot_driver/cmake/ament_cmake_export_dependencies-extras.cmake
[0.467s] -- Up-to-date symlink: /home/bwilab/fri_ws/install/ur_robot_driver/share/ur_robot_driver/cmake/ur_robot_driverConfig.cmake
[0.467s] -- Up-to-date symlink: /home/bwilab/fri_ws/install/ur_robot_driver/share/ur_robot_driver/cmake/ur_robot_driverConfig-version.cmake
[0.467s] -- Up-to-date symlink: /home/bwilab/fri_ws/install/ur_robot_driver/share/ur_robot_driver/package.xml
[0.467s] -- Up-to-date: /home/bwilab/fri_ws/install/ur_robot_driver/share/ur_robot_driver/resources
[0.467s] -- Up-to-date: /home/bwilab/fri_ws/install/ur_robot_driver/share/ur_robot_driver/resources/ros_control.urscript
[0.467s] -- Up-to-date: /home/bwilab/fri_ws/install/ur_robot_driver/share/ur_robot_driver/resources/externalcontrol-1.0.5.urcap
[0.467s] -- Up-to-date: /home/bwilab/fri_ws/install/ur_robot_driver/share/ur_robot_driver/resources/rtde_output_recipe.txt
[0.467s] -- Up-to-date: /home/bwilab/fri_ws/install/ur_robot_driver/share/ur_robot_driver/resources/rtde_input_recipe.txt
[0.468s] -- Up-to-date: /home/bwilab/fri_ws/install/ur_robot_driver/share/ur_robot_driver/resources/rs485-1.0.urcap
[0.496s] Listing '/home/bwilab/fri_ws/install/ur_robot_driver/lib/python3.12/site-packages/ur_robot_driver'...
[0.508s] Invoked command in '/home/bwilab/fri_ws/build/ur_robot_driver' returned '0': CMAKE_PREFIX_PATH=/home/bwilab/fri_ws/install/ur_description:/home/bwilab/fri_ws/install/v5_moveit_config:/home/bwilab/fri_ws/install/v5_description:/home/bwilab/fri_ws/install/ur_robot_driver:/home/bwilab/fri_ws/install/robotiq_description:/home/bwilab/fri_ws/install/arm_launch:/home/bwilab/fri_ws/install/ur5_wave:/home/bwilab/fri_ws/install/robotiq_gripper_driver:/opt/ros/humble CONDA_PROMPT_MODIFIER=(base) /home/bwilab/.local/bin/cmake --install /home/bwilab/fri_ws/build/ur_robot_driver
