[0.023s] Invoking command in '/home/bwilab/fri_ws/build/ur_description': CMAKE_PREFIX_PATH=/home/bwilab/fri_ws/install/recognition_node /home/bwilab/.local/bin/cmake /home/bwilab/fri_ws/src/v5_arm/ur_description -DCMAKE_INSTALL_PREFIX=/home/bwilab/fri_ws/install/ur_description
[0.480s] -- Found ament_cmake: 1.3.10 (/opt/ros/humble/share/ament_cmake/cmake)
[0.481s] -- Configuring incomplete, errors occurred!
[0.482s] Traceback (most recent call last):
[0.483s]   File "/opt/ros/humble/share/ament_cmake_core/cmake/package_templates/templates_2_cmake.py", line 21, in <module>
[0.483s]     from ament_package.templates import get_environment_hook_template_path
[0.483s] ModuleNotFoundError: No module named 'ament_package'
[0.483s] [31mCMake Error at /opt/ros/humble/share/ament_cmake_core/cmake/ament_cmake_package_templates-extras.cmake:41 (message):
[0.484s]   execute_process(/usr/bin/python3
[0.484s]   /opt/ros/humble/share/ament_cmake_core/cmake/package_templates/templates_2_cmake.py
[0.485s]   /home/bwilab/fri_ws/build/ur_description/ament_cmake_package_templates/templates.cmake)
[0.485s]   returned error code 1
[0.485s] Call Stack (most recent call first):
[0.485s]   /opt/ros/humble/share/ament_cmake_core/cmake/ament_cmake_coreConfig.cmake:41 (include)
[0.485s]   /opt/ros/humble/share/ament_cmake/cmake/ament_cmake_export_dependencies-extras.cmake:15 (find_package)
[0.485s]   /opt/ros/humble/share/ament_cmake/cmake/ament_cmakeConfig.cmake:41 (include)
[0.485s]   CMakeLists.txt:4 (find_package)
[0.485s] 
[0.485s] [0m
[0.714s] Invoked command in '/home/bwilab/fri_ws/build/ur_description' returned '1': CMAKE_PREFIX_PATH=/home/bwilab/fri_ws/install/recognition_node /home/bwilab/.local/bin/cmake /home/bwilab/fri_ws/src/v5_arm/ur_description -DCMAKE_INSTALL_PREFIX=/home/bwilab/fri_ws/install/ur_description
