[0.026s] Invoking command in '/home/bwilab/fri_ws/build/arm_launch': CMAKE_PREFIX_PATH=${CMAKE_PREFIX_PATH}:/home/bwilab/fri_ws/install/ur5_wave:/home/bwilab/fri_ws/install/robotiq_gripper_driver:/opt/ros/humble CONDA_PROMPT_MODIFIER=(base) /home/bwilab/.local/bin/cmake --build /home/bwilab/fri_ws/build/arm_launch -- -j16 -l16
[0.309s] Invoked command in '/home/bwilab/fri_ws/build/arm_launch' returned '0': CMAKE_PREFIX_PATH=${CMAKE_PREFIX_PATH}:/home/bwilab/fri_ws/install/ur5_wave:/home/bwilab/fri_ws/install/robotiq_gripper_driver:/opt/ros/humble CONDA_PROMPT_MODIFIER=(base) /home/bwilab/.local/bin/cmake --build /home/bwilab/fri_ws/build/arm_launch -- -j16 -l16
[0.608s] Invoking command in '/home/bwilab/fri_ws/build/arm_launch': CMAKE_PREFIX_PATH=${CMAKE_PREFIX_PATH}:/home/bwilab/fri_ws/install/ur5_wave:/home/bwilab/fri_ws/install/robotiq_gripper_driver:/opt/ros/humble CONDA_PROMPT_MODIFIER=(base) /home/bwilab/.local/bin/cmake --install /home/bwilab/fri_ws/build/arm_launch
[0.629s] -- Install configuration: ""
[0.629s] -- Execute custom install script
[0.630s] -- Symlinking: /home/bwilab/fri_ws/install/arm_launch/share/arm_launch/launch/__pycache__/v5_arm.launch.cpython-310.pyc
[0.633s] -- Up-to-date symlink: /home/bwilab/fri_ws/install/arm_launch/share/arm_launch/launch/__pycache__/v5_arm_launch.launch.cpython-310.pyc
[0.639s] -- Up-to-date symlink: /home/bwilab/fri_ws/install/arm_launch/share/arm_launch/launch/arm_drivers.launch.py
[0.642s] -- Up-to-date symlink: /home/bwilab/fri_ws/install/arm_launch/share/arm_launch/launch/v5_arm.launch.py
[0.642s] -- Up-to-date symlink: /home/bwilab/fri_ws/install/arm_launch/share/arm_launch/config/trajectory_execution.yaml
[0.642s] -- Up-to-date symlink: /home/bwilab/fri_ws/install/arm_launch/share/arm_launch/config/ur_arm_calibration.yaml
[0.642s] -- Up-to-date symlink: /home/bwilab/fri_ws/install/arm_launch/share/ament_index/resource_index/package_run_dependencies/arm_launch
[0.642s] -- Up-to-date symlink: /home/bwilab/fri_ws/install/arm_launch/share/ament_index/resource_index/parent_prefix_path/arm_launch
[0.642s] -- Up-to-date symlink: /home/bwilab/fri_ws/install/arm_launch/share/arm_launch/environment/ament_prefix_path.sh
[0.642s] -- Up-to-date symlink: /home/bwilab/fri_ws/install/arm_launch/share/arm_launch/environment/ament_prefix_path.dsv
[0.642s] -- Up-to-date symlink: /home/bwilab/fri_ws/install/arm_launch/share/arm_launch/environment/path.sh
[0.642s] -- Up-to-date symlink: /home/bwilab/fri_ws/install/arm_launch/share/arm_launch/environment/path.dsv
[0.643s] -- Up-to-date symlink: /home/bwilab/fri_ws/install/arm_launch/share/arm_launch/local_setup.bash
[0.643s] -- Up-to-date symlink: /home/bwilab/fri_ws/install/arm_launch/share/arm_launch/local_setup.sh
[0.643s] -- Up-to-date symlink: /home/bwilab/fri_ws/install/arm_launch/share/arm_launch/local_setup.zsh
[0.643s] -- Up-to-date symlink: /home/bwilab/fri_ws/install/arm_launch/share/arm_launch/local_setup.dsv
[0.644s] -- Symlinking: /home/bwilab/fri_ws/install/arm_launch/share/arm_launch/package.dsv
[0.646s] -- Up-to-date symlink: /home/bwilab/fri_ws/install/arm_launch/share/ament_index/resource_index/packages/arm_launch
[0.646s] -- Up-to-date symlink: /home/bwilab/fri_ws/install/arm_launch/share/arm_launch/cmake/arm_launchConfig.cmake
[0.647s] -- Up-to-date symlink: /home/bwilab/fri_ws/install/arm_launch/share/arm_launch/cmake/arm_launchConfig-version.cmake
[0.647s] -- Up-to-date symlink: /home/bwilab/fri_ws/install/arm_launch/share/arm_launch/package.xml
[0.651s] Invoked command in '/home/bwilab/fri_ws/build/arm_launch' returned '0': CMAKE_PREFIX_PATH=${CMAKE_PREFIX_PATH}:/home/bwilab/fri_ws/install/ur5_wave:/home/bwilab/fri_ws/install/robotiq_gripper_driver:/opt/ros/humble CONDA_PROMPT_MODIFIER=(base) /home/bwilab/.local/bin/cmake --install /home/bwilab/fri_ws/build/arm_launch
