[0.309s] Invoking command in '/home/bwilab/fri_ws/build/robotiq_description': CMAKE_PREFIX_PATH=${CMAKE_PREFIX_PATH}:/home/bwilab/fri_ws/install/recognition_node:/home/bwilab/fri_ws/install/gesture_recognition:/home/bwilab/fri_ws/install/ur5_wave:/home/bwilab/fri_ws/install/robotiq_gripper_driver:/opt/ros/humble CONDA_PROMPT_MODIFIER=(base) /home/bwilab/.local/bin/cmake --build /home/bwilab/fri_ws/build/robotiq_description -- -j16 -l16
[0.594s] Invoked command in '/home/bwilab/fri_ws/build/robotiq_description' returned '0': CMAKE_PREFIX_PATH=${CMAKE_PREFIX_PATH}:/home/bwilab/fri_ws/install/recognition_node:/home/bwilab/fri_ws/install/gesture_recognition:/home/bwilab/fri_ws/install/ur5_wave:/home/bwilab/fri_ws/install/robotiq_gripper_driver:/opt/ros/humble CONDA_PROMPT_MODIFIER=(base) /home/bwilab/.local/bin/cmake --build /home/bwilab/fri_ws/build/robotiq_description -- -j16 -l16
[0.925s] Invoking command in '/home/bwilab/fri_ws/build/robotiq_description': CMAKE_PREFIX_PATH=${CMAKE_PREFIX_PATH}:/home/bwilab/fri_ws/install/recognition_node:/home/bwilab/fri_ws/install/gesture_recognition:/home/bwilab/fri_ws/install/ur5_wave:/home/bwilab/fri_ws/install/robotiq_gripper_driver:/opt/ros/humble CONDA_PROMPT_MODIFIER=(base) /home/bwilab/.local/bin/cmake --install /home/bwilab/fri_ws/build/robotiq_description
[0.983s] -- Install configuration: ""
[0.986s] -- Up-to-date: /home/bwilab/fri_ws/install/robotiq_description/share/robotiq_description/urdf
[0.991s] -- Up-to-date: /home/bwilab/fri_ws/install/robotiq_description/share/robotiq_description/urdf/robotiq_arg2f_140_model.xacro
[0.998s] -- Up-to-date: /home/bwilab/fri_ws/install/robotiq_description/share/robotiq_description/urdf/robotiq_arg2f_transmission.xacro
[0.998s] -- Up-to-date: /home/bwilab/fri_ws/install/robotiq_description/share/robotiq_description/urdf/robotiq_arg2f_140_model_macro.xacro
[0.998s] -- Up-to-date: /home/bwilab/fri_ws/install/robotiq_description/share/robotiq_description/urdf/robotiq_arg2f.xacro
[0.998s] -- Up-to-date: /home/bwilab/fri_ws/install/robotiq_description/share/robotiq_description/meshes
[0.999s] -- Up-to-date: /home/bwilab/fri_ws/install/robotiq_description/share/robotiq_description/meshes/visual
[0.999s] -- Up-to-date: /home/bwilab/fri_ws/install/robotiq_description/share/robotiq_description/meshes/visual/robotiq_arg2f_140_outer_knuckle.stl
[0.999s] -- Up-to-date: /home/bwilab/fri_ws/install/robotiq_description/share/robotiq_description/meshes/visual/robotiq_arg2f_base_link.stl
[0.999s] -- Up-to-date: /home/bwilab/fri_ws/install/robotiq_description/share/robotiq_description/meshes/visual/robotiq_arg2f_140_inner_knuckle.stl
[0.999s] -- Up-to-date: /home/bwilab/fri_ws/install/robotiq_description/share/robotiq_description/meshes/visual/robotiq_arg2f_coupling.stl
[0.999s] -- Up-to-date: /home/bwilab/fri_ws/install/robotiq_description/share/robotiq_description/meshes/visual/robotiq_arg2f_140_inner_finger.stl
[1.000s] -- Up-to-date: /home/bwilab/fri_ws/install/robotiq_description/share/robotiq_description/meshes/visual/robotiq_arg2f_140_outer_finger.stl
[1.000s] -- Up-to-date: /home/bwilab/fri_ws/install/robotiq_description/share/robotiq_description/meshes/collision
[1.000s] -- Up-to-date: /home/bwilab/fri_ws/install/robotiq_description/share/robotiq_description/meshes/collision/robotiq_arg2f_140_outer_knuckle.stl
[1.000s] -- Up-to-date: /home/bwilab/fri_ws/install/robotiq_description/share/robotiq_description/meshes/collision/robotiq_arg2f_base_link.stl
[1.000s] -- Up-to-date: /home/bwilab/fri_ws/install/robotiq_description/share/robotiq_description/meshes/collision/robotiq_arg2f_140_inner_knuckle.stl
[1.000s] -- Up-to-date: /home/bwilab/fri_ws/install/robotiq_description/share/robotiq_description/meshes/collision/robotiq_arg2f_coupling.stl
[1.000s] -- Up-to-date: /home/bwilab/fri_ws/install/robotiq_description/share/robotiq_description/meshes/collision/robotiq_arg2f_140_inner_finger.stl
[1.000s] -- Up-to-date: /home/bwilab/fri_ws/install/robotiq_description/share/robotiq_description/meshes/collision/robotiq_arg2f_140_outer_finger.stl
[1.001s] -- Up-to-date: /home/bwilab/fri_ws/install/robotiq_description/share/ament_index/resource_index/package_run_dependencies/robotiq_description
[1.001s] -- Up-to-date: /home/bwilab/fri_ws/install/robotiq_description/share/ament_index/resource_index/parent_prefix_path/robotiq_description
[1.001s] -- Up-to-date: /home/bwilab/fri_ws/install/robotiq_description/share/robotiq_description/environment/ament_prefix_path.sh
[1.001s] -- Up-to-date: /home/bwilab/fri_ws/install/robotiq_description/share/robotiq_description/environment/ament_prefix_path.dsv
[1.001s] -- Up-to-date: /home/bwilab/fri_ws/install/robotiq_description/share/robotiq_description/environment/path.sh
[1.001s] -- Up-to-date: /home/bwilab/fri_ws/install/robotiq_description/share/robotiq_description/environment/path.dsv
[1.001s] -- Up-to-date: /home/bwilab/fri_ws/install/robotiq_description/share/robotiq_description/local_setup.bash
[1.002s] -- Up-to-date: /home/bwilab/fri_ws/install/robotiq_description/share/robotiq_description/local_setup.sh
[1.005s] -- Up-to-date: /home/bwilab/fri_ws/install/robotiq_description/share/robotiq_description/local_setup.zsh
[1.005s] -- Up-to-date: /home/bwilab/fri_ws/install/robotiq_description/share/robotiq_description/local_setup.dsv
[1.005s] -- Installing: /home/bwilab/fri_ws/install/robotiq_description/share/robotiq_description/package.dsv
[1.008s] -- Up-to-date: /home/bwilab/fri_ws/install/robotiq_description/share/ament_index/resource_index/packages/robotiq_description
[1.008s] -- Up-to-date: /home/bwilab/fri_ws/install/robotiq_description/share/robotiq_description/cmake/robotiq_descriptionConfig.cmake
[1.008s] -- Up-to-date: /home/bwilab/fri_ws/install/robotiq_description/share/robotiq_description/cmake/robotiq_descriptionConfig-version.cmake
[1.011s] -- Up-to-date: /home/bwilab/fri_ws/install/robotiq_description/share/robotiq_description/package.xml
[1.016s] Invoked command in '/home/bwilab/fri_ws/build/robotiq_description' returned '0': CMAKE_PREFIX_PATH=${CMAKE_PREFIX_PATH}:/home/bwilab/fri_ws/install/recognition_node:/home/bwilab/fri_ws/install/gesture_recognition:/home/bwilab/fri_ws/install/ur5_wave:/home/bwilab/fri_ws/install/robotiq_gripper_driver:/opt/ros/humble CONDA_PROMPT_MODIFIER=(base) /home/bwilab/.local/bin/cmake --install /home/bwilab/fri_ws/build/robotiq_description
