-- The C compiler identification is GNU 12.1.0
-- The CXX compiler identification is GNU 11.4.0
-- Detecting C compiler ABI info
-- Detecting C compiler ABI info - done
-- Check for working C compiler: /home/bwilab/miniconda3/bin/cc - skipped
-- Detecting C compile features
-- Detecting C compile features - done
-- Detecting CXX compiler ABI info
-- Detecting CXX compiler ABI info - done
-- Check for working CXX compiler: /usr/bin/c++ - skipped
-- Detecting CXX compile features
-- Detecting CXX compile features - done
-- Found ament_cmake: 1.3.10 (/opt/ros/humble/share/ament_cmake/cmake)
-- Found Python3: /home/bwilab/miniconda3/bin/python3 (found version "3.12.2") found components: Interpreter 
-- Override CMake install command with custom implementation using symlinks instead of copying resources
-- Found ament_lint_auto: 0.12.11 (/opt/ros/humble/share/ament_lint_auto/cmake)
-- Added test 'flake8' to check Python code syntax and style conventions
-- Added test 'lint_cmake' to check CMake code style
-- Added test 'pep257' to check Python code against some of the docstring style conventions in PEP 257
-- Added test 'xmllint' to check XML markup files
-- Configuring done (0.8s)
-- Generating done (0.0s)
-- Build files have been written to: /home/bwilab/fri_ws/build/arm_launch
-- Install configuration: ""
-- Execute custom install script
-- Symlinking: /home/bwilab/fri_ws/install/arm_launch/share/arm_launch/launch/__pycache__/v5_arm.launch.cpython-310.pyc
-- Symlinking: /home/bwilab/fri_ws/install/arm_launch/share/arm_launch/launch/__pycache__/v5_arm_launch.launch.cpython-310.pyc
-- Symlinking: /home/bwilab/fri_ws/install/arm_launch/share/arm_launch/launch/arm_drivers.launch.py
-- Symlinking: /home/bwilab/fri_ws/install/arm_launch/share/arm_launch/launch/v5_arm.launch.py
-- Symlinking: /home/bwilab/fri_ws/install/arm_launch/share/arm_launch/config/trajectory_execution.yaml
-- Symlinking: /home/bwilab/fri_ws/install/arm_launch/share/arm_launch/config/ur_arm_calibration.yaml
-- Symlinking: /home/bwilab/fri_ws/install/arm_launch/share/ament_index/resource_index/package_run_dependencies/arm_launch
-- Symlinking: /home/bwilab/fri_ws/install/arm_launch/share/ament_index/resource_index/parent_prefix_path/arm_launch
-- Symlinking: /home/bwilab/fri_ws/install/arm_launch/share/arm_launch/environment/ament_prefix_path.sh
-- Symlinking: /home/bwilab/fri_ws/install/arm_launch/share/arm_launch/environment/ament_prefix_path.dsv
-- Symlinking: /home/bwilab/fri_ws/install/arm_launch/share/arm_launch/environment/path.sh
-- Symlinking: /home/bwilab/fri_ws/install/arm_launch/share/arm_launch/environment/path.dsv
-- Symlinking: /home/bwilab/fri_ws/install/arm_launch/share/arm_launch/local_setup.bash
-- Symlinking: /home/bwilab/fri_ws/install/arm_launch/share/arm_launch/local_setup.sh
-- Symlinking: /home/bwilab/fri_ws/install/arm_launch/share/arm_launch/local_setup.zsh
-- Symlinking: /home/bwilab/fri_ws/install/arm_launch/share/arm_launch/local_setup.dsv
-- Symlinking: /home/bwilab/fri_ws/install/arm_launch/share/arm_launch/package.dsv
-- Symlinking: /home/bwilab/fri_ws/install/arm_launch/share/ament_index/resource_index/packages/arm_launch
-- Symlinking: /home/bwilab/fri_ws/install/arm_launch/share/arm_launch/cmake/arm_launchConfig.cmake
-- Symlinking: /home/bwilab/fri_ws/install/arm_launch/share/arm_launch/cmake/arm_launchConfig-version.cmake
-- Symlinking: /home/bwilab/fri_ws/install/arm_launch/share/arm_launch/package.xml
