[0.023s] Invoking command in '/home/bwilab/fri_ws/build/arm_launch': CMAKE_PREFIX_PATH=${CMAKE_PREFIX_PATH}:/home/bwilab/fri_ws/install/ur5_wave:/home/bwilab/fri_ws/install/robotiq_gripper_driver:/opt/ros/humble CONDA_PROMPT_MODIFIER=(base) /home/bwilab/.local/bin/cmake /home/bwilab/fri_ws/src/v5_arm/arm_launch -DAMENT_CMAKE_SYMLINK_INSTALL=1 -DCMAKE_INSTALL_PREFIX=/home/bwilab/fri_ws/install/arm_launch
[0.316s] -- The C compiler identification is GNU 12.1.0
[0.316s] -- The CXX compiler identification is GNU 11.4.0
[0.316s] -- Detecting C compiler ABI info
[0.316s] -- Detecting C compiler ABI info - done
[0.317s] -- Check for working C compiler: /home/bwilab/miniconda3/bin/cc - skipped
[0.317s] -- Detecting C compile features
[0.317s] -- Detecting C compile features - done
[0.317s] -- Detecting CXX compiler ABI info
[0.317s] -- Detecting CXX compiler ABI info - done
[0.317s] -- Check for working CXX compiler: /usr/bin/c++ - skipped
[0.317s] -- Detecting CXX compile features
[0.317s] -- Detecting CXX compile features - done
[0.317s] -- Found ament_cmake: 1.3.10 (/opt/ros/humble/share/ament_cmake/cmake)
[0.599s] -- Found Python3: /home/bwilab/miniconda3/bin/python3 (found version "3.12.2") found components: Interpreter 
[0.678s] -- Override CMake install command with custom implementation using symlinks instead of copying resources
[0.710s] -- Found ament_lint_auto: 0.12.11 (/opt/ros/humble/share/ament_lint_auto/cmake)
[0.811s] -- Added test 'flake8' to check Python code syntax and style conventions
[0.811s] -- Added test 'lint_cmake' to check CMake code style
[0.812s] -- Added test 'pep257' to check Python code against some of the docstring style conventions in PEP 257
[0.813s] -- Added test 'xmllint' to check XML markup files
[0.815s] -- Configuring done (0.8s)
[0.818s] -- Generating done (0.0s)
[0.819s] -- Build files have been written to: /home/bwilab/fri_ws/build/arm_launch
[0.827s] Invoked command in '/home/bwilab/fri_ws/build/arm_launch' returned '0': CMAKE_PREFIX_PATH=${CMAKE_PREFIX_PATH}:/home/bwilab/fri_ws/install/ur5_wave:/home/bwilab/fri_ws/install/robotiq_gripper_driver:/opt/ros/humble CONDA_PROMPT_MODIFIER=(base) /home/bwilab/.local/bin/cmake /home/bwilab/fri_ws/src/v5_arm/arm_launch -DAMENT_CMAKE_SYMLINK_INSTALL=1 -DCMAKE_INSTALL_PREFIX=/home/bwilab/fri_ws/install/arm_launch
[0.829s] Invoking command in '/home/bwilab/fri_ws/build/arm_launch': CMAKE_PREFIX_PATH=${CMAKE_PREFIX_PATH}:/home/bwilab/fri_ws/install/ur5_wave:/home/bwilab/fri_ws/install/robotiq_gripper_driver:/opt/ros/humble CONDA_PROMPT_MODIFIER=(base) /home/bwilab/.local/bin/cmake --build /home/bwilab/fri_ws/build/arm_launch -- -j16 -l16
[0.870s] Invoked command in '/home/bwilab/fri_ws/build/arm_launch' returned '0': CMAKE_PREFIX_PATH=${CMAKE_PREFIX_PATH}:/home/bwilab/fri_ws/install/ur5_wave:/home/bwilab/fri_ws/install/robotiq_gripper_driver:/opt/ros/humble CONDA_PROMPT_MODIFIER=(base) /home/bwilab/.local/bin/cmake --build /home/bwilab/fri_ws/build/arm_launch -- -j16 -l16
[0.939s] Invoking command in '/home/bwilab/fri_ws/build/arm_launch': CMAKE_PREFIX_PATH=${CMAKE_PREFIX_PATH}:/home/bwilab/fri_ws/install/ur5_wave:/home/bwilab/fri_ws/install/robotiq_gripper_driver:/opt/ros/humble CONDA_PROMPT_MODIFIER=(base) /home/bwilab/.local/bin/cmake --install /home/bwilab/fri_ws/build/arm_launch
[0.962s] -- Install configuration: ""
[0.962s] -- Execute custom install script
[0.963s] -- Symlinking: /home/bwilab/fri_ws/install/arm_launch/share/arm_launch/launch/__pycache__/v5_arm.launch.cpython-310.pyc
[0.966s] -- Symlinking: /home/bwilab/fri_ws/install/arm_launch/share/arm_launch/launch/__pycache__/v5_arm_launch.launch.cpython-310.pyc
[0.968s] -- Symlinking: /home/bwilab/fri_ws/install/arm_launch/share/arm_launch/launch/arm_drivers.launch.py
[0.970s] -- Symlinking: /home/bwilab/fri_ws/install/arm_launch/share/arm_launch/launch/v5_arm.launch.py
[0.973s] -- Symlinking: /home/bwilab/fri_ws/install/arm_launch/share/arm_launch/config/trajectory_execution.yaml
[0.975s] -- Symlinking: /home/bwilab/fri_ws/install/arm_launch/share/arm_launch/config/ur_arm_calibration.yaml
[0.978s] -- Symlinking: /home/bwilab/fri_ws/install/arm_launch/share/ament_index/resource_index/package_run_dependencies/arm_launch
[0.980s] -- Symlinking: /home/bwilab/fri_ws/install/arm_launch/share/ament_index/resource_index/parent_prefix_path/arm_launch
[0.983s] -- Symlinking: /home/bwilab/fri_ws/install/arm_launch/share/arm_launch/environment/ament_prefix_path.sh
[0.985s] -- Symlinking: /home/bwilab/fri_ws/install/arm_launch/share/arm_launch/environment/ament_prefix_path.dsv
[0.987s] -- Symlinking: /home/bwilab/fri_ws/install/arm_launch/share/arm_launch/environment/path.sh
[0.990s] -- Symlinking: /home/bwilab/fri_ws/install/arm_launch/share/arm_launch/environment/path.dsv
[0.992s] -- Symlinking: /home/bwilab/fri_ws/install/arm_launch/share/arm_launch/local_setup.bash
[0.994s] -- Symlinking: /home/bwilab/fri_ws/install/arm_launch/share/arm_launch/local_setup.sh
[0.997s] -- Symlinking: /home/bwilab/fri_ws/install/arm_launch/share/arm_launch/local_setup.zsh
[0.999s] -- Symlinking: /home/bwilab/fri_ws/install/arm_launch/share/arm_launch/local_setup.dsv
[1.002s] -- Symlinking: /home/bwilab/fri_ws/install/arm_launch/share/arm_launch/package.dsv
[1.005s] -- Symlinking: /home/bwilab/fri_ws/install/arm_launch/share/ament_index/resource_index/packages/arm_launch
[1.007s] -- Symlinking: /home/bwilab/fri_ws/install/arm_launch/share/arm_launch/cmake/arm_launchConfig.cmake
[1.009s] -- Symlinking: /home/bwilab/fri_ws/install/arm_launch/share/arm_launch/cmake/arm_launchConfig-version.cmake
[1.012s] -- Symlinking: /home/bwilab/fri_ws/install/arm_launch/share/arm_launch/package.xml
[1.021s] Invoked command in '/home/bwilab/fri_ws/build/arm_launch' returned '0': CMAKE_PREFIX_PATH=${CMAKE_PREFIX_PATH}:/home/bwilab/fri_ws/install/ur5_wave:/home/bwilab/fri_ws/install/robotiq_gripper_driver:/opt/ros/humble CONDA_PROMPT_MODIFIER=(base) /home/bwilab/.local/bin/cmake --install /home/bwilab/fri_ws/build/arm_launch
