[1.563s] Invoking command in '/home/bwilab/fri_ws/src/recognition_node': CONDA_PROMPT_MODIFIER=(base) PYTHONPATH=/home/bwilab/fri_ws/build/recognition_node/prefix_override:/usr/lib/python3/dist-packages/colcon_core/task/python/colcon_distutils_commands:/home/bwilab/fri_ws/install/recognition_node/lib/python3.10/site-packages:${PYTHONPATH} /usr/bin/python3 -W ignore:setup.py install is deprecated setup.py egg_info --egg-base ../../build/recognition_node build --build-base /home/bwilab/fri_ws/build/recognition_node/build install --record /home/bwilab/fri_ws/build/recognition_node/install.log --single-version-externally-managed install_data
[1.837s] running egg_info
[1.838s] writing ../../build/recognition_node/recognition_node.egg-info/PKG-INFO
[1.838s] writing dependency_links to ../../build/recognition_node/recognition_node.egg-info/dependency_links.txt
[1.838s] writing entry points to ../../build/recognition_node/recognition_node.egg-info/entry_points.txt
[1.839s] writing requirements to ../../build/recognition_node/recognition_node.egg-info/requires.txt
[1.839s] writing top-level names to ../../build/recognition_node/recognition_node.egg-info/top_level.txt
[1.841s] reading manifest file '../../build/recognition_node/recognition_node.egg-info/SOURCES.txt'
[1.841s] writing manifest file '../../build/recognition_node/recognition_node.egg-info/SOURCES.txt'
[1.841s] running build
[1.841s] running build_py
[1.842s] running install
[1.842s] running install_lib
[1.843s] running install_data
[1.843s] running install_egg_info
[1.845s] removing '/home/bwilab/fri_ws/install/recognition_node/lib/python3.10/site-packages/recognition_node-0.0.0-py3.10.egg-info' (and everything under it)
[1.845s] Copying ../../build/recognition_node/recognition_node.egg-info to /home/bwilab/fri_ws/install/recognition_node/lib/python3.10/site-packages/recognition_node-0.0.0-py3.10.egg-info
[1.846s] running install_scripts
[1.864s] Installing gesture_recognition_node script to /home/bwilab/fri_ws/install/recognition_node/lib/recognition_node
[1.864s] writing list of installed files to '/home/bwilab/fri_ws/build/recognition_node/install.log'
[1.910s] Invoked command in '/home/bwilab/fri_ws/src/recognition_node' returned '0': CONDA_PROMPT_MODIFIER=(base) PYTHONPATH=/home/bwilab/fri_ws/build/recognition_node/prefix_override:/usr/lib/python3/dist-packages/colcon_core/task/python/colcon_distutils_commands:/home/bwilab/fri_ws/install/recognition_node/lib/python3.10/site-packages:${PYTHONPATH} /usr/bin/python3 -W ignore:setup.py install is deprecated setup.py egg_info --egg-base ../../build/recognition_node build --build-base /home/bwilab/fri_ws/build/recognition_node/build install --record /home/bwilab/fri_ws/build/recognition_node/install.log --single-version-externally-managed install_data
