running egg_info
writing ../../build/recognition_node/recognition_node.egg-info/PKG-INFO
writing dependency_links to ../../build/recognition_node/recognition_node.egg-info/dependency_links.txt
writing entry points to ../../build/recognition_node/recognition_node.egg-info/entry_points.txt
writing requirements to ../../build/recognition_node/recognition_node.egg-info/requires.txt
writing top-level names to ../../build/recognition_node/recognition_node.egg-info/top_level.txt
reading manifest file '../../build/recognition_node/recognition_node.egg-info/SOURCES.txt'
writing manifest file '../../build/recognition_node/recognition_node.egg-info/SOURCES.txt'
running build
running build_py
copying recognition_node/gesture_recognition_node.py -> /home/bwilab/fri_ws/build/recognition_node/build/lib/recognition_node
running install
running install_lib
copying /home/bwilab/fri_ws/build/recognition_node/build/lib/recognition_node/gesture_recognition_node.py -> /home/bwilab/fri_ws/install/recognition_node/lib/python3.10/site-packages/recognition_node
byte-compiling /home/bwilab/fri_ws/install/recognition_node/lib/python3.10/site-packages/recognition_node/gesture_recognition_node.py to gesture_recognition_node.cpython-310.pyc
running install_data
running install_egg_info
removing '/home/bwilab/fri_ws/install/recognition_node/lib/python3.10/site-packages/recognition_node-0.0.0-py3.10.egg-info' (and everything under it)
Copying ../../build/recognition_node/recognition_node.egg-info to /home/bwilab/fri_ws/install/recognition_node/lib/python3.10/site-packages/recognition_node-0.0.0-py3.10.egg-info
running install_scripts
Installing gesture_recognition_node script to /home/bwilab/fri_ws/install/recognition_node/lib/recognition_node
writing list of installed files to '/home/bwilab/fri_ws/build/recognition_node/install.log'
