[0.251s] Invoking command in '/home/bwilab/fri_ws/build/robotiq_description': CMAKE_PREFIX_PATH=/home/bwilab/fri_ws/install/recognition_node /home/bwilab/.local/bin/cmake /home/bwilab/fri_ws/src/v5_arm/robotiq_description -DCMAKE_INSTALL_PREFIX=/home/bwilab/fri_ws/install/robotiq_description
[0.531s] -- The C compiler identification is GNU 11.4.0
[0.532s] -- The CXX compiler identification is GNU 11.4.0
[0.532s] -- Detecting C compiler ABI info
[0.532s] -- Detecting C compiler ABI info - done
[0.532s] -- Check for working C compiler: /usr/bin/cc - skipped
[0.532s] -- Detecting C compile features
[0.532s] -- Detecting C compile features - done
[0.532s] -- Detecting CXX compiler ABI info
[0.543s] -- Detecting CXX compiler ABI info - done
[0.553s] -- Check for working CXX compiler: /usr/bin/c++ - skipped
[0.553s] -- Detecting CXX compile features
[0.553s] -- Detecting CXX compile features - done
[0.558s] -- Found ament_cmake: 1.3.10 (/opt/ros/humble/share/ament_cmake/cmake)
[0.684s] -- Found Python3: /usr/bin/python3 (found version "3.10.12") found components: Interpreter 
[0.752s] Traceback (most recent call last):
[0.752s]   File "/opt/ros/humble/share/ament_cmake_core/cmake/package_templates/templates_2_cmake.py", line 21, in <module>
[0.752s]     from ament_package.templates import get_environment_hook_template_path
[0.752s] ModuleNotFoundError: No module named 'ament_package'
[0.768s] [31mCMake Error at /opt/ros/humble/share/ament_cmake_core/cmake/ament_cmake_package_templates-extras.cmake:41 (message):
[0.769s]   execute_process(/usr/bin/python3
[0.769s]   /opt/ros/humble/share/ament_cmake_core/cmake/package_templates/templates_2_cmake.py
[0.770s]   /home/bwilab/fri_ws/build/robotiq_description/ament_cmake_package_templates/templates.cmake)
[0.770s]   returned error code 1
[0.770s] Call Stack (most recent call first):
[0.770s]   /opt/ros/humble/share/ament_cmake_core/cmake/ament_cmake_coreConfig.cmake:41 (include)
[0.772s]   /opt/ros/humble/share/ament_cmake/cmake/ament_cmake_export_dependencies-extras.cmake:15 (find_package)
[0.772s]   /opt/ros/humble/share/ament_cmake/cmake/ament_cmakeConfig.cmake:41 (include)
[0.772s]   CMakeLists.txt:9 (find_package)
[0.772s] 
[0.773s] [0m
[0.773s] -- Configuring incomplete, errors occurred!
[0.783s] Invoked command in '/home/bwilab/fri_ws/build/robotiq_description' returned '1': CMAKE_PREFIX_PATH=/home/bwilab/fri_ws/install/recognition_node /home/bwilab/.local/bin/cmake /home/bwilab/fri_ws/src/v5_arm/robotiq_description -DCMAKE_INSTALL_PREFIX=/home/bwilab/fri_ws/install/robotiq_description
