[1.234s] Invoking command in '/home/bwilab/fri_ws/src/v5_arm/robotiq_gripper_driver': PYTHONPATH=/home/bwilab/fri_ws/build/robotiq_gripper_driver/prefix_override:/usr/lib/python3/dist-packages/colcon_core/task/python/colcon_distutils_commands:/home/bwilab/fri_ws/install/robotiq_gripper_driver/lib/python3.10/site-packages:${PYTHONPATH} /usr/bin/python3 -W ignore:setup.py install is deprecated setup.py egg_info --egg-base ../../../build/robotiq_gripper_driver build --build-base /home/bwilab/fri_ws/build/robotiq_gripper_driver/build install --record /home/bwilab/fri_ws/build/robotiq_gripper_driver/install.log --single-version-externally-managed install_data
[1.470s] running egg_info
[1.470s] writing ../../../build/robotiq_gripper_driver/robotiq_gripper_driver.egg-info/PKG-INFO
[1.471s] writing dependency_links to ../../../build/robotiq_gripper_driver/robotiq_gripper_driver.egg-info/dependency_links.txt
[1.471s] writing entry points to ../../../build/robotiq_gripper_driver/robotiq_gripper_driver.egg-info/entry_points.txt
[1.471s] writing requirements to ../../../build/robotiq_gripper_driver/robotiq_gripper_driver.egg-info/requires.txt
[1.471s] writing top-level names to ../../../build/robotiq_gripper_driver/robotiq_gripper_driver.egg-info/top_level.txt
[1.472s] reading manifest file '../../../build/robotiq_gripper_driver/robotiq_gripper_driver.egg-info/SOURCES.txt'
[1.473s] writing manifest file '../../../build/robotiq_gripper_driver/robotiq_gripper_driver.egg-info/SOURCES.txt'
[1.473s] running build
[1.474s] running build_py
[1.474s] running install
[1.474s] running install_lib
[1.475s] running install_data
[1.475s] running install_egg_info
[1.476s] removing '/home/bwilab/fri_ws/install/robotiq_gripper_driver/lib/python3.10/site-packages/robotiq_gripper_driver-0.0.0-py3.10.egg-info' (and everything under it)
[1.477s] Copying ../../../build/robotiq_gripper_driver/robotiq_gripper_driver.egg-info to /home/bwilab/fri_ws/install/robotiq_gripper_driver/lib/python3.10/site-packages/robotiq_gripper_driver-0.0.0-py3.10.egg-info
[1.477s] running install_scripts
[1.494s] Installing gripper_driver script to /home/bwilab/fri_ws/install/robotiq_gripper_driver/lib/robotiq_gripper_driver
[1.495s] writing list of installed files to '/home/bwilab/fri_ws/build/robotiq_gripper_driver/install.log'
[1.535s] Invoked command in '/home/bwilab/fri_ws/src/v5_arm/robotiq_gripper_driver' returned '0': PYTHONPATH=/home/bwilab/fri_ws/build/robotiq_gripper_driver/prefix_override:/usr/lib/python3/dist-packages/colcon_core/task/python/colcon_distutils_commands:/home/bwilab/fri_ws/install/robotiq_gripper_driver/lib/python3.10/site-packages:${PYTHONPATH} /usr/bin/python3 -W ignore:setup.py install is deprecated setup.py egg_info --egg-base ../../../build/robotiq_gripper_driver build --build-base /home/bwilab/fri_ws/build/robotiq_gripper_driver/build install --record /home/bwilab/fri_ws/build/robotiq_gripper_driver/install.log --single-version-externally-managed install_data
