running develop
/usr/lib/python3/dist-packages/setuptools/command/easy_install.py:158: EasyInstallDeprecationWarning: easy_install command is deprecated. Use build and pip and other standards-based tools.
  warnings.warn(
running egg_info
creating robotiq_gripper_driver.egg-info
writing robotiq_gripper_driver.egg-info/PKG-INFO
writing dependency_links to robotiq_gripper_driver.egg-info/dependency_links.txt
writing entry points to robotiq_gripper_driver.egg-info/entry_points.txt
writing requirements to robotiq_gripper_driver.egg-info/requires.txt
writing top-level names to robotiq_gripper_driver.egg-info/top_level.txt
writing manifest file 'robotiq_gripper_driver.egg-info/SOURCES.txt'
reading manifest file 'robotiq_gripper_driver.egg-info/SOURCES.txt'
writing manifest file 'robotiq_gripper_driver.egg-info/SOURCES.txt'
running build_ext
Creating /home/bwilab/fri_ws/install/robotiq_gripper_driver/lib/python3.10/site-packages/robotiq-gripper-driver.egg-link (link to .)
Installing gripper_driver script to /home/bwilab/fri_ws/install/robotiq_gripper_driver/lib/robotiq_gripper_driver

Installed /home/bwilab/fri_ws/build/robotiq_gripper_driver
running symlink_data
creating /home/bwilab/fri_ws/install/robotiq_gripper_driver/share/ament_index
creating /home/bwilab/fri_ws/install/robotiq_gripper_driver/share/ament_index/resource_index
creating /home/bwilab/fri_ws/install/robotiq_gripper_driver/share/ament_index/resource_index/packages
symbolically linking /home/bwilab/fri_ws/build/robotiq_gripper_driver/resource/robotiq_gripper_driver -> /home/bwilab/fri_ws/install/robotiq_gripper_driver/share/ament_index/resource_index/packages
symbolically linking /home/bwilab/fri_ws/build/robotiq_gripper_driver/package.xml -> /home/bwilab/fri_ws/install/robotiq_gripper_driver/share/robotiq_gripper_driver
