[1.131s] Invoking command in '/home/bwilab/fri_ws/build/robotiq_gripper_driver': CONDA_PROMPT_MODIFIER=(base) PYTHONPATH=/home/bwilab/fri_ws/build/robotiq_gripper_driver/prefix_override:/usr/lib/python3/dist-packages/colcon_core/task/python/colcon_distutils_commands:/home/bwilab/fri_ws/install/robotiq_gripper_driver/lib/python3.10/site-packages:${PYTHONPATH} /usr/bin/python3 -W ignore:setup.py install is deprecated setup.py develop --editable --build-directory /home/bwilab/fri_ws/build/robotiq_gripper_driver/build --no-deps symlink_data
[1.393s] running develop
[1.393s] /usr/lib/python3/dist-packages/setuptools/command/easy_install.py:158: EasyInstallDeprecationWarning: easy_install command is deprecated. Use build and pip and other standards-based tools.
[1.394s]   warnings.warn(
[1.598s] running egg_info
[1.599s] creating robotiq_gripper_driver.egg-info
[1.599s] writing robotiq_gripper_driver.egg-info/PKG-INFO
[1.599s] writing dependency_links to robotiq_gripper_driver.egg-info/dependency_links.txt
[1.599s] writing entry points to robotiq_gripper_driver.egg-info/entry_points.txt
[1.599s] writing requirements to robotiq_gripper_driver.egg-info/requires.txt
[1.599s] writing top-level names to robotiq_gripper_driver.egg-info/top_level.txt
[1.599s] writing manifest file 'robotiq_gripper_driver.egg-info/SOURCES.txt'
[1.601s] reading manifest file 'robotiq_gripper_driver.egg-info/SOURCES.txt'
[1.601s] writing manifest file 'robotiq_gripper_driver.egg-info/SOURCES.txt'
[1.635s] running build_ext
[1.636s] Creating /home/bwilab/fri_ws/install/robotiq_gripper_driver/lib/python3.10/site-packages/robotiq-gripper-driver.egg-link (link to .)
[1.636s] Installing gripper_driver script to /home/bwilab/fri_ws/install/robotiq_gripper_driver/lib/robotiq_gripper_driver
[1.637s] 
[1.637s] Installed /home/bwilab/fri_ws/build/robotiq_gripper_driver
[1.637s] running symlink_data
[1.637s] creating /home/bwilab/fri_ws/install/robotiq_gripper_driver/share/ament_index
[1.637s] creating /home/bwilab/fri_ws/install/robotiq_gripper_driver/share/ament_index/resource_index
[1.637s] creating /home/bwilab/fri_ws/install/robotiq_gripper_driver/share/ament_index/resource_index/packages
[1.637s] symbolically linking /home/bwilab/fri_ws/build/robotiq_gripper_driver/resource/robotiq_gripper_driver -> /home/bwilab/fri_ws/install/robotiq_gripper_driver/share/ament_index/resource_index/packages
[1.637s] symbolically linking /home/bwilab/fri_ws/build/robotiq_gripper_driver/package.xml -> /home/bwilab/fri_ws/install/robotiq_gripper_driver/share/robotiq_gripper_driver
[1.696s] Invoked command in '/home/bwilab/fri_ws/build/robotiq_gripper_driver' returned '0': CONDA_PROMPT_MODIFIER=(base) PYTHONPATH=/home/bwilab/fri_ws/build/robotiq_gripper_driver/prefix_override:/usr/lib/python3/dist-packages/colcon_core/task/python/colcon_distutils_commands:/home/bwilab/fri_ws/install/robotiq_gripper_driver/lib/python3.10/site-packages:${PYTHONPATH} /usr/bin/python3 -W ignore:setup.py install is deprecated setup.py develop --editable --build-directory /home/bwilab/fri_ws/build/robotiq_gripper_driver/build --no-deps symlink_data
