[0.340s] Invoking command in '/home/bwilab/fri_ws/build/robotiq_description': CMAKE_PREFIX_PATH=${CMAKE_PREFIX_PATH}:/home/bwilab/fri_ws/install/ur5_wave:/home/bwilab/fri_ws/install/robotiq_gripper_driver:/home/bwilab/fri_ws/install/recognition_node:/opt/ros/humble CONDA_PROMPT_MODIFIER=(base) /home/bwilab/.local/bin/cmake --build /home/bwilab/fri_ws/build/robotiq_description -- -j16 -l16
[0.922s] Invoked command in '/home/bwilab/fri_ws/build/robotiq_description' returned '0': CMAKE_PREFIX_PATH=${CMAKE_PREFIX_PATH}:/home/bwilab/fri_ws/install/ur5_wave:/home/bwilab/fri_ws/install/robotiq_gripper_driver:/home/bwilab/fri_ws/install/recognition_node:/opt/ros/humble CONDA_PROMPT_MODIFIER=(base) /home/bwilab/.local/bin/cmake --build /home/bwilab/fri_ws/build/robotiq_description -- -j16 -l16
[1.017s] Invoking command in '/home/bwilab/fri_ws/build/robotiq_description': CMAKE_PREFIX_PATH=${CMAKE_PREFIX_PATH}:/home/bwilab/fri_ws/install/ur5_wave:/home/bwilab/fri_ws/install/robotiq_gripper_driver:/home/bwilab/fri_ws/install/recognition_node:/opt/ros/humble CONDA_PROMPT_MODIFIER=(base) /home/bwilab/.local/bin/cmake --install /home/bwilab/fri_ws/build/robotiq_description
[1.070s] -- Install configuration: ""
[1.071s] -- Up-to-date: /home/bwilab/fri_ws/install/robotiq_description/share/robotiq_description/urdf
[1.071s] -- Up-to-date: /home/bwilab/fri_ws/install/robotiq_description/share/robotiq_description/urdf/robotiq_arg2f_140_model.xacro
[1.071s] -- Up-to-date: /home/bwilab/fri_ws/install/robotiq_description/share/robotiq_description/urdf/robotiq_arg2f_transmission.xacro
[1.073s] -- Up-to-date: /home/bwilab/fri_ws/install/robotiq_description/share/robotiq_description/urdf/robotiq_arg2f_140_model_macro.xacro
[1.073s] -- Up-to-date: /home/bwilab/fri_ws/install/robotiq_description/share/robotiq_description/urdf/robotiq_arg2f.xacro
[1.074s] -- Up-to-date: /home/bwilab/fri_ws/install/robotiq_description/share/robotiq_description/meshes
[1.074s] -- Up-to-date: /home/bwilab/fri_ws/install/robotiq_description/share/robotiq_description/meshes/visual
[1.075s] -- Up-to-date: /home/bwilab/fri_ws/install/robotiq_description/share/robotiq_description/meshes/visual/robotiq_arg2f_140_outer_knuckle.stl
[1.075s] -- Up-to-date: /home/bwilab/fri_ws/install/robotiq_description/share/robotiq_description/meshes/visual/robotiq_arg2f_base_link.stl
[1.082s] -- Up-to-date: /home/bwilab/fri_ws/install/robotiq_description/share/robotiq_description/meshes/visual/robotiq_arg2f_140_inner_knuckle.stl
[1.084s] -- Up-to-date: /home/bwilab/fri_ws/install/robotiq_description/share/robotiq_description/meshes/visual/robotiq_arg2f_coupling.stl
[1.085s] -- Up-to-date: /home/bwilab/fri_ws/install/robotiq_description/share/robotiq_description/meshes/visual/robotiq_arg2f_140_inner_finger.stl
[1.085s] -- Up-to-date: /home/bwilab/fri_ws/install/robotiq_description/share/robotiq_description/meshes/visual/robotiq_arg2f_140_outer_finger.stl
[1.086s] -- Up-to-date: /home/bwilab/fri_ws/install/robotiq_description/share/robotiq_description/meshes/collision
[1.086s] -- Up-to-date: /home/bwilab/fri_ws/install/robotiq_description/share/robotiq_description/meshes/collision/robotiq_arg2f_140_outer_knuckle.stl
[1.086s] -- Up-to-date: /home/bwilab/fri_ws/install/robotiq_description/share/robotiq_description/meshes/collision/robotiq_arg2f_base_link.stl
[1.086s] -- Up-to-date: /home/bwilab/fri_ws/install/robotiq_description/share/robotiq_description/meshes/collision/robotiq_arg2f_140_inner_knuckle.stl
[1.087s] -- Up-to-date: /home/bwilab/fri_ws/install/robotiq_description/share/robotiq_description/meshes/collision/robotiq_arg2f_coupling.stl
[1.087s] -- Up-to-date: /home/bwilab/fri_ws/install/robotiq_description/share/robotiq_description/meshes/collision/robotiq_arg2f_140_inner_finger.stl
[1.087s] -- Up-to-date: /home/bwilab/fri_ws/install/robotiq_description/share/robotiq_description/meshes/collision/robotiq_arg2f_140_outer_finger.stl
[1.087s] -- Up-to-date: /home/bwilab/fri_ws/install/robotiq_description/share/ament_index/resource_index/package_run_dependencies/robotiq_description
[1.088s] -- Up-to-date: /home/bwilab/fri_ws/install/robotiq_description/share/ament_index/resource_index/parent_prefix_path/robotiq_description
[1.089s] -- Up-to-date: /home/bwilab/fri_ws/install/robotiq_description/share/robotiq_description/environment/ament_prefix_path.sh
[1.089s] -- Up-to-date: /home/bwilab/fri_ws/install/robotiq_description/share/robotiq_description/environment/ament_prefix_path.dsv
[1.089s] -- Up-to-date: /home/bwilab/fri_ws/install/robotiq_description/share/robotiq_description/environment/path.sh
[1.089s] -- Up-to-date: /home/bwilab/fri_ws/install/robotiq_description/share/robotiq_description/environment/path.dsv
[1.089s] -- Up-to-date: /home/bwilab/fri_ws/install/robotiq_description/share/robotiq_description/local_setup.bash
[1.089s] -- Up-to-date: /home/bwilab/fri_ws/install/robotiq_description/share/robotiq_description/local_setup.sh
[1.090s] -- Up-to-date: /home/bwilab/fri_ws/install/robotiq_description/share/robotiq_description/local_setup.zsh
[1.090s] -- Up-to-date: /home/bwilab/fri_ws/install/robotiq_description/share/robotiq_description/local_setup.dsv
[1.090s] -- Installing: /home/bwilab/fri_ws/install/robotiq_description/share/robotiq_description/package.dsv
[1.093s] -- Up-to-date: /home/bwilab/fri_ws/install/robotiq_description/share/ament_index/resource_index/packages/robotiq_description
[1.093s] -- Up-to-date: /home/bwilab/fri_ws/install/robotiq_description/share/robotiq_description/cmake/robotiq_descriptionConfig.cmake
[1.094s] -- Up-to-date: /home/bwilab/fri_ws/install/robotiq_description/share/robotiq_description/cmake/robotiq_descriptionConfig-version.cmake
[1.094s] -- Up-to-date: /home/bwilab/fri_ws/install/robotiq_description/share/robotiq_description/package.xml
[1.112s] Invoked command in '/home/bwilab/fri_ws/build/robotiq_description' returned '0': CMAKE_PREFIX_PATH=${CMAKE_PREFIX_PATH}:/home/bwilab/fri_ws/install/ur5_wave:/home/bwilab/fri_ws/install/robotiq_gripper_driver:/home/bwilab/fri_ws/install/recognition_node:/opt/ros/humble CONDA_PROMPT_MODIFIER=(base) /home/bwilab/.local/bin/cmake --install /home/bwilab/fri_ws/build/robotiq_description
