[0.245s] Invoking command in '/home/bwilab/fri_ws/build/robotiq_description': CMAKE_PREFIX_PATH=/home/bwilab/fri_ws/install/recognition_node /home/bwilab/.local/bin/cmake /home/bwilab/fri_ws/src/v5_arm/robotiq_description -DCMAKE_INSTALL_PREFIX=/home/bwilab/fri_ws/install/robotiq_description
[0.473s] -- Found ament_cmake: 1.3.10 (/opt/ros/humble/share/ament_cmake/cmake)
[0.473s] -- Configuring incomplete, errors occurred!
[0.475s] Traceback (most recent call last):
[0.475s]   File "/opt/ros/humble/share/ament_cmake_core/cmake/package_templates/templates_2_cmake.py", line 21, in <module>
[0.475s]     from ament_package.templates import get_environment_hook_template_path
[0.475s] ModuleNotFoundError: No module named 'ament_package'
[0.475s] [31mCMake Error at /opt/ros/humble/share/ament_cmake_core/cmake/ament_cmake_package_templates-extras.cmake:41 (message):
[0.475s]   execute_process(/usr/bin/python3
[0.475s]   /opt/ros/humble/share/ament_cmake_core/cmake/package_templates/templates_2_cmake.py
[0.475s]   /home/bwilab/fri_ws/build/robotiq_description/ament_cmake_package_templates/templates.cmake)
[0.475s]   returned error code 1
[0.475s] Call Stack (most recent call first):
[0.475s]   /opt/ros/humble/share/ament_cmake_core/cmake/ament_cmake_coreConfig.cmake:41 (include)
[0.475s]   /opt/ros/humble/share/ament_cmake/cmake/ament_cmake_export_dependencies-extras.cmake:15 (find_package)
[0.475s]   /opt/ros/humble/share/ament_cmake/cmake/ament_cmakeConfig.cmake:41 (include)
[0.476s]   CMakeLists.txt:9 (find_package)
[0.476s] 
[0.476s] [0m
[0.702s] Invoked command in '/home/bwilab/fri_ws/build/robotiq_description' returned '1': CMAKE_PREFIX_PATH=/home/bwilab/fri_ws/install/recognition_node /home/bwilab/.local/bin/cmake /home/bwilab/fri_ws/src/v5_arm/robotiq_description -DCMAKE_INSTALL_PREFIX=/home/bwilab/fri_ws/install/robotiq_description
