[0.024s] Invoking command in '/home/bwilab/fri_ws/src/build/arm_launch': CMAKE_PREFIX_PATH=${CMAKE_PREFIX_PATH}:/home/bwilab/fri_ws/install/robotiq_gripper_driver:/opt/ros/humble CONDA_PROMPT_MODIFIER=(base) /home/bwilab/.local/bin/cmake /home/bwilab/fri_ws/src/v5_arm/arm_launch -DCMAKE_INSTALL_PREFIX=/home/bwilab/fri_ws/src/install/arm_launch
[0.174s] -- The C compiler identification is GNU 12.1.0
[0.275s] -- The CXX compiler identification is GNU 11.4.0
[0.286s] -- Detecting C compiler ABI info
[0.342s] -- Detecting C compiler ABI info - done
[0.351s] -- Check for working C compiler: /home/bwilab/miniconda3/bin/cc - skipped
[0.352s] -- Detecting C compile features
[0.352s] -- Detecting C compile features - done
[0.356s] -- Detecting CXX compiler ABI info
[0.415s] -- Detecting CXX compiler ABI info - done
[0.425s] -- Check for working CXX compiler: /usr/bin/c++ - skipped
[0.426s] -- Detecting CXX compile features
[0.426s] -- Detecting CXX compile features - done
[0.431s] -- Found ament_cmake: 1.3.10 (/opt/ros/humble/share/ament_cmake/cmake)
[0.729s] -- Found Python3: /home/bwilab/miniconda3/bin/python3 (found version "3.12.2") found components: Interpreter 
[0.880s] -- Found ament_lint_auto: 0.12.11 (/opt/ros/humble/share/ament_lint_auto/cmake)
[0.996s] -- Added test 'flake8' to check Python code syntax and style conventions
[0.997s] -- Added test 'lint_cmake' to check CMake code style
[0.997s] -- Added test 'pep257' to check Python code against some of the docstring style conventions in PEP 257
[0.999s] -- Added test 'xmllint' to check XML markup files
[1.002s] -- Configuring done (1.0s)
[1.003s] -- Generating done (0.0s)
[1.004s] -- Build files have been written to: /home/bwilab/fri_ws/src/build/arm_launch
[1.011s] Invoked command in '/home/bwilab/fri_ws/src/build/arm_launch' returned '0': CMAKE_PREFIX_PATH=${CMAKE_PREFIX_PATH}:/home/bwilab/fri_ws/install/robotiq_gripper_driver:/opt/ros/humble CONDA_PROMPT_MODIFIER=(base) /home/bwilab/.local/bin/cmake /home/bwilab/fri_ws/src/v5_arm/arm_launch -DCMAKE_INSTALL_PREFIX=/home/bwilab/fri_ws/src/install/arm_launch
[1.012s] Invoking command in '/home/bwilab/fri_ws/src/build/arm_launch': CMAKE_PREFIX_PATH=${CMAKE_PREFIX_PATH}:/home/bwilab/fri_ws/install/robotiq_gripper_driver:/opt/ros/humble CONDA_PROMPT_MODIFIER=(base) /home/bwilab/.local/bin/cmake --build /home/bwilab/fri_ws/src/build/arm_launch -- -j16 -l16
[1.053s] Invoked command in '/home/bwilab/fri_ws/src/build/arm_launch' returned '0': CMAKE_PREFIX_PATH=${CMAKE_PREFIX_PATH}:/home/bwilab/fri_ws/install/robotiq_gripper_driver:/opt/ros/humble CONDA_PROMPT_MODIFIER=(base) /home/bwilab/.local/bin/cmake --build /home/bwilab/fri_ws/src/build/arm_launch -- -j16 -l16
[1.113s] Invoking command in '/home/bwilab/fri_ws/src/build/arm_launch': CMAKE_PREFIX_PATH=${CMAKE_PREFIX_PATH}:/home/bwilab/fri_ws/install/robotiq_gripper_driver:/opt/ros/humble CONDA_PROMPT_MODIFIER=(base) /home/bwilab/.local/bin/cmake --install /home/bwilab/fri_ws/src/build/arm_launch
[1.138s] -- Install configuration: ""
[1.138s] -- Installing: /home/bwilab/fri_ws/src/install/arm_launch/share/arm_launch/launch
[1.138s] -- Installing: /home/bwilab/fri_ws/src/install/arm_launch/share/arm_launch/launch/arm_drivers.launch.py
[1.138s] -- Installing: /home/bwilab/fri_ws/src/install/arm_launch/share/arm_launch/launch/__pycache__
[1.138s] -- Installing: /home/bwilab/fri_ws/src/install/arm_launch/share/arm_launch/launch/__pycache__/v5_arm_launch.launch.cpython-310.pyc
[1.138s] -- Installing: /home/bwilab/fri_ws/src/install/arm_launch/share/arm_launch/launch/__pycache__/v5_arm.launch.cpython-310.pyc
[1.138s] -- Installing: /home/bwilab/fri_ws/src/install/arm_launch/share/arm_launch/launch/v5_arm.launch.py
[1.139s] -- Installing: /home/bwilab/fri_ws/src/install/arm_launch/share/arm_launch/config
[1.139s] -- Installing: /home/bwilab/fri_ws/src/install/arm_launch/share/arm_launch/config/ur_arm_calibration.yaml
[1.139s] -- Installing: /home/bwilab/fri_ws/src/install/arm_launch/share/ament_index/resource_index/package_run_dependencies/arm_launch
[1.140s] -- Installing: /home/bwilab/fri_ws/src/install/arm_launch/share/ament_index/resource_index/parent_prefix_path/arm_launch
[1.140s] -- Installing: /home/bwilab/fri_ws/src/install/arm_launch/share/arm_launch/environment/ament_prefix_path.sh
[1.140s] -- Installing: /home/bwilab/fri_ws/src/install/arm_launch/share/arm_launch/environment/ament_prefix_path.dsv
[1.140s] -- Installing: /home/bwilab/fri_ws/src/install/arm_launch/share/arm_launch/environment/path.sh
[1.140s] -- Installing: /home/bwilab/fri_ws/src/install/arm_launch/share/arm_launch/environment/path.dsv
[1.142s] -- Installing: /home/bwilab/fri_ws/src/install/arm_launch/share/arm_launch/local_setup.bash
[1.142s] -- Installing: /home/bwilab/fri_ws/src/install/arm_launch/share/arm_launch/local_setup.sh
[1.142s] -- Installing: /home/bwilab/fri_ws/src/install/arm_launch/share/arm_launch/local_setup.zsh
[1.142s] -- Installing: /home/bwilab/fri_ws/src/install/arm_launch/share/arm_launch/local_setup.dsv
[1.142s] -- Installing: /home/bwilab/fri_ws/src/install/arm_launch/share/arm_launch/package.dsv
[1.142s] -- Installing: /home/bwilab/fri_ws/src/install/arm_launch/share/ament_index/resource_index/packages/arm_launch
[1.142s] -- Installing: /home/bwilab/fri_ws/src/install/arm_launch/share/arm_launch/cmake/arm_launchConfig.cmake
[1.142s] -- Installing: /home/bwilab/fri_ws/src/install/arm_launch/share/arm_launch/cmake/arm_launchConfig-version.cmake
[1.143s] -- Installing: /home/bwilab/fri_ws/src/install/arm_launch/share/arm_launch/package.xml
[1.157s] Invoked command in '/home/bwilab/fri_ws/src/build/arm_launch' returned '0': CMAKE_PREFIX_PATH=${CMAKE_PREFIX_PATH}:/home/bwilab/fri_ws/install/robotiq_gripper_driver:/opt/ros/humble CONDA_PROMPT_MODIFIER=(base) /home/bwilab/.local/bin/cmake --install /home/bwilab/fri_ws/src/build/arm_launch
