-- Install configuration: ""
-- Up-to-date: /home/bwilab/fri_ws/src/install/arm_launch/share/arm_launch/launch
-- Up-to-date: /home/bwilab/fri_ws/src/install/arm_launch/share/arm_launch/launch/arm_drivers.launch.py
-- Up-to-date: /home/bwilab/fri_ws/src/install/arm_launch/share/arm_launch/launch/__pycache__
-- Up-to-date: /home/bwilab/fri_ws/src/install/arm_launch/share/arm_launch/launch/__pycache__/v5_arm_launch.launch.cpython-310.pyc
-- Up-to-date: /home/bwilab/fri_ws/src/install/arm_launch/share/arm_launch/launch/__pycache__/v5_arm.launch.cpython-310.pyc
-- Up-to-date: /home/bwilab/fri_ws/src/install/arm_launch/share/arm_launch/launch/v5_arm.launch.py
-- Up-to-date: /home/bwilab/fri_ws/src/install/arm_launch/share/arm_launch/config
-- Up-to-date: /home/bwilab/fri_ws/src/install/arm_launch/share/arm_launch/config/ur_arm_calibration.yaml
-- Up-to-date: /home/bwilab/fri_ws/src/install/arm_launch/share/arm_launch/config/trajectory_execution.yaml
-- Up-to-date: /home/bwilab/fri_ws/src/install/arm_launch/share/ament_index/resource_index/package_run_dependencies/arm_launch
-- Up-to-date: /home/bwilab/fri_ws/src/install/arm_launch/share/ament_index/resource_index/parent_prefix_path/arm_launch
-- Up-to-date: /home/bwilab/fri_ws/src/install/arm_launch/share/arm_launch/environment/ament_prefix_path.sh
-- Up-to-date: /home/bwilab/fri_ws/src/install/arm_launch/share/arm_launch/environment/ament_prefix_path.dsv
-- Up-to-date: /home/bwilab/fri_ws/src/install/arm_launch/share/arm_launch/environment/path.sh
-- Up-to-date: /home/bwilab/fri_ws/src/install/arm_launch/share/arm_launch/environment/path.dsv
-- Up-to-date: /home/bwilab/fri_ws/src/install/arm_launch/share/arm_launch/local_setup.bash
-- Up-to-date: /home/bwilab/fri_ws/src/install/arm_launch/share/arm_launch/local_setup.sh
-- Up-to-date: /home/bwilab/fri_ws/src/install/arm_launch/share/arm_launch/local_setup.zsh
-- Up-to-date: /home/bwilab/fri_ws/src/install/arm_launch/share/arm_launch/local_setup.dsv
-- Up-to-date: /home/bwilab/fri_ws/src/install/arm_launch/share/arm_launch/package.dsv
-- Up-to-date: /home/bwilab/fri_ws/src/install/arm_launch/share/ament_index/resource_index/packages/arm_launch
-- Up-to-date: /home/bwilab/fri_ws/src/install/arm_launch/share/arm_launch/cmake/arm_launchConfig.cmake
-- Up-to-date: /home/bwilab/fri_ws/src/install/arm_launch/share/arm_launch/cmake/arm_launchConfig-version.cmake
-- Up-to-date: /home/bwilab/fri_ws/src/install/arm_launch/share/arm_launch/package.xml
