[1.009s] Invoking command in '/home/bwilab/fri_ws/build/ur5_wave': CONDA_PROMPT_MODIFIER=(base) PYTHONPATH=/home/bwilab/fri_ws/build/ur5_wave/prefix_override:/usr/lib/python3/dist-packages/colcon_core/task/python/colcon_distutils_commands:/home/bwilab/fri_ws/install/ur5_wave/lib/python3.10/site-packages:${PYTHONPATH} /usr/bin/python3 -W ignore:setup.py install is deprecated setup.py develop --uninstall --editable --build-directory /home/bwilab/fri_ws/build/ur5_wave/build
[1.252s] running develop
[1.252s] /usr/lib/python3/dist-packages/setuptools/command/easy_install.py:158: EasyInstallDeprecationWarning: easy_install command is deprecated. Use build and pip and other standards-based tools.
[1.252s]   warnings.warn(
[1.467s] Invoked command in '/home/bwilab/fri_ws/build/ur5_wave' returned '0': CONDA_PROMPT_MODIFIER=(base) PYTHONPATH=/home/bwilab/fri_ws/build/ur5_wave/prefix_override:/usr/lib/python3/dist-packages/colcon_core/task/python/colcon_distutils_commands:/home/bwilab/fri_ws/install/ur5_wave/lib/python3.10/site-packages:${PYTHONPATH} /usr/bin/python3 -W ignore:setup.py install is deprecated setup.py develop --uninstall --editable --build-directory /home/bwilab/fri_ws/build/ur5_wave/build
[1.468s] Invoking command in '/home/bwilab/fri_ws/src/ur5_wave': CONDA_PROMPT_MODIFIER=(base) PYTHONPATH=/home/bwilab/fri_ws/build/ur5_wave/prefix_override:/usr/lib/python3/dist-packages/colcon_core/task/python/colcon_distutils_commands:/home/bwilab/fri_ws/install/ur5_wave/lib/python3.10/site-packages:${PYTHONPATH} /usr/bin/python3 -W ignore:setup.py install is deprecated setup.py egg_info --egg-base ../../build/ur5_wave build --build-base /home/bwilab/fri_ws/build/ur5_wave/build install --record /home/bwilab/fri_ws/build/ur5_wave/install.log --single-version-externally-managed install_data --force
[1.702s] running egg_info
[1.703s] writing ../../build/ur5_wave/ur5_wave.egg-info/PKG-INFO
[1.703s] writing dependency_links to ../../build/ur5_wave/ur5_wave.egg-info/dependency_links.txt
[1.703s] writing entry points to ../../build/ur5_wave/ur5_wave.egg-info/entry_points.txt
[1.703s] writing requirements to ../../build/ur5_wave/ur5_wave.egg-info/requires.txt
[1.703s] writing top-level names to ../../build/ur5_wave/ur5_wave.egg-info/top_level.txt
[1.705s] reading manifest file '../../build/ur5_wave/ur5_wave.egg-info/SOURCES.txt'
[1.706s] writing manifest file '../../build/ur5_wave/ur5_wave.egg-info/SOURCES.txt'
[1.706s] running build
[1.706s] running build_py
[1.706s] creating /home/bwilab/fri_ws/build/ur5_wave/build
[1.706s] creating /home/bwilab/fri_ws/build/ur5_wave/build/lib
[1.706s] creating /home/bwilab/fri_ws/build/ur5_wave/build/lib/ur5_wave
[1.706s] copying ur5_wave/wave.py -> /home/bwilab/fri_ws/build/ur5_wave/build/lib/ur5_wave
[1.706s] copying ur5_wave/__init__.py -> /home/bwilab/fri_ws/build/ur5_wave/build/lib/ur5_wave
[1.707s] running install
[1.707s] running install_lib
[1.707s] creating /home/bwilab/fri_ws/install/ur5_wave/lib/python3.10/site-packages/ur5_wave
[1.708s] copying /home/bwilab/fri_ws/build/ur5_wave/build/lib/ur5_wave/wave.py -> /home/bwilab/fri_ws/install/ur5_wave/lib/python3.10/site-packages/ur5_wave
[1.708s] copying /home/bwilab/fri_ws/build/ur5_wave/build/lib/ur5_wave/__init__.py -> /home/bwilab/fri_ws/install/ur5_wave/lib/python3.10/site-packages/ur5_wave
[1.708s] byte-compiling /home/bwilab/fri_ws/install/ur5_wave/lib/python3.10/site-packages/ur5_wave/wave.py to wave.cpython-310.pyc
[1.709s] byte-compiling /home/bwilab/fri_ws/install/ur5_wave/lib/python3.10/site-packages/ur5_wave/__init__.py to __init__.cpython-310.pyc
[1.709s] running install_data
[1.709s] copying resource/ur5_wave -> /home/bwilab/fri_ws/install/ur5_wave/share/ament_index/resource_index/packages
[1.709s] copying package.xml -> /home/bwilab/fri_ws/install/ur5_wave/share/ur5_wave
[1.709s] running install_egg_info
[1.710s] Copying ../../build/ur5_wave/ur5_wave.egg-info to /home/bwilab/fri_ws/install/ur5_wave/lib/python3.10/site-packages/ur5_wave-0.0.0-py3.10.egg-info
[1.711s] running install_scripts
[1.726s] Installing wave_node script to /home/bwilab/fri_ws/install/ur5_wave/lib/ur5_wave
[1.726s] writing list of installed files to '/home/bwilab/fri_ws/build/ur5_wave/install.log'
[1.747s] Invoked command in '/home/bwilab/fri_ws/src/ur5_wave' returned '0': CONDA_PROMPT_MODIFIER=(base) PYTHONPATH=/home/bwilab/fri_ws/build/ur5_wave/prefix_override:/usr/lib/python3/dist-packages/colcon_core/task/python/colcon_distutils_commands:/home/bwilab/fri_ws/install/ur5_wave/lib/python3.10/site-packages:${PYTHONPATH} /usr/bin/python3 -W ignore:setup.py install is deprecated setup.py egg_info --egg-base ../../build/ur5_wave build --build-base /home/bwilab/fri_ws/build/ur5_wave/build install --record /home/bwilab/fri_ws/build/ur5_wave/install.log --single-version-externally-managed install_data --force
