[0.007s] Invoking command in '/home/bwilab/fri_ws/build/ur_robot_driver': CMAKE_PREFIX_PATH=/home/bwilab/fri_ws/install/ur_description:/home/bwilab/fri_ws/install/v5_moveit_config:/home/bwilab/fri_ws/install/v5_description:/home/bwilab/fri_ws/install/ur_robot_driver:/home/bwilab/fri_ws/install/robotiq_description:/home/bwilab/fri_ws/install/arm_launch:/home/bwilab/fri_ws/install/ur5_wave:/home/bwilab/fri_ws/install/robotiq_gripper_driver:/opt/ros/humble CONDA_PROMPT_MODIFIER=(base) /home/bwilab/.local/bin/cmake /home/bwilab/fri_ws/src/v5_arm/ur_robot_driver -DCMAKE_INSTALL_PREFIX=/home/bwilab/fri_ws/install/ur_robot_driver
[0.033s] [0mur_robot_driver: You did not request a specific build type: selecting 'RelWithDebInfo'.[0m
[0.033s] -- Found ament_cmake: 1.3.10 (/opt/ros/humble/share/ament_cmake/cmake)
[0.129s] -- Override CMake install command with custom implementation using symlinks instead of copying resources
[0.136s] -- Found controller_manager: 2.43.1 (/opt/ros/humble/share/controller_manager/cmake)
[0.164s] -- Found rosidl_generator_c: 3.1.5 (/opt/ros/humble/share/rosidl_generator_c/cmake)
[0.167s] -- Found rosidl_adapter: 3.1.5 (/opt/ros/humble/share/rosidl_adapter/cmake)
[0.173s] -- Found rosidl_generator_cpp: 3.1.5 (/opt/ros/humble/share/rosidl_generator_cpp/cmake)
[0.183s] -- Using all available rosidl_typesupport_c: rosidl_typesupport_fastrtps_c;rosidl_typesupport_introspection_c
[0.196s] -- Using all available rosidl_typesupport_cpp: rosidl_typesupport_fastrtps_cpp;rosidl_typesupport_introspection_cpp
[0.392s] -- Found rmw_implementation_cmake: 6.1.2 (/opt/ros/humble/share/rmw_implementation_cmake/cmake)
[0.393s] -- Found rmw_fastrtps_cpp: 6.2.7 (/opt/ros/humble/share/rmw_fastrtps_cpp/cmake)
[0.413s] -- Found TinyXML2 via Config file: TinyXML2_DIR-NOTFOUND
[0.421s] -- Found TinyXML2 via Config file: TinyXML2_DIR-NOTFOUND
[0.443s] -- Found TinyXML2 via Config file: TinyXML2_DIR-NOTFOUND
[0.451s] -- Found TinyXML2 via Config file: TinyXML2_DIR-NOTFOUND
[0.464s] -- Using RMW implementation 'rmw_fastrtps_cpp' as default
[0.555s] -- Found rclpy: 3.3.14 (/opt/ros/humble/share/rclpy/cmake)
[0.555s] -- Found std_srvs: 4.2.4 (/opt/ros/humble/share/std_srvs/cmake)
[0.564s] -- Found tf2_geometry_msgs: 0.25.8 (/opt/ros/humble/share/tf2_geometry_msgs/cmake)
[0.567s] -- Found eigen3_cmake_module: 0.1.1 (/opt/ros/humble/share/eigen3_cmake_module/cmake)
[0.568s] -- Ensuring Eigen3 include directory is part of orocos-kdl CMake target
[0.625s] -- Found ur_dashboard_msgs: 2.2.15 (/opt/ros/humble/share/ur_dashboard_msgs/cmake)
[0.894s] -- Found ur_controllers: 2.2.16 (/opt/ros/humble/share/ur_controllers/cmake)
[0.907s] -- Found parameter_traits: 0.3.8 (/opt/ros/humble/share/parameter_traits/cmake)
[0.962s] -- Found ur_description: 2.1.5 (/home/bwilab/fri_ws/install/ur_description/share/ur_description/cmake)
[0.963s] -- Found launch_testing_ament_cmake: 1.0.6 (/opt/ros/humble/share/launch_testing_ament_cmake/cmake)
[0.963s] -- Found python_cmake_module: 0.10.0 (/opt/ros/humble/share/python_cmake_module/cmake)
[0.978s] -- Using PYTHON_EXECUTABLE: /home/bwilab/miniconda3/bin/python3
[0.978s] -- Using PYTHON_INCLUDE_DIRS: /home/bwilab/miniconda3/include/python3.12
[0.978s] -- Using PYTHON_LIBRARIES: /home/bwilab/miniconda3/lib/libpython3.12.so
[0.979s] -- Configuring done (0.9s)
[1.089s] -- Generating done (0.1s)
[1.092s] -- Build files have been written to: /home/bwilab/fri_ws/build/ur_robot_driver
