-- Found ament_cmake: 1.3.10 (/opt/ros/humble/share/ament_cmake/cmake)
-- Override CMake install command with custom implementation using symlinks instead of copying resources
-- Found ament_lint_auto: 0.12.11 (/opt/ros/humble/share/ament_lint_auto/cmake)
-- Added test 'flake8' to check Python code syntax and style conventions
-- Added test 'lint_cmake' to check CMake code style
-- Added test 'pep257' to check Python code against some of the docstring style conventions in PEP 257
-- Added test 'xmllint' to check XML markup files
-- Configuring done (0.2s)
-- Generating done (0.0s)
-- Build files have been written to: /home/bwilab/fri_ws/build/arm_launch
-- Install configuration: ""
-- Execute custom install script
-- Up-to-date symlink: /home/bwilab/fri_ws/install/arm_launch/share/arm_launch/launch/__pycache__/v5_arm.launch.cpython-310.pyc
-- Up-to-date symlink: /home/bwilab/fri_ws/install/arm_launch/share/arm_launch/launch/__pycache__/v5_arm_launch.launch.cpython-310.pyc
-- Up-to-date symlink: /home/bwilab/fri_ws/install/arm_launch/share/arm_launch/launch/arm_drivers.launch.py
-- Up-to-date symlink: /home/bwilab/fri_ws/install/arm_launch/share/arm_launch/launch/v5_arm.launch.py
-- Up-to-date symlink: /home/bwilab/fri_ws/install/arm_launch/share/arm_launch/config/trajectory_execution.yaml
-- Up-to-date symlink: /home/bwilab/fri_ws/install/arm_launch/share/arm_launch/config/ur_arm_calibration.yaml
-- Up-to-date symlink: /home/bwilab/fri_ws/install/arm_launch/share/ament_index/resource_index/package_run_dependencies/arm_launch
-- Up-to-date symlink: /home/bwilab/fri_ws/install/arm_launch/share/ament_index/resource_index/parent_prefix_path/arm_launch
-- Up-to-date symlink: /home/bwilab/fri_ws/install/arm_launch/share/arm_launch/environment/ament_prefix_path.sh
-- Up-to-date symlink: /home/bwilab/fri_ws/install/arm_launch/share/arm_launch/environment/ament_prefix_path.dsv
-- Up-to-date symlink: /home/bwilab/fri_ws/install/arm_launch/share/arm_launch/environment/path.sh
-- Up-to-date symlink: /home/bwilab/fri_ws/install/arm_launch/share/arm_launch/environment/path.dsv
-- Up-to-date symlink: /home/bwilab/fri_ws/install/arm_launch/share/arm_launch/local_setup.bash
-- Up-to-date symlink: /home/bwilab/fri_ws/install/arm_launch/share/arm_launch/local_setup.sh
-- Up-to-date symlink: /home/bwilab/fri_ws/install/arm_launch/share/arm_launch/local_setup.zsh
-- Up-to-date symlink: /home/bwilab/fri_ws/install/arm_launch/share/arm_launch/local_setup.dsv
-- Symlinking: /home/bwilab/fri_ws/install/arm_launch/share/arm_launch/package.dsv
-- Up-to-date symlink: /home/bwilab/fri_ws/install/arm_launch/share/ament_index/resource_index/packages/arm_launch
-- Up-to-date symlink: /home/bwilab/fri_ws/install/arm_launch/share/arm_launch/cmake/arm_launchConfig.cmake
-- Up-to-date symlink: /home/bwilab/fri_ws/install/arm_launch/share/arm_launch/cmake/arm_launchConfig-version.cmake
-- Up-to-date symlink: /home/bwilab/fri_ws/install/arm_launch/share/arm_launch/package.xml
