[0.008s] Invoking command in '/home/bwilab/fri_ws/build/ur_robot_driver': CMAKE_PREFIX_PATH=/home/bwilab/fri_ws/install/ur_description:/home/bwilab/fri_ws/install/v5_moveit_config:/home/bwilab/fri_ws/install/v5_description:/home/bwilab/fri_ws/install/ur_robot_driver:/home/bwilab/fri_ws/install/robotiq_description:/home/bwilab/fri_ws/install/arm_launch:/home/bwilab/fri_ws/install/recognition_node:/home/bwilab/fri_ws/install/gesture_recognition:/home/bwilab/fri_ws/install/ur5_wave:/home/bwilab/fri_ws/install/robotiq_gripper_driver:/opt/ros/humble CONDA_PROMPT_MODIFIER=(base) /home/bwilab/.local/bin/cmake /home/bwilab/fri_ws/src/v5_arm/ur_robot_driver -DCMAKE_INSTALL_PREFIX=/home/bwilab/fri_ws/install/ur_robot_driver
[0.073s] -- The C compiler identification is GNU 12.1.0
[0.122s] -- The CXX compiler identification is GNU 11.4.0
[0.131s] -- Detecting C compiler ABI info
[0.184s] -- Detecting C compiler ABI info - done
[0.194s] -- Check for working C compiler: /home/bwilab/miniconda3/bin/cc - skipped
[0.195s] -- Detecting C compile features
[0.195s] -- Detecting C compile features - done
[0.198s] -- Detecting CXX compiler ABI info
[0.261s] -- Detecting CXX compiler ABI info - done
[0.271s] -- Check for working CXX compiler: /usr/bin/c++ - skipped
[0.271s] -- Detecting CXX compile features
[0.271s] -- Detecting CXX compile features - done
[0.272s] [0mur_robot_driver: You did not request a specific build type: selecting 'RelWithDebInfo'.[0m
[0.275s] -- Found ament_cmake: 1.3.10 (/opt/ros/humble/share/ament_cmake/cmake)
[0.545s] -- Found Python3: /home/bwilab/miniconda3/bin/python3 (found version "3.12.2") found components: Interpreter 
[0.651s] -- Found controller_manager: 2.43.1 (/opt/ros/humble/share/controller_manager/cmake)
[0.709s] -- Found rosidl_generator_c: 3.1.5 (/opt/ros/humble/share/rosidl_generator_c/cmake)
[0.717s] -- Found rosidl_adapter: 3.1.5 (/opt/ros/humble/share/rosidl_adapter/cmake)
[0.727s] -- Found rosidl_generator_cpp: 3.1.5 (/opt/ros/humble/share/rosidl_generator_cpp/cmake)
[0.741s] -- Using all available rosidl_typesupport_c: rosidl_typesupport_fastrtps_c;rosidl_typesupport_introspection_c
[0.760s] -- Using all available rosidl_typesupport_cpp: rosidl_typesupport_fastrtps_cpp;rosidl_typesupport_introspection_cpp
[1.020s] -- Found rmw_implementation_cmake: 6.1.2 (/opt/ros/humble/share/rmw_implementation_cmake/cmake)
[1.024s] -- Found rmw_fastrtps_cpp: 6.2.7 (/opt/ros/humble/share/rmw_fastrtps_cpp/cmake)
[1.054s] -- Found TinyXML2 via Config file: TinyXML2_DIR-NOTFOUND
[1.101s] -- Found OpenSSL: /usr/lib/x86_64-linux-gnu/libcrypto.so (found version "3.0.2")  
[1.103s] -- Found TinyXML2 via Config file: TinyXML2_DIR-NOTFOUND
[1.122s] -- Found FastRTPS: /opt/ros/humble/include  
[1.125s] -- Found TinyXML2 via Config file: TinyXML2_DIR-NOTFOUND
[1.134s] -- Found TinyXML2 via Config file: TinyXML2_DIR-NOTFOUND
[1.147s] -- Using RMW implementation 'rmw_fastrtps_cpp' as default
[1.159s] -- Performing Test CMAKE_HAVE_LIBC_PTHREAD
[1.217s] -- Performing Test CMAKE_HAVE_LIBC_PTHREAD - Failed
[1.217s] -- Looking for pthread_create in pthreads
[1.261s] -- Looking for pthread_create in pthreads - not found
[1.261s] -- Looking for pthread_create in pthread
[1.314s] -- Looking for pthread_create in pthread - found
[1.315s] -- Found Threads: TRUE  
[1.427s] -- Found rclpy: 3.3.14 (/opt/ros/humble/share/rclpy/cmake)
[1.429s] -- Found std_srvs: 4.2.4 (/opt/ros/humble/share/std_srvs/cmake)
[1.441s] -- Found tf2_geometry_msgs: 0.25.8 (/opt/ros/humble/share/tf2_geometry_msgs/cmake)
[1.463s] -- Found eigen3_cmake_module: 0.1.1 (/opt/ros/humble/share/eigen3_cmake_module/cmake)
[1.464s] -- Found Eigen3: TRUE (found version "3.4.0") 
[1.464s] -- Ensuring Eigen3 include directory is part of orocos-kdl CMake target
[1.541s] -- Found ur_dashboard_msgs: 2.2.15 (/opt/ros/humble/share/ur_dashboard_msgs/cmake)
[1.844s] -- Found ur_controllers: 2.2.16 (/opt/ros/humble/share/ur_controllers/cmake)
[1.872s] -- Found parameter_traits: 0.3.8 (/opt/ros/humble/share/parameter_traits/cmake)
[1.942s] -- Found ur_description: 2.1.5 (/home/bwilab/fri_ws/install/ur_description/share/ur_description/cmake)
[1.945s] -- Found launch_testing_ament_cmake: 1.0.6 (/opt/ros/humble/share/launch_testing_ament_cmake/cmake)
[1.947s] -- Found python_cmake_module: 0.10.0 (/opt/ros/humble/share/python_cmake_module/cmake)
[1.962s] -- Found PythonInterp: /home/bwilab/miniconda3/bin/python3 (found suitable version "3.12.2", minimum required is "3.6") 
[1.965s] -- Found PythonLibs: /home/bwilab/miniconda3/lib/libpython3.12.so (found suitable version "3.12.2", minimum required is "3.5") 
[1.965s] -- Using PYTHON_EXECUTABLE: /home/bwilab/miniconda3/bin/python3
[1.965s] -- Using PYTHON_INCLUDE_DIRS: /home/bwilab/miniconda3/include/python3.12
[1.966s] -- Using PYTHON_LIBRARIES: /home/bwilab/miniconda3/lib/libpython3.12.so
[1.984s] -- Found PythonExtra: .so  
[1.984s] -- Configuring done (2.0s)
[2.111s] -- Generating done (0.1s)
[2.114s] -- Build files have been written to: /home/bwilab/fri_ws/build/ur_robot_driver
[2.131s] Invoked command in '/home/bwilab/fri_ws/build/ur_robot_driver' returned '0': CMAKE_PREFIX_PATH=/home/bwilab/fri_ws/install/ur_description:/home/bwilab/fri_ws/install/v5_moveit_config:/home/bwilab/fri_ws/install/v5_description:/home/bwilab/fri_ws/install/ur_robot_driver:/home/bwilab/fri_ws/install/robotiq_description:/home/bwilab/fri_ws/install/arm_launch:/home/bwilab/fri_ws/install/recognition_node:/home/bwilab/fri_ws/install/gesture_recognition:/home/bwilab/fri_ws/install/ur5_wave:/home/bwilab/fri_ws/install/robotiq_gripper_driver:/opt/ros/humble CONDA_PROMPT_MODIFIER=(base) /home/bwilab/.local/bin/cmake /home/bwilab/fri_ws/src/v5_arm/ur_robot_driver -DCMAKE_INSTALL_PREFIX=/home/bwilab/fri_ws/install/ur_robot_driver
[2.133s] Invoking command in '/home/bwilab/fri_ws/build/ur_robot_driver': CMAKE_PREFIX_PATH=/home/bwilab/fri_ws/install/ur_description:/home/bwilab/fri_ws/install/v5_moveit_config:/home/bwilab/fri_ws/install/v5_description:/home/bwilab/fri_ws/install/ur_robot_driver:/home/bwilab/fri_ws/install/robotiq_description:/home/bwilab/fri_ws/install/arm_launch:/home/bwilab/fri_ws/install/recognition_node:/home/bwilab/fri_ws/install/gesture_recognition:/home/bwilab/fri_ws/install/ur5_wave:/home/bwilab/fri_ws/install/robotiq_gripper_driver:/opt/ros/humble CONDA_PROMPT_MODIFIER=(base) /home/bwilab/.local/bin/cmake --build /home/bwilab/fri_ws/build/ur_robot_driver -- -j16 -l16
[2.178s] [ 20%] [32mBuilding CXX object CMakeFiles/ur_ros2_control_node.dir/src/ur_ros2_control_node.cpp.o[0m
[2.179s] [ 20%] [32mBuilding CXX object CMakeFiles/ur_robot_driver_plugin.dir/src/dashboard_client_ros.cpp.o[0m
[2.179s] [ 20%] [32mBuilding CXX object CMakeFiles/dashboard_client.dir/src/dashboard_client_ros.cpp.o[0m
[2.179s] [ 33%] [32mBuilding CXX object CMakeFiles/ur_robot_driver_plugin.dir/src/hardware_interface.cpp.o[0m
[2.179s] [ 60%] [32mBuilding CXX object CMakeFiles/controller_stopper_node.dir/src/controller_stopper_node.cpp.o[0m
[2.179s] [ 53%] [32mBuilding CXX object CMakeFiles/dashboard_client.dir/src/dashboard_client_node.cpp.o[0m
[2.179s] [ 60%] [32mBuilding CXX object CMakeFiles/controller_stopper_node.dir/src/controller_stopper.cpp.o[0m
[2.180s] [ 60%] [32mBuilding CXX object CMakeFiles/dashboard_client.dir/src/urcl_log_handler.cpp.o[0m
[2.180s] [ 66%] [32mBuilding CXX object CMakeFiles/urscript_interface.dir/src/urscript_interface.cpp.o[0m
[2.191s] [ 60%] [32mBuilding CXX object CMakeFiles/ur_robot_driver_plugin.dir/src/urcl_log_handler.cpp.o[0m
[2.191s] [ 66%] Built target ament_cmake_python_copy_ur_robot_driver
[2.432s] running egg_info
[2.433s] creating ur_robot_driver.egg-info
[2.452s] writing ur_robot_driver.egg-info/PKG-INFO
[2.454s] writing dependency_links to ur_robot_driver.egg-info/dependency_links.txt
[2.454s] writing top-level names to ur_robot_driver.egg-info/top_level.txt
[2.454s] writing manifest file 'ur_robot_driver.egg-info/SOURCES.txt'
[2.511s] reading manifest file 'ur_robot_driver.egg-info/SOURCES.txt'
[2.512s] writing manifest file 'ur_robot_driver.egg-info/SOURCES.txt'
[2.555s] [ 66%] Built target ament_cmake_python_build_ur_robot_driver_egg
[8.539s] [ 73%] [32m[1mLinking CXX executable ur_ros2_control_node[0m
[8.775s] [ 73%] Built target ur_ros2_control_node
[16.671s] [ 80%] [32m[1mLinking CXX executable urscript_interface[0m
[16.999s] [ 80%] Built target urscript_interface
[19.401s] [ 86%] [32m[1mLinking CXX executable controller_stopper_node[0m
[19.768s] [ 86%] Built target controller_stopper_node
[22.076s] [ 93%] [32m[1mLinking CXX shared library libur_robot_driver_plugin.so[0m
[22.350s] [100%] [32m[1mLinking CXX executable dashboard_client[0m
[22.460s] [100%] Built target ur_robot_driver_plugin
[22.667s] [100%] Built target dashboard_client
[22.676s] Invoked command in '/home/bwilab/fri_ws/build/ur_robot_driver' returned '0': CMAKE_PREFIX_PATH=/home/bwilab/fri_ws/install/ur_description:/home/bwilab/fri_ws/install/v5_moveit_config:/home/bwilab/fri_ws/install/v5_description:/home/bwilab/fri_ws/install/ur_robot_driver:/home/bwilab/fri_ws/install/robotiq_description:/home/bwilab/fri_ws/install/arm_launch:/home/bwilab/fri_ws/install/recognition_node:/home/bwilab/fri_ws/install/gesture_recognition:/home/bwilab/fri_ws/install/ur5_wave:/home/bwilab/fri_ws/install/robotiq_gripper_driver:/opt/ros/humble CONDA_PROMPT_MODIFIER=(base) /home/bwilab/.local/bin/cmake --build /home/bwilab/fri_ws/build/ur_robot_driver -- -j16 -l16
[22.739s] Invoking command in '/home/bwilab/fri_ws/build/ur_robot_driver': CMAKE_PREFIX_PATH=/home/bwilab/fri_ws/install/ur_description:/home/bwilab/fri_ws/install/v5_moveit_config:/home/bwilab/fri_ws/install/v5_description:/home/bwilab/fri_ws/install/ur_robot_driver:/home/bwilab/fri_ws/install/robotiq_description:/home/bwilab/fri_ws/install/arm_launch:/home/bwilab/fri_ws/install/recognition_node:/home/bwilab/fri_ws/install/gesture_recognition:/home/bwilab/fri_ws/install/ur5_wave:/home/bwilab/fri_ws/install/robotiq_gripper_driver:/opt/ros/humble CONDA_PROMPT_MODIFIER=(base) /home/bwilab/.local/bin/cmake --install /home/bwilab/fri_ws/build/ur_robot_driver
[22.761s] -- Install configuration: "RelWithDebInfo"
[22.762s] -- Installing: /home/bwilab/fri_ws/install/ur_robot_driver/share/ur_robot_driver/hardware_interface_plugin.xml
[22.762s] -- Installing: /home/bwilab/fri_ws/install/ur_robot_driver/lib/ur_robot_driver/dashboard_client
[22.776s] -- Set runtime path of "/home/bwilab/fri_ws/install/ur_robot_driver/lib/ur_robot_driver/dashboard_client" to ""
[22.776s] -- Installing: /home/bwilab/fri_ws/install/ur_robot_driver/lib/ur_robot_driver/ur_ros2_control_node
[22.778s] -- Set runtime path of "/home/bwilab/fri_ws/install/ur_robot_driver/lib/ur_robot_driver/ur_ros2_control_node" to ""
[22.778s] -- Installing: /home/bwilab/fri_ws/install/ur_robot_driver/lib/ur_robot_driver/controller_stopper_node
[22.793s] -- Set runtime path of "/home/bwilab/fri_ws/install/ur_robot_driver/lib/ur_robot_driver/controller_stopper_node" to ""
[22.793s] -- Installing: /home/bwilab/fri_ws/install/ur_robot_driver/lib/ur_robot_driver/urscript_interface
[22.803s] -- Set runtime path of "/home/bwilab/fri_ws/install/ur_robot_driver/lib/ur_robot_driver/urscript_interface" to ""
[22.803s] -- Installing: /home/bwilab/fri_ws/install/ur_robot_driver/lib/libur_robot_driver_plugin.so
[22.832s] -- Set runtime path of "/home/bwilab/fri_ws/install/ur_robot_driver/lib/libur_robot_driver_plugin.so" to ""
[22.833s] -- Installing: /home/bwilab/fri_ws/install/ur_robot_driver/include
[22.833s] -- Installing: /home/bwilab/fri_ws/install/ur_robot_driver/include/ur_robot_driver
[22.833s] -- Installing: /home/bwilab/fri_ws/install/ur_robot_driver/include/ur_robot_driver/hardware_interface.hpp
[22.833s] -- Installing: /home/bwilab/fri_ws/install/ur_robot_driver/include/ur_robot_driver/dashboard_client_ros.hpp
[22.833s] -- Installing: /home/bwilab/fri_ws/install/ur_robot_driver/include/ur_robot_driver/urcl_log_handler.hpp
[22.833s] -- Installing: /home/bwilab/fri_ws/install/ur_robot_driver/include/ur_robot_driver/controller_stopper.hpp
[22.833s] -- Installing: /home/bwilab/fri_ws/install/ur_robot_driver/share/ur_robot_driver/environment/library_path.sh
[22.833s] -- Installing: /home/bwilab/fri_ws/install/ur_robot_driver/share/ur_robot_driver/environment/library_path.dsv
[22.833s] -- Installing: /home/bwilab/fri_ws/install/ur_robot_driver/share/ur_robot_driver/resources
[22.833s] -- Installing: /home/bwilab/fri_ws/install/ur_robot_driver/share/ur_robot_driver/resources/ros_control.urscript
[22.834s] -- Installing: /home/bwilab/fri_ws/install/ur_robot_driver/share/ur_robot_driver/resources/externalcontrol-1.0.5.urcap
[22.834s] -- Installing: /home/bwilab/fri_ws/install/ur_robot_driver/share/ur_robot_driver/resources/rtde_output_recipe.txt
[22.834s] -- Installing: /home/bwilab/fri_ws/install/ur_robot_driver/share/ur_robot_driver/resources/rtde_input_recipe.txt
[22.834s] -- Installing: /home/bwilab/fri_ws/install/ur_robot_driver/share/ur_robot_driver/resources/rs485-1.0.urcap
[22.834s] -- Up-to-date: /home/bwilab/fri_ws/install/ur_robot_driver/include
[22.834s] -- Up-to-date: /home/bwilab/fri_ws/install/ur_robot_driver/include/ur_robot_driver
[22.834s] -- Up-to-date: /home/bwilab/fri_ws/install/ur_robot_driver/include/ur_robot_driver/hardware_interface.hpp
[22.834s] -- Up-to-date: /home/bwilab/fri_ws/install/ur_robot_driver/include/ur_robot_driver/dashboard_client_ros.hpp
[22.835s] -- Up-to-date: /home/bwilab/fri_ws/install/ur_robot_driver/include/ur_robot_driver/urcl_log_handler.hpp
[22.835s] -- Up-to-date: /home/bwilab/fri_ws/install/ur_robot_driver/include/ur_robot_driver/controller_stopper.hpp
[22.835s] -- Installing: /home/bwilab/fri_ws/install/ur_robot_driver/share/ur_robot_driver/environment/pythonpath.sh
[22.835s] -- Installing: /home/bwilab/fri_ws/install/ur_robot_driver/share/ur_robot_driver/environment/pythonpath.dsv
[22.835s] -- Installing: /home/bwilab/fri_ws/install/ur_robot_driver/lib/python3.12/site-packages/ur_robot_driver-2.2.16-py3.12.egg-info
[22.835s] -- Installing: /home/bwilab/fri_ws/install/ur_robot_driver/lib/python3.12/site-packages/ur_robot_driver-2.2.16-py3.12.egg-info/dependency_links.txt
[22.835s] -- Installing: /home/bwilab/fri_ws/install/ur_robot_driver/lib/python3.12/site-packages/ur_robot_driver-2.2.16-py3.12.egg-info/top_level.txt
[22.835s] -- Installing: /home/bwilab/fri_ws/install/ur_robot_driver/lib/python3.12/site-packages/ur_robot_driver-2.2.16-py3.12.egg-info/PKG-INFO
[22.835s] -- Installing: /home/bwilab/fri_ws/install/ur_robot_driver/lib/python3.12/site-packages/ur_robot_driver-2.2.16-py3.12.egg-info/SOURCES.txt
[22.835s] -- Installing: /home/bwilab/fri_ws/install/ur_robot_driver/lib/python3.12/site-packages/ur_robot_driver
[22.835s] -- Installing: /home/bwilab/fri_ws/install/ur_robot_driver/lib/python3.12/site-packages/ur_robot_driver/__init__.py
[22.867s] Listing '/home/bwilab/fri_ws/install/ur_robot_driver/lib/python3.12/site-packages/ur_robot_driver'...
[22.867s] Compiling '/home/bwilab/fri_ws/install/ur_robot_driver/lib/python3.12/site-packages/ur_robot_driver/__init__.py'...
[22.871s] -- Installing: /home/bwilab/fri_ws/install/ur_robot_driver/lib/ur_robot_driver/tool_communication.py
[22.871s] -- Installing: /home/bwilab/fri_ws/install/ur_robot_driver/bin/wait_dashboard_server.sh
[22.871s] -- Installing: /home/bwilab/fri_ws/install/ur_robot_driver/lib/ur_robot_driver/start_ursim.sh
[22.871s] -- Installing: /home/bwilab/fri_ws/install/ur_robot_driver/share/ur_robot_driver/config
[22.871s] -- Installing: /home/bwilab/fri_ws/install/ur_robot_driver/share/ur_robot_driver/config/ur20_update_rate.yaml
[22.871s] -- Installing: /home/bwilab/fri_ws/install/ur_robot_driver/share/ur_robot_driver/config/ur3e_update_rate.yaml
[22.871s] -- Installing: /home/bwilab/fri_ws/install/ur_robot_driver/share/ur_robot_driver/config/ur_controllers.yaml
[22.871s] -- Installing: /home/bwilab/fri_ws/install/ur_robot_driver/share/ur_robot_driver/config/ur16e_update_rate.yaml
[22.871s] -- Installing: /home/bwilab/fri_ws/install/ur_robot_driver/share/ur_robot_driver/config/ur10e_update_rate.yaml
[22.872s] -- Installing: /home/bwilab/fri_ws/install/ur_robot_driver/share/ur_robot_driver/config/ur5e_update_rate.yaml
[22.872s] -- Installing: /home/bwilab/fri_ws/install/ur_robot_driver/share/ur_robot_driver/config/ur5_update_rate.yaml
[22.872s] -- Installing: /home/bwilab/fri_ws/install/ur_robot_driver/share/ur_robot_driver/config/test_goal_publishers_config.yaml
[22.872s] -- Installing: /home/bwilab/fri_ws/install/ur_robot_driver/share/ur_robot_driver/config/ur10_update_rate.yaml
[22.872s] -- Installing: /home/bwilab/fri_ws/install/ur_robot_driver/share/ur_robot_driver/config/ur3_update_rate.yaml
[22.872s] -- Installing: /home/bwilab/fri_ws/install/ur_robot_driver/share/ur_robot_driver/config/test_velocity_goal_publishers_config.yaml
[22.872s] -- Installing: /home/bwilab/fri_ws/install/ur_robot_driver/share/ur_robot_driver/config/ur30_update_rate.yaml
[22.872s] -- Installing: /home/bwilab/fri_ws/install/ur_robot_driver/share/ur_robot_driver/launch
[22.872s] -- Installing: /home/bwilab/fri_ws/install/ur_robot_driver/share/ur_robot_driver/launch/ur16e.launch.py
[22.872s] -- Installing: /home/bwilab/fri_ws/install/ur_robot_driver/share/ur_robot_driver/launch/ur10e.launch.py
[22.873s] -- Installing: /home/bwilab/fri_ws/install/ur_robot_driver/share/ur_robot_driver/launch/test_joint_trajectory_controller.launch.py
[22.873s] -- Installing: /home/bwilab/fri_ws/install/ur_robot_driver/share/ur_robot_driver/launch/ur_dashboard_client.launch.py
[22.873s] -- Installing: /home/bwilab/fri_ws/install/ur_robot_driver/share/ur_robot_driver/launch/ur30.launch.py
[22.873s] -- Installing: /home/bwilab/fri_ws/install/ur_robot_driver/share/ur_robot_driver/launch/test_scaled_joint_trajectory_controller.launch.py
[22.873s] -- Installing: /home/bwilab/fri_ws/install/ur_robot_driver/share/ur_robot_driver/launch/ur10.launch.py
[22.873s] -- Installing: /home/bwilab/fri_ws/install/ur_robot_driver/share/ur_robot_driver/launch/test_forward_velocity_controller.launch.py
[22.873s] -- Installing: /home/bwilab/fri_ws/install/ur_robot_driver/share/ur_robot_driver/launch/ur3e.launch.py
[22.873s] -- Installing: /home/bwilab/fri_ws/install/ur_robot_driver/share/ur_robot_driver/launch/ur_control.launch.py
[22.873s] -- Installing: /home/bwilab/fri_ws/install/ur_robot_driver/share/ur_robot_driver/launch/ur20.launch.py
[22.874s] -- Installing: /home/bwilab/fri_ws/install/ur_robot_driver/share/ur_robot_driver/launch/ur5.launch.py
[22.874s] -- Installing: /home/bwilab/fri_ws/install/ur_robot_driver/share/ur_robot_driver/launch/ur5e.launch.py
[22.874s] -- Installing: /home/bwilab/fri_ws/install/ur_robot_driver/share/ur_robot_driver/launch/ur3.launch.py
[22.874s] -- Installing: /home/bwilab/fri_ws/install/ur_robot_driver/share/ament_index/resource_index/package_run_dependencies/ur_robot_driver
[22.874s] -- Installing: /home/bwilab/fri_ws/install/ur_robot_driver/share/ament_index/resource_index/parent_prefix_path/ur_robot_driver
[22.874s] -- Installing: /home/bwilab/fri_ws/install/ur_robot_driver/share/ur_robot_driver/environment/ament_prefix_path.sh
[22.874s] -- Installing: /home/bwilab/fri_ws/install/ur_robot_driver/share/ur_robot_driver/environment/ament_prefix_path.dsv
[22.874s] -- Installing: /home/bwilab/fri_ws/install/ur_robot_driver/share/ur_robot_driver/environment/path.sh
[22.875s] -- Installing: /home/bwilab/fri_ws/install/ur_robot_driver/share/ur_robot_driver/environment/path.dsv
[22.875s] -- Installing: /home/bwilab/fri_ws/install/ur_robot_driver/share/ur_robot_driver/local_setup.bash
[22.875s] -- Installing: /home/bwilab/fri_ws/install/ur_robot_driver/share/ur_robot_driver/local_setup.sh
[22.875s] -- Installing: /home/bwilab/fri_ws/install/ur_robot_driver/share/ur_robot_driver/local_setup.zsh
[22.875s] -- Installing: /home/bwilab/fri_ws/install/ur_robot_driver/share/ur_robot_driver/local_setup.dsv
[22.875s] -- Installing: /home/bwilab/fri_ws/install/ur_robot_driver/share/ur_robot_driver/package.dsv
[22.875s] -- Installing: /home/bwilab/fri_ws/install/ur_robot_driver/share/ament_index/resource_index/packages/ur_robot_driver
[22.876s] -- Installing: /home/bwilab/fri_ws/install/ur_robot_driver/share/ament_index/resource_index/hardware_interface__pluginlib__plugin/ur_robot_driver
[22.876s] -- Installing: /home/bwilab/fri_ws/install/ur_robot_driver/share/ur_robot_driver/cmake/ament_cmake_export_include_directories-extras.cmake
[22.876s] -- Installing: /home/bwilab/fri_ws/install/ur_robot_driver/share/ur_robot_driver/cmake/ament_cmake_export_libraries-extras.cmake
[22.876s] -- Installing: /home/bwilab/fri_ws/install/ur_robot_driver/share/ur_robot_driver/cmake/ament_cmake_export_dependencies-extras.cmake
[22.876s] -- Installing: /home/bwilab/fri_ws/install/ur_robot_driver/share/ur_robot_driver/cmake/ur_robot_driverConfig.cmake
[22.876s] -- Installing: /home/bwilab/fri_ws/install/ur_robot_driver/share/ur_robot_driver/cmake/ur_robot_driverConfig-version.cmake
[22.876s] -- Installing: /home/bwilab/fri_ws/install/ur_robot_driver/share/ur_robot_driver/package.xml
[22.882s] Invoked command in '/home/bwilab/fri_ws/build/ur_robot_driver' returned '0': CMAKE_PREFIX_PATH=/home/bwilab/fri_ws/install/ur_description:/home/bwilab/fri_ws/install/v5_moveit_config:/home/bwilab/fri_ws/install/v5_description:/home/bwilab/fri_ws/install/ur_robot_driver:/home/bwilab/fri_ws/install/robotiq_description:/home/bwilab/fri_ws/install/arm_launch:/home/bwilab/fri_ws/install/recognition_node:/home/bwilab/fri_ws/install/gesture_recognition:/home/bwilab/fri_ws/install/ur5_wave:/home/bwilab/fri_ws/install/robotiq_gripper_driver:/opt/ros/humble CONDA_PROMPT_MODIFIER=(base) /home/bwilab/.local/bin/cmake --install /home/bwilab/fri_ws/build/ur_robot_driver
