[0.023s] Invoking command in '/home/bwilab/fri_ws/src/build/v5_description': CMAKE_PREFIX_PATH=/opt/ros/humble CONDA_PROMPT_MODIFIER=(base) /home/bwilab/.local/bin/cmake --build /home/bwilab/fri_ws/src/build/v5_description -- -j16 -l16
[0.284s] -- Found ament_cmake: 1.3.10 (/opt/ros/humble/share/ament_cmake/cmake)
[0.284s] -- Found ament_lint_auto: 0.12.11 (/opt/ros/humble/share/ament_lint_auto/cmake)
[0.285s] -- Added test 'lint_cmake' to check CMake code style
[0.285s] -- Added test 'xmllint' to check XML markup files
[0.285s] -- Configuring done (0.2s)
[0.285s] -- Generating done (0.0s)
[0.285s] -- Build files have been written to: /home/bwilab/fri_ws/src/build/v5_description
[0.290s] Invoked command in '/home/bwilab/fri_ws/src/build/v5_description' returned '0': CMAKE_PREFIX_PATH=/opt/ros/humble CONDA_PROMPT_MODIFIER=(base) /home/bwilab/.local/bin/cmake --build /home/bwilab/fri_ws/src/build/v5_description -- -j16 -l16
[0.568s] Invoking command in '/home/bwilab/fri_ws/src/build/v5_description': CMAKE_PREFIX_PATH=/opt/ros/humble CONDA_PROMPT_MODIFIER=(base) /home/bwilab/.local/bin/cmake --install /home/bwilab/fri_ws/src/build/v5_description
[0.588s] -- Install configuration: ""
[0.588s] -- Up-to-date: /home/bwilab/fri_ws/src/install/v5_description/share/v5_description/cfg
[0.588s] -- Up-to-date: /home/bwilab/fri_ws/src/install/v5_description/share/v5_description/cfg/view_robot.rviz
[0.588s] -- Up-to-date: /home/bwilab/fri_ws/src/install/v5_description/share/v5_description/config
[0.588s] -- Up-to-date: /home/bwilab/fri_ws/src/install/v5_description/share/v5_description/config/joint_limits.yaml
[0.589s] -- Up-to-date: /home/bwilab/fri_ws/src/install/v5_description/share/v5_description/config/ur5
[0.589s] -- Up-to-date: /home/bwilab/fri_ws/src/install/v5_description/share/v5_description/config/ur5/physical_parameters.yaml
[0.589s] -- Up-to-date: /home/bwilab/fri_ws/src/install/v5_description/share/v5_description/config/ur5/default_kinematics.yaml
[0.589s] -- Up-to-date: /home/bwilab/fri_ws/src/install/v5_description/share/v5_description/config/ur5/joint_limits.yaml
[0.589s] -- Up-to-date: /home/bwilab/fri_ws/src/install/v5_description/share/v5_description/config/ur5/visual_parameters.yaml
[0.589s] -- Up-to-date: /home/bwilab/fri_ws/src/install/v5_description/share/v5_description/launch
[0.589s] -- Up-to-date: /home/bwilab/fri_ws/src/install/v5_description/share/v5_description/launch/view_v5.launch
[0.589s] -- Up-to-date: /home/bwilab/fri_ws/src/install/v5_description/share/v5_description/launch/load_ur5.launch
[0.589s] -- Up-to-date: /home/bwilab/fri_ws/src/install/v5_description/share/v5_description/launch/view_ur5.launch
[0.590s] -- Up-to-date: /home/bwilab/fri_ws/src/install/v5_description/share/v5_description/launch/load_ur.launch
[0.590s] -- Up-to-date: /home/bwilab/fri_ws/src/install/v5_description/share/v5_description/meshes
[0.590s] -- Up-to-date: /home/bwilab/fri_ws/src/install/v5_description/share/v5_description/meshes/sensors
[0.590s] -- Up-to-date: /home/bwilab/fri_ws/src/install/v5_description/share/v5_description/meshes/sensors/visual
[0.590s] -- Up-to-date: /home/bwilab/fri_ws/src/install/v5_description/share/v5_description/meshes/sensors/visual/azurekinect.dae
[0.590s] -- Up-to-date: /home/bwilab/fri_ws/src/install/v5_description/share/v5_description/meshes/sensors/collision
[0.590s] -- Up-to-date: /home/bwilab/fri_ws/src/install/v5_description/share/v5_description/meshes/sensors/collision/azurekinect.stl
[0.590s] -- Up-to-date: /home/bwilab/fri_ws/src/install/v5_description/share/v5_description/meshes/BWIv5.stl
[0.590s] -- Up-to-date: /home/bwilab/fri_ws/src/install/v5_description/share/v5_description/meshes/ur5
[0.590s] -- Up-to-date: /home/bwilab/fri_ws/src/install/v5_description/share/v5_description/meshes/ur5/visual
[0.591s] -- Up-to-date: /home/bwilab/fri_ws/src/install/v5_description/share/v5_description/meshes/ur5/visual/wrist2.dae
[0.592s] -- Up-to-date: /home/bwilab/fri_ws/src/install/v5_description/share/v5_description/meshes/ur5/visual/v5.stl
[0.592s] -- Up-to-date: /home/bwilab/fri_ws/src/install/v5_description/share/v5_description/meshes/ur5/visual/upperarm.dae
[0.592s] -- Up-to-date: /home/bwilab/fri_ws/src/install/v5_description/share/v5_description/meshes/ur5/visual/ur5_origin.dae
[0.592s] -- Up-to-date: /home/bwilab/fri_ws/src/install/v5_description/share/v5_description/meshes/ur5/visual/forearm.dae
[0.592s] -- Up-to-date: /home/bwilab/fri_ws/src/install/v5_description/share/v5_description/meshes/ur5/visual/wrist1.dae
[0.592s] -- Up-to-date: /home/bwilab/fri_ws/src/install/v5_description/share/v5_description/meshes/ur5/visual/shoulder.dae
[0.593s] -- Up-to-date: /home/bwilab/fri_ws/src/install/v5_description/share/v5_description/meshes/ur5/visual/wrist3.dae
[0.593s] -- Up-to-date: /home/bwilab/fri_ws/src/install/v5_description/share/v5_description/meshes/ur5/visual/base.dae
[0.593s] -- Up-to-date: /home/bwilab/fri_ws/src/install/v5_description/share/v5_description/meshes/ur5/collision
[0.593s] -- Up-to-date: /home/bwilab/fri_ws/src/install/v5_description/share/v5_description/meshes/ur5/collision/upperarm.stl
[0.593s] -- Up-to-date: /home/bwilab/fri_ws/src/install/v5_description/share/v5_description/meshes/ur5/collision/v5.stl
[0.593s] -- Up-to-date: /home/bwilab/fri_ws/src/install/v5_description/share/v5_description/meshes/ur5/collision/wrist2.stl
[0.593s] -- Up-to-date: /home/bwilab/fri_ws/src/install/v5_description/share/v5_description/meshes/ur5/collision/shoulder.stl
[0.593s] -- Up-to-date: /home/bwilab/fri_ws/src/install/v5_description/share/v5_description/meshes/ur5/collision/wrist1.stl
[0.593s] -- Up-to-date: /home/bwilab/fri_ws/src/install/v5_description/share/v5_description/meshes/ur5/collision/wrist3.stl
[0.593s] -- Up-to-date: /home/bwilab/fri_ws/src/install/v5_description/share/v5_description/meshes/ur5/collision/forearm.stl
[0.594s] -- Up-to-date: /home/bwilab/fri_ws/src/install/v5_description/share/v5_description/meshes/ur5/collision/base.stl
[0.594s] -- Up-to-date: /home/bwilab/fri_ws/src/install/v5_description/share/v5_description/urdf
[0.594s] -- Up-to-date: /home/bwilab/fri_ws/src/install/v5_description/share/v5_description/urdf/v5_robot.urdf.xacro
[0.594s] -- Up-to-date: /home/bwilab/fri_ws/src/install/v5_description/share/v5_description/urdf/ur5_with_gripper.urdf.xacro
[0.594s] -- Up-to-date: /home/bwilab/fri_ws/src/install/v5_description/share/v5_description/urdf/sensors
[0.594s] -- Up-to-date: /home/bwilab/fri_ws/src/install/v5_description/share/v5_description/urdf/sensors/common_properties.urdf.xacro
[0.594s] -- Up-to-date: /home/bwilab/fri_ws/src/install/v5_description/share/v5_description/urdf/sensors/azure_kinect_macro.xacro
[0.594s] -- Up-to-date: /home/bwilab/fri_ws/src/install/v5_description/share/v5_description/urdf/v5_robot_macro.xacro
[0.594s] -- Up-to-date: /home/bwilab/fri_ws/src/install/v5_description/share/v5_description/urdf/v5_with_arm.urdf.xacro
[0.594s] -- Up-to-date: /home/bwilab/fri_ws/src/install/v5_description/share/v5_description/urdf/ur5_with_gripper_macro.xacro
[0.595s] -- Up-to-date: /home/bwilab/fri_ws/src/install/v5_description/share/v5_description/tests
[0.595s] -- Up-to-date: /home/bwilab/fri_ws/src/install/v5_description/share/v5_description/tests/roslaunch_test_ur5.xml
[0.595s] -- Up-to-date: /home/bwilab/fri_ws/src/install/v5_description/share/ament_index/resource_index/package_run_dependencies/v5_description
[0.595s] -- Installing: /home/bwilab/fri_ws/src/install/v5_description/share/ament_index/resource_index/parent_prefix_path/v5_description
[0.596s] -- Installing: /home/bwilab/fri_ws/src/install/v5_description/share/v5_description/environment/ament_prefix_path.sh
[0.597s] -- Installing: /home/bwilab/fri_ws/src/install/v5_description/share/v5_description/environment/ament_prefix_path.dsv
[0.597s] -- Installing: /home/bwilab/fri_ws/src/install/v5_description/share/v5_description/environment/path.sh
[0.597s] -- Installing: /home/bwilab/fri_ws/src/install/v5_description/share/v5_description/environment/path.dsv
[0.597s] -- Up-to-date: /home/bwilab/fri_ws/src/install/v5_description/share/v5_description/local_setup.bash
[0.597s] -- Up-to-date: /home/bwilab/fri_ws/src/install/v5_description/share/v5_description/local_setup.sh
[0.597s] -- Up-to-date: /home/bwilab/fri_ws/src/install/v5_description/share/v5_description/local_setup.zsh
[0.597s] -- Installing: /home/bwilab/fri_ws/src/install/v5_description/share/v5_description/local_setup.dsv
[0.597s] -- Installing: /home/bwilab/fri_ws/src/install/v5_description/share/v5_description/package.dsv
[0.597s] -- Up-to-date: /home/bwilab/fri_ws/src/install/v5_description/share/ament_index/resource_index/packages/v5_description
[0.597s] -- Up-to-date: /home/bwilab/fri_ws/src/install/v5_description/share/v5_description/cmake/v5_descriptionConfig.cmake
[0.598s] -- Up-to-date: /home/bwilab/fri_ws/src/install/v5_description/share/v5_description/cmake/v5_descriptionConfig-version.cmake
[0.598s] -- Up-to-date: /home/bwilab/fri_ws/src/install/v5_description/share/v5_description/package.xml
[0.620s] Invoked command in '/home/bwilab/fri_ws/src/build/v5_description' returned '0': CMAKE_PREFIX_PATH=/opt/ros/humble CONDA_PROMPT_MODIFIER=(base) /home/bwilab/.local/bin/cmake --install /home/bwilab/fri_ws/src/build/v5_description
