[0.022s] Invoking command in '/home/bwilab/fri_ws/src/build/robotiq_description': CMAKE_PREFIX_PATH=${CMAKE_PREFIX_PATH}:/home/bwilab/fri_ws/install/robotiq_gripper_driver:/opt/ros/humble CONDA_PROMPT_MODIFIER=(base) /home/bwilab/.local/bin/cmake /home/bwilab/fri_ws/src/v5_arm/robotiq_description -DCMAKE_INSTALL_PREFIX=/home/bwilab/fri_ws/src/install/robotiq_description
[0.170s] -- The C compiler identification is GNU 12.1.0
[0.271s] -- The CXX compiler identification is GNU 11.4.0
[0.282s] -- Detecting C compiler ABI info
[0.339s] -- Detecting C compiler ABI info - done
[0.348s] -- Check for working C compiler: /home/bwilab/miniconda3/bin/cc - skipped
[0.348s] -- Detecting C compile features
[0.348s] -- Detecting C compile features - done
[0.352s] -- Detecting CXX compiler ABI info
[0.411s] -- Detecting CXX compiler ABI info - done
[0.421s] -- Check for working CXX compiler: /usr/bin/c++ - skipped
[0.421s] -- Detecting CXX compile features
[0.422s] -- Detecting CXX compile features - done
[0.426s] -- Found ament_cmake: 1.3.10 (/opt/ros/humble/share/ament_cmake/cmake)
[0.732s] -- Found Python3: /home/bwilab/miniconda3/bin/python3 (found version "3.12.2") found components: Interpreter 
[0.875s] -- Found ament_lint_auto: 0.12.11 (/opt/ros/humble/share/ament_lint_auto/cmake)
[0.997s] -- Added test 'copyright' to check source files copyright and LICENSE
[1.001s] -- Added test 'lint_cmake' to check CMake code style
[1.003s] -- Added test 'xmllint' to check XML markup files
[1.004s] -- Configuring done (1.0s)
[1.008s] -- Generating done (0.0s)
[1.008s] -- Build files have been written to: /home/bwilab/fri_ws/src/build/robotiq_description
[1.021s] Invoked command in '/home/bwilab/fri_ws/src/build/robotiq_description' returned '0': CMAKE_PREFIX_PATH=${CMAKE_PREFIX_PATH}:/home/bwilab/fri_ws/install/robotiq_gripper_driver:/opt/ros/humble CONDA_PROMPT_MODIFIER=(base) /home/bwilab/.local/bin/cmake /home/bwilab/fri_ws/src/v5_arm/robotiq_description -DCMAKE_INSTALL_PREFIX=/home/bwilab/fri_ws/src/install/robotiq_description
[1.023s] Invoking command in '/home/bwilab/fri_ws/src/build/robotiq_description': CMAKE_PREFIX_PATH=${CMAKE_PREFIX_PATH}:/home/bwilab/fri_ws/install/robotiq_gripper_driver:/opt/ros/humble CONDA_PROMPT_MODIFIER=(base) /home/bwilab/.local/bin/cmake --build /home/bwilab/fri_ws/src/build/robotiq_description -- -j16 -l16
[1.062s] Invoked command in '/home/bwilab/fri_ws/src/build/robotiq_description' returned '0': CMAKE_PREFIX_PATH=${CMAKE_PREFIX_PATH}:/home/bwilab/fri_ws/install/robotiq_gripper_driver:/opt/ros/humble CONDA_PROMPT_MODIFIER=(base) /home/bwilab/.local/bin/cmake --build /home/bwilab/fri_ws/src/build/robotiq_description -- -j16 -l16
[1.112s] Invoking command in '/home/bwilab/fri_ws/src/build/robotiq_description': CMAKE_PREFIX_PATH=${CMAKE_PREFIX_PATH}:/home/bwilab/fri_ws/install/robotiq_gripper_driver:/opt/ros/humble CONDA_PROMPT_MODIFIER=(base) /home/bwilab/.local/bin/cmake --install /home/bwilab/fri_ws/src/build/robotiq_description
[1.138s] -- Install configuration: ""
[1.138s] -- Installing: /home/bwilab/fri_ws/src/install/robotiq_description/share/robotiq_description/urdf
[1.139s] -- Installing: /home/bwilab/fri_ws/src/install/robotiq_description/share/robotiq_description/urdf/robotiq_arg2f_140_model.xacro
[1.139s] -- Installing: /home/bwilab/fri_ws/src/install/robotiq_description/share/robotiq_description/urdf/robotiq_arg2f_transmission.xacro
[1.139s] -- Installing: /home/bwilab/fri_ws/src/install/robotiq_description/share/robotiq_description/urdf/robotiq_arg2f_140_model_macro.xacro
[1.139s] -- Installing: /home/bwilab/fri_ws/src/install/robotiq_description/share/robotiq_description/urdf/robotiq_arg2f.xacro
[1.140s] -- Installing: /home/bwilab/fri_ws/src/install/robotiq_description/share/robotiq_description/meshes
[1.140s] -- Installing: /home/bwilab/fri_ws/src/install/robotiq_description/share/robotiq_description/meshes/visual
[1.140s] -- Installing: /home/bwilab/fri_ws/src/install/robotiq_description/share/robotiq_description/meshes/visual/robotiq_arg2f_140_outer_knuckle.stl
[1.141s] -- Installing: /home/bwilab/fri_ws/src/install/robotiq_description/share/robotiq_description/meshes/visual/robotiq_arg2f_base_link.stl
[1.142s] -- Installing: /home/bwilab/fri_ws/src/install/robotiq_description/share/robotiq_description/meshes/visual/robotiq_arg2f_140_inner_knuckle.stl
[1.142s] -- Installing: /home/bwilab/fri_ws/src/install/robotiq_description/share/robotiq_description/meshes/visual/robotiq_arg2f_coupling.stl
[1.143s] -- Installing: /home/bwilab/fri_ws/src/install/robotiq_description/share/robotiq_description/meshes/visual/robotiq_arg2f_140_inner_finger.stl
[1.143s] -- Installing: /home/bwilab/fri_ws/src/install/robotiq_description/share/robotiq_description/meshes/visual/robotiq_arg2f_140_outer_finger.stl
[1.144s] -- Installing: /home/bwilab/fri_ws/src/install/robotiq_description/share/robotiq_description/meshes/collision
[1.144s] -- Installing: /home/bwilab/fri_ws/src/install/robotiq_description/share/robotiq_description/meshes/collision/robotiq_arg2f_140_outer_knuckle.stl
[1.144s] -- Installing: /home/bwilab/fri_ws/src/install/robotiq_description/share/robotiq_description/meshes/collision/robotiq_arg2f_base_link.stl
[1.144s] -- Installing: /home/bwilab/fri_ws/src/install/robotiq_description/share/robotiq_description/meshes/collision/robotiq_arg2f_140_inner_knuckle.stl
[1.144s] -- Installing: /home/bwilab/fri_ws/src/install/robotiq_description/share/robotiq_description/meshes/collision/robotiq_arg2f_coupling.stl
[1.145s] -- Installing: /home/bwilab/fri_ws/src/install/robotiq_description/share/robotiq_description/meshes/collision/robotiq_arg2f_140_inner_finger.stl
[1.145s] -- Installing: /home/bwilab/fri_ws/src/install/robotiq_description/share/robotiq_description/meshes/collision/robotiq_arg2f_140_outer_finger.stl
[1.146s] -- Installing: /home/bwilab/fri_ws/src/install/robotiq_description/share/ament_index/resource_index/package_run_dependencies/robotiq_description
[1.147s] -- Installing: /home/bwilab/fri_ws/src/install/robotiq_description/share/ament_index/resource_index/parent_prefix_path/robotiq_description
[1.147s] -- Installing: /home/bwilab/fri_ws/src/install/robotiq_description/share/robotiq_description/environment/ament_prefix_path.sh
[1.147s] -- Installing: /home/bwilab/fri_ws/src/install/robotiq_description/share/robotiq_description/environment/ament_prefix_path.dsv
[1.147s] -- Installing: /home/bwilab/fri_ws/src/install/robotiq_description/share/robotiq_description/environment/path.sh
[1.147s] -- Installing: /home/bwilab/fri_ws/src/install/robotiq_description/share/robotiq_description/environment/path.dsv
[1.147s] -- Installing: /home/bwilab/fri_ws/src/install/robotiq_description/share/robotiq_description/local_setup.bash
[1.147s] -- Installing: /home/bwilab/fri_ws/src/install/robotiq_description/share/robotiq_description/local_setup.sh
[1.147s] -- Installing: /home/bwilab/fri_ws/src/install/robotiq_description/share/robotiq_description/local_setup.zsh
[1.147s] -- Installing: /home/bwilab/fri_ws/src/install/robotiq_description/share/robotiq_description/local_setup.dsv
[1.147s] -- Installing: /home/bwilab/fri_ws/src/install/robotiq_description/share/robotiq_description/package.dsv
[1.147s] -- Installing: /home/bwilab/fri_ws/src/install/robotiq_description/share/ament_index/resource_index/packages/robotiq_description
[1.148s] -- Installing: /home/bwilab/fri_ws/src/install/robotiq_description/share/robotiq_description/cmake/robotiq_descriptionConfig.cmake
[1.148s] -- Installing: /home/bwilab/fri_ws/src/install/robotiq_description/share/robotiq_description/cmake/robotiq_descriptionConfig-version.cmake
[1.148s] -- Installing: /home/bwilab/fri_ws/src/install/robotiq_description/share/robotiq_description/package.xml
[1.159s] Invoked command in '/home/bwilab/fri_ws/src/build/robotiq_description' returned '0': CMAKE_PREFIX_PATH=${CMAKE_PREFIX_PATH}:/home/bwilab/fri_ws/install/robotiq_gripper_driver:/opt/ros/humble CONDA_PROMPT_MODIFIER=(base) /home/bwilab/.local/bin/cmake --install /home/bwilab/fri_ws/src/build/robotiq_description
