-- Install configuration: ""
-- Execute custom install script
-- Up-to-date symlink: /home/bwilab/fri_ws/install/robotiq_description/share/robotiq_description/urdf/robotiq_arg2f.xacro
-- Up-to-date symlink: /home/bwilab/fri_ws/install/robotiq_description/share/robotiq_description/urdf/robotiq_arg2f_140_model.xacro
-- Up-to-date symlink: /home/bwilab/fri_ws/install/robotiq_description/share/robotiq_description/urdf/robotiq_arg2f_140_model_macro.xacro
-- Up-to-date symlink: /home/bwilab/fri_ws/install/robotiq_description/share/robotiq_description/urdf/robotiq_arg2f_transmission.xacro
-- Up-to-date symlink: /home/bwilab/fri_ws/install/robotiq_description/share/robotiq_description/meshes/collision/robotiq_arg2f_140_inner_finger.stl
-- Up-to-date symlink: /home/bwilab/fri_ws/install/robotiq_description/share/robotiq_description/meshes/collision/robotiq_arg2f_140_inner_knuckle.stl
-- Up-to-date symlink: /home/bwilab/fri_ws/install/robotiq_description/share/robotiq_description/meshes/collision/robotiq_arg2f_140_outer_finger.stl
-- Up-to-date symlink: /home/bwilab/fri_ws/install/robotiq_description/share/robotiq_description/meshes/collision/robotiq_arg2f_140_outer_knuckle.stl
-- Up-to-date symlink: /home/bwilab/fri_ws/install/robotiq_description/share/robotiq_description/meshes/collision/robotiq_arg2f_base_link.stl
-- Up-to-date symlink: /home/bwilab/fri_ws/install/robotiq_description/share/robotiq_description/meshes/collision/robotiq_arg2f_coupling.stl
-- Up-to-date symlink: /home/bwilab/fri_ws/install/robotiq_description/share/robotiq_description/meshes/visual/robotiq_arg2f_140_inner_finger.stl
-- Up-to-date symlink: /home/bwilab/fri_ws/install/robotiq_description/share/robotiq_description/meshes/visual/robotiq_arg2f_140_inner_knuckle.stl
-- Up-to-date symlink: /home/bwilab/fri_ws/install/robotiq_description/share/robotiq_description/meshes/visual/robotiq_arg2f_140_outer_finger.stl
-- Up-to-date symlink: /home/bwilab/fri_ws/install/robotiq_description/share/robotiq_description/meshes/visual/robotiq_arg2f_140_outer_knuckle.stl
-- Up-to-date symlink: /home/bwilab/fri_ws/install/robotiq_description/share/robotiq_description/meshes/visual/robotiq_arg2f_base_link.stl
-- Up-to-date symlink: /home/bwilab/fri_ws/install/robotiq_description/share/robotiq_description/meshes/visual/robotiq_arg2f_coupling.stl
-- Up-to-date symlink: /home/bwilab/fri_ws/install/robotiq_description/share/ament_index/resource_index/package_run_dependencies/robotiq_description
-- Up-to-date symlink: /home/bwilab/fri_ws/install/robotiq_description/share/ament_index/resource_index/parent_prefix_path/robotiq_description
-- Up-to-date symlink: /home/bwilab/fri_ws/install/robotiq_description/share/robotiq_description/environment/ament_prefix_path.sh
-- Up-to-date symlink: /home/bwilab/fri_ws/install/robotiq_description/share/robotiq_description/environment/ament_prefix_path.dsv
-- Up-to-date symlink: /home/bwilab/fri_ws/install/robotiq_description/share/robotiq_description/environment/path.sh
-- Up-to-date symlink: /home/bwilab/fri_ws/install/robotiq_description/share/robotiq_description/environment/path.dsv
-- Up-to-date symlink: /home/bwilab/fri_ws/install/robotiq_description/share/robotiq_description/local_setup.bash
-- Up-to-date symlink: /home/bwilab/fri_ws/install/robotiq_description/share/robotiq_description/local_setup.sh
-- Up-to-date symlink: /home/bwilab/fri_ws/install/robotiq_description/share/robotiq_description/local_setup.zsh
-- Up-to-date symlink: /home/bwilab/fri_ws/install/robotiq_description/share/robotiq_description/local_setup.dsv
-- Up-to-date symlink: /home/bwilab/fri_ws/install/robotiq_description/share/robotiq_description/package.dsv
-- Up-to-date symlink: /home/bwilab/fri_ws/install/robotiq_description/share/ament_index/resource_index/packages/robotiq_description
-- Up-to-date symlink: /home/bwilab/fri_ws/install/robotiq_description/share/robotiq_description/cmake/robotiq_descriptionConfig.cmake
-- Up-to-date symlink: /home/bwilab/fri_ws/install/robotiq_description/share/robotiq_description/cmake/robotiq_descriptionConfig-version.cmake
-- Up-to-date symlink: /home/bwilab/fri_ws/install/robotiq_description/share/robotiq_description/package.xml
