-- The C compiler identification is GNU 12.1.0
-- The CXX compiler identification is GNU 11.4.0
-- Detecting C compiler ABI info
-- Detecting C compiler ABI info - done
-- Check for working C compiler: /home/bwilab/miniconda3/bin/cc - skipped
-- Detecting C compile features
-- Detecting C compile features - done
-- Detecting CXX compiler ABI info
-- Detecting CXX compiler ABI info - done
-- Check for working CXX compiler: /usr/bin/c++ - skipped
-- Detecting CXX compile features
-- Detecting CXX compile features - done
-- Found ament_cmake: 1.3.10 (/opt/ros/humble/share/ament_cmake/cmake)
-- Found Python3: /home/bwilab/miniconda3/bin/python3 (found version "3.12.2") found components: Interpreter 
-- Override CMake install command with custom implementation using symlinks instead of copying resources
-- Found ament_lint_auto: 0.12.11 (/opt/ros/humble/share/ament_lint_auto/cmake)
-- Added test 'copyright' to check source files copyright and LICENSE
-- Added test 'lint_cmake' to check CMake code style
-- Added test 'xmllint' to check XML markup files
-- Configuring done (0.8s)
-- Generating done (0.0s)
-- Build files have been written to: /home/bwilab/fri_ws/build/robotiq_description
-- Install configuration: ""
-- Execute custom install script
-- Symlinking: /home/bwilab/fri_ws/install/robotiq_description/share/robotiq_description/urdf/robotiq_arg2f.xacro
-- Symlinking: /home/bwilab/fri_ws/install/robotiq_description/share/robotiq_description/urdf/robotiq_arg2f_140_model.xacro
-- Symlinking: /home/bwilab/fri_ws/install/robotiq_description/share/robotiq_description/urdf/robotiq_arg2f_140_model_macro.xacro
-- Symlinking: /home/bwilab/fri_ws/install/robotiq_description/share/robotiq_description/urdf/robotiq_arg2f_transmission.xacro
-- Symlinking: /home/bwilab/fri_ws/install/robotiq_description/share/robotiq_description/meshes/collision/robotiq_arg2f_140_inner_finger.stl
-- Symlinking: /home/bwilab/fri_ws/install/robotiq_description/share/robotiq_description/meshes/collision/robotiq_arg2f_140_inner_knuckle.stl
-- Symlinking: /home/bwilab/fri_ws/install/robotiq_description/share/robotiq_description/meshes/collision/robotiq_arg2f_140_outer_finger.stl
-- Symlinking: /home/bwilab/fri_ws/install/robotiq_description/share/robotiq_description/meshes/collision/robotiq_arg2f_140_outer_knuckle.stl
-- Symlinking: /home/bwilab/fri_ws/install/robotiq_description/share/robotiq_description/meshes/collision/robotiq_arg2f_base_link.stl
-- Symlinking: /home/bwilab/fri_ws/install/robotiq_description/share/robotiq_description/meshes/collision/robotiq_arg2f_coupling.stl
-- Symlinking: /home/bwilab/fri_ws/install/robotiq_description/share/robotiq_description/meshes/visual/robotiq_arg2f_140_inner_finger.stl
-- Symlinking: /home/bwilab/fri_ws/install/robotiq_description/share/robotiq_description/meshes/visual/robotiq_arg2f_140_inner_knuckle.stl
-- Symlinking: /home/bwilab/fri_ws/install/robotiq_description/share/robotiq_description/meshes/visual/robotiq_arg2f_140_outer_finger.stl
-- Symlinking: /home/bwilab/fri_ws/install/robotiq_description/share/robotiq_description/meshes/visual/robotiq_arg2f_140_outer_knuckle.stl
-- Symlinking: /home/bwilab/fri_ws/install/robotiq_description/share/robotiq_description/meshes/visual/robotiq_arg2f_base_link.stl
-- Symlinking: /home/bwilab/fri_ws/install/robotiq_description/share/robotiq_description/meshes/visual/robotiq_arg2f_coupling.stl
-- Symlinking: /home/bwilab/fri_ws/install/robotiq_description/share/ament_index/resource_index/package_run_dependencies/robotiq_description
-- Symlinking: /home/bwilab/fri_ws/install/robotiq_description/share/ament_index/resource_index/parent_prefix_path/robotiq_description
-- Symlinking: /home/bwilab/fri_ws/install/robotiq_description/share/robotiq_description/environment/ament_prefix_path.sh
-- Symlinking: /home/bwilab/fri_ws/install/robotiq_description/share/robotiq_description/environment/ament_prefix_path.dsv
-- Symlinking: /home/bwilab/fri_ws/install/robotiq_description/share/robotiq_description/environment/path.sh
-- Symlinking: /home/bwilab/fri_ws/install/robotiq_description/share/robotiq_description/environment/path.dsv
-- Symlinking: /home/bwilab/fri_ws/install/robotiq_description/share/robotiq_description/local_setup.bash
-- Symlinking: /home/bwilab/fri_ws/install/robotiq_description/share/robotiq_description/local_setup.sh
-- Symlinking: /home/bwilab/fri_ws/install/robotiq_description/share/robotiq_description/local_setup.zsh
-- Symlinking: /home/bwilab/fri_ws/install/robotiq_description/share/robotiq_description/local_setup.dsv
-- Symlinking: /home/bwilab/fri_ws/install/robotiq_description/share/robotiq_description/package.dsv
-- Symlinking: /home/bwilab/fri_ws/install/robotiq_description/share/ament_index/resource_index/packages/robotiq_description
-- Symlinking: /home/bwilab/fri_ws/install/robotiq_description/share/robotiq_description/cmake/robotiq_descriptionConfig.cmake
-- Symlinking: /home/bwilab/fri_ws/install/robotiq_description/share/robotiq_description/cmake/robotiq_descriptionConfig-version.cmake
-- Symlinking: /home/bwilab/fri_ws/install/robotiq_description/share/robotiq_description/package.xml
