-- Found ament_cmake: 1.3.10 (/opt/ros/humble/share/ament_cmake/cmake)
-- Override CMake install command with custom implementation using symlinks instead of copying resources
-- Found ament_lint_auto: 0.12.11 (/opt/ros/humble/share/ament_lint_auto/cmake)
-- Added test 'lint_cmake' to check CMake code style
-- Added test 'xmllint' to check XML markup files
-- Configuring done (0.2s)
-- Generating done (0.0s)
-- Build files have been written to: /home/bwilab/fri_ws/build/v5_description
-- Install configuration: ""
-- Up-to-date: /home/bwilab/fri_ws/install/v5_description/share/v5_description/cfg
-- Up-to-date: /home/bwilab/fri_ws/install/v5_description/share/v5_description/cfg/view_robot.rviz
-- Up-to-date: /home/bwilab/fri_ws/install/v5_description/share/v5_description/config
-- Up-to-date: /home/bwilab/fri_ws/install/v5_description/share/v5_description/config/joint_limits.yaml
-- Up-to-date: /home/bwilab/fri_ws/install/v5_description/share/v5_description/config/ur5
-- Up-to-date: /home/bwilab/fri_ws/install/v5_description/share/v5_description/config/ur5/physical_parameters.yaml
-- Up-to-date: /home/bwilab/fri_ws/install/v5_description/share/v5_description/config/ur5/default_kinematics.yaml
-- Up-to-date: /home/bwilab/fri_ws/install/v5_description/share/v5_description/config/ur5/joint_limits.yaml
-- Up-to-date: /home/bwilab/fri_ws/install/v5_description/share/v5_description/config/ur5/visual_parameters.yaml
-- Up-to-date: /home/bwilab/fri_ws/install/v5_description/share/v5_description/launch
-- Up-to-date: /home/bwilab/fri_ws/install/v5_description/share/v5_description/launch/view_v5.launch
-- Up-to-date: /home/bwilab/fri_ws/install/v5_description/share/v5_description/launch/load_ur5.launch
-- Up-to-date: /home/bwilab/fri_ws/install/v5_description/share/v5_description/launch/view_ur5.launch
-- Up-to-date: /home/bwilab/fri_ws/install/v5_description/share/v5_description/launch/load_ur.launch
-- Up-to-date: /home/bwilab/fri_ws/install/v5_description/share/v5_description/meshes
-- Up-to-date: /home/bwilab/fri_ws/install/v5_description/share/v5_description/meshes/sensors
-- Up-to-date: /home/bwilab/fri_ws/install/v5_description/share/v5_description/meshes/sensors/visual
-- Up-to-date: /home/bwilab/fri_ws/install/v5_description/share/v5_description/meshes/sensors/visual/azurekinect.dae
-- Up-to-date: /home/bwilab/fri_ws/install/v5_description/share/v5_description/meshes/sensors/collision
-- Up-to-date: /home/bwilab/fri_ws/install/v5_description/share/v5_description/meshes/sensors/collision/azurekinect.stl
-- Up-to-date: /home/bwilab/fri_ws/install/v5_description/share/v5_description/meshes/BWIv5.stl
-- Up-to-date: /home/bwilab/fri_ws/install/v5_description/share/v5_description/meshes/ur5
-- Up-to-date: /home/bwilab/fri_ws/install/v5_description/share/v5_description/meshes/ur5/visual
-- Up-to-date: /home/bwilab/fri_ws/install/v5_description/share/v5_description/meshes/ur5/visual/wrist2.dae
-- Up-to-date: /home/bwilab/fri_ws/install/v5_description/share/v5_description/meshes/ur5/visual/v5.stl
-- Up-to-date: /home/bwilab/fri_ws/install/v5_description/share/v5_description/meshes/ur5/visual/upperarm.dae
-- Up-to-date: /home/bwilab/fri_ws/install/v5_description/share/v5_description/meshes/ur5/visual/ur5_origin.dae
-- Up-to-date: /home/bwilab/fri_ws/install/v5_description/share/v5_description/meshes/ur5/visual/forearm.dae
-- Up-to-date: /home/bwilab/fri_ws/install/v5_description/share/v5_description/meshes/ur5/visual/wrist1.dae
-- Up-to-date: /home/bwilab/fri_ws/install/v5_description/share/v5_description/meshes/ur5/visual/shoulder.dae
-- Up-to-date: /home/bwilab/fri_ws/install/v5_description/share/v5_description/meshes/ur5/visual/wrist3.dae
-- Up-to-date: /home/bwilab/fri_ws/install/v5_description/share/v5_description/meshes/ur5/visual/base.dae
-- Up-to-date: /home/bwilab/fri_ws/install/v5_description/share/v5_description/meshes/ur5/collision
-- Up-to-date: /home/bwilab/fri_ws/install/v5_description/share/v5_description/meshes/ur5/collision/upperarm.stl
-- Up-to-date: /home/bwilab/fri_ws/install/v5_description/share/v5_description/meshes/ur5/collision/v5.stl
-- Up-to-date: /home/bwilab/fri_ws/install/v5_description/share/v5_description/meshes/ur5/collision/wrist2.stl
-- Up-to-date: /home/bwilab/fri_ws/install/v5_description/share/v5_description/meshes/ur5/collision/shoulder.stl
-- Up-to-date: /home/bwilab/fri_ws/install/v5_description/share/v5_description/meshes/ur5/collision/wrist1.stl
-- Up-to-date: /home/bwilab/fri_ws/install/v5_description/share/v5_description/meshes/ur5/collision/wrist3.stl
-- Up-to-date: /home/bwilab/fri_ws/install/v5_description/share/v5_description/meshes/ur5/collision/forearm.stl
-- Up-to-date: /home/bwilab/fri_ws/install/v5_description/share/v5_description/meshes/ur5/collision/base.stl
-- Up-to-date: /home/bwilab/fri_ws/install/v5_description/share/v5_description/urdf
-- Up-to-date: /home/bwilab/fri_ws/install/v5_description/share/v5_description/urdf/v5_robot.urdf.xacro
-- Up-to-date: /home/bwilab/fri_ws/install/v5_description/share/v5_description/urdf/ur5_with_gripper.urdf.xacro
-- Up-to-date: /home/bwilab/fri_ws/install/v5_description/share/v5_description/urdf/sensors
-- Up-to-date: /home/bwilab/fri_ws/install/v5_description/share/v5_description/urdf/sensors/common_properties.urdf.xacro
-- Up-to-date: /home/bwilab/fri_ws/install/v5_description/share/v5_description/urdf/sensors/azure_kinect_macro.xacro
-- Up-to-date: /home/bwilab/fri_ws/install/v5_description/share/v5_description/urdf/v5_robot_macro.xacro
-- Up-to-date: /home/bwilab/fri_ws/install/v5_description/share/v5_description/urdf/v5_with_arm.urdf.xacro
-- Up-to-date: /home/bwilab/fri_ws/install/v5_description/share/v5_description/urdf/ur5_with_gripper_macro.xacro
-- Up-to-date: /home/bwilab/fri_ws/install/v5_description/share/v5_description/tests
-- Up-to-date: /home/bwilab/fri_ws/install/v5_description/share/v5_description/tests/roslaunch_test_ur5.xml
-- Execute custom install script
-- Up-to-date symlink: /home/bwilab/fri_ws/install/v5_description/share/ament_index/resource_index/package_run_dependencies/v5_description
-- Up-to-date symlink: /home/bwilab/fri_ws/install/v5_description/share/ament_index/resource_index/parent_prefix_path/v5_description
-- Up-to-date symlink: /home/bwilab/fri_ws/install/v5_description/share/v5_description/environment/ament_prefix_path.sh
-- Up-to-date symlink: /home/bwilab/fri_ws/install/v5_description/share/v5_description/environment/ament_prefix_path.dsv
-- Up-to-date symlink: /home/bwilab/fri_ws/install/v5_description/share/v5_description/environment/path.sh
-- Up-to-date symlink: /home/bwilab/fri_ws/install/v5_description/share/v5_description/environment/path.dsv
-- Up-to-date symlink: /home/bwilab/fri_ws/install/v5_description/share/v5_description/local_setup.bash
-- Up-to-date symlink: /home/bwilab/fri_ws/install/v5_description/share/v5_description/local_setup.sh
-- Up-to-date symlink: /home/bwilab/fri_ws/install/v5_description/share/v5_description/local_setup.zsh
-- Up-to-date symlink: /home/bwilab/fri_ws/install/v5_description/share/v5_description/local_setup.dsv
-- Symlinking: /home/bwilab/fri_ws/install/v5_description/share/v5_description/package.dsv
-- Up-to-date symlink: /home/bwilab/fri_ws/install/v5_description/share/ament_index/resource_index/packages/v5_description
-- Up-to-date symlink: /home/bwilab/fri_ws/install/v5_description/share/v5_description/cmake/v5_descriptionConfig.cmake
-- Up-to-date symlink: /home/bwilab/fri_ws/install/v5_description/share/v5_description/cmake/v5_descriptionConfig-version.cmake
-- Up-to-date symlink: /home/bwilab/fri_ws/install/v5_description/share/v5_description/package.xml
