running egg_info
writing ../../build/ur5_wave/ur5_wave.egg-info/PKG-INFO
writing dependency_links to ../../build/ur5_wave/ur5_wave.egg-info/dependency_links.txt
writing entry points to ../../build/ur5_wave/ur5_wave.egg-info/entry_points.txt
writing requirements to ../../build/ur5_wave/ur5_wave.egg-info/requires.txt
writing top-level names to ../../build/ur5_wave/ur5_wave.egg-info/top_level.txt
reading manifest file '../../build/ur5_wave/ur5_wave.egg-info/SOURCES.txt'
writing manifest file '../../build/ur5_wave/ur5_wave.egg-info/SOURCES.txt'
running build
running build_py
copying ur5_wave/wave.py -> /home/bwilab/fri_ws/build/ur5_wave/build/lib/ur5_wave
running install
running install_lib
copying /home/bwilab/fri_ws/build/ur5_wave/build/lib/ur5_wave/wave.py -> /home/bwilab/fri_ws/install/ur5_wave/lib/python3.10/site-packages/ur5_wave
byte-compiling /home/bwilab/fri_ws/install/ur5_wave/lib/python3.10/site-packages/ur5_wave/wave.py to wave.cpython-310.pyc
running install_data
running install_egg_info
removing '/home/bwilab/fri_ws/install/ur5_wave/lib/python3.10/site-packages/ur5_wave-0.0.0-py3.10.egg-info' (and everything under it)
Copying ../../build/ur5_wave/ur5_wave.egg-info to /home/bwilab/fri_ws/install/ur5_wave/lib/python3.10/site-packages/ur5_wave-0.0.0-py3.10.egg-info
running install_scripts
Installing wave_node script to /home/bwilab/fri_ws/install/ur5_wave/lib/ur5_wave
writing list of installed files to '/home/bwilab/fri_ws/build/ur5_wave/install.log'
