[0.026s] Invoking command in '/home/bwilab/fri_ws/src/build/v5_description': CMAKE_PREFIX_PATH=${CMAKE_PREFIX_PATH}:/home/bwilab/fri_ws/install/robotiq_gripper_driver:/opt/ros/humble CONDA_PROMPT_MODIFIER=(base) /home/bwilab/.local/bin/cmake /home/bwilab/fri_ws/src/v5_description -DCMAKE_INSTALL_PREFIX=/home/bwilab/fri_ws/src/install/v5_description
[0.178s] -- The C compiler identification is GNU 12.1.0
[0.279s] -- The CXX compiler identification is GNU 11.4.0
[0.290s] -- Detecting C compiler ABI info
[0.345s] -- Detecting C compiler ABI info - done
[0.355s] -- Check for working C compiler: /home/bwilab/miniconda3/bin/cc - skipped
[0.355s] -- Detecting C compile features
[0.356s] -- Detecting C compile features - done
[0.359s] -- Detecting CXX compiler ABI info
[0.419s] -- Detecting CXX compiler ABI info - done
[0.429s] -- Check for working CXX compiler: /usr/bin/c++ - skipped
[0.429s] -- Detecting CXX compile features
[0.430s] -- Detecting CXX compile features - done
[0.434s] -- Found ament_cmake: 1.3.10 (/opt/ros/humble/share/ament_cmake/cmake)
[0.739s] -- Found Python3: /home/bwilab/miniconda3/bin/python3 (found version "3.12.2") found components: Interpreter 
[0.883s] -- Found ament_lint_auto: 0.12.11 (/opt/ros/humble/share/ament_lint_auto/cmake)
[1.002s] -- Added test 'lint_cmake' to check CMake code style
[1.006s] -- Added test 'xmllint' to check XML markup files
[1.008s] -- Configuring done (1.0s)
[1.010s] -- Generating done (0.0s)
[1.011s] -- Build files have been written to: /home/bwilab/fri_ws/src/build/v5_description
[1.020s] Invoked command in '/home/bwilab/fri_ws/src/build/v5_description' returned '0': CMAKE_PREFIX_PATH=${CMAKE_PREFIX_PATH}:/home/bwilab/fri_ws/install/robotiq_gripper_driver:/opt/ros/humble CONDA_PROMPT_MODIFIER=(base) /home/bwilab/.local/bin/cmake /home/bwilab/fri_ws/src/v5_description -DCMAKE_INSTALL_PREFIX=/home/bwilab/fri_ws/src/install/v5_description
[1.022s] Invoking command in '/home/bwilab/fri_ws/src/build/v5_description': CMAKE_PREFIX_PATH=${CMAKE_PREFIX_PATH}:/home/bwilab/fri_ws/install/robotiq_gripper_driver:/opt/ros/humble CONDA_PROMPT_MODIFIER=(base) /home/bwilab/.local/bin/cmake --build /home/bwilab/fri_ws/src/build/v5_description -- -j16 -l16
[1.062s] Invoked command in '/home/bwilab/fri_ws/src/build/v5_description' returned '0': CMAKE_PREFIX_PATH=${CMAKE_PREFIX_PATH}:/home/bwilab/fri_ws/install/robotiq_gripper_driver:/opt/ros/humble CONDA_PROMPT_MODIFIER=(base) /home/bwilab/.local/bin/cmake --build /home/bwilab/fri_ws/src/build/v5_description -- -j16 -l16
[1.118s] Invoking command in '/home/bwilab/fri_ws/src/build/v5_description': CMAKE_PREFIX_PATH=${CMAKE_PREFIX_PATH}:/home/bwilab/fri_ws/install/robotiq_gripper_driver:/opt/ros/humble CONDA_PROMPT_MODIFIER=(base) /home/bwilab/.local/bin/cmake --install /home/bwilab/fri_ws/src/build/v5_description
[1.144s] -- Install configuration: ""
[1.144s] -- Installing: /home/bwilab/fri_ws/src/install/v5_description/share/v5_description/cfg
[1.144s] -- Installing: /home/bwilab/fri_ws/src/install/v5_description/share/v5_description/cfg/view_robot.rviz
[1.144s] -- Installing: /home/bwilab/fri_ws/src/install/v5_description/share/v5_description/config
[1.145s] -- Installing: /home/bwilab/fri_ws/src/install/v5_description/share/v5_description/config/joint_limits.yaml
[1.145s] -- Installing: /home/bwilab/fri_ws/src/install/v5_description/share/v5_description/config/ur5
[1.145s] -- Installing: /home/bwilab/fri_ws/src/install/v5_description/share/v5_description/config/ur5/physical_parameters.yaml
[1.146s] -- Installing: /home/bwilab/fri_ws/src/install/v5_description/share/v5_description/config/ur5/default_kinematics.yaml
[1.147s] -- Installing: /home/bwilab/fri_ws/src/install/v5_description/share/v5_description/config/ur5/joint_limits.yaml
[1.147s] -- Installing: /home/bwilab/fri_ws/src/install/v5_description/share/v5_description/config/ur5/visual_parameters.yaml
[1.147s] -- Installing: /home/bwilab/fri_ws/src/install/v5_description/share/v5_description/launch
[1.147s] -- Installing: /home/bwilab/fri_ws/src/install/v5_description/share/v5_description/launch/view_v5.launch
[1.147s] -- Installing: /home/bwilab/fri_ws/src/install/v5_description/share/v5_description/launch/load_ur5.launch
[1.148s] -- Installing: /home/bwilab/fri_ws/src/install/v5_description/share/v5_description/launch/view_ur5.launch
[1.148s] -- Installing: /home/bwilab/fri_ws/src/install/v5_description/share/v5_description/launch/load_ur.launch
[1.148s] -- Installing: /home/bwilab/fri_ws/src/install/v5_description/share/v5_description/meshes
[1.148s] -- Installing: /home/bwilab/fri_ws/src/install/v5_description/share/v5_description/meshes/sensors
[1.149s] -- Installing: /home/bwilab/fri_ws/src/install/v5_description/share/v5_description/meshes/sensors/visual
[1.149s] -- Installing: /home/bwilab/fri_ws/src/install/v5_description/share/v5_description/meshes/sensors/visual/azurekinect.dae
[1.221s] -- Installing: /home/bwilab/fri_ws/src/install/v5_description/share/v5_description/meshes/sensors/collision
[1.221s] -- Installing: /home/bwilab/fri_ws/src/install/v5_description/share/v5_description/meshes/sensors/collision/azurekinect.stl
[1.316s] -- Installing: /home/bwilab/fri_ws/src/install/v5_description/share/v5_description/meshes/BWIv5.stl
[1.317s] -- Installing: /home/bwilab/fri_ws/src/install/v5_description/share/v5_description/meshes/ur5
[1.317s] -- Installing: /home/bwilab/fri_ws/src/install/v5_description/share/v5_description/meshes/ur5/visual
[1.317s] -- Installing: /home/bwilab/fri_ws/src/install/v5_description/share/v5_description/meshes/ur5/visual/wrist2.dae
[1.320s] -- Installing: /home/bwilab/fri_ws/src/install/v5_description/share/v5_description/meshes/ur5/visual/v5.stl
[1.322s] -- Installing: /home/bwilab/fri_ws/src/install/v5_description/share/v5_description/meshes/ur5/visual/upperarm.dae
[1.326s] -- Installing: /home/bwilab/fri_ws/src/install/v5_description/share/v5_description/meshes/ur5/visual/ur5_origin.dae
[1.327s] -- Installing: /home/bwilab/fri_ws/src/install/v5_description/share/v5_description/meshes/ur5/visual/forearm.dae
[1.330s] -- Installing: /home/bwilab/fri_ws/src/install/v5_description/share/v5_description/meshes/ur5/visual/wrist1.dae
[1.333s] -- Installing: /home/bwilab/fri_ws/src/install/v5_description/share/v5_description/meshes/ur5/visual/shoulder.dae
[1.335s] -- Installing: /home/bwilab/fri_ws/src/install/v5_description/share/v5_description/meshes/ur5/visual/wrist3.dae
[1.335s] -- Installing: /home/bwilab/fri_ws/src/install/v5_description/share/v5_description/meshes/ur5/visual/base.dae
[1.336s] -- Installing: /home/bwilab/fri_ws/src/install/v5_description/share/v5_description/meshes/ur5/collision
[1.336s] -- Installing: /home/bwilab/fri_ws/src/install/v5_description/share/v5_description/meshes/ur5/collision/upperarm.stl
[1.336s] -- Installing: /home/bwilab/fri_ws/src/install/v5_description/share/v5_description/meshes/ur5/collision/v5.stl
[1.338s] -- Installing: /home/bwilab/fri_ws/src/install/v5_description/share/v5_description/meshes/ur5/collision/wrist2.stl
[1.339s] -- Installing: /home/bwilab/fri_ws/src/install/v5_description/share/v5_description/meshes/ur5/collision/shoulder.stl
[1.339s] -- Installing: /home/bwilab/fri_ws/src/install/v5_description/share/v5_description/meshes/ur5/collision/wrist1.stl
[1.340s] -- Installing: /home/bwilab/fri_ws/src/install/v5_description/share/v5_description/meshes/ur5/collision/wrist3.stl
[1.340s] -- Installing: /home/bwilab/fri_ws/src/install/v5_description/share/v5_description/meshes/ur5/collision/forearm.stl
[1.340s] -- Installing: /home/bwilab/fri_ws/src/install/v5_description/share/v5_description/meshes/ur5/collision/base.stl
[1.341s] -- Installing: /home/bwilab/fri_ws/src/install/v5_description/share/v5_description/urdf
[1.341s] -- Installing: /home/bwilab/fri_ws/src/install/v5_description/share/v5_description/urdf/v5_robot.urdf.xacro
[1.341s] -- Installing: /home/bwilab/fri_ws/src/install/v5_description/share/v5_description/urdf/ur5_with_gripper.urdf.xacro
[1.341s] -- Installing: /home/bwilab/fri_ws/src/install/v5_description/share/v5_description/urdf/sensors
[1.342s] -- Installing: /home/bwilab/fri_ws/src/install/v5_description/share/v5_description/urdf/sensors/common_properties.urdf.xacro
[1.342s] -- Installing: /home/bwilab/fri_ws/src/install/v5_description/share/v5_description/urdf/sensors/azure_kinect_macro.xacro
[1.342s] -- Installing: /home/bwilab/fri_ws/src/install/v5_description/share/v5_description/urdf/v5_robot_macro.xacro
[1.343s] -- Installing: /home/bwilab/fri_ws/src/install/v5_description/share/v5_description/urdf/v5_with_arm.urdf.xacro
[1.343s] -- Installing: /home/bwilab/fri_ws/src/install/v5_description/share/v5_description/urdf/ur5_with_gripper_macro.xacro
[1.343s] -- Installing: /home/bwilab/fri_ws/src/install/v5_description/share/v5_description/tests
[1.343s] -- Installing: /home/bwilab/fri_ws/src/install/v5_description/share/v5_description/tests/roslaunch_test_ur5.xml
[1.345s] -- Installing: /home/bwilab/fri_ws/src/install/v5_description/share/ament_index/resource_index/package_run_dependencies/v5_description
[1.345s] -- Installing: /home/bwilab/fri_ws/src/install/v5_description/share/ament_index/resource_index/parent_prefix_path/v5_description
[1.345s] -- Installing: /home/bwilab/fri_ws/src/install/v5_description/share/v5_description/environment/ament_prefix_path.sh
[1.345s] -- Installing: /home/bwilab/fri_ws/src/install/v5_description/share/v5_description/environment/ament_prefix_path.dsv
[1.345s] -- Installing: /home/bwilab/fri_ws/src/install/v5_description/share/v5_description/environment/path.sh
[1.345s] -- Installing: /home/bwilab/fri_ws/src/install/v5_description/share/v5_description/environment/path.dsv
[1.345s] -- Installing: /home/bwilab/fri_ws/src/install/v5_description/share/v5_description/local_setup.bash
[1.346s] -- Installing: /home/bwilab/fri_ws/src/install/v5_description/share/v5_description/local_setup.sh
[1.346s] -- Installing: /home/bwilab/fri_ws/src/install/v5_description/share/v5_description/local_setup.zsh
[1.346s] -- Installing: /home/bwilab/fri_ws/src/install/v5_description/share/v5_description/local_setup.dsv
[1.346s] -- Installing: /home/bwilab/fri_ws/src/install/v5_description/share/v5_description/package.dsv
[1.346s] -- Installing: /home/bwilab/fri_ws/src/install/v5_description/share/ament_index/resource_index/packages/v5_description
[1.346s] -- Installing: /home/bwilab/fri_ws/src/install/v5_description/share/v5_description/cmake/v5_descriptionConfig.cmake
[1.347s] -- Installing: /home/bwilab/fri_ws/src/install/v5_description/share/v5_description/cmake/v5_descriptionConfig-version.cmake
[1.347s] -- Installing: /home/bwilab/fri_ws/src/install/v5_description/share/v5_description/package.xml
[1.356s] Invoked command in '/home/bwilab/fri_ws/src/build/v5_description' returned '0': CMAKE_PREFIX_PATH=${CMAKE_PREFIX_PATH}:/home/bwilab/fri_ws/install/robotiq_gripper_driver:/opt/ros/humble CONDA_PROMPT_MODIFIER=(base) /home/bwilab/.local/bin/cmake --install /home/bwilab/fri_ws/src/build/v5_description
