[0.029s] Invoking command in '/home/bwilab/fri_ws/build/arm_launch': CMAKE_PREFIX_PATH=${CMAKE_PREFIX_PATH}:/home/bwilab/fri_ws/install/recognition_node:/home/bwilab/fri_ws/install/gesture_recognition:/home/bwilab/fri_ws/install/ur5_wave:/home/bwilab/fri_ws/install/robotiq_gripper_driver:/opt/ros/humble CONDA_PROMPT_MODIFIER=(base) /home/bwilab/.local/bin/cmake /home/bwilab/fri_ws/src/v5_arm/arm_launch -DCMAKE_INSTALL_PREFIX=/home/bwilab/fri_ws/install/arm_launch
[0.627s] -- Found ament_cmake: 1.3.10 (/opt/ros/humble/share/ament_cmake/cmake)
[0.627s] -- Found ament_lint_auto: 0.12.11 (/opt/ros/humble/share/ament_lint_auto/cmake)
[0.628s] -- Added test 'flake8' to check Python code syntax and style conventions
[0.628s] -- Added test 'lint_cmake' to check CMake code style
[0.628s] -- Added test 'pep257' to check Python code against some of the docstring style conventions in PEP 257
[0.628s] -- Added test 'xmllint' to check XML markup files
[0.628s] -- Configuring done (0.2s)
[0.628s] -- Generating done (0.0s)
[0.628s] -- Build files have been written to: /home/bwilab/fri_ws/build/arm_launch
[0.903s] Invoked command in '/home/bwilab/fri_ws/build/arm_launch' returned '0': CMAKE_PREFIX_PATH=${CMAKE_PREFIX_PATH}:/home/bwilab/fri_ws/install/recognition_node:/home/bwilab/fri_ws/install/gesture_recognition:/home/bwilab/fri_ws/install/ur5_wave:/home/bwilab/fri_ws/install/robotiq_gripper_driver:/opt/ros/humble CONDA_PROMPT_MODIFIER=(base) /home/bwilab/.local/bin/cmake /home/bwilab/fri_ws/src/v5_arm/arm_launch -DCMAKE_INSTALL_PREFIX=/home/bwilab/fri_ws/install/arm_launch
[0.905s] Invoking command in '/home/bwilab/fri_ws/build/arm_launch': CMAKE_PREFIX_PATH=${CMAKE_PREFIX_PATH}:/home/bwilab/fri_ws/install/recognition_node:/home/bwilab/fri_ws/install/gesture_recognition:/home/bwilab/fri_ws/install/ur5_wave:/home/bwilab/fri_ws/install/robotiq_gripper_driver:/opt/ros/humble CONDA_PROMPT_MODIFIER=(base) /home/bwilab/.local/bin/cmake --build /home/bwilab/fri_ws/build/arm_launch -- -j16 -l16
[0.957s] Invoked command in '/home/bwilab/fri_ws/build/arm_launch' returned '0': CMAKE_PREFIX_PATH=${CMAKE_PREFIX_PATH}:/home/bwilab/fri_ws/install/recognition_node:/home/bwilab/fri_ws/install/gesture_recognition:/home/bwilab/fri_ws/install/ur5_wave:/home/bwilab/fri_ws/install/robotiq_gripper_driver:/opt/ros/humble CONDA_PROMPT_MODIFIER=(base) /home/bwilab/.local/bin/cmake --build /home/bwilab/fri_ws/build/arm_launch -- -j16 -l16
[1.036s] Invoking command in '/home/bwilab/fri_ws/build/arm_launch': CMAKE_PREFIX_PATH=${CMAKE_PREFIX_PATH}:/home/bwilab/fri_ws/install/recognition_node:/home/bwilab/fri_ws/install/gesture_recognition:/home/bwilab/fri_ws/install/ur5_wave:/home/bwilab/fri_ws/install/robotiq_gripper_driver:/opt/ros/humble CONDA_PROMPT_MODIFIER=(base) /home/bwilab/.local/bin/cmake --install /home/bwilab/fri_ws/build/arm_launch
[1.061s] -- Install configuration: ""
[1.061s] -- Installing: /home/bwilab/fri_ws/install/arm_launch/share/arm_launch/launch
[1.061s] -- Installing: /home/bwilab/fri_ws/install/arm_launch/share/arm_launch/launch/arm_drivers.launch.py
[1.062s] -- Installing: /home/bwilab/fri_ws/install/arm_launch/share/arm_launch/launch/__pycache__
[1.062s] -- Installing: /home/bwilab/fri_ws/install/arm_launch/share/arm_launch/launch/__pycache__/v5_arm_launch.launch.cpython-310.pyc
[1.062s] -- Installing: /home/bwilab/fri_ws/install/arm_launch/share/arm_launch/launch/__pycache__/v5_arm.launch.cpython-310.pyc
[1.062s] -- Installing: /home/bwilab/fri_ws/install/arm_launch/share/arm_launch/launch/v5_arm.launch.py
[1.062s] -- Installing: /home/bwilab/fri_ws/install/arm_launch/share/arm_launch/config
[1.062s] -- Installing: /home/bwilab/fri_ws/install/arm_launch/share/arm_launch/config/ur_arm_calibration.yaml
[1.062s] -- Installing: /home/bwilab/fri_ws/install/arm_launch/share/arm_launch/config/trajectory_execution.yaml
[1.062s] -- Installing: /home/bwilab/fri_ws/install/arm_launch/share/ament_index/resource_index/package_run_dependencies/arm_launch
[1.063s] -- Installing: /home/bwilab/fri_ws/install/arm_launch/share/ament_index/resource_index/parent_prefix_path/arm_launch
[1.063s] -- Installing: /home/bwilab/fri_ws/install/arm_launch/share/arm_launch/environment/ament_prefix_path.sh
[1.063s] -- Installing: /home/bwilab/fri_ws/install/arm_launch/share/arm_launch/environment/ament_prefix_path.dsv
[1.063s] -- Installing: /home/bwilab/fri_ws/install/arm_launch/share/arm_launch/environment/path.sh
[1.063s] -- Installing: /home/bwilab/fri_ws/install/arm_launch/share/arm_launch/environment/path.dsv
[1.063s] -- Installing: /home/bwilab/fri_ws/install/arm_launch/share/arm_launch/local_setup.bash
[1.063s] -- Installing: /home/bwilab/fri_ws/install/arm_launch/share/arm_launch/local_setup.sh
[1.064s] -- Installing: /home/bwilab/fri_ws/install/arm_launch/share/arm_launch/local_setup.zsh
[1.064s] -- Installing: /home/bwilab/fri_ws/install/arm_launch/share/arm_launch/local_setup.dsv
[1.064s] -- Installing: /home/bwilab/fri_ws/install/arm_launch/share/arm_launch/package.dsv
[1.064s] -- Installing: /home/bwilab/fri_ws/install/arm_launch/share/ament_index/resource_index/packages/arm_launch
[1.064s] -- Installing: /home/bwilab/fri_ws/install/arm_launch/share/arm_launch/cmake/arm_launchConfig.cmake
[1.065s] -- Installing: /home/bwilab/fri_ws/install/arm_launch/share/arm_launch/cmake/arm_launchConfig-version.cmake
[1.065s] -- Installing: /home/bwilab/fri_ws/install/arm_launch/share/arm_launch/package.xml
[1.075s] Invoked command in '/home/bwilab/fri_ws/build/arm_launch' returned '0': CMAKE_PREFIX_PATH=${CMAKE_PREFIX_PATH}:/home/bwilab/fri_ws/install/recognition_node:/home/bwilab/fri_ws/install/gesture_recognition:/home/bwilab/fri_ws/install/ur5_wave:/home/bwilab/fri_ws/install/robotiq_gripper_driver:/opt/ros/humble CONDA_PROMPT_MODIFIER=(base) /home/bwilab/.local/bin/cmake --install /home/bwilab/fri_ws/build/arm_launch
