[0.032s] Invoking command in '/home/bwilab/fri_ws/src/build/arm_launch': CMAKE_PREFIX_PATH=/opt/ros/humble CONDA_PROMPT_MODIFIER=(base) /home/bwilab/.local/bin/cmake --build /home/bwilab/fri_ws/src/build/arm_launch -- -j16 -l16
[0.350s] -- Found ament_cmake: 1.3.10 (/opt/ros/humble/share/ament_cmake/cmake)
[0.350s] -- Found ament_lint_auto: 0.12.11 (/opt/ros/humble/share/ament_lint_auto/cmake)
[0.350s] -- Added test 'flake8' to check Python code syntax and style conventions
[0.350s] -- Added test 'lint_cmake' to check CMake code style
[0.350s] -- Added test 'pep257' to check Python code against some of the docstring style conventions in PEP 257
[0.350s] -- Added test 'xmllint' to check XML markup files
[0.351s] -- Configuring done (0.3s)
[0.351s] -- Generating done (0.0s)
[0.351s] -- Build files have been written to: /home/bwilab/fri_ws/src/build/arm_launch
[0.657s] Invoked command in '/home/bwilab/fri_ws/src/build/arm_launch' returned '0': CMAKE_PREFIX_PATH=/opt/ros/humble CONDA_PROMPT_MODIFIER=(base) /home/bwilab/.local/bin/cmake --build /home/bwilab/fri_ws/src/build/arm_launch -- -j16 -l16
[0.741s] Invoking command in '/home/bwilab/fri_ws/src/build/arm_launch': CMAKE_PREFIX_PATH=/opt/ros/humble CONDA_PROMPT_MODIFIER=(base) /home/bwilab/.local/bin/cmake --install /home/bwilab/fri_ws/src/build/arm_launch
[0.772s] -- Install configuration: ""
[0.778s] -- Up-to-date: /home/bwilab/fri_ws/src/install/arm_launch/share/arm_launch/launch
[0.778s] -- Up-to-date: /home/bwilab/fri_ws/src/install/arm_launch/share/arm_launch/launch/arm_drivers.launch.py
[0.778s] -- Up-to-date: /home/bwilab/fri_ws/src/install/arm_launch/share/arm_launch/launch/__pycache__
[0.779s] -- Up-to-date: /home/bwilab/fri_ws/src/install/arm_launch/share/arm_launch/launch/__pycache__/v5_arm_launch.launch.cpython-310.pyc
[0.779s] -- Up-to-date: /home/bwilab/fri_ws/src/install/arm_launch/share/arm_launch/launch/__pycache__/v5_arm.launch.cpython-310.pyc
[0.779s] -- Installing: /home/bwilab/fri_ws/src/install/arm_launch/share/arm_launch/launch/v5_arm.launch.py
[0.784s] -- Up-to-date: /home/bwilab/fri_ws/src/install/arm_launch/share/arm_launch/config
[0.784s] -- Up-to-date: /home/bwilab/fri_ws/src/install/arm_launch/share/arm_launch/config/ur_arm_calibration.yaml
[0.784s] -- Installing: /home/bwilab/fri_ws/src/install/arm_launch/share/arm_launch/config/trajectory_execution.yaml
[0.784s] -- Up-to-date: /home/bwilab/fri_ws/src/install/arm_launch/share/ament_index/resource_index/package_run_dependencies/arm_launch
[0.784s] -- Installing: /home/bwilab/fri_ws/src/install/arm_launch/share/ament_index/resource_index/parent_prefix_path/arm_launch
[0.784s] -- Up-to-date: /home/bwilab/fri_ws/src/install/arm_launch/share/arm_launch/environment/ament_prefix_path.sh
[0.784s] -- Installing: /home/bwilab/fri_ws/src/install/arm_launch/share/arm_launch/environment/ament_prefix_path.dsv
[0.786s] -- Up-to-date: /home/bwilab/fri_ws/src/install/arm_launch/share/arm_launch/environment/path.sh
[0.787s] -- Installing: /home/bwilab/fri_ws/src/install/arm_launch/share/arm_launch/environment/path.dsv
[0.787s] -- Up-to-date: /home/bwilab/fri_ws/src/install/arm_launch/share/arm_launch/local_setup.bash
[0.787s] -- Up-to-date: /home/bwilab/fri_ws/src/install/arm_launch/share/arm_launch/local_setup.sh
[0.788s] -- Up-to-date: /home/bwilab/fri_ws/src/install/arm_launch/share/arm_launch/local_setup.zsh
[0.788s] -- Installing: /home/bwilab/fri_ws/src/install/arm_launch/share/arm_launch/local_setup.dsv
[0.792s] -- Installing: /home/bwilab/fri_ws/src/install/arm_launch/share/arm_launch/package.dsv
[0.792s] -- Up-to-date: /home/bwilab/fri_ws/src/install/arm_launch/share/ament_index/resource_index/packages/arm_launch
[0.792s] -- Up-to-date: /home/bwilab/fri_ws/src/install/arm_launch/share/arm_launch/cmake/arm_launchConfig.cmake
[0.792s] -- Up-to-date: /home/bwilab/fri_ws/src/install/arm_launch/share/arm_launch/cmake/arm_launchConfig-version.cmake
[0.793s] -- Up-to-date: /home/bwilab/fri_ws/src/install/arm_launch/share/arm_launch/package.xml
[0.811s] Invoked command in '/home/bwilab/fri_ws/src/build/arm_launch' returned '0': CMAKE_PREFIX_PATH=/opt/ros/humble CONDA_PROMPT_MODIFIER=(base) /home/bwilab/.local/bin/cmake --install /home/bwilab/fri_ws/src/build/arm_launch
