running develop
/usr/lib/python3/dist-packages/setuptools/command/easy_install.py:158: EasyInstallDeprecationWarning: easy_install command is deprecated. Use build and pip and other standards-based tools.
  warnings.warn(
running egg_info
writing ../../../build/robotiq_gripper_driver/robotiq_gripper_driver.egg-info/PKG-INFO
writing dependency_links to ../../../build/robotiq_gripper_driver/robotiq_gripper_driver.egg-info/dependency_links.txt
writing entry points to ../../../build/robotiq_gripper_driver/robotiq_gripper_driver.egg-info/entry_points.txt
writing requirements to ../../../build/robotiq_gripper_driver/robotiq_gripper_driver.egg-info/requires.txt
writing top-level names to ../../../build/robotiq_gripper_driver/robotiq_gripper_driver.egg-info/top_level.txt
reading manifest file '../../../build/robotiq_gripper_driver/robotiq_gripper_driver.egg-info/SOURCES.txt'
writing manifest file '../../../build/robotiq_gripper_driver/robotiq_gripper_driver.egg-info/SOURCES.txt'
running build
running build_py
creating /home/bwilab/fri_ws/build/robotiq_gripper_driver/build
creating /home/bwilab/fri_ws/build/robotiq_gripper_driver/build/lib
creating /home/bwilab/fri_ws/build/robotiq_gripper_driver/build/lib/robotiq_gripper_driver
copying robotiq_gripper_driver/gripper_ros_controller.py -> /home/bwilab/fri_ws/build/robotiq_gripper_driver/build/lib/robotiq_gripper_driver
copying robotiq_gripper_driver/robotiq_gripper.py -> /home/bwilab/fri_ws/build/robotiq_gripper_driver/build/lib/robotiq_gripper_driver
copying robotiq_gripper_driver/__init__.py -> /home/bwilab/fri_ws/build/robotiq_gripper_driver/build/lib/robotiq_gripper_driver
running install
running install_lib
creating /home/bwilab/fri_ws/install/robotiq_gripper_driver/lib/python3.10/site-packages/robotiq_gripper_driver
copying /home/bwilab/fri_ws/build/robotiq_gripper_driver/build/lib/robotiq_gripper_driver/gripper_ros_controller.py -> /home/bwilab/fri_ws/install/robotiq_gripper_driver/lib/python3.10/site-packages/robotiq_gripper_driver
copying /home/bwilab/fri_ws/build/robotiq_gripper_driver/build/lib/robotiq_gripper_driver/robotiq_gripper.py -> /home/bwilab/fri_ws/install/robotiq_gripper_driver/lib/python3.10/site-packages/robotiq_gripper_driver
copying /home/bwilab/fri_ws/build/robotiq_gripper_driver/build/lib/robotiq_gripper_driver/__init__.py -> /home/bwilab/fri_ws/install/robotiq_gripper_driver/lib/python3.10/site-packages/robotiq_gripper_driver
byte-compiling /home/bwilab/fri_ws/install/robotiq_gripper_driver/lib/python3.10/site-packages/robotiq_gripper_driver/gripper_ros_controller.py to gripper_ros_controller.cpython-310.pyc
byte-compiling /home/bwilab/fri_ws/install/robotiq_gripper_driver/lib/python3.10/site-packages/robotiq_gripper_driver/robotiq_gripper.py to robotiq_gripper.cpython-310.pyc
byte-compiling /home/bwilab/fri_ws/install/robotiq_gripper_driver/lib/python3.10/site-packages/robotiq_gripper_driver/__init__.py to __init__.cpython-310.pyc
running install_data
copying resource/robotiq_gripper_driver -> /home/bwilab/fri_ws/install/robotiq_gripper_driver/share/ament_index/resource_index/packages
copying package.xml -> /home/bwilab/fri_ws/install/robotiq_gripper_driver/share/robotiq_gripper_driver
running install_egg_info
Copying ../../../build/robotiq_gripper_driver/robotiq_gripper_driver.egg-info to /home/bwilab/fri_ws/install/robotiq_gripper_driver/lib/python3.10/site-packages/robotiq_gripper_driver-0.0.0-py3.10.egg-info
running install_scripts
Installing gripper_driver script to /home/bwilab/fri_ws/install/robotiq_gripper_driver/lib/robotiq_gripper_driver
writing list of installed files to '/home/bwilab/fri_ws/build/robotiq_gripper_driver/install.log'
