[0.035s] Invoking command in '/home/bwilab/fri_ws/build/ur_description': CMAKE_PREFIX_PATH=${CMAKE_PREFIX_PATH}:/home/bwilab/fri_ws/install/recognition_node:/home/bwilab/fri_ws/install/gesture_recognition:/home/bwilab/fri_ws/install/ur5_wave:/home/bwilab/fri_ws/install/robotiq_gripper_driver:/opt/ros/humble CONDA_PROMPT_MODIFIER=(base) /home/bwilab/.local/bin/cmake /home/bwilab/fri_ws/src/v5_arm/ur_description -DCMAKE_INSTALL_PREFIX=/home/bwilab/fri_ws/install/ur_description
[0.634s] -- Found ament_cmake: 1.3.10 (/opt/ros/humble/share/ament_cmake/cmake)
[0.634s] -- Found ament_cmake_pytest: 1.3.10 (/opt/ros/humble/share/ament_cmake_pytest/cmake)
[2.736s] -- Configuring done (2.7s)
[2.739s] -- Generating done (0.0s)
[2.741s] -- Build files have been written to: /home/bwilab/fri_ws/build/ur_description
[2.746s] Invoked command in '/home/bwilab/fri_ws/build/ur_description' returned '0': CMAKE_PREFIX_PATH=${CMAKE_PREFIX_PATH}:/home/bwilab/fri_ws/install/recognition_node:/home/bwilab/fri_ws/install/gesture_recognition:/home/bwilab/fri_ws/install/ur5_wave:/home/bwilab/fri_ws/install/robotiq_gripper_driver:/opt/ros/humble CONDA_PROMPT_MODIFIER=(base) /home/bwilab/.local/bin/cmake /home/bwilab/fri_ws/src/v5_arm/ur_description -DCMAKE_INSTALL_PREFIX=/home/bwilab/fri_ws/install/ur_description
[2.748s] Invoking command in '/home/bwilab/fri_ws/build/ur_description': CMAKE_PREFIX_PATH=${CMAKE_PREFIX_PATH}:/home/bwilab/fri_ws/install/recognition_node:/home/bwilab/fri_ws/install/gesture_recognition:/home/bwilab/fri_ws/install/ur5_wave:/home/bwilab/fri_ws/install/robotiq_gripper_driver:/opt/ros/humble CONDA_PROMPT_MODIFIER=(base) /home/bwilab/.local/bin/cmake --build /home/bwilab/fri_ws/build/ur_description -- -j16 -l16
[2.785s] Invoked command in '/home/bwilab/fri_ws/build/ur_description' returned '0': CMAKE_PREFIX_PATH=${CMAKE_PREFIX_PATH}:/home/bwilab/fri_ws/install/recognition_node:/home/bwilab/fri_ws/install/gesture_recognition:/home/bwilab/fri_ws/install/ur5_wave:/home/bwilab/fri_ws/install/robotiq_gripper_driver:/opt/ros/humble CONDA_PROMPT_MODIFIER=(base) /home/bwilab/.local/bin/cmake --build /home/bwilab/fri_ws/build/ur_description -- -j16 -l16
[2.825s] Invoking command in '/home/bwilab/fri_ws/build/ur_description': CMAKE_PREFIX_PATH=${CMAKE_PREFIX_PATH}:/home/bwilab/fri_ws/install/recognition_node:/home/bwilab/fri_ws/install/gesture_recognition:/home/bwilab/fri_ws/install/ur5_wave:/home/bwilab/fri_ws/install/robotiq_gripper_driver:/opt/ros/humble CONDA_PROMPT_MODIFIER=(base) /home/bwilab/.local/bin/cmake --install /home/bwilab/fri_ws/build/ur_description
[2.847s] -- Install configuration: ""
[2.847s] -- Installing: /home/bwilab/fri_ws/install/ur_description/share/ur_description/config
[2.848s] -- Installing: /home/bwilab/fri_ws/install/ur_description/share/ur_description/config/ur20
[2.848s] -- Installing: /home/bwilab/fri_ws/install/ur_description/share/ur_description/config/ur20/physical_parameters.yaml
[2.848s] -- Installing: /home/bwilab/fri_ws/install/ur_description/share/ur_description/config/ur20/default_kinematics.yaml
[2.848s] -- Installing: /home/bwilab/fri_ws/install/ur_description/share/ur_description/config/ur20/joint_limits.yaml
[2.848s] -- Installing: /home/bwilab/fri_ws/install/ur_description/share/ur_description/config/ur20/visual_parameters.yaml
[2.848s] -- Installing: /home/bwilab/fri_ws/install/ur_description/share/ur_description/config/ur10
[2.848s] -- Installing: /home/bwilab/fri_ws/install/ur_description/share/ur_description/config/ur10/physical_parameters.yaml
[2.848s] -- Installing: /home/bwilab/fri_ws/install/ur_description/share/ur_description/config/ur10/default_kinematics.yaml
[2.848s] -- Installing: /home/bwilab/fri_ws/install/ur_description/share/ur_description/config/ur10/joint_limits.yaml
[2.849s] -- Installing: /home/bwilab/fri_ws/install/ur_description/share/ur_description/config/ur10/visual_parameters.yaml
[2.849s] -- Installing: /home/bwilab/fri_ws/install/ur_description/share/ur_description/config/ur5e
[2.849s] -- Installing: /home/bwilab/fri_ws/install/ur_description/share/ur_description/config/ur5e/physical_parameters.yaml
[2.849s] -- Installing: /home/bwilab/fri_ws/install/ur_description/share/ur_description/config/ur5e/default_kinematics.yaml
[2.849s] -- Installing: /home/bwilab/fri_ws/install/ur_description/share/ur_description/config/ur5e/joint_limits.yaml
[2.849s] -- Installing: /home/bwilab/fri_ws/install/ur_description/share/ur_description/config/ur5e/visual_parameters.yaml
[2.850s] -- Installing: /home/bwilab/fri_ws/install/ur_description/share/ur_description/config/initial_positions.yaml
[2.850s] -- Installing: /home/bwilab/fri_ws/install/ur_description/share/ur_description/config/ur30
[2.850s] -- Installing: /home/bwilab/fri_ws/install/ur_description/share/ur_description/config/ur30/physical_parameters.yaml
[2.850s] -- Installing: /home/bwilab/fri_ws/install/ur_description/share/ur_description/config/ur30/default_kinematics.yaml
[2.850s] -- Installing: /home/bwilab/fri_ws/install/ur_description/share/ur_description/config/ur30/joint_limits.yaml
[2.850s] -- Installing: /home/bwilab/fri_ws/install/ur_description/share/ur_description/config/ur30/visual_parameters.yaml
[2.850s] -- Installing: /home/bwilab/fri_ws/install/ur_description/share/ur_description/config/ur10e
[2.850s] -- Installing: /home/bwilab/fri_ws/install/ur_description/share/ur_description/config/ur10e/physical_parameters.yaml
[2.850s] -- Installing: /home/bwilab/fri_ws/install/ur_description/share/ur_description/config/ur10e/default_kinematics.yaml
[2.851s] -- Installing: /home/bwilab/fri_ws/install/ur_description/share/ur_description/config/ur10e/joint_limits.yaml
[2.851s] -- Installing: /home/bwilab/fri_ws/install/ur_description/share/ur_description/config/ur10e/visual_parameters.yaml
[2.851s] -- Installing: /home/bwilab/fri_ws/install/ur_description/share/ur_description/config/ur5
[2.851s] -- Installing: /home/bwilab/fri_ws/install/ur_description/share/ur_description/config/ur5/physical_parameters.yaml
[2.851s] -- Installing: /home/bwilab/fri_ws/install/ur_description/share/ur_description/config/ur5/default_kinematics.yaml
[2.851s] -- Installing: /home/bwilab/fri_ws/install/ur_description/share/ur_description/config/ur5/joint_limits.yaml
[2.851s] -- Installing: /home/bwilab/fri_ws/install/ur_description/share/ur_description/config/ur5/visual_parameters.yaml
[2.851s] -- Installing: /home/bwilab/fri_ws/install/ur_description/share/ur_description/config/ur3
[2.851s] -- Installing: /home/bwilab/fri_ws/install/ur_description/share/ur_description/config/ur3/physical_parameters.yaml
[2.851s] -- Installing: /home/bwilab/fri_ws/install/ur_description/share/ur_description/config/ur3/default_kinematics.yaml
[2.851s] -- Installing: /home/bwilab/fri_ws/install/ur_description/share/ur_description/config/ur3/joint_limits.yaml
[2.852s] -- Installing: /home/bwilab/fri_ws/install/ur_description/share/ur_description/config/ur3/visual_parameters.yaml
[2.852s] -- Installing: /home/bwilab/fri_ws/install/ur_description/share/ur_description/config/ur16e
[2.852s] -- Installing: /home/bwilab/fri_ws/install/ur_description/share/ur_description/config/ur16e/physical_parameters.yaml
[2.852s] -- Installing: /home/bwilab/fri_ws/install/ur_description/share/ur_description/config/ur16e/default_kinematics.yaml
[2.852s] -- Installing: /home/bwilab/fri_ws/install/ur_description/share/ur_description/config/ur16e/joint_limits.yaml
[2.852s] -- Installing: /home/bwilab/fri_ws/install/ur_description/share/ur_description/config/ur16e/visual_parameters.yaml
[2.852s] -- Installing: /home/bwilab/fri_ws/install/ur_description/share/ur_description/config/ur3e
[2.852s] -- Installing: /home/bwilab/fri_ws/install/ur_description/share/ur_description/config/ur3e/physical_parameters.yaml
[2.852s] -- Installing: /home/bwilab/fri_ws/install/ur_description/share/ur_description/config/ur3e/default_kinematics.yaml
[2.852s] -- Installing: /home/bwilab/fri_ws/install/ur_description/share/ur_description/config/ur3e/joint_limits.yaml
[2.852s] -- Installing: /home/bwilab/fri_ws/install/ur_description/share/ur_description/config/ur3e/visual_parameters.yaml
[2.853s] -- Installing: /home/bwilab/fri_ws/install/ur_description/share/ur_description/launch
[2.853s] -- Installing: /home/bwilab/fri_ws/install/ur_description/share/ur_description/launch/view_ur.launch.py
[2.853s] -- Installing: /home/bwilab/fri_ws/install/ur_description/share/ur_description/meshes
[2.853s] -- Installing: /home/bwilab/fri_ws/install/ur_description/share/ur_description/meshes/ur20
[2.853s] -- Installing: /home/bwilab/fri_ws/install/ur_description/share/ur_description/meshes/ur20/visual
[2.853s] -- Installing: /home/bwilab/fri_ws/install/ur_description/share/ur_description/meshes/ur20/visual/wrist2.dae
[2.853s] -- Installing: /home/bwilab/fri_ws/install/ur_description/share/ur_description/meshes/ur20/visual/upperarm.dae
[2.854s] -- Installing: /home/bwilab/fri_ws/install/ur_description/share/ur_description/meshes/ur20/visual/UR20_DIFF_8bit_2K.png
[2.856s] -- Installing: /home/bwilab/fri_ws/install/ur_description/share/ur_description/meshes/ur20/visual/forearm.dae
[2.857s] -- Installing: /home/bwilab/fri_ws/install/ur_description/share/ur_description/meshes/ur20/visual/wrist1.dae
[2.858s] -- Installing: /home/bwilab/fri_ws/install/ur_description/share/ur_description/meshes/ur20/visual/shoulder.dae
[2.858s] -- Installing: /home/bwilab/fri_ws/install/ur_description/share/ur_description/meshes/ur20/visual/wrist3.dae
[2.858s] -- Installing: /home/bwilab/fri_ws/install/ur_description/share/ur_description/meshes/ur20/visual/base.dae
[2.859s] -- Installing: /home/bwilab/fri_ws/install/ur_description/share/ur_description/meshes/ur20/collision
[2.859s] -- Installing: /home/bwilab/fri_ws/install/ur_description/share/ur_description/meshes/ur20/collision/upperarm.stl
[2.859s] -- Installing: /home/bwilab/fri_ws/install/ur_description/share/ur_description/meshes/ur20/collision/wrist2.stl
[2.860s] -- Installing: /home/bwilab/fri_ws/install/ur_description/share/ur_description/meshes/ur20/collision/shoulder.stl
[2.860s] -- Installing: /home/bwilab/fri_ws/install/ur_description/share/ur_description/meshes/ur20/collision/wrist1.stl
[2.860s] -- Installing: /home/bwilab/fri_ws/install/ur_description/share/ur_description/meshes/ur20/collision/wrist3.stl
[2.860s] -- Installing: /home/bwilab/fri_ws/install/ur_description/share/ur_description/meshes/ur20/collision/forearm.stl
[2.860s] -- Installing: /home/bwilab/fri_ws/install/ur_description/share/ur_description/meshes/ur20/collision/base.stl
[2.861s] -- Installing: /home/bwilab/fri_ws/install/ur_description/share/ur_description/meshes/ur20/LICENSE.txt
[2.861s] -- Installing: /home/bwilab/fri_ws/install/ur_description/share/ur_description/meshes/ur10
[2.861s] -- Installing: /home/bwilab/fri_ws/install/ur_description/share/ur_description/meshes/ur10/visual
[2.861s] -- Installing: /home/bwilab/fri_ws/install/ur_description/share/ur_description/meshes/ur10/visual/wrist2.dae
[2.864s] -- Installing: /home/bwilab/fri_ws/install/ur_description/share/ur_description/meshes/ur10/visual/upperarm.dae
[2.866s] -- Installing: /home/bwilab/fri_ws/install/ur_description/share/ur_description/meshes/ur10/visual/forearm.dae
[2.868s] -- Installing: /home/bwilab/fri_ws/install/ur_description/share/ur_description/meshes/ur10/visual/wrist1.dae
[2.870s] -- Installing: /home/bwilab/fri_ws/install/ur_description/share/ur_description/meshes/ur10/visual/shoulder.dae
[2.871s] -- Installing: /home/bwilab/fri_ws/install/ur_description/share/ur_description/meshes/ur10/visual/wrist3.dae
[2.871s] -- Installing: /home/bwilab/fri_ws/install/ur_description/share/ur_description/meshes/ur10/visual/base.dae
[2.871s] -- Installing: /home/bwilab/fri_ws/install/ur_description/share/ur_description/meshes/ur10/collision
[2.871s] -- Installing: /home/bwilab/fri_ws/install/ur_description/share/ur_description/meshes/ur10/collision/upperarm.stl
[2.872s] -- Installing: /home/bwilab/fri_ws/install/ur_description/share/ur_description/meshes/ur10/collision/wrist2.stl
[2.872s] -- Installing: /home/bwilab/fri_ws/install/ur_description/share/ur_description/meshes/ur10/collision/shoulder.stl
[2.872s] -- Installing: /home/bwilab/fri_ws/install/ur_description/share/ur_description/meshes/ur10/collision/wrist1.stl
[2.872s] -- Installing: /home/bwilab/fri_ws/install/ur_description/share/ur_description/meshes/ur10/collision/wrist3.stl
[2.872s] -- Installing: /home/bwilab/fri_ws/install/ur_description/share/ur_description/meshes/ur10/collision/forearm.stl
[2.872s] -- Installing: /home/bwilab/fri_ws/install/ur_description/share/ur_description/meshes/ur10/collision/base.stl
[2.872s] -- Installing: /home/bwilab/fri_ws/install/ur_description/share/ur_description/meshes/ur5e
[2.873s] -- Installing: /home/bwilab/fri_ws/install/ur_description/share/ur_description/meshes/ur5e/visual
[2.873s] -- Installing: /home/bwilab/fri_ws/install/ur_description/share/ur_description/meshes/ur5e/visual/wrist2.dae
[2.874s] -- Installing: /home/bwilab/fri_ws/install/ur_description/share/ur_description/meshes/ur5e/visual/upperarm.dae
[2.878s] -- Installing: /home/bwilab/fri_ws/install/ur_description/share/ur_description/meshes/ur5e/visual/forearm.dae
[2.879s] -- Installing: /home/bwilab/fri_ws/install/ur_description/share/ur_description/meshes/ur5e/visual/wrist1.dae
[2.880s] -- Installing: /home/bwilab/fri_ws/install/ur_description/share/ur_description/meshes/ur5e/visual/shoulder.dae
[2.883s] -- Installing: /home/bwilab/fri_ws/install/ur_description/share/ur_description/meshes/ur5e/visual/wrist3.dae
[2.883s] -- Installing: /home/bwilab/fri_ws/install/ur_description/share/ur_description/meshes/ur5e/visual/base.dae
[2.884s] -- Installing: /home/bwilab/fri_ws/install/ur_description/share/ur_description/meshes/ur5e/collision
[2.884s] -- Installing: /home/bwilab/fri_ws/install/ur_description/share/ur_description/meshes/ur5e/collision/upperarm.stl
[2.884s] -- Installing: /home/bwilab/fri_ws/install/ur_description/share/ur_description/meshes/ur5e/collision/wrist2.stl
[2.884s] -- Installing: /home/bwilab/fri_ws/install/ur_description/share/ur_description/meshes/ur5e/collision/shoulder.stl
[2.885s] -- Installing: /home/bwilab/fri_ws/install/ur_description/share/ur_description/meshes/ur5e/collision/wrist1.stl
[2.885s] -- Installing: /home/bwilab/fri_ws/install/ur_description/share/ur_description/meshes/ur5e/collision/wrist3.stl
[2.885s] -- Installing: /home/bwilab/fri_ws/install/ur_description/share/ur_description/meshes/ur5e/collision/forearm.stl
[2.885s] -- Installing: /home/bwilab/fri_ws/install/ur_description/share/ur_description/meshes/ur5e/collision/base.stl
[2.885s] -- Installing: /home/bwilab/fri_ws/install/ur_description/share/ur_description/meshes/ur30
[2.885s] -- Installing: /home/bwilab/fri_ws/install/ur_description/share/ur_description/meshes/ur30/visual
[2.885s] -- Installing: /home/bwilab/fri_ws/install/ur_description/share/ur_description/meshes/ur30/visual/upperarm.dae
[2.886s] -- Installing: /home/bwilab/fri_ws/install/ur_description/share/ur_description/meshes/ur30/visual/forearm.dae
[2.888s] -- Installing: /home/bwilab/fri_ws/install/ur_description/share/ur_description/meshes/ur30/visual/UR30_DIFF_8bit_2K.png
[2.890s] -- Installing: /home/bwilab/fri_ws/install/ur_description/share/ur_description/meshes/ur30/collision
[2.890s] -- Installing: /home/bwilab/fri_ws/install/ur_description/share/ur_description/meshes/ur30/collision/upperarm.stl
[2.890s] -- Installing: /home/bwilab/fri_ws/install/ur_description/share/ur_description/meshes/ur30/collision/forearm.stl
[2.890s] -- Installing: /home/bwilab/fri_ws/install/ur_description/share/ur_description/meshes/ur30/LICENSE.txt
[2.890s] -- Installing: /home/bwilab/fri_ws/install/ur_description/share/ur_description/meshes/ur10e
[2.891s] -- Installing: /home/bwilab/fri_ws/install/ur_description/share/ur_description/meshes/ur10e/visual
[2.891s] -- Installing: /home/bwilab/fri_ws/install/ur_description/share/ur_description/meshes/ur10e/visual/wrist2.dae
[2.892s] -- Installing: /home/bwilab/fri_ws/install/ur_description/share/ur_description/meshes/ur10e/visual/upperarm.dae
[2.895s] -- Installing: /home/bwilab/fri_ws/install/ur_description/share/ur_description/meshes/ur10e/visual/forearm.dae
[2.897s] -- Installing: /home/bwilab/fri_ws/install/ur_description/share/ur_description/meshes/ur10e/visual/wrist1.dae
[2.898s] -- Installing: /home/bwilab/fri_ws/install/ur_description/share/ur_description/meshes/ur10e/visual/shoulder.dae
[2.900s] -- Installing: /home/bwilab/fri_ws/install/ur_description/share/ur_description/meshes/ur10e/visual/wrist3.dae
[2.900s] -- Installing: /home/bwilab/fri_ws/install/ur_description/share/ur_description/meshes/ur10e/visual/base.dae
[2.901s] -- Installing: /home/bwilab/fri_ws/install/ur_description/share/ur_description/meshes/ur10e/collision
[2.901s] -- Installing: /home/bwilab/fri_ws/install/ur_description/share/ur_description/meshes/ur10e/collision/upperarm.stl
[2.901s] -- Installing: /home/bwilab/fri_ws/install/ur_description/share/ur_description/meshes/ur10e/collision/wrist2.stl
[2.901s] -- Installing: /home/bwilab/fri_ws/install/ur_description/share/ur_description/meshes/ur10e/collision/shoulder.stl
[2.901s] -- Installing: /home/bwilab/fri_ws/install/ur_description/share/ur_description/meshes/ur10e/collision/wrist1.stl
[2.902s] -- Installing: /home/bwilab/fri_ws/install/ur_description/share/ur_description/meshes/ur10e/collision/wrist3.stl
[2.902s] -- Installing: /home/bwilab/fri_ws/install/ur_description/share/ur_description/meshes/ur10e/collision/forearm.stl
[2.902s] -- Installing: /home/bwilab/fri_ws/install/ur_description/share/ur_description/meshes/ur10e/collision/base.stl
[2.902s] -- Installing: /home/bwilab/fri_ws/install/ur_description/share/ur_description/meshes/ur5
[2.902s] -- Installing: /home/bwilab/fri_ws/install/ur_description/share/ur_description/meshes/ur5/visual
[2.902s] -- Installing: /home/bwilab/fri_ws/install/ur_description/share/ur_description/meshes/ur5/visual/wrist2.dae
[2.903s] -- Installing: /home/bwilab/fri_ws/install/ur_description/share/ur_description/meshes/ur5/visual/upperarm.dae
[2.905s] -- Installing: /home/bwilab/fri_ws/install/ur_description/share/ur_description/meshes/ur5/visual/forearm.dae
[2.907s] -- Installing: /home/bwilab/fri_ws/install/ur_description/share/ur_description/meshes/ur5/visual/wrist1.dae
[2.908s] -- Installing: /home/bwilab/fri_ws/install/ur_description/share/ur_description/meshes/ur5/visual/shoulder.dae
[2.909s] -- Installing: /home/bwilab/fri_ws/install/ur_description/share/ur_description/meshes/ur5/visual/wrist3.dae
[2.909s] -- Installing: /home/bwilab/fri_ws/install/ur_description/share/ur_description/meshes/ur5/visual/base.dae
[2.909s] -- Installing: /home/bwilab/fri_ws/install/ur_description/share/ur_description/meshes/ur5/collision
[2.909s] -- Installing: /home/bwilab/fri_ws/install/ur_description/share/ur_description/meshes/ur5/collision/upperarm.stl
[2.909s] -- Installing: /home/bwilab/fri_ws/install/ur_description/share/ur_description/meshes/ur5/collision/wrist2.stl
[2.909s] -- Installing: /home/bwilab/fri_ws/install/ur_description/share/ur_description/meshes/ur5/collision/shoulder.stl
[2.910s] -- Installing: /home/bwilab/fri_ws/install/ur_description/share/ur_description/meshes/ur5/collision/wrist1.stl
[2.910s] -- Installing: /home/bwilab/fri_ws/install/ur_description/share/ur_description/meshes/ur5/collision/wrist3.stl
[2.910s] -- Installing: /home/bwilab/fri_ws/install/ur_description/share/ur_description/meshes/ur5/collision/forearm.stl
[2.910s] -- Installing: /home/bwilab/fri_ws/install/ur_description/share/ur_description/meshes/ur5/collision/base.stl
[2.910s] -- Installing: /home/bwilab/fri_ws/install/ur_description/share/ur_description/meshes/ur3
[2.910s] -- Installing: /home/bwilab/fri_ws/install/ur_description/share/ur_description/meshes/ur3/visual
[2.910s] -- Installing: /home/bwilab/fri_ws/install/ur_description/share/ur_description/meshes/ur3/visual/wrist2.dae
[2.911s] -- Installing: /home/bwilab/fri_ws/install/ur_description/share/ur_description/meshes/ur3/visual/upperarm.dae
[2.913s] -- Installing: /home/bwilab/fri_ws/install/ur_description/share/ur_description/meshes/ur3/visual/forearm.dae
[2.914s] -- Installing: /home/bwilab/fri_ws/install/ur_description/share/ur_description/meshes/ur3/visual/wrist1.dae
[2.915s] -- Installing: /home/bwilab/fri_ws/install/ur_description/share/ur_description/meshes/ur3/visual/shoulder.dae
[2.917s] -- Installing: /home/bwilab/fri_ws/install/ur_description/share/ur_description/meshes/ur3/visual/wrist3.dae
[2.917s] -- Installing: /home/bwilab/fri_ws/install/ur_description/share/ur_description/meshes/ur3/visual/base.dae
[2.918s] -- Installing: /home/bwilab/fri_ws/install/ur_description/share/ur_description/meshes/ur3/collision
[2.918s] -- Installing: /home/bwilab/fri_ws/install/ur_description/share/ur_description/meshes/ur3/collision/upperarm.stl
[2.918s] -- Installing: /home/bwilab/fri_ws/install/ur_description/share/ur_description/meshes/ur3/collision/wrist2.stl
[2.919s] -- Installing: /home/bwilab/fri_ws/install/ur_description/share/ur_description/meshes/ur3/collision/shoulder.stl
[2.919s] -- Installing: /home/bwilab/fri_ws/install/ur_description/share/ur_description/meshes/ur3/collision/wrist1.stl
[2.919s] -- Installing: /home/bwilab/fri_ws/install/ur_description/share/ur_description/meshes/ur3/collision/wrist3.stl
[2.919s] -- Installing: /home/bwilab/fri_ws/install/ur_description/share/ur_description/meshes/ur3/collision/forearm.stl
[2.920s] -- Installing: /home/bwilab/fri_ws/install/ur_description/share/ur_description/meshes/ur3/collision/base.stl
[2.920s] -- Installing: /home/bwilab/fri_ws/install/ur_description/share/ur_description/meshes/ur16e
[2.920s] -- Installing: /home/bwilab/fri_ws/install/ur_description/share/ur_description/meshes/ur16e/visual
[2.921s] -- Installing: /home/bwilab/fri_ws/install/ur_description/share/ur_description/meshes/ur16e/visual/upperarm.dae
[2.925s] -- Installing: /home/bwilab/fri_ws/install/ur_description/share/ur_description/meshes/ur16e/visual/forearm.dae
[2.926s] -- Installing: /home/bwilab/fri_ws/install/ur_description/share/ur_description/meshes/ur16e/collision
[2.926s] -- Installing: /home/bwilab/fri_ws/install/ur_description/share/ur_description/meshes/ur16e/collision/upperarm.stl
[2.926s] -- Installing: /home/bwilab/fri_ws/install/ur_description/share/ur_description/meshes/ur16e/collision/forearm.stl
[2.927s] -- Installing: /home/bwilab/fri_ws/install/ur_description/share/ur_description/meshes/ur3e
[2.927s] -- Installing: /home/bwilab/fri_ws/install/ur_description/share/ur_description/meshes/ur3e/visual
[2.927s] -- Installing: /home/bwilab/fri_ws/install/ur_description/share/ur_description/meshes/ur3e/visual/wrist2.dae
[2.929s] -- Installing: /home/bwilab/fri_ws/install/ur_description/share/ur_description/meshes/ur3e/visual/upperarm.dae
[2.933s] -- Installing: /home/bwilab/fri_ws/install/ur_description/share/ur_description/meshes/ur3e/visual/forearm.dae
[2.934s] -- Installing: /home/bwilab/fri_ws/install/ur_description/share/ur_description/meshes/ur3e/visual/wrist1.dae
[2.936s] -- Installing: /home/bwilab/fri_ws/install/ur_description/share/ur_description/meshes/ur3e/visual/shoulder.dae
[2.938s] -- Installing: /home/bwilab/fri_ws/install/ur_description/share/ur_description/meshes/ur3e/visual/wrist3.dae
[2.938s] -- Installing: /home/bwilab/fri_ws/install/ur_description/share/ur_description/meshes/ur3e/visual/base.dae
[2.938s] -- Installing: /home/bwilab/fri_ws/install/ur_description/share/ur_description/meshes/ur3e/collision
[2.938s] -- Installing: /home/bwilab/fri_ws/install/ur_description/share/ur_description/meshes/ur3e/collision/upperarm.stl
[2.938s] -- Installing: /home/bwilab/fri_ws/install/ur_description/share/ur_description/meshes/ur3e/collision/wrist2.stl
[2.939s] -- Installing: /home/bwilab/fri_ws/install/ur_description/share/ur_description/meshes/ur3e/collision/shoulder.stl
[2.939s] -- Installing: /home/bwilab/fri_ws/install/ur_description/share/ur_description/meshes/ur3e/collision/wrist1.stl
[2.939s] -- Installing: /home/bwilab/fri_ws/install/ur_description/share/ur_description/meshes/ur3e/collision/wrist3.stl
[2.939s] -- Installing: /home/bwilab/fri_ws/install/ur_description/share/ur_description/meshes/ur3e/collision/forearm.stl
[2.939s] -- Installing: /home/bwilab/fri_ws/install/ur_description/share/ur_description/meshes/ur3e/collision/base.stl
[2.939s] -- Installing: /home/bwilab/fri_ws/install/ur_description/share/ur_description/rviz
[2.940s] -- Installing: /home/bwilab/fri_ws/install/ur_description/share/ur_description/rviz/view_robot.rviz
[2.940s] -- Installing: /home/bwilab/fri_ws/install/ur_description/share/ur_description/urdf
[2.940s] -- Installing: /home/bwilab/fri_ws/install/ur_description/share/ur_description/urdf/ur.ros2_control.xacro
[2.940s] -- Installing: /home/bwilab/fri_ws/install/ur_description/share/ur_description/urdf/ur_macro.xacro
[2.940s] -- Installing: /home/bwilab/fri_ws/install/ur_description/share/ur_description/urdf/ur.urdf.xacro
[2.940s] -- Installing: /home/bwilab/fri_ws/install/ur_description/share/ur_description/urdf/inc
[2.940s] -- Installing: /home/bwilab/fri_ws/install/ur_description/share/ur_description/urdf/inc/ur_common.xacro
[2.940s] -- Installing: /home/bwilab/fri_ws/install/ur_description/share/ur_description/urdf/inc/ur_transmissions.xacro
[2.940s] -- Installing: /home/bwilab/fri_ws/install/ur_description/share/ur_description/test
[2.940s] -- Installing: /home/bwilab/fri_ws/install/ur_description/share/ur_description/test/test_view_ur_launch.py
[2.941s] -- Installing: /home/bwilab/fri_ws/install/ur_description/share/ur_description/test/test_ur_urdf_xacro.py
[2.941s] -- Installing: /home/bwilab/fri_ws/install/ur_description/share/ament_index/resource_index/package_run_dependencies/ur_description
[2.941s] -- Installing: /home/bwilab/fri_ws/install/ur_description/share/ament_index/resource_index/parent_prefix_path/ur_description
[2.941s] -- Installing: /home/bwilab/fri_ws/install/ur_description/share/ur_description/environment/ament_prefix_path.sh
[2.941s] -- Installing: /home/bwilab/fri_ws/install/ur_description/share/ur_description/environment/ament_prefix_path.dsv
[2.941s] -- Installing: /home/bwilab/fri_ws/install/ur_description/share/ur_description/environment/path.sh
[2.942s] -- Installing: /home/bwilab/fri_ws/install/ur_description/share/ur_description/environment/path.dsv
[2.942s] -- Installing: /home/bwilab/fri_ws/install/ur_description/share/ur_description/local_setup.bash
[2.942s] -- Installing: /home/bwilab/fri_ws/install/ur_description/share/ur_description/local_setup.sh
[2.942s] -- Installing: /home/bwilab/fri_ws/install/ur_description/share/ur_description/local_setup.zsh
[2.942s] -- Installing: /home/bwilab/fri_ws/install/ur_description/share/ur_description/local_setup.dsv
[2.942s] -- Installing: /home/bwilab/fri_ws/install/ur_description/share/ur_description/package.dsv
[2.942s] -- Installing: /home/bwilab/fri_ws/install/ur_description/share/ament_index/resource_index/packages/ur_description
[2.943s] -- Installing: /home/bwilab/fri_ws/install/ur_description/share/ur_description/cmake/ur_descriptionConfig.cmake
[2.943s] -- Installing: /home/bwilab/fri_ws/install/ur_description/share/ur_description/cmake/ur_descriptionConfig-version.cmake
[2.943s] -- Installing: /home/bwilab/fri_ws/install/ur_description/share/ur_description/package.xml
[2.948s] Invoked command in '/home/bwilab/fri_ws/build/ur_description' returned '0': CMAKE_PREFIX_PATH=${CMAKE_PREFIX_PATH}:/home/bwilab/fri_ws/install/recognition_node:/home/bwilab/fri_ws/install/gesture_recognition:/home/bwilab/fri_ws/install/ur5_wave:/home/bwilab/fri_ws/install/robotiq_gripper_driver:/opt/ros/humble CONDA_PROMPT_MODIFIER=(base) /home/bwilab/.local/bin/cmake --install /home/bwilab/fri_ws/build/ur_description
