[0.025s] Invoking command in '/home/bwilab/fri_ws/build/v5_description': CMAKE_PREFIX_PATH=${CMAKE_PREFIX_PATH}:/home/bwilab/fri_ws/install/ur5_wave:/home/bwilab/fri_ws/install/robotiq_gripper_driver:/opt/ros/humble CONDA_PROMPT_MODIFIER=(base) /home/bwilab/.local/bin/cmake /home/bwilab/fri_ws/src/v5_description -DAMENT_CMAKE_SYMLINK_INSTALL=1 -DCMAKE_INSTALL_PREFIX=/home/bwilab/fri_ws/install/v5_description
[0.316s] -- The C compiler identification is GNU 12.1.0
[0.316s] -- The CXX compiler identification is GNU 11.4.0
[0.316s] -- Detecting C compiler ABI info
[0.316s] -- Detecting C compiler ABI info - done
[0.316s] -- Check for working C compiler: /home/bwilab/miniconda3/bin/cc - skipped
[0.317s] -- Detecting C compile features
[0.317s] -- Detecting C compile features - done
[0.318s] -- Detecting CXX compiler ABI info
[0.318s] -- Detecting CXX compiler ABI info - done
[0.318s] -- Check for working CXX compiler: /usr/bin/c++ - skipped
[0.318s] -- Detecting CXX compile features
[0.318s] -- Detecting CXX compile features - done
[0.319s] -- Found ament_cmake: 1.3.10 (/opt/ros/humble/share/ament_cmake/cmake)
[0.602s] -- Found Python3: /home/bwilab/miniconda3/bin/python3 (found version "3.12.2") found components: Interpreter 
[0.680s] -- Override CMake install command with custom implementation using symlinks instead of copying resources
[0.718s] -- Found ament_lint_auto: 0.12.11 (/opt/ros/humble/share/ament_lint_auto/cmake)
[0.823s] -- Added test 'lint_cmake' to check CMake code style
[0.827s] -- Added test 'xmllint' to check XML markup files
[0.829s] -- Configuring done (0.8s)
[0.832s] -- Generating done (0.0s)
[0.833s] -- Build files have been written to: /home/bwilab/fri_ws/build/v5_description
[0.843s] Invoked command in '/home/bwilab/fri_ws/build/v5_description' returned '0': CMAKE_PREFIX_PATH=${CMAKE_PREFIX_PATH}:/home/bwilab/fri_ws/install/ur5_wave:/home/bwilab/fri_ws/install/robotiq_gripper_driver:/opt/ros/humble CONDA_PROMPT_MODIFIER=(base) /home/bwilab/.local/bin/cmake /home/bwilab/fri_ws/src/v5_description -DAMENT_CMAKE_SYMLINK_INSTALL=1 -DCMAKE_INSTALL_PREFIX=/home/bwilab/fri_ws/install/v5_description
[0.844s] Invoking command in '/home/bwilab/fri_ws/build/v5_description': CMAKE_PREFIX_PATH=${CMAKE_PREFIX_PATH}:/home/bwilab/fri_ws/install/ur5_wave:/home/bwilab/fri_ws/install/robotiq_gripper_driver:/opt/ros/humble CONDA_PROMPT_MODIFIER=(base) /home/bwilab/.local/bin/cmake --build /home/bwilab/fri_ws/build/v5_description -- -j16 -l16
[0.882s] Invoked command in '/home/bwilab/fri_ws/build/v5_description' returned '0': CMAKE_PREFIX_PATH=${CMAKE_PREFIX_PATH}:/home/bwilab/fri_ws/install/ur5_wave:/home/bwilab/fri_ws/install/robotiq_gripper_driver:/opt/ros/humble CONDA_PROMPT_MODIFIER=(base) /home/bwilab/.local/bin/cmake --build /home/bwilab/fri_ws/build/v5_description -- -j16 -l16
[0.946s] Invoking command in '/home/bwilab/fri_ws/build/v5_description': CMAKE_PREFIX_PATH=${CMAKE_PREFIX_PATH}:/home/bwilab/fri_ws/install/ur5_wave:/home/bwilab/fri_ws/install/robotiq_gripper_driver:/opt/ros/humble CONDA_PROMPT_MODIFIER=(base) /home/bwilab/.local/bin/cmake --install /home/bwilab/fri_ws/build/v5_description
[0.968s] -- Install configuration: ""
[0.968s] -- Installing: /home/bwilab/fri_ws/install/v5_description/share/v5_description/cfg
[0.968s] -- Installing: /home/bwilab/fri_ws/install/v5_description/share/v5_description/cfg/view_robot.rviz
[0.968s] -- Installing: /home/bwilab/fri_ws/install/v5_description/share/v5_description/config
[0.968s] -- Installing: /home/bwilab/fri_ws/install/v5_description/share/v5_description/config/joint_limits.yaml
[0.969s] -- Installing: /home/bwilab/fri_ws/install/v5_description/share/v5_description/config/ur5
[0.969s] -- Installing: /home/bwilab/fri_ws/install/v5_description/share/v5_description/config/ur5/physical_parameters.yaml
[0.969s] -- Installing: /home/bwilab/fri_ws/install/v5_description/share/v5_description/config/ur5/default_kinematics.yaml
[0.969s] -- Installing: /home/bwilab/fri_ws/install/v5_description/share/v5_description/config/ur5/joint_limits.yaml
[0.969s] -- Installing: /home/bwilab/fri_ws/install/v5_description/share/v5_description/config/ur5/visual_parameters.yaml
[0.969s] -- Installing: /home/bwilab/fri_ws/install/v5_description/share/v5_description/launch
[0.969s] -- Installing: /home/bwilab/fri_ws/install/v5_description/share/v5_description/launch/view_v5.launch
[0.969s] -- Installing: /home/bwilab/fri_ws/install/v5_description/share/v5_description/launch/load_ur5.launch
[0.970s] -- Installing: /home/bwilab/fri_ws/install/v5_description/share/v5_description/launch/view_ur5.launch
[0.970s] -- Installing: /home/bwilab/fri_ws/install/v5_description/share/v5_description/launch/load_ur.launch
[0.970s] -- Installing: /home/bwilab/fri_ws/install/v5_description/share/v5_description/meshes
[0.970s] -- Installing: /home/bwilab/fri_ws/install/v5_description/share/v5_description/meshes/sensors
[0.970s] -- Installing: /home/bwilab/fri_ws/install/v5_description/share/v5_description/meshes/sensors/visual
[0.970s] -- Installing: /home/bwilab/fri_ws/install/v5_description/share/v5_description/meshes/sensors/visual/azurekinect.dae
[1.007s] -- Installing: /home/bwilab/fri_ws/install/v5_description/share/v5_description/meshes/sensors/collision
[1.007s] -- Installing: /home/bwilab/fri_ws/install/v5_description/share/v5_description/meshes/sensors/collision/azurekinect.stl
[1.059s] -- Installing: /home/bwilab/fri_ws/install/v5_description/share/v5_description/meshes/BWIv5.stl
[1.059s] -- Installing: /home/bwilab/fri_ws/install/v5_description/share/v5_description/meshes/ur5
[1.059s] -- Installing: /home/bwilab/fri_ws/install/v5_description/share/v5_description/meshes/ur5/visual
[1.059s] -- Installing: /home/bwilab/fri_ws/install/v5_description/share/v5_description/meshes/ur5/visual/wrist2.dae
[1.060s] -- Installing: /home/bwilab/fri_ws/install/v5_description/share/v5_description/meshes/ur5/visual/v5.stl
[1.061s] -- Installing: /home/bwilab/fri_ws/install/v5_description/share/v5_description/meshes/ur5/visual/upperarm.dae
[1.063s] -- Installing: /home/bwilab/fri_ws/install/v5_description/share/v5_description/meshes/ur5/visual/ur5_origin.dae
[1.064s] -- Installing: /home/bwilab/fri_ws/install/v5_description/share/v5_description/meshes/ur5/visual/forearm.dae
[1.065s] -- Installing: /home/bwilab/fri_ws/install/v5_description/share/v5_description/meshes/ur5/visual/wrist1.dae
[1.066s] -- Installing: /home/bwilab/fri_ws/install/v5_description/share/v5_description/meshes/ur5/visual/shoulder.dae
[1.068s] -- Installing: /home/bwilab/fri_ws/install/v5_description/share/v5_description/meshes/ur5/visual/wrist3.dae
[1.068s] -- Installing: /home/bwilab/fri_ws/install/v5_description/share/v5_description/meshes/ur5/visual/base.dae
[1.068s] -- Installing: /home/bwilab/fri_ws/install/v5_description/share/v5_description/meshes/ur5/collision
[1.068s] -- Installing: /home/bwilab/fri_ws/install/v5_description/share/v5_description/meshes/ur5/collision/upperarm.stl
[1.068s] -- Installing: /home/bwilab/fri_ws/install/v5_description/share/v5_description/meshes/ur5/collision/v5.stl
[1.069s] -- Installing: /home/bwilab/fri_ws/install/v5_description/share/v5_description/meshes/ur5/collision/wrist2.stl
[1.069s] -- Installing: /home/bwilab/fri_ws/install/v5_description/share/v5_description/meshes/ur5/collision/shoulder.stl
[1.070s] -- Installing: /home/bwilab/fri_ws/install/v5_description/share/v5_description/meshes/ur5/collision/wrist1.stl
[1.070s] -- Installing: /home/bwilab/fri_ws/install/v5_description/share/v5_description/meshes/ur5/collision/wrist3.stl
[1.070s] -- Installing: /home/bwilab/fri_ws/install/v5_description/share/v5_description/meshes/ur5/collision/forearm.stl
[1.070s] -- Installing: /home/bwilab/fri_ws/install/v5_description/share/v5_description/meshes/ur5/collision/base.stl
[1.070s] -- Installing: /home/bwilab/fri_ws/install/v5_description/share/v5_description/urdf
[1.070s] -- Installing: /home/bwilab/fri_ws/install/v5_description/share/v5_description/urdf/v5_robot.urdf.xacro
[1.071s] -- Installing: /home/bwilab/fri_ws/install/v5_description/share/v5_description/urdf/ur5_with_gripper.urdf.xacro
[1.071s] -- Installing: /home/bwilab/fri_ws/install/v5_description/share/v5_description/urdf/sensors
[1.071s] -- Installing: /home/bwilab/fri_ws/install/v5_description/share/v5_description/urdf/sensors/common_properties.urdf.xacro
[1.071s] -- Installing: /home/bwilab/fri_ws/install/v5_description/share/v5_description/urdf/sensors/azure_kinect_macro.xacro
[1.071s] -- Installing: /home/bwilab/fri_ws/install/v5_description/share/v5_description/urdf/v5_robot_macro.xacro
[1.071s] -- Installing: /home/bwilab/fri_ws/install/v5_description/share/v5_description/urdf/v5_with_arm.urdf.xacro
[1.071s] -- Installing: /home/bwilab/fri_ws/install/v5_description/share/v5_description/urdf/ur5_with_gripper_macro.xacro
[1.071s] -- Installing: /home/bwilab/fri_ws/install/v5_description/share/v5_description/tests
[1.072s] -- Installing: /home/bwilab/fri_ws/install/v5_description/share/v5_description/tests/roslaunch_test_ur5.xml
[1.073s] -- Execute custom install script
[1.073s] -- Symlinking: /home/bwilab/fri_ws/install/v5_description/share/ament_index/resource_index/package_run_dependencies/v5_description
[1.075s] -- Symlinking: /home/bwilab/fri_ws/install/v5_description/share/ament_index/resource_index/parent_prefix_path/v5_description
[1.078s] -- Symlinking: /home/bwilab/fri_ws/install/v5_description/share/v5_description/environment/ament_prefix_path.sh
[1.081s] -- Symlinking: /home/bwilab/fri_ws/install/v5_description/share/v5_description/environment/ament_prefix_path.dsv
[1.083s] -- Symlinking: /home/bwilab/fri_ws/install/v5_description/share/v5_description/environment/path.sh
[1.085s] -- Symlinking: /home/bwilab/fri_ws/install/v5_description/share/v5_description/environment/path.dsv
[1.088s] -- Symlinking: /home/bwilab/fri_ws/install/v5_description/share/v5_description/local_setup.bash
[1.090s] -- Symlinking: /home/bwilab/fri_ws/install/v5_description/share/v5_description/local_setup.sh
[1.093s] -- Symlinking: /home/bwilab/fri_ws/install/v5_description/share/v5_description/local_setup.zsh
[1.095s] -- Symlinking: /home/bwilab/fri_ws/install/v5_description/share/v5_description/local_setup.dsv
[1.098s] -- Symlinking: /home/bwilab/fri_ws/install/v5_description/share/v5_description/package.dsv
[1.101s] -- Symlinking: /home/bwilab/fri_ws/install/v5_description/share/ament_index/resource_index/packages/v5_description
[1.103s] -- Symlinking: /home/bwilab/fri_ws/install/v5_description/share/v5_description/cmake/v5_descriptionConfig.cmake
[1.106s] -- Symlinking: /home/bwilab/fri_ws/install/v5_description/share/v5_description/cmake/v5_descriptionConfig-version.cmake
[1.108s] -- Symlinking: /home/bwilab/fri_ws/install/v5_description/share/v5_description/package.xml
[1.115s] Invoked command in '/home/bwilab/fri_ws/build/v5_description' returned '0': CMAKE_PREFIX_PATH=${CMAKE_PREFIX_PATH}:/home/bwilab/fri_ws/install/ur5_wave:/home/bwilab/fri_ws/install/robotiq_gripper_driver:/opt/ros/humble CONDA_PROMPT_MODIFIER=(base) /home/bwilab/.local/bin/cmake --install /home/bwilab/fri_ws/build/v5_description
