[0.083s] [34mcolcon[0m [1;30mDEBUG[0m [32mCommand line arguments: ['/usr/bin/colcon', 'build'][0m
[0.083s] [34mcolcon[0m [1;30mDEBUG[0m [32mParsed command line arguments: Namespace(log_base=None, log_level=None, verb_name='build', build_base='build', install_base='install', merge_install=False, symlink_install=False, test_result_base=None, continue_on_error=False, executor='parallel', parallel_workers=16, event_handlers=None, ignore_user_meta=False, metas=['./colcon.meta'], base_paths=['.'], packages_ignore=None, packages_ignore_regex=None, paths=None, packages_up_to=None, packages_up_to_regex=None, packages_above=None, packages_above_and_dependencies=None, packages_above_depth=None, packages_select_by_dep=None, packages_skip_by_dep=None, packages_skip_up_to=None, packages_select_build_failed=False, packages_skip_build_finished=False, packages_select_test_failures=False, packages_skip_test_passed=False, packages_select=None, packages_skip=None, packages_select_regex=None, packages_skip_regex=None, packages_start=None, packages_end=None, allow_overriding=[], cmake_args=None, cmake_target=None, cmake_target_skip_unavailable=False, cmake_clean_cache=False, cmake_clean_first=False, cmake_force_configure=False, ament_cmake_args=None, catkin_cmake_args=None, catkin_skip_building_tests=False, mixin_files=None, mixin=None, verb_parser=<colcon_mixin.mixin.mixin_argument.MixinArgumentDecorator object at 0x752ab13657b0>, verb_extension=<colcon_core.verb.build.BuildVerb object at 0x752ab1441e10>, main=<bound method BuildVerb.main of <colcon_core.verb.build.BuildVerb object at 0x752ab1441e10>>, mixin_verb=('build',))[0m
[0.256s] [34mcolcon.colcon_core.package_discovery[0m [1;30mLevel 1[0m discover_packages(colcon_meta) check parameters
[0.256s] [34mcolcon.colcon_core.package_discovery[0m [1;30mLevel 1[0m discover_packages(recursive) check parameters
[0.256s] [34mcolcon.colcon_core.package_discovery[0m [1;30mLevel 1[0m discover_packages(ignore) check parameters
[0.256s] [34mcolcon.colcon_core.package_discovery[0m [1;30mLevel 1[0m discover_packages(path) check parameters
[0.256s] [34mcolcon.colcon_core.package_discovery[0m [1;30mLevel 1[0m discover_packages(colcon_meta) discover
[0.256s] [34mcolcon.colcon_core.package_discovery[0m [1;30mLevel 1[0m discover_packages(recursive) discover
[0.256s] [34mcolcon.colcon_core.package_discovery[0m [1;30mINFO[0m Crawling recursively for packages in '/home/bwilab/fri_ws/src'
[0.256s] [34mcolcon.colcon_core.package_identification[0m [1;30mLevel 1[0m _identify(.) by extensions ['ignore', 'ignore_ament_install']
[0.257s] [34mcolcon.colcon_core.package_identification[0m [1;30mLevel 1[0m _identify(.) by extension 'ignore'
[0.257s] [34mcolcon.colcon_core.package_identification[0m [1;30mLevel 1[0m _identify(.) by extension 'ignore_ament_install'
[0.257s] [34mcolcon.colcon_core.package_identification[0m [1;30mLevel 1[0m _identify(.) by extensions ['colcon_pkg']
[0.257s] [34mcolcon.colcon_core.package_identification[0m [1;30mLevel 1[0m _identify(.) by extension 'colcon_pkg'
[0.257s] [34mcolcon.colcon_core.package_identification[0m [1;30mLevel 1[0m _identify(.) by extensions ['colcon_meta']
[0.257s] [34mcolcon.colcon_core.package_identification[0m [1;30mLevel 1[0m _identify(.) by extension 'colcon_meta'
[0.257s] [34mcolcon.colcon_core.package_identification[0m [1;30mLevel 1[0m _identify(.) by extensions ['ros']
[0.257s] [34mcolcon.colcon_core.package_identification[0m [1;30mLevel 1[0m _identify(.) by extension 'ros'
[0.264s] [34mcolcon.colcon_core.package_identification[0m [1;30mLevel 1[0m _identify(.) by extensions ['cmake', 'python']
[0.264s] [34mcolcon.colcon_core.package_identification[0m [1;30mLevel 1[0m _identify(.) by extension 'cmake'
[0.264s] [34mcolcon.colcon_core.package_identification[0m [1;30mLevel 1[0m _identify(.) by extension 'python'
[0.265s] [34mcolcon.colcon_core.package_identification[0m [1;30mLevel 1[0m _identify(.) by extensions ['python_setup_py']
[0.265s] [34mcolcon.colcon_core.package_identification[0m [1;30mLevel 1[0m _identify(.) by extension 'python_setup_py'
[0.265s] [34mcolcon.colcon_core.package_identification[0m [1;30mLevel 1[0m _identify(Azure_Kinect_ROS2_Driver) by extensions ['ignore', 'ignore_ament_install']
[0.265s] [34mcolcon.colcon_core.package_identification[0m [1;30mLevel 1[0m _identify(Azure_Kinect_ROS2_Driver) by extension 'ignore'
[0.265s] [34mcolcon.colcon_core.package_identification[0m [1;30mLevel 1[0m _identify(Azure_Kinect_ROS2_Driver) by extension 'ignore_ament_install'
[0.265s] [34mcolcon.colcon_core.package_identification[0m [1;30mLevel 1[0m _identify(Azure_Kinect_ROS2_Driver) by extensions ['colcon_pkg']
[0.265s] [34mcolcon.colcon_core.package_identification[0m [1;30mLevel 1[0m _identify(Azure_Kinect_ROS2_Driver) by extension 'colcon_pkg'
[0.265s] [34mcolcon.colcon_core.package_identification[0m [1;30mLevel 1[0m _identify(Azure_Kinect_ROS2_Driver) by extensions ['colcon_meta']
[0.265s] [34mcolcon.colcon_core.package_identification[0m [1;30mLevel 1[0m _identify(Azure_Kinect_ROS2_Driver) by extension 'colcon_meta'
[0.265s] [34mcolcon.colcon_core.package_identification[0m [1;30mLevel 1[0m _identify(Azure_Kinect_ROS2_Driver) by extensions ['ros']
[0.265s] [34mcolcon.colcon_core.package_identification[0m [1;30mLevel 1[0m _identify(Azure_Kinect_ROS2_Driver) by extension 'ros'
[0.267s] [34mcolcon.colcon_core.package_identification[0m [1;30mDEBUG[0m [32mPackage 'Azure_Kinect_ROS2_Driver' with type 'ros.ament_cmake' and name 'azure_kinect_ros2_driver'[0m
[0.267s] [34mcolcon.colcon_core.package_identification[0m [1;30mLevel 1[0m _identify(build) by extensions ['ignore', 'ignore_ament_install']
[0.267s] [34mcolcon.colcon_core.package_identification[0m [1;30mLevel 1[0m _identify(build) by extension 'ignore'
[0.267s] [34mcolcon.colcon_core.package_identification[0m [1;30mLevel 1[0m _identify(build) ignored
[0.267s] [34mcolcon.colcon_core.package_identification[0m [1;30mLevel 1[0m _identify(gesture_recognition) by extensions ['ignore', 'ignore_ament_install']
[0.267s] [34mcolcon.colcon_core.package_identification[0m [1;30mLevel 1[0m _identify(gesture_recognition) by extension 'ignore'
[0.267s] [34mcolcon.colcon_core.package_identification[0m [1;30mLevel 1[0m _identify(gesture_recognition) by extension 'ignore_ament_install'
[0.267s] [34mcolcon.colcon_core.package_identification[0m [1;30mLevel 1[0m _identify(gesture_recognition) by extensions ['colcon_pkg']
[0.267s] [34mcolcon.colcon_core.package_identification[0m [1;30mLevel 1[0m _identify(gesture_recognition) by extension 'colcon_pkg'
[0.267s] [34mcolcon.colcon_core.package_identification[0m [1;30mLevel 1[0m _identify(gesture_recognition) by extensions ['colcon_meta']
[0.267s] [34mcolcon.colcon_core.package_identification[0m [1;30mLevel 1[0m _identify(gesture_recognition) by extension 'colcon_meta'
[0.268s] [34mcolcon.colcon_core.package_identification[0m [1;30mLevel 1[0m _identify(gesture_recognition) by extensions ['ros']
[0.268s] [34mcolcon.colcon_core.package_identification[0m [1;30mLevel 1[0m _identify(gesture_recognition) by extension 'ros'
[0.268s] [34mcolcon.colcon_core.package_identification[0m [1;30mLevel 1[0m _identify(gesture_recognition) by extensions ['cmake', 'python']
[0.268s] [34mcolcon.colcon_core.package_identification[0m [1;30mLevel 1[0m _identify(gesture_recognition) by extension 'cmake'
[0.268s] [34mcolcon.colcon_core.package_identification[0m [1;30mLevel 1[0m _identify(gesture_recognition) by extension 'python'
[0.268s] [34mcolcon.colcon_core.package_identification[0m [1;30mLevel 1[0m _identify(gesture_recognition) by extensions ['python_setup_py']
[0.268s] [34mcolcon.colcon_core.package_identification[0m [1;30mLevel 1[0m _identify(gesture_recognition) by extension 'python_setup_py'
[0.268s] [34mcolcon.colcon_core.package_identification[0m [1;30mLevel 1[0m _identify(install) by extensions ['ignore', 'ignore_ament_install']
[0.268s] [34mcolcon.colcon_core.package_identification[0m [1;30mLevel 1[0m _identify(install) by extension 'ignore'
[0.268s] [34mcolcon.colcon_core.package_identification[0m [1;30mLevel 1[0m _identify(install) ignored
[0.268s] [34mcolcon.colcon_core.package_identification[0m [1;30mLevel 1[0m _identify(log) by extensions ['ignore', 'ignore_ament_install']
[0.268s] [34mcolcon.colcon_core.package_identification[0m [1;30mLevel 1[0m _identify(log) by extension 'ignore'
[0.268s] [34mcolcon.colcon_core.package_identification[0m [1;30mLevel 1[0m _identify(log) ignored
[0.268s] [34mcolcon.colcon_core.package_identification[0m [1;30mLevel 1[0m _identify(ur5_wave) by extensions ['ignore', 'ignore_ament_install']
[0.268s] [34mcolcon.colcon_core.package_identification[0m [1;30mLevel 1[0m _identify(ur5_wave) by extension 'ignore'
[0.268s] [34mcolcon.colcon_core.package_identification[0m [1;30mLevel 1[0m _identify(ur5_wave) by extension 'ignore_ament_install'
[0.268s] [34mcolcon.colcon_core.package_identification[0m [1;30mLevel 1[0m _identify(ur5_wave) by extensions ['colcon_pkg']
[0.268s] [34mcolcon.colcon_core.package_identification[0m [1;30mLevel 1[0m _identify(ur5_wave) by extension 'colcon_pkg'
[0.268s] [34mcolcon.colcon_core.package_identification[0m [1;30mLevel 1[0m _identify(ur5_wave) by extensions ['colcon_meta']
[0.268s] [34mcolcon.colcon_core.package_identification[0m [1;30mLevel 1[0m _identify(ur5_wave) by extension 'colcon_meta'
[0.268s] [34mcolcon.colcon_core.package_identification[0m [1;30mLevel 1[0m _identify(ur5_wave) by extensions ['ros']
[0.268s] [34mcolcon.colcon_core.package_identification[0m [1;30mLevel 1[0m _identify(ur5_wave) by extension 'ros'
[0.269s] [34mcolcon.colcon_core.package_identification[0m [1;30mDEBUG[0m [32mPackage 'ur5_wave' with type 'ros.ament_python' and name 'ur5_wave'[0m
[0.269s] [34mcolcon.colcon_core.package_identification[0m [1;30mLevel 1[0m _identify(v5_arm) by extensions ['ignore', 'ignore_ament_install']
[0.269s] [34mcolcon.colcon_core.package_identification[0m [1;30mLevel 1[0m _identify(v5_arm) by extension 'ignore'
[0.269s] [34mcolcon.colcon_core.package_identification[0m [1;30mLevel 1[0m _identify(v5_arm) by extension 'ignore_ament_install'
[0.269s] [34mcolcon.colcon_core.package_identification[0m [1;30mLevel 1[0m _identify(v5_arm) by extensions ['colcon_pkg']
[0.269s] [34mcolcon.colcon_core.package_identification[0m [1;30mLevel 1[0m _identify(v5_arm) by extension 'colcon_pkg'
[0.269s] [34mcolcon.colcon_core.package_identification[0m [1;30mLevel 1[0m _identify(v5_arm) by extensions ['colcon_meta']
[0.269s] [34mcolcon.colcon_core.package_identification[0m [1;30mLevel 1[0m _identify(v5_arm) by extension 'colcon_meta'
[0.269s] [34mcolcon.colcon_core.package_identification[0m [1;30mLevel 1[0m _identify(v5_arm) by extensions ['ros']
[0.269s] [34mcolcon.colcon_core.package_identification[0m [1;30mLevel 1[0m _identify(v5_arm) by extension 'ros'
[0.269s] [34mcolcon.colcon_core.package_identification[0m [1;30mLevel 1[0m _identify(v5_arm) by extensions ['cmake', 'python']
[0.269s] [34mcolcon.colcon_core.package_identification[0m [1;30mLevel 1[0m _identify(v5_arm) by extension 'cmake'
[0.269s] [34mcolcon.colcon_core.package_identification[0m [1;30mLevel 1[0m _identify(v5_arm) by extension 'python'
[0.269s] [34mcolcon.colcon_core.package_identification[0m [1;30mLevel 1[0m _identify(v5_arm) by extensions ['python_setup_py']
[0.269s] [34mcolcon.colcon_core.package_identification[0m [1;30mLevel 1[0m _identify(v5_arm) by extension 'python_setup_py'
[0.269s] [34mcolcon.colcon_core.package_identification[0m [1;30mLevel 1[0m _identify(v5_arm/arm_launch) by extensions ['ignore', 'ignore_ament_install']
[0.269s] [34mcolcon.colcon_core.package_identification[0m [1;30mLevel 1[0m _identify(v5_arm/arm_launch) by extension 'ignore'
[0.269s] [34mcolcon.colcon_core.package_identification[0m [1;30mLevel 1[0m _identify(v5_arm/arm_launch) by extension 'ignore_ament_install'
[0.269s] [34mcolcon.colcon_core.package_identification[0m [1;30mLevel 1[0m _identify(v5_arm/arm_launch) by extensions ['colcon_pkg']
[0.270s] [34mcolcon.colcon_core.package_identification[0m [1;30mLevel 1[0m _identify(v5_arm/arm_launch) by extension 'colcon_pkg'
[0.270s] [34mcolcon.colcon_core.package_identification[0m [1;30mLevel 1[0m _identify(v5_arm/arm_launch) by extensions ['colcon_meta']
[0.270s] [34mcolcon.colcon_core.package_identification[0m [1;30mLevel 1[0m _identify(v5_arm/arm_launch) by extension 'colcon_meta'
[0.270s] [34mcolcon.colcon_core.package_identification[0m [1;30mLevel 1[0m _identify(v5_arm/arm_launch) by extensions ['ros']
[0.270s] [34mcolcon.colcon_core.package_identification[0m [1;30mLevel 1[0m _identify(v5_arm/arm_launch) by extension 'ros'
[0.270s] [34mcolcon.colcon_core.package_identification[0m [1;30mDEBUG[0m [32mPackage 'v5_arm/arm_launch' with type 'ros.ament_cmake' and name 'arm_launch'[0m
[0.270s] [34mcolcon.colcon_core.package_identification[0m [1;30mLevel 1[0m _identify(v5_arm/robotiq_description) by extensions ['ignore', 'ignore_ament_install']
[0.270s] [34mcolcon.colcon_core.package_identification[0m [1;30mLevel 1[0m _identify(v5_arm/robotiq_description) by extension 'ignore'
[0.270s] [34mcolcon.colcon_core.package_identification[0m [1;30mLevel 1[0m _identify(v5_arm/robotiq_description) by extension 'ignore_ament_install'
[0.270s] [34mcolcon.colcon_core.package_identification[0m [1;30mLevel 1[0m _identify(v5_arm/robotiq_description) by extensions ['colcon_pkg']
[0.270s] [34mcolcon.colcon_core.package_identification[0m [1;30mLevel 1[0m _identify(v5_arm/robotiq_description) by extension 'colcon_pkg'
[0.270s] [34mcolcon.colcon_core.package_identification[0m [1;30mLevel 1[0m _identify(v5_arm/robotiq_description) by extensions ['colcon_meta']
[0.270s] [34mcolcon.colcon_core.package_identification[0m [1;30mLevel 1[0m _identify(v5_arm/robotiq_description) by extension 'colcon_meta'
[0.270s] [34mcolcon.colcon_core.package_identification[0m [1;30mLevel 1[0m _identify(v5_arm/robotiq_description) by extensions ['ros']
[0.270s] [34mcolcon.colcon_core.package_identification[0m [1;30mLevel 1[0m _identify(v5_arm/robotiq_description) by extension 'ros'
[0.271s] [34mcolcon.colcon_core.package_identification[0m [1;30mDEBUG[0m [32mPackage 'v5_arm/robotiq_description' with type 'ros.ament_cmake' and name 'robotiq_description'[0m
[0.271s] [34mcolcon.colcon_core.package_identification[0m [1;30mLevel 1[0m _identify(v5_arm/robotiq_gripper_driver) by extensions ['ignore', 'ignore_ament_install']
[0.271s] [34mcolcon.colcon_core.package_identification[0m [1;30mLevel 1[0m _identify(v5_arm/robotiq_gripper_driver) by extension 'ignore'
[0.271s] [34mcolcon.colcon_core.package_identification[0m [1;30mLevel 1[0m _identify(v5_arm/robotiq_gripper_driver) by extension 'ignore_ament_install'
[0.271s] [34mcolcon.colcon_core.package_identification[0m [1;30mLevel 1[0m _identify(v5_arm/robotiq_gripper_driver) by extensions ['colcon_pkg']
[0.271s] [34mcolcon.colcon_core.package_identification[0m [1;30mLevel 1[0m _identify(v5_arm/robotiq_gripper_driver) by extension 'colcon_pkg'
[0.271s] [34mcolcon.colcon_core.package_identification[0m [1;30mLevel 1[0m _identify(v5_arm/robotiq_gripper_driver) by extensions ['colcon_meta']
[0.271s] [34mcolcon.colcon_core.package_identification[0m [1;30mLevel 1[0m _identify(v5_arm/robotiq_gripper_driver) by extension 'colcon_meta'
[0.271s] [34mcolcon.colcon_core.package_identification[0m [1;30mLevel 1[0m _identify(v5_arm/robotiq_gripper_driver) by extensions ['ros']
[0.271s] [34mcolcon.colcon_core.package_identification[0m [1;30mLevel 1[0m _identify(v5_arm/robotiq_gripper_driver) by extension 'ros'
[0.271s] [34mcolcon.colcon_core.package_identification[0m [1;30mDEBUG[0m [32mPackage 'v5_arm/robotiq_gripper_driver' with type 'ros.ament_python' and name 'robotiq_gripper_driver'[0m
[0.271s] [34mcolcon.colcon_core.package_identification[0m [1;30mLevel 1[0m _identify(v5_arm/ur_description) by extensions ['ignore', 'ignore_ament_install']
[0.271s] [34mcolcon.colcon_core.package_identification[0m [1;30mLevel 1[0m _identify(v5_arm/ur_description) by extension 'ignore'
[0.271s] [34mcolcon.colcon_core.package_identification[0m [1;30mLevel 1[0m _identify(v5_arm/ur_description) by extension 'ignore_ament_install'
[0.271s] [34mcolcon.colcon_core.package_identification[0m [1;30mLevel 1[0m _identify(v5_arm/ur_description) by extensions ['colcon_pkg']
[0.272s] [34mcolcon.colcon_core.package_identification[0m [1;30mLevel 1[0m _identify(v5_arm/ur_description) by extension 'colcon_pkg'
[0.272s] [34mcolcon.colcon_core.package_identification[0m [1;30mLevel 1[0m _identify(v5_arm/ur_description) by extensions ['colcon_meta']
[0.272s] [34mcolcon.colcon_core.package_identification[0m [1;30mLevel 1[0m _identify(v5_arm/ur_description) by extension 'colcon_meta'
[0.272s] [34mcolcon.colcon_core.package_identification[0m [1;30mLevel 1[0m _identify(v5_arm/ur_description) by extensions ['ros']
[0.272s] [34mcolcon.colcon_core.package_identification[0m [1;30mLevel 1[0m _identify(v5_arm/ur_description) by extension 'ros'
[0.272s] [34mcolcon.colcon_core.package_identification[0m [1;30mDEBUG[0m [32mPackage 'v5_arm/ur_description' with type 'ros.ament_cmake' and name 'ur_description'[0m
[0.272s] [34mcolcon.colcon_core.package_identification[0m [1;30mLevel 1[0m _identify(v5_arm/ur_robot_driver) by extensions ['ignore', 'ignore_ament_install']
[0.272s] [34mcolcon.colcon_core.package_identification[0m [1;30mLevel 1[0m _identify(v5_arm/ur_robot_driver) by extension 'ignore'
[0.272s] [34mcolcon.colcon_core.package_identification[0m [1;30mLevel 1[0m _identify(v5_arm/ur_robot_driver) by extension 'ignore_ament_install'
[0.272s] [34mcolcon.colcon_core.package_identification[0m [1;30mLevel 1[0m _identify(v5_arm/ur_robot_driver) by extensions ['colcon_pkg']
[0.272s] [34mcolcon.colcon_core.package_identification[0m [1;30mLevel 1[0m _identify(v5_arm/ur_robot_driver) by extension 'colcon_pkg'
[0.273s] [34mcolcon.colcon_core.package_identification[0m [1;30mLevel 1[0m _identify(v5_arm/ur_robot_driver) by extensions ['colcon_meta']
[0.273s] [34mcolcon.colcon_core.package_identification[0m [1;30mLevel 1[0m _identify(v5_arm/ur_robot_driver) by extension 'colcon_meta'
[0.273s] [34mcolcon.colcon_core.package_identification[0m [1;30mLevel 1[0m _identify(v5_arm/ur_robot_driver) by extensions ['ros']
[0.273s] [34mcolcon.colcon_core.package_identification[0m [1;30mLevel 1[0m _identify(v5_arm/ur_robot_driver) by extension 'ros'
[0.274s] [34mcolcon.colcon_core.package_identification[0m [1;30mDEBUG[0m [32mPackage 'v5_arm/ur_robot_driver' with type 'ros.ament_cmake' and name 'ur_robot_driver'[0m
[0.274s] [34mcolcon.colcon_core.package_identification[0m [1;30mLevel 1[0m _identify(v5_arm/v5_moveit_config) by extensions ['ignore', 'ignore_ament_install']
[0.274s] [34mcolcon.colcon_core.package_identification[0m [1;30mLevel 1[0m _identify(v5_arm/v5_moveit_config) by extension 'ignore'
[0.274s] [34mcolcon.colcon_core.package_identification[0m [1;30mLevel 1[0m _identify(v5_arm/v5_moveit_config) by extension 'ignore_ament_install'
[0.274s] [34mcolcon.colcon_core.package_identification[0m [1;30mLevel 1[0m _identify(v5_arm/v5_moveit_config) by extensions ['colcon_pkg']
[0.274s] [34mcolcon.colcon_core.package_identification[0m [1;30mLevel 1[0m _identify(v5_arm/v5_moveit_config) by extension 'colcon_pkg'
[0.274s] [34mcolcon.colcon_core.package_identification[0m [1;30mLevel 1[0m _identify(v5_arm/v5_moveit_config) by extensions ['colcon_meta']
[0.274s] [34mcolcon.colcon_core.package_identification[0m [1;30mLevel 1[0m _identify(v5_arm/v5_moveit_config) by extension 'colcon_meta'
[0.274s] [34mcolcon.colcon_core.package_identification[0m [1;30mLevel 1[0m _identify(v5_arm/v5_moveit_config) by extensions ['ros']
[0.274s] [34mcolcon.colcon_core.package_identification[0m [1;30mLevel 1[0m _identify(v5_arm/v5_moveit_config) by extension 'ros'
[0.275s] [34mcolcon.colcon_core.package_identification[0m [1;30mDEBUG[0m [32mPackage 'v5_arm/v5_moveit_config' with type 'ros.ament_cmake' and name 'v5_moveit_config'[0m
[0.275s] [34mcolcon.colcon_core.package_identification[0m [1;30mLevel 1[0m _identify(v5_description) by extensions ['ignore', 'ignore_ament_install']
[0.275s] [34mcolcon.colcon_core.package_identification[0m [1;30mLevel 1[0m _identify(v5_description) by extension 'ignore'
[0.275s] [34mcolcon.colcon_core.package_identification[0m [1;30mLevel 1[0m _identify(v5_description) by extension 'ignore_ament_install'
[0.275s] [34mcolcon.colcon_core.package_identification[0m [1;30mLevel 1[0m _identify(v5_description) by extensions ['colcon_pkg']
[0.275s] [34mcolcon.colcon_core.package_identification[0m [1;30mLevel 1[0m _identify(v5_description) by extension 'colcon_pkg'
[0.275s] [34mcolcon.colcon_core.package_identification[0m [1;30mLevel 1[0m _identify(v5_description) by extensions ['colcon_meta']
[0.275s] [34mcolcon.colcon_core.package_identification[0m [1;30mLevel 1[0m _identify(v5_description) by extension 'colcon_meta'
[0.275s] [34mcolcon.colcon_core.package_identification[0m [1;30mLevel 1[0m _identify(v5_description) by extensions ['ros']
[0.275s] [34mcolcon.colcon_core.package_identification[0m [1;30mLevel 1[0m _identify(v5_description) by extension 'ros'
[0.276s] [34mcolcon.colcon_core.package_identification[0m [1;30mDEBUG[0m [32mPackage 'v5_description' with type 'ros.ament_cmake' and name 'v5_description'[0m
[0.276s] [34mcolcon.colcon_core.package_discovery[0m [1;30mLevel 1[0m discover_packages(recursive) using defaults
[0.276s] [34mcolcon.colcon_core.package_discovery[0m [1;30mLevel 1[0m discover_packages(ignore) discover
[0.276s] [34mcolcon.colcon_core.package_discovery[0m [1;30mLevel 1[0m discover_packages(ignore) using defaults
[0.276s] [34mcolcon.colcon_core.package_discovery[0m [1;30mLevel 1[0m discover_packages(path) discover
[0.276s] [34mcolcon.colcon_core.package_discovery[0m [1;30mLevel 1[0m discover_packages(path) using defaults
[0.287s] [34mcolcon.colcon_core.package_discovery[0m [1;30mLevel 1[0m discover_packages(prefix_path) check parameters
[0.287s] [34mcolcon.colcon_core.package_discovery[0m [1;30mLevel 1[0m discover_packages(prefix_path) discover
[0.289s] [34mcolcon.colcon_installed_package_information.package_discovery[0m [1;30mDEBUG[0m [32mFound 471 installed packages in /opt/ros/humble[0m
[0.291s] [34mcolcon.colcon_core.package_discovery[0m [1;30mLevel 1[0m discover_packages(prefix_path) using defaults
[0.329s] [34mcolcon.colcon_core.package_selection[0m [1;30mWARNING[0m [33mSome selected packages are already built in one or more underlay workspaces:
	'ur_description' is in: /opt/ros/humble
	'ur_robot_driver' is in: /opt/ros/humble
If a package in a merged underlay workspace is overridden and it installs headers, then all packages in the overlay must sort their include directories by workspace order. Failure to do so may result in build failures or undefined behavior at run time.
If the overridden package is used by another package in any underlay, then the overriding package in the overlay must be API and ABI compatible or undefined behavior at run time may occur.

If you understand the risks and want to override a package anyways, add the following to the command line:
	--allow-overriding ur_description ur_robot_driver

This may be promoted to an error in a future release of colcon-override-check.[0m
[0.330s] [34mcolcon.colcon_core.verb[0m [1;30mLevel 5[0m set package 'arm_launch' build argument 'cmake_args' from command line to 'None'
[0.330s] [34mcolcon.colcon_core.verb[0m [1;30mLevel 5[0m set package 'arm_launch' build argument 'cmake_target' from command line to 'None'
[0.330s] [34mcolcon.colcon_core.verb[0m [1;30mLevel 5[0m set package 'arm_launch' build argument 'cmake_target_skip_unavailable' from command line to 'False'
[0.330s] [34mcolcon.colcon_core.verb[0m [1;30mLevel 5[0m set package 'arm_launch' build argument 'cmake_clean_cache' from command line to 'False'
[0.330s] [34mcolcon.colcon_core.verb[0m [1;30mLevel 5[0m set package 'arm_launch' build argument 'cmake_clean_first' from command line to 'False'
[0.330s] [34mcolcon.colcon_core.verb[0m [1;30mLevel 5[0m set package 'arm_launch' build argument 'cmake_force_configure' from command line to 'False'
[0.330s] [34mcolcon.colcon_core.verb[0m [1;30mLevel 5[0m set package 'arm_launch' build argument 'ament_cmake_args' from command line to 'None'
[0.330s] [34mcolcon.colcon_core.verb[0m [1;30mLevel 5[0m set package 'arm_launch' build argument 'catkin_cmake_args' from command line to 'None'
[0.330s] [34mcolcon.colcon_core.verb[0m [1;30mLevel 5[0m set package 'arm_launch' build argument 'catkin_skip_building_tests' from command line to 'False'
[0.330s] [34mcolcon.colcon_core.verb[0m [1;30mDEBUG[0m [32mBuilding package 'arm_launch' with the following arguments: {'ament_cmake_args': None, 'build_base': '/home/bwilab/fri_ws/src/build/arm_launch', 'catkin_cmake_args': None, 'catkin_skip_building_tests': False, 'cmake_args': None, 'cmake_clean_cache': False, 'cmake_clean_first': False, 'cmake_force_configure': False, 'cmake_target': None, 'cmake_target_skip_unavailable': False, 'install_base': '/home/bwilab/fri_ws/src/install/arm_launch', 'merge_install': False, 'path': '/home/bwilab/fri_ws/src/v5_arm/arm_launch', 'symlink_install': False, 'test_result_base': None}[0m
[0.330s] [34mcolcon.colcon_core.verb[0m [1;30mLevel 5[0m set package 'azure_kinect_ros2_driver' build argument 'cmake_args' from command line to 'None'
[0.330s] [34mcolcon.colcon_core.verb[0m [1;30mLevel 5[0m set package 'azure_kinect_ros2_driver' build argument 'cmake_target' from command line to 'None'
[0.330s] [34mcolcon.colcon_core.verb[0m [1;30mLevel 5[0m set package 'azure_kinect_ros2_driver' build argument 'cmake_target_skip_unavailable' from command line to 'False'
[0.330s] [34mcolcon.colcon_core.verb[0m [1;30mLevel 5[0m set package 'azure_kinect_ros2_driver' build argument 'cmake_clean_cache' from command line to 'False'
[0.330s] [34mcolcon.colcon_core.verb[0m [1;30mLevel 5[0m set package 'azure_kinect_ros2_driver' build argument 'cmake_clean_first' from command line to 'False'
[0.330s] [34mcolcon.colcon_core.verb[0m [1;30mLevel 5[0m set package 'azure_kinect_ros2_driver' build argument 'cmake_force_configure' from command line to 'False'
[0.330s] [34mcolcon.colcon_core.verb[0m [1;30mLevel 5[0m set package 'azure_kinect_ros2_driver' build argument 'ament_cmake_args' from command line to 'None'
[0.330s] [34mcolcon.colcon_core.verb[0m [1;30mLevel 5[0m set package 'azure_kinect_ros2_driver' build argument 'catkin_cmake_args' from command line to 'None'
[0.330s] [34mcolcon.colcon_core.verb[0m [1;30mLevel 5[0m set package 'azure_kinect_ros2_driver' build argument 'catkin_skip_building_tests' from command line to 'False'
[0.330s] [34mcolcon.colcon_core.verb[0m [1;30mDEBUG[0m [32mBuilding package 'azure_kinect_ros2_driver' with the following arguments: {'ament_cmake_args': None, 'build_base': '/home/bwilab/fri_ws/src/build/azure_kinect_ros2_driver', 'catkin_cmake_args': None, 'catkin_skip_building_tests': False, 'cmake_args': None, 'cmake_clean_cache': False, 'cmake_clean_first': False, 'cmake_force_configure': False, 'cmake_target': None, 'cmake_target_skip_unavailable': False, 'install_base': '/home/bwilab/fri_ws/src/install/azure_kinect_ros2_driver', 'merge_install': False, 'path': '/home/bwilab/fri_ws/src/Azure_Kinect_ROS2_Driver', 'symlink_install': False, 'test_result_base': None}[0m
[0.330s] [34mcolcon.colcon_core.verb[0m [1;30mLevel 5[0m set package 'robotiq_description' build argument 'cmake_args' from command line to 'None'
[0.330s] [34mcolcon.colcon_core.verb[0m [1;30mLevel 5[0m set package 'robotiq_description' build argument 'cmake_target' from command line to 'None'
[0.330s] [34mcolcon.colcon_core.verb[0m [1;30mLevel 5[0m set package 'robotiq_description' build argument 'cmake_target_skip_unavailable' from command line to 'False'
[0.331s] [34mcolcon.colcon_core.verb[0m [1;30mLevel 5[0m set package 'robotiq_description' build argument 'cmake_clean_cache' from command line to 'False'
[0.331s] [34mcolcon.colcon_core.verb[0m [1;30mLevel 5[0m set package 'robotiq_description' build argument 'cmake_clean_first' from command line to 'False'
[0.331s] [34mcolcon.colcon_core.verb[0m [1;30mLevel 5[0m set package 'robotiq_description' build argument 'cmake_force_configure' from command line to 'False'
[0.331s] [34mcolcon.colcon_core.verb[0m [1;30mLevel 5[0m set package 'robotiq_description' build argument 'ament_cmake_args' from command line to 'None'
[0.331s] [34mcolcon.colcon_core.verb[0m [1;30mLevel 5[0m set package 'robotiq_description' build argument 'catkin_cmake_args' from command line to 'None'
[0.331s] [34mcolcon.colcon_core.verb[0m [1;30mLevel 5[0m set package 'robotiq_description' build argument 'catkin_skip_building_tests' from command line to 'False'
[0.331s] [34mcolcon.colcon_core.verb[0m [1;30mDEBUG[0m [32mBuilding package 'robotiq_description' with the following arguments: {'ament_cmake_args': None, 'build_base': '/home/bwilab/fri_ws/src/build/robotiq_description', 'catkin_cmake_args': None, 'catkin_skip_building_tests': False, 'cmake_args': None, 'cmake_clean_cache': False, 'cmake_clean_first': False, 'cmake_force_configure': False, 'cmake_target': None, 'cmake_target_skip_unavailable': False, 'install_base': '/home/bwilab/fri_ws/src/install/robotiq_description', 'merge_install': False, 'path': '/home/bwilab/fri_ws/src/v5_arm/robotiq_description', 'symlink_install': False, 'test_result_base': None}[0m
[0.331s] [34mcolcon.colcon_core.verb[0m [1;30mLevel 5[0m set package 'robotiq_gripper_driver' build argument 'cmake_args' from command line to 'None'
[0.331s] [34mcolcon.colcon_core.verb[0m [1;30mLevel 5[0m set package 'robotiq_gripper_driver' build argument 'cmake_target' from command line to 'None'
[0.331s] [34mcolcon.colcon_core.verb[0m [1;30mLevel 5[0m set package 'robotiq_gripper_driver' build argument 'cmake_target_skip_unavailable' from command line to 'False'
[0.331s] [34mcolcon.colcon_core.verb[0m [1;30mLevel 5[0m set package 'robotiq_gripper_driver' build argument 'cmake_clean_cache' from command line to 'False'
[0.331s] [34mcolcon.colcon_core.verb[0m [1;30mLevel 5[0m set package 'robotiq_gripper_driver' build argument 'cmake_clean_first' from command line to 'False'
[0.331s] [34mcolcon.colcon_core.verb[0m [1;30mLevel 5[0m set package 'robotiq_gripper_driver' build argument 'cmake_force_configure' from command line to 'False'
[0.331s] [34mcolcon.colcon_core.verb[0m [1;30mLevel 5[0m set package 'robotiq_gripper_driver' build argument 'ament_cmake_args' from command line to 'None'
[0.331s] [34mcolcon.colcon_core.verb[0m [1;30mLevel 5[0m set package 'robotiq_gripper_driver' build argument 'catkin_cmake_args' from command line to 'None'
[0.331s] [34mcolcon.colcon_core.verb[0m [1;30mLevel 5[0m set package 'robotiq_gripper_driver' build argument 'catkin_skip_building_tests' from command line to 'False'
[0.331s] [34mcolcon.colcon_core.verb[0m [1;30mDEBUG[0m [32mBuilding package 'robotiq_gripper_driver' with the following arguments: {'ament_cmake_args': None, 'build_base': '/home/bwilab/fri_ws/src/build/robotiq_gripper_driver', 'catkin_cmake_args': None, 'catkin_skip_building_tests': False, 'cmake_args': None, 'cmake_clean_cache': False, 'cmake_clean_first': False, 'cmake_force_configure': False, 'cmake_target': None, 'cmake_target_skip_unavailable': False, 'install_base': '/home/bwilab/fri_ws/src/install/robotiq_gripper_driver', 'merge_install': False, 'path': '/home/bwilab/fri_ws/src/v5_arm/robotiq_gripper_driver', 'symlink_install': False, 'test_result_base': None}[0m
[0.331s] [34mcolcon.colcon_core.verb[0m [1;30mLevel 5[0m set package 'ur5_wave' build argument 'cmake_args' from command line to 'None'
[0.331s] [34mcolcon.colcon_core.verb[0m [1;30mLevel 5[0m set package 'ur5_wave' build argument 'cmake_target' from command line to 'None'
[0.331s] [34mcolcon.colcon_core.verb[0m [1;30mLevel 5[0m set package 'ur5_wave' build argument 'cmake_target_skip_unavailable' from command line to 'False'
[0.331s] [34mcolcon.colcon_core.verb[0m [1;30mLevel 5[0m set package 'ur5_wave' build argument 'cmake_clean_cache' from command line to 'False'
[0.331s] [34mcolcon.colcon_core.verb[0m [1;30mLevel 5[0m set package 'ur5_wave' build argument 'cmake_clean_first' from command line to 'False'
[0.331s] [34mcolcon.colcon_core.verb[0m [1;30mLevel 5[0m set package 'ur5_wave' build argument 'cmake_force_configure' from command line to 'False'
[0.331s] [34mcolcon.colcon_core.verb[0m [1;30mLevel 5[0m set package 'ur5_wave' build argument 'ament_cmake_args' from command line to 'None'
[0.331s] [34mcolcon.colcon_core.verb[0m [1;30mLevel 5[0m set package 'ur5_wave' build argument 'catkin_cmake_args' from command line to 'None'
[0.331s] [34mcolcon.colcon_core.verb[0m [1;30mLevel 5[0m set package 'ur5_wave' build argument 'catkin_skip_building_tests' from command line to 'False'
[0.331s] [34mcolcon.colcon_core.verb[0m [1;30mDEBUG[0m [32mBuilding package 'ur5_wave' with the following arguments: {'ament_cmake_args': None, 'build_base': '/home/bwilab/fri_ws/src/build/ur5_wave', 'catkin_cmake_args': None, 'catkin_skip_building_tests': False, 'cmake_args': None, 'cmake_clean_cache': False, 'cmake_clean_first': False, 'cmake_force_configure': False, 'cmake_target': None, 'cmake_target_skip_unavailable': False, 'install_base': '/home/bwilab/fri_ws/src/install/ur5_wave', 'merge_install': False, 'path': '/home/bwilab/fri_ws/src/ur5_wave', 'symlink_install': False, 'test_result_base': None}[0m
[0.332s] [34mcolcon.colcon_core.verb[0m [1;30mLevel 5[0m set package 'ur_description' build argument 'cmake_args' from command line to 'None'
[0.332s] [34mcolcon.colcon_core.verb[0m [1;30mLevel 5[0m set package 'ur_description' build argument 'cmake_target' from command line to 'None'
[0.332s] [34mcolcon.colcon_core.verb[0m [1;30mLevel 5[0m set package 'ur_description' build argument 'cmake_target_skip_unavailable' from command line to 'False'
[0.332s] [34mcolcon.colcon_core.verb[0m [1;30mLevel 5[0m set package 'ur_description' build argument 'cmake_clean_cache' from command line to 'False'
[0.332s] [34mcolcon.colcon_core.verb[0m [1;30mLevel 5[0m set package 'ur_description' build argument 'cmake_clean_first' from command line to 'False'
[0.332s] [34mcolcon.colcon_core.verb[0m [1;30mLevel 5[0m set package 'ur_description' build argument 'cmake_force_configure' from command line to 'False'
[0.332s] [34mcolcon.colcon_core.verb[0m [1;30mLevel 5[0m set package 'ur_description' build argument 'ament_cmake_args' from command line to 'None'
[0.332s] [34mcolcon.colcon_core.verb[0m [1;30mLevel 5[0m set package 'ur_description' build argument 'catkin_cmake_args' from command line to 'None'
[0.332s] [34mcolcon.colcon_core.verb[0m [1;30mLevel 5[0m set package 'ur_description' build argument 'catkin_skip_building_tests' from command line to 'False'
[0.332s] [34mcolcon.colcon_core.verb[0m [1;30mDEBUG[0m [32mBuilding package 'ur_description' with the following arguments: {'ament_cmake_args': None, 'build_base': '/home/bwilab/fri_ws/src/build/ur_description', 'catkin_cmake_args': None, 'catkin_skip_building_tests': False, 'cmake_args': None, 'cmake_clean_cache': False, 'cmake_clean_first': False, 'cmake_force_configure': False, 'cmake_target': None, 'cmake_target_skip_unavailable': False, 'install_base': '/home/bwilab/fri_ws/src/install/ur_description', 'merge_install': False, 'path': '/home/bwilab/fri_ws/src/v5_arm/ur_description', 'symlink_install': False, 'test_result_base': None}[0m
[0.332s] [34mcolcon.colcon_core.verb[0m [1;30mLevel 5[0m set package 'v5_description' build argument 'cmake_args' from command line to 'None'
[0.332s] [34mcolcon.colcon_core.verb[0m [1;30mLevel 5[0m set package 'v5_description' build argument 'cmake_target' from command line to 'None'
[0.332s] [34mcolcon.colcon_core.verb[0m [1;30mLevel 5[0m set package 'v5_description' build argument 'cmake_target_skip_unavailable' from command line to 'False'
[0.332s] [34mcolcon.colcon_core.verb[0m [1;30mLevel 5[0m set package 'v5_description' build argument 'cmake_clean_cache' from command line to 'False'
[0.332s] [34mcolcon.colcon_core.verb[0m [1;30mLevel 5[0m set package 'v5_description' build argument 'cmake_clean_first' from command line to 'False'
[0.332s] [34mcolcon.colcon_core.verb[0m [1;30mLevel 5[0m set package 'v5_description' build argument 'cmake_force_configure' from command line to 'False'
[0.332s] [34mcolcon.colcon_core.verb[0m [1;30mLevel 5[0m set package 'v5_description' build argument 'ament_cmake_args' from command line to 'None'
[0.332s] [34mcolcon.colcon_core.verb[0m [1;30mLevel 5[0m set package 'v5_description' build argument 'catkin_cmake_args' from command line to 'None'
[0.332s] [34mcolcon.colcon_core.verb[0m [1;30mLevel 5[0m set package 'v5_description' build argument 'catkin_skip_building_tests' from command line to 'False'
[0.332s] [34mcolcon.colcon_core.verb[0m [1;30mDEBUG[0m [32mBuilding package 'v5_description' with the following arguments: {'ament_cmake_args': None, 'build_base': '/home/bwilab/fri_ws/src/build/v5_description', 'catkin_cmake_args': None, 'catkin_skip_building_tests': False, 'cmake_args': None, 'cmake_clean_cache': False, 'cmake_clean_first': False, 'cmake_force_configure': False, 'cmake_target': None, 'cmake_target_skip_unavailable': False, 'install_base': '/home/bwilab/fri_ws/src/install/v5_description', 'merge_install': False, 'path': '/home/bwilab/fri_ws/src/v5_description', 'symlink_install': False, 'test_result_base': None}[0m
[0.333s] [34mcolcon.colcon_core.verb[0m [1;30mLevel 5[0m set package 'ur_robot_driver' build argument 'cmake_args' from command line to 'None'
[0.333s] [34mcolcon.colcon_core.verb[0m [1;30mLevel 5[0m set package 'ur_robot_driver' build argument 'cmake_target' from command line to 'None'
[0.333s] [34mcolcon.colcon_core.verb[0m [1;30mLevel 5[0m set package 'ur_robot_driver' build argument 'cmake_target_skip_unavailable' from command line to 'False'
[0.333s] [34mcolcon.colcon_core.verb[0m [1;30mLevel 5[0m set package 'ur_robot_driver' build argument 'cmake_clean_cache' from command line to 'False'
[0.333s] [34mcolcon.colcon_core.verb[0m [1;30mLevel 5[0m set package 'ur_robot_driver' build argument 'cmake_clean_first' from command line to 'False'
[0.333s] [34mcolcon.colcon_core.verb[0m [1;30mLevel 5[0m set package 'ur_robot_driver' build argument 'cmake_force_configure' from command line to 'False'
[0.333s] [34mcolcon.colcon_core.verb[0m [1;30mLevel 5[0m set package 'ur_robot_driver' build argument 'ament_cmake_args' from command line to 'None'
[0.333s] [34mcolcon.colcon_core.verb[0m [1;30mLevel 5[0m set package 'ur_robot_driver' build argument 'catkin_cmake_args' from command line to 'None'
[0.333s] [34mcolcon.colcon_core.verb[0m [1;30mLevel 5[0m set package 'ur_robot_driver' build argument 'catkin_skip_building_tests' from command line to 'False'
[0.333s] [34mcolcon.colcon_core.verb[0m [1;30mDEBUG[0m [32mBuilding package 'ur_robot_driver' with the following arguments: {'ament_cmake_args': None, 'build_base': '/home/bwilab/fri_ws/src/build/ur_robot_driver', 'catkin_cmake_args': None, 'catkin_skip_building_tests': False, 'cmake_args': None, 'cmake_clean_cache': False, 'cmake_clean_first': False, 'cmake_force_configure': False, 'cmake_target': None, 'cmake_target_skip_unavailable': False, 'install_base': '/home/bwilab/fri_ws/src/install/ur_robot_driver', 'merge_install': False, 'path': '/home/bwilab/fri_ws/src/v5_arm/ur_robot_driver', 'symlink_install': False, 'test_result_base': None}[0m
[0.333s] [34mcolcon.colcon_core.verb[0m [1;30mLevel 5[0m set package 'v5_moveit_config' build argument 'cmake_args' from command line to 'None'
[0.333s] [34mcolcon.colcon_core.verb[0m [1;30mLevel 5[0m set package 'v5_moveit_config' build argument 'cmake_target' from command line to 'None'
[0.333s] [34mcolcon.colcon_core.verb[0m [1;30mLevel 5[0m set package 'v5_moveit_config' build argument 'cmake_target_skip_unavailable' from command line to 'False'
[0.333s] [34mcolcon.colcon_core.verb[0m [1;30mLevel 5[0m set package 'v5_moveit_config' build argument 'cmake_clean_cache' from command line to 'False'
[0.333s] [34mcolcon.colcon_core.verb[0m [1;30mLevel 5[0m set package 'v5_moveit_config' build argument 'cmake_clean_first' from command line to 'False'
[0.333s] [34mcolcon.colcon_core.verb[0m [1;30mLevel 5[0m set package 'v5_moveit_config' build argument 'cmake_force_configure' from command line to 'False'
[0.333s] [34mcolcon.colcon_core.verb[0m [1;30mLevel 5[0m set package 'v5_moveit_config' build argument 'ament_cmake_args' from command line to 'None'
[0.333s] [34mcolcon.colcon_core.verb[0m [1;30mLevel 5[0m set package 'v5_moveit_config' build argument 'catkin_cmake_args' from command line to 'None'
[0.333s] [34mcolcon.colcon_core.verb[0m [1;30mLevel 5[0m set package 'v5_moveit_config' build argument 'catkin_skip_building_tests' from command line to 'False'
[0.333s] [34mcolcon.colcon_core.verb[0m [1;30mDEBUG[0m [32mBuilding package 'v5_moveit_config' with the following arguments: {'ament_cmake_args': None, 'build_base': '/home/bwilab/fri_ws/src/build/v5_moveit_config', 'catkin_cmake_args': None, 'catkin_skip_building_tests': False, 'cmake_args': None, 'cmake_clean_cache': False, 'cmake_clean_first': False, 'cmake_force_configure': False, 'cmake_target': None, 'cmake_target_skip_unavailable': False, 'install_base': '/home/bwilab/fri_ws/src/install/v5_moveit_config', 'merge_install': False, 'path': '/home/bwilab/fri_ws/src/v5_arm/v5_moveit_config', 'symlink_install': False, 'test_result_base': None}[0m
[0.333s] [34mcolcon.colcon_core.executor[0m [1;30mINFO[0m Executing jobs using 'parallel' executor
[0.334s] [34mcolcon.colcon_parallel_executor.executor.parallel[0m [1;30mDEBUG[0m [32mrun_until_complete[0m
[0.334s] [34mcolcon.colcon_ros.task.ament_cmake.build[0m [1;30mINFO[0m Building ROS package in '/home/bwilab/fri_ws/src/v5_arm/ur_description' with build type 'ament_cmake'
[0.334s] [34mcolcon.colcon_cmake.task.cmake.build[0m [1;30mINFO[0m Building CMake package in '/home/bwilab/fri_ws/src/v5_arm/ur_description'
[0.336s] [34mcolcon.colcon_core.plugin_system[0m [1;30mINFO[0m Skipping extension 'colcon_core.shell.bat': Not used on non-Windows systems
[0.336s] [34mcolcon.colcon_core.shell[0m [1;30mINFO[0m Skip shell extension 'powershell' for command environment: Not usable outside of PowerShell
[0.336s] [34mcolcon.colcon_core.shell[0m [1;30mDEBUG[0m [32mSkip shell extension 'dsv' for command environment[0m
[0.339s] [34mcolcon.colcon_ros.task.ament_cmake.build[0m [1;30mINFO[0m Building ROS package in '/home/bwilab/fri_ws/src/v5_description' with build type 'ament_cmake'
[0.339s] [34mcolcon.colcon_cmake.task.cmake.build[0m [1;30mINFO[0m Building CMake package in '/home/bwilab/fri_ws/src/v5_description'
[0.339s] [34mcolcon.colcon_core.shell[0m [1;30mINFO[0m Skip shell extension 'powershell' for command environment: Not usable outside of PowerShell
[0.339s] [34mcolcon.colcon_core.shell[0m [1;30mDEBUG[0m [32mSkip shell extension 'dsv' for command environment[0m
[0.341s] [34mcolcon.colcon_ros.task.ament_cmake.build[0m [1;30mINFO[0m Building ROS package in '/home/bwilab/fri_ws/src/v5_arm/arm_launch' with build type 'ament_cmake'
[0.342s] [34mcolcon.colcon_cmake.task.cmake.build[0m [1;30mINFO[0m Building CMake package in '/home/bwilab/fri_ws/src/v5_arm/arm_launch'
[0.342s] [34mcolcon.colcon_core.shell[0m [1;30mINFO[0m Skip shell extension 'powershell' for command environment: Not usable outside of PowerShell
[0.342s] [34mcolcon.colcon_core.shell[0m [1;30mDEBUG[0m [32mSkip shell extension 'dsv' for command environment[0m
[0.344s] [34mcolcon.colcon_ros.task.ament_cmake.build[0m [1;30mINFO[0m Building ROS package in '/home/bwilab/fri_ws/src/Azure_Kinect_ROS2_Driver' with build type 'ament_cmake'
[0.344s] [34mcolcon.colcon_cmake.task.cmake.build[0m [1;30mINFO[0m Building CMake package in '/home/bwilab/fri_ws/src/Azure_Kinect_ROS2_Driver'
[0.344s] [34mcolcon.colcon_core.shell[0m [1;30mINFO[0m Skip shell extension 'powershell' for command environment: Not usable outside of PowerShell
[0.344s] [34mcolcon.colcon_core.shell[0m [1;30mDEBUG[0m [32mSkip shell extension 'dsv' for command environment[0m
[0.347s] [34mcolcon.colcon_ros.task.ament_cmake.build[0m [1;30mINFO[0m Building ROS package in '/home/bwilab/fri_ws/src/v5_arm/robotiq_description' with build type 'ament_cmake'
[0.347s] [34mcolcon.colcon_cmake.task.cmake.build[0m [1;30mINFO[0m Building CMake package in '/home/bwilab/fri_ws/src/v5_arm/robotiq_description'
[0.347s] [34mcolcon.colcon_core.shell[0m [1;30mINFO[0m Skip shell extension 'powershell' for command environment: Not usable outside of PowerShell
[0.347s] [34mcolcon.colcon_core.shell[0m [1;30mDEBUG[0m [32mSkip shell extension 'dsv' for command environment[0m
[0.349s] [34mcolcon.colcon_ros.task.ament_python.build[0m [1;30mINFO[0m Building ROS package in '/home/bwilab/fri_ws/src/v5_arm/robotiq_gripper_driver' with build type 'ament_python'
[0.350s] [34mcolcon.colcon_core.shell[0m [1;30mLevel 1[0m create_environment_hook('robotiq_gripper_driver', 'ament_prefix_path')
[0.350s] [34mcolcon.colcon_core.shell[0m [1;30mINFO[0m Creating environment hook '/home/bwilab/fri_ws/src/install/robotiq_gripper_driver/share/robotiq_gripper_driver/hook/ament_prefix_path.ps1'
[0.350s] [34mcolcon.colcon_core.shell[0m [1;30mINFO[0m Creating environment descriptor '/home/bwilab/fri_ws/src/install/robotiq_gripper_driver/share/robotiq_gripper_driver/hook/ament_prefix_path.dsv'
[0.350s] [34mcolcon.colcon_core.shell[0m [1;30mINFO[0m Creating environment hook '/home/bwilab/fri_ws/src/install/robotiq_gripper_driver/share/robotiq_gripper_driver/hook/ament_prefix_path.sh'
[0.351s] [34mcolcon.colcon_core.shell[0m [1;30mINFO[0m Skip shell extension 'powershell' for command environment: Not usable outside of PowerShell
[0.351s] [34mcolcon.colcon_core.shell[0m [1;30mDEBUG[0m [32mSkip shell extension 'dsv' for command environment[0m
[0.353s] [34mcolcon.colcon_ros.task.ament_python.build[0m [1;30mINFO[0m Building ROS package in '/home/bwilab/fri_ws/src/ur5_wave' with build type 'ament_python'
[0.353s] [34mcolcon.colcon_core.shell[0m [1;30mLevel 1[0m create_environment_hook('ur5_wave', 'ament_prefix_path')
[0.353s] [34mcolcon.colcon_core.shell[0m [1;30mINFO[0m Creating environment hook '/home/bwilab/fri_ws/src/install/ur5_wave/share/ur5_wave/hook/ament_prefix_path.ps1'
[0.354s] [34mcolcon.colcon_core.shell[0m [1;30mINFO[0m Creating environment descriptor '/home/bwilab/fri_ws/src/install/ur5_wave/share/ur5_wave/hook/ament_prefix_path.dsv'
[0.354s] [34mcolcon.colcon_core.shell[0m [1;30mINFO[0m Creating environment hook '/home/bwilab/fri_ws/src/install/ur5_wave/share/ur5_wave/hook/ament_prefix_path.sh'
[0.354s] [34mcolcon.colcon_core.shell[0m [1;30mINFO[0m Skip shell extension 'powershell' for command environment: Not usable outside of PowerShell
[0.354s] [34mcolcon.colcon_core.shell[0m [1;30mDEBUG[0m [32mSkip shell extension 'dsv' for command environment[0m
[0.360s] [34mcolcon.colcon_core.event_handler.log_command[0m [1;30mDEBUG[0m [32mInvoking command in '/home/bwilab/fri_ws/src/build/ur_description': CMAKE_PREFIX_PATH=/opt/ros/humble CONDA_PROMPT_MODIFIER=(base) /home/bwilab/.local/bin/cmake --build /home/bwilab/fri_ws/src/build/ur_description -- -j16 -l16[0m
[0.362s] [34mcolcon.colcon_core.event_handler.log_command[0m [1;30mDEBUG[0m [32mInvoking command in '/home/bwilab/fri_ws/src/build/v5_description': CMAKE_PREFIX_PATH=/opt/ros/humble CONDA_PROMPT_MODIFIER=(base) /home/bwilab/.local/bin/cmake --build /home/bwilab/fri_ws/src/build/v5_description -- -j16 -l16[0m
[0.364s] [34mcolcon.colcon_core.event_handler.log_command[0m [1;30mDEBUG[0m [32mInvoking command in '/home/bwilab/fri_ws/src/build/arm_launch': CMAKE_PREFIX_PATH=/opt/ros/humble CONDA_PROMPT_MODIFIER=(base) /home/bwilab/.local/bin/cmake --build /home/bwilab/fri_ws/src/build/arm_launch -- -j16 -l16[0m
[0.365s] [34mcolcon.colcon_core.event_handler.log_command[0m [1;30mDEBUG[0m [32mInvoking command in '/home/bwilab/fri_ws/src/build/azure_kinect_ros2_driver': CMAKE_PREFIX_PATH=/opt/ros/humble CONDA_PROMPT_MODIFIER=(base) /home/bwilab/.local/bin/cmake /home/bwilab/fri_ws/src/Azure_Kinect_ROS2_Driver -DCMAKE_INSTALL_PREFIX=/home/bwilab/fri_ws/src/install/azure_kinect_ros2_driver[0m
[0.367s] [34mcolcon.colcon_core.event_handler.log_command[0m [1;30mDEBUG[0m [32mInvoking command in '/home/bwilab/fri_ws/src/build/robotiq_description': CMAKE_PREFIX_PATH=/opt/ros/humble CONDA_PROMPT_MODIFIER=(base) /home/bwilab/.local/bin/cmake --build /home/bwilab/fri_ws/src/build/robotiq_description -- -j16 -l16[0m
[0.616s] [34mcolcon.colcon_core.task.python.build[0m [1;30mINFO[0m Building Python package in '/home/bwilab/fri_ws/src/v5_arm/robotiq_gripper_driver'
[0.617s] [34mcolcon.colcon_core.shell[0m [1;30mINFO[0m Skip shell extension 'powershell' for command environment: Not usable outside of PowerShell
[0.617s] [34mcolcon.colcon_core.shell[0m [1;30mDEBUG[0m [32mSkip shell extension 'dsv' for command environment[0m
[0.629s] [34mcolcon.colcon_core.event_handler.log_command[0m [1;30mDEBUG[0m [32mInvoked command in '/home/bwilab/fri_ws/src/build/arm_launch' returned '0': CMAKE_PREFIX_PATH=/opt/ros/humble CONDA_PROMPT_MODIFIER=(base) /home/bwilab/.local/bin/cmake --build /home/bwilab/fri_ws/src/build/arm_launch -- -j16 -l16[0m
[0.629s] [34mcolcon.colcon_core.event_handler.log_command[0m [1;30mDEBUG[0m [32mInvoked command in '/home/bwilab/fri_ws/src/build/robotiq_description' returned '0': CMAKE_PREFIX_PATH=/opt/ros/humble CONDA_PROMPT_MODIFIER=(base) /home/bwilab/.local/bin/cmake --build /home/bwilab/fri_ws/src/build/robotiq_description -- -j16 -l16[0m
[0.629s] [34mcolcon.colcon_core.event_handler.log_command[0m [1;30mDEBUG[0m [32mInvoked command in '/home/bwilab/fri_ws/src/build/v5_description' returned '0': CMAKE_PREFIX_PATH=/opt/ros/humble CONDA_PROMPT_MODIFIER=(base) /home/bwilab/.local/bin/cmake --build /home/bwilab/fri_ws/src/build/v5_description -- -j16 -l16[0m
[0.629s] [34mcolcon.colcon_core.event_handler.log_command[0m [1;30mDEBUG[0m [32mInvoked command in '/home/bwilab/fri_ws/src/build/ur_description' returned '0': CMAKE_PREFIX_PATH=/opt/ros/humble CONDA_PROMPT_MODIFIER=(base) /home/bwilab/.local/bin/cmake --build /home/bwilab/fri_ws/src/build/ur_description -- -j16 -l16[0m
[0.874s] [34mcolcon.colcon_core.task.python.build[0m [1;30mINFO[0m Building Python package in '/home/bwilab/fri_ws/src/ur5_wave'
[0.874s] [34mcolcon.colcon_core.shell[0m [1;30mINFO[0m Skip shell extension 'powershell' for command environment: Not usable outside of PowerShell
[0.874s] [34mcolcon.colcon_core.shell[0m [1;30mDEBUG[0m [32mSkip shell extension 'dsv' for command environment[0m
[0.905s] [34mcolcon.colcon_core.event_handler.log_command[0m [1;30mDEBUG[0m [32mInvoking command in '/home/bwilab/fri_ws/src/build/arm_launch': CMAKE_PREFIX_PATH=/opt/ros/humble CONDA_PROMPT_MODIFIER=(base) /home/bwilab/.local/bin/cmake --install /home/bwilab/fri_ws/src/build/arm_launch[0m
[0.906s] [34mcolcon.colcon_core.event_handler.log_command[0m [1;30mDEBUG[0m [32mInvoking command in '/home/bwilab/fri_ws/src/build/robotiq_description': CMAKE_PREFIX_PATH=/opt/ros/humble CONDA_PROMPT_MODIFIER=(base) /home/bwilab/.local/bin/cmake --install /home/bwilab/fri_ws/src/build/robotiq_description[0m
[0.907s] [34mcolcon.colcon_core.event_handler.log_command[0m [1;30mDEBUG[0m [32mInvoking command in '/home/bwilab/fri_ws/src/build/v5_description': CMAKE_PREFIX_PATH=/opt/ros/humble CONDA_PROMPT_MODIFIER=(base) /home/bwilab/.local/bin/cmake --install /home/bwilab/fri_ws/src/build/v5_description[0m
[0.909s] [34mcolcon.colcon_core.event_handler.log_command[0m [1;30mDEBUG[0m [32mInvoking command in '/home/bwilab/fri_ws/src/build/ur_description': CMAKE_PREFIX_PATH=/opt/ros/humble CONDA_PROMPT_MODIFIER=(base) /home/bwilab/.local/bin/cmake --install /home/bwilab/fri_ws/src/build/ur_description[0m
[0.934s] [34mcolcon.colcon_core.environment[0m [1;30mLevel 1[0m create_environment_scripts_only(arm_launch)
[0.942s] [34mcolcon.colcon_core.environment[0m [1;30mLevel 1[0m checking '/home/bwilab/fri_ws/src/install/arm_launch' for CMake module files
[0.944s] [34mcolcon.colcon_core.environment[0m [1;30mLevel 1[0m checking '/home/bwilab/fri_ws/src/install/arm_launch' for CMake config files
[0.944s] [34mcolcon.colcon_core.shell[0m [1;30mLevel 1[0m create_environment_hook('arm_launch', 'cmake_prefix_path')
[0.944s] [34mcolcon.colcon_core.shell[0m [1;30mINFO[0m Creating environment hook '/home/bwilab/fri_ws/src/install/arm_launch/share/arm_launch/hook/cmake_prefix_path.ps1'
[0.945s] [34mcolcon.colcon_core.shell[0m [1;30mINFO[0m Creating environment descriptor '/home/bwilab/fri_ws/src/install/arm_launch/share/arm_launch/hook/cmake_prefix_path.dsv'
[0.946s] [34mcolcon.colcon_core.shell[0m [1;30mINFO[0m Creating environment hook '/home/bwilab/fri_ws/src/install/arm_launch/share/arm_launch/hook/cmake_prefix_path.sh'
[0.947s] [34mcolcon.colcon_core.environment[0m [1;30mLevel 1[0m checking '/home/bwilab/fri_ws/src/install/arm_launch/bin'
[0.947s] [34mcolcon.colcon_core.environment[0m [1;30mLevel 1[0m checking '/home/bwilab/fri_ws/src/install/arm_launch/lib/pkgconfig/arm_launch.pc'
[0.948s] [34mcolcon.colcon_core.environment[0m [1;30mLevel 1[0m checking '/home/bwilab/fri_ws/src/install/arm_launch/lib/python3.10/site-packages'
[0.948s] [34mcolcon.colcon_core.environment[0m [1;30mLevel 1[0m checking '/home/bwilab/fri_ws/src/install/arm_launch/bin'
[0.948s] [34mcolcon.colcon_core.shell[0m [1;30mINFO[0m Creating package script '/home/bwilab/fri_ws/src/install/arm_launch/share/arm_launch/package.ps1'
[0.950s] [34mcolcon.colcon_core.shell[0m [1;30mINFO[0m Creating package descriptor '/home/bwilab/fri_ws/src/install/arm_launch/share/arm_launch/package.dsv'
[0.951s] [34mcolcon.colcon_core.shell[0m [1;30mINFO[0m Creating package script '/home/bwilab/fri_ws/src/install/arm_launch/share/arm_launch/package.sh'
[0.952s] [34mcolcon.colcon_core.shell[0m [1;30mINFO[0m Creating package script '/home/bwilab/fri_ws/src/install/arm_launch/share/arm_launch/package.bash'
[0.953s] [34mcolcon.colcon_core.shell[0m [1;30mINFO[0m Creating package script '/home/bwilab/fri_ws/src/install/arm_launch/share/arm_launch/package.zsh'
[0.954s] [34mcolcon.colcon_core.environment[0m [1;30mLevel 1[0m create_file_with_runtime_dependencies(/home/bwilab/fri_ws/src/install/arm_launch/share/colcon-core/packages/arm_launch)
[0.956s] [34mcolcon.colcon_core.environment[0m [1;30mLevel 1[0m create_environment_scripts_only(v5_description)
[0.956s] [34mcolcon.colcon_core.environment[0m [1;30mLevel 1[0m checking '/home/bwilab/fri_ws/src/install/v5_description' for CMake module files
[0.958s] [34mcolcon.colcon_core.event_handler.log_command[0m [1;30mDEBUG[0m [32mInvoked command in '/home/bwilab/fri_ws/src/build/arm_launch' returned '0': CMAKE_PREFIX_PATH=/opt/ros/humble CONDA_PROMPT_MODIFIER=(base) /home/bwilab/.local/bin/cmake --install /home/bwilab/fri_ws/src/build/arm_launch[0m
[0.959s] [34mcolcon.colcon_core.environment[0m [1;30mLevel 1[0m checking '/home/bwilab/fri_ws/src/install/v5_description' for CMake config files
[0.960s] [34mcolcon.colcon_core.event_handler.log_command[0m [1;30mDEBUG[0m [32mInvoked command in '/home/bwilab/fri_ws/src/build/v5_description' returned '0': CMAKE_PREFIX_PATH=/opt/ros/humble CONDA_PROMPT_MODIFIER=(base) /home/bwilab/.local/bin/cmake --install /home/bwilab/fri_ws/src/build/v5_description[0m
[0.960s] [34mcolcon.colcon_core.shell[0m [1;30mLevel 1[0m create_environment_hook('v5_description', 'cmake_prefix_path')
[0.960s] [34mcolcon.colcon_core.shell[0m [1;30mINFO[0m Creating environment hook '/home/bwilab/fri_ws/src/install/v5_description/share/v5_description/hook/cmake_prefix_path.ps1'
[0.960s] [34mcolcon.colcon_core.shell[0m [1;30mINFO[0m Creating environment descriptor '/home/bwilab/fri_ws/src/install/v5_description/share/v5_description/hook/cmake_prefix_path.dsv'
[0.961s] [34mcolcon.colcon_core.shell[0m [1;30mINFO[0m Creating environment hook '/home/bwilab/fri_ws/src/install/v5_description/share/v5_description/hook/cmake_prefix_path.sh'
[0.961s] [34mcolcon.colcon_core.environment[0m [1;30mLevel 1[0m checking '/home/bwilab/fri_ws/src/install/v5_description/bin'
[0.961s] [34mcolcon.colcon_core.environment[0m [1;30mLevel 1[0m checking '/home/bwilab/fri_ws/src/install/v5_description/lib/pkgconfig/v5_description.pc'
[0.961s] [34mcolcon.colcon_core.environment[0m [1;30mLevel 1[0m checking '/home/bwilab/fri_ws/src/install/v5_description/lib/python3.10/site-packages'
[0.961s] [34mcolcon.colcon_core.environment[0m [1;30mLevel 1[0m checking '/home/bwilab/fri_ws/src/install/v5_description/bin'
[0.962s] [34mcolcon.colcon_core.shell[0m [1;30mINFO[0m Creating package script '/home/bwilab/fri_ws/src/install/v5_description/share/v5_description/package.ps1'
[0.962s] [34mcolcon.colcon_core.shell[0m [1;30mINFO[0m Creating package descriptor '/home/bwilab/fri_ws/src/install/v5_description/share/v5_description/package.dsv'
[0.962s] [34mcolcon.colcon_core.shell[0m [1;30mINFO[0m Creating package script '/home/bwilab/fri_ws/src/install/v5_description/share/v5_description/package.sh'
[0.963s] [34mcolcon.colcon_core.shell[0m [1;30mINFO[0m Creating package script '/home/bwilab/fri_ws/src/install/v5_description/share/v5_description/package.bash'
[0.963s] [34mcolcon.colcon_core.shell[0m [1;30mINFO[0m Creating package script '/home/bwilab/fri_ws/src/install/v5_description/share/v5_description/package.zsh'
[0.963s] [34mcolcon.colcon_core.environment[0m [1;30mLevel 1[0m create_file_with_runtime_dependencies(/home/bwilab/fri_ws/src/install/v5_description/share/colcon-core/packages/v5_description)
[0.965s] [34mcolcon.colcon_core.environment[0m [1;30mLevel 1[0m create_environment_scripts_only(ur_description)
[0.965s] [34mcolcon.colcon_core.environment[0m [1;30mLevel 1[0m checking '/home/bwilab/fri_ws/src/install/ur_description' for CMake module files
[0.965s] [34mcolcon.colcon_core.event_handler.log_command[0m [1;30mDEBUG[0m [32mInvoked command in '/home/bwilab/fri_ws/src/build/ur_description' returned '0': CMAKE_PREFIX_PATH=/opt/ros/humble CONDA_PROMPT_MODIFIER=(base) /home/bwilab/.local/bin/cmake --install /home/bwilab/fri_ws/src/build/ur_description[0m
[0.965s] [34mcolcon.colcon_core.environment[0m [1;30mLevel 1[0m checking '/home/bwilab/fri_ws/src/install/ur_description' for CMake config files
[0.966s] [34mcolcon.colcon_core.shell[0m [1;30mLevel 1[0m create_environment_hook('ur_description', 'cmake_prefix_path')
[0.966s] [34mcolcon.colcon_core.shell[0m [1;30mINFO[0m Creating environment hook '/home/bwilab/fri_ws/src/install/ur_description/share/ur_description/hook/cmake_prefix_path.ps1'
[0.966s] [34mcolcon.colcon_core.shell[0m [1;30mINFO[0m Creating environment descriptor '/home/bwilab/fri_ws/src/install/ur_description/share/ur_description/hook/cmake_prefix_path.dsv'
[0.966s] [34mcolcon.colcon_core.shell[0m [1;30mINFO[0m Creating environment hook '/home/bwilab/fri_ws/src/install/ur_description/share/ur_description/hook/cmake_prefix_path.sh'
[0.967s] [34mcolcon.colcon_core.environment[0m [1;30mLevel 1[0m checking '/home/bwilab/fri_ws/src/install/ur_description/bin'
[0.967s] [34mcolcon.colcon_core.environment[0m [1;30mLevel 1[0m checking '/home/bwilab/fri_ws/src/install/ur_description/lib/pkgconfig/ur_description.pc'
[0.967s] [34mcolcon.colcon_core.environment[0m [1;30mLevel 1[0m checking '/home/bwilab/fri_ws/src/install/ur_description/lib/python3.10/site-packages'
[0.967s] [34mcolcon.colcon_core.environment[0m [1;30mLevel 1[0m checking '/home/bwilab/fri_ws/src/install/ur_description/bin'
[0.967s] [34mcolcon.colcon_core.shell[0m [1;30mINFO[0m Creating package script '/home/bwilab/fri_ws/src/install/ur_description/share/ur_description/package.ps1'
[0.968s] [34mcolcon.colcon_core.shell[0m [1;30mINFO[0m Creating package descriptor '/home/bwilab/fri_ws/src/install/ur_description/share/ur_description/package.dsv'
[0.968s] [34mcolcon.colcon_core.shell[0m [1;30mINFO[0m Creating package script '/home/bwilab/fri_ws/src/install/ur_description/share/ur_description/package.sh'
[0.968s] [34mcolcon.colcon_core.shell[0m [1;30mINFO[0m Creating package script '/home/bwilab/fri_ws/src/install/ur_description/share/ur_description/package.bash'
[0.969s] [34mcolcon.colcon_core.shell[0m [1;30mINFO[0m Creating package script '/home/bwilab/fri_ws/src/install/ur_description/share/ur_description/package.zsh'
[0.969s] [34mcolcon.colcon_core.environment[0m [1;30mLevel 1[0m create_file_with_runtime_dependencies(/home/bwilab/fri_ws/src/install/ur_description/share/colcon-core/packages/ur_description)
[0.970s] [34mcolcon.colcon_core.environment[0m [1;30mLevel 1[0m create_environment_scripts_only(robotiq_description)
[0.970s] [34mcolcon.colcon_core.environment[0m [1;30mLevel 1[0m checking '/home/bwilab/fri_ws/src/install/robotiq_description' for CMake module files
[0.970s] [34mcolcon.colcon_core.event_handler.log_command[0m [1;30mDEBUG[0m [32mInvoked command in '/home/bwilab/fri_ws/src/build/robotiq_description' returned '0': CMAKE_PREFIX_PATH=/opt/ros/humble CONDA_PROMPT_MODIFIER=(base) /home/bwilab/.local/bin/cmake --install /home/bwilab/fri_ws/src/build/robotiq_description[0m
[0.971s] [34mcolcon.colcon_core.environment[0m [1;30mLevel 1[0m checking '/home/bwilab/fri_ws/src/install/robotiq_description' for CMake config files
[0.971s] [34mcolcon.colcon_core.shell[0m [1;30mLevel 1[0m create_environment_hook('robotiq_description', 'cmake_prefix_path')
[0.971s] [34mcolcon.colcon_core.shell[0m [1;30mINFO[0m Creating environment hook '/home/bwilab/fri_ws/src/install/robotiq_description/share/robotiq_description/hook/cmake_prefix_path.ps1'
[0.971s] [34mcolcon.colcon_core.shell[0m [1;30mINFO[0m Creating environment descriptor '/home/bwilab/fri_ws/src/install/robotiq_description/share/robotiq_description/hook/cmake_prefix_path.dsv'
[0.972s] [34mcolcon.colcon_core.shell[0m [1;30mINFO[0m Creating environment hook '/home/bwilab/fri_ws/src/install/robotiq_description/share/robotiq_description/hook/cmake_prefix_path.sh'
[0.972s] [34mcolcon.colcon_core.environment[0m [1;30mLevel 1[0m checking '/home/bwilab/fri_ws/src/install/robotiq_description/bin'
[0.972s] [34mcolcon.colcon_core.environment[0m [1;30mLevel 1[0m checking '/home/bwilab/fri_ws/src/install/robotiq_description/lib/pkgconfig/robotiq_description.pc'
[0.972s] [34mcolcon.colcon_core.environment[0m [1;30mLevel 1[0m checking '/home/bwilab/fri_ws/src/install/robotiq_description/lib/python3.10/site-packages'
[0.972s] [34mcolcon.colcon_core.environment[0m [1;30mLevel 1[0m checking '/home/bwilab/fri_ws/src/install/robotiq_description/bin'
[0.973s] [34mcolcon.colcon_core.shell[0m [1;30mINFO[0m Creating package script '/home/bwilab/fri_ws/src/install/robotiq_description/share/robotiq_description/package.ps1'
[0.973s] [34mcolcon.colcon_core.shell[0m [1;30mINFO[0m Creating package descriptor '/home/bwilab/fri_ws/src/install/robotiq_description/share/robotiq_description/package.dsv'
[0.973s] [34mcolcon.colcon_core.shell[0m [1;30mINFO[0m Creating package script '/home/bwilab/fri_ws/src/install/robotiq_description/share/robotiq_description/package.sh'
[0.973s] [34mcolcon.colcon_core.shell[0m [1;30mINFO[0m Creating package script '/home/bwilab/fri_ws/src/install/robotiq_description/share/robotiq_description/package.bash'
[0.974s] [34mcolcon.colcon_core.shell[0m [1;30mINFO[0m Creating package script '/home/bwilab/fri_ws/src/install/robotiq_description/share/robotiq_description/package.zsh'
[0.974s] [34mcolcon.colcon_core.environment[0m [1;30mLevel 1[0m create_file_with_runtime_dependencies(/home/bwilab/fri_ws/src/install/robotiq_description/share/colcon-core/packages/robotiq_description)
[0.989s] [34mcolcon.colcon_core.environment[0m [1;30mLevel 1[0m create_environment_scripts_only(arm_launch)
[0.989s] [34mcolcon.colcon_core.environment[0m [1;30mLevel 1[0m checking '/home/bwilab/fri_ws/src/install/arm_launch' for CMake module files
[0.989s] [34mcolcon.colcon_core.environment[0m [1;30mLevel 1[0m checking '/home/bwilab/fri_ws/src/install/arm_launch' for CMake config files
[0.989s] [34mcolcon.colcon_core.shell[0m [1;30mLevel 1[0m create_environment_hook('arm_launch', 'cmake_prefix_path')
[0.990s] [34mcolcon.colcon_core.shell[0m [1;30mINFO[0m Creating environment hook '/home/bwilab/fri_ws/src/install/arm_launch/share/arm_launch/hook/cmake_prefix_path.ps1'
[0.990s] [34mcolcon.colcon_core.shell[0m [1;30mINFO[0m Creating environment descriptor '/home/bwilab/fri_ws/src/install/arm_launch/share/arm_launch/hook/cmake_prefix_path.dsv'
[0.990s] [34mcolcon.colcon_core.shell[0m [1;30mINFO[0m Creating environment hook '/home/bwilab/fri_ws/src/install/arm_launch/share/arm_launch/hook/cmake_prefix_path.sh'
[0.991s] [34mcolcon.colcon_core.environment[0m [1;30mLevel 1[0m checking '/home/bwilab/fri_ws/src/install/arm_launch/bin'
[0.991s] [34mcolcon.colcon_core.environment[0m [1;30mLevel 1[0m checking '/home/bwilab/fri_ws/src/install/arm_launch/lib/pkgconfig/arm_launch.pc'
[0.991s] [34mcolcon.colcon_core.environment[0m [1;30mLevel 1[0m checking '/home/bwilab/fri_ws/src/install/arm_launch/lib/python3.10/site-packages'
[0.991s] [34mcolcon.colcon_core.environment[0m [1;30mLevel 1[0m checking '/home/bwilab/fri_ws/src/install/arm_launch/bin'
[0.991s] [34mcolcon.colcon_core.shell[0m [1;30mINFO[0m Creating package script '/home/bwilab/fri_ws/src/install/arm_launch/share/arm_launch/package.ps1'
[0.992s] [34mcolcon.colcon_core.shell[0m [1;30mINFO[0m Creating package descriptor '/home/bwilab/fri_ws/src/install/arm_launch/share/arm_launch/package.dsv'
[0.992s] [34mcolcon.colcon_core.shell[0m [1;30mINFO[0m Creating package script '/home/bwilab/fri_ws/src/install/arm_launch/share/arm_launch/package.sh'
[0.993s] [34mcolcon.colcon_core.shell[0m [1;30mINFO[0m Creating package script '/home/bwilab/fri_ws/src/install/arm_launch/share/arm_launch/package.bash'
[0.993s] [34mcolcon.colcon_core.shell[0m [1;30mINFO[0m Creating package script '/home/bwilab/fri_ws/src/install/arm_launch/share/arm_launch/package.zsh'
[0.993s] [34mcolcon.colcon_core.environment[0m [1;30mLevel 1[0m create_file_with_runtime_dependencies(/home/bwilab/fri_ws/src/install/arm_launch/share/colcon-core/packages/arm_launch)
[0.998s] [34mcolcon.colcon_core.environment[0m [1;30mLevel 1[0m create_environment_scripts_only(v5_description)
[0.998s] [34mcolcon.colcon_core.environment[0m [1;30mLevel 1[0m checking '/home/bwilab/fri_ws/src/install/v5_description' for CMake module files
[0.999s] [34mcolcon.colcon_core.environment[0m [1;30mLevel 1[0m checking '/home/bwilab/fri_ws/src/install/v5_description' for CMake config files
[0.999s] [34mcolcon.colcon_core.shell[0m [1;30mLevel 1[0m create_environment_hook('v5_description', 'cmake_prefix_path')
[0.999s] [34mcolcon.colcon_core.shell[0m [1;30mINFO[0m Creating environment hook '/home/bwilab/fri_ws/src/install/v5_description/share/v5_description/hook/cmake_prefix_path.ps1'
[1.000s] [34mcolcon.colcon_core.shell[0m [1;30mINFO[0m Creating environment descriptor '/home/bwilab/fri_ws/src/install/v5_description/share/v5_description/hook/cmake_prefix_path.dsv'
[1.000s] [34mcolcon.colcon_core.shell[0m [1;30mINFO[0m Creating environment hook '/home/bwilab/fri_ws/src/install/v5_description/share/v5_description/hook/cmake_prefix_path.sh'
[1.000s] [34mcolcon.colcon_core.environment[0m [1;30mLevel 1[0m checking '/home/bwilab/fri_ws/src/install/v5_description/bin'
[1.000s] [34mcolcon.colcon_core.environment[0m [1;30mLevel 1[0m checking '/home/bwilab/fri_ws/src/install/v5_description/lib/pkgconfig/v5_description.pc'
[1.001s] [34mcolcon.colcon_core.environment[0m [1;30mLevel 1[0m checking '/home/bwilab/fri_ws/src/install/v5_description/lib/python3.10/site-packages'
[1.001s] [34mcolcon.colcon_core.environment[0m [1;30mLevel 1[0m checking '/home/bwilab/fri_ws/src/install/v5_description/bin'
[1.001s] [34mcolcon.colcon_core.shell[0m [1;30mINFO[0m Creating package script '/home/bwilab/fri_ws/src/install/v5_description/share/v5_description/package.ps1'
[1.001s] [34mcolcon.colcon_core.shell[0m [1;30mINFO[0m Creating package descriptor '/home/bwilab/fri_ws/src/install/v5_description/share/v5_description/package.dsv'
[1.002s] [34mcolcon.colcon_core.shell[0m [1;30mINFO[0m Creating package script '/home/bwilab/fri_ws/src/install/v5_description/share/v5_description/package.sh'
[1.002s] [34mcolcon.colcon_core.shell[0m [1;30mINFO[0m Creating package script '/home/bwilab/fri_ws/src/install/v5_description/share/v5_description/package.bash'
[1.002s] [34mcolcon.colcon_core.shell[0m [1;30mINFO[0m Creating package script '/home/bwilab/fri_ws/src/install/v5_description/share/v5_description/package.zsh'
[1.003s] [34mcolcon.colcon_core.environment[0m [1;30mLevel 1[0m create_file_with_runtime_dependencies(/home/bwilab/fri_ws/src/install/v5_description/share/colcon-core/packages/v5_description)
[1.003s] [34mcolcon.colcon_ros.task.ament_cmake.build[0m [1;30mINFO[0m Building ROS package in '/home/bwilab/fri_ws/src/v5_arm/v5_moveit_config' with build type 'ament_cmake'
[1.003s] [34mcolcon.colcon_cmake.task.cmake.build[0m [1;30mINFO[0m Building CMake package in '/home/bwilab/fri_ws/src/v5_arm/v5_moveit_config'
[1.003s] [34mcolcon.colcon_core.shell[0m [1;30mINFO[0m Skip shell extension 'powershell' for command environment: Not usable outside of PowerShell
[1.003s] [34mcolcon.colcon_core.shell[0m [1;30mDEBUG[0m [32mSkip shell extension 'dsv' for command environment[0m
[1.007s] [34mcolcon.colcon_core.environment[0m [1;30mLevel 1[0m create_environment_scripts_only(ur_description)
[1.008s] [34mcolcon.colcon_core.environment[0m [1;30mLevel 1[0m checking '/home/bwilab/fri_ws/src/install/ur_description' for CMake module files
[1.008s] [34mcolcon.colcon_core.environment[0m [1;30mLevel 1[0m checking '/home/bwilab/fri_ws/src/install/ur_description' for CMake config files
[1.008s] [34mcolcon.colcon_core.shell[0m [1;30mLevel 1[0m create_environment_hook('ur_description', 'cmake_prefix_path')
[1.008s] [34mcolcon.colcon_core.shell[0m [1;30mINFO[0m Creating environment hook '/home/bwilab/fri_ws/src/install/ur_description/share/ur_description/hook/cmake_prefix_path.ps1'
[1.009s] [34mcolcon.colcon_core.shell[0m [1;30mINFO[0m Creating environment descriptor '/home/bwilab/fri_ws/src/install/ur_description/share/ur_description/hook/cmake_prefix_path.dsv'
[1.009s] [34mcolcon.colcon_core.shell[0m [1;30mINFO[0m Creating environment hook '/home/bwilab/fri_ws/src/install/ur_description/share/ur_description/hook/cmake_prefix_path.sh'
[1.009s] [34mcolcon.colcon_core.environment[0m [1;30mLevel 1[0m checking '/home/bwilab/fri_ws/src/install/ur_description/bin'
[1.009s] [34mcolcon.colcon_core.environment[0m [1;30mLevel 1[0m checking '/home/bwilab/fri_ws/src/install/ur_description/lib/pkgconfig/ur_description.pc'
[1.010s] [34mcolcon.colcon_core.environment[0m [1;30mLevel 1[0m checking '/home/bwilab/fri_ws/src/install/ur_description/lib/python3.10/site-packages'
[1.010s] [34mcolcon.colcon_core.environment[0m [1;30mLevel 1[0m checking '/home/bwilab/fri_ws/src/install/ur_description/bin'
[1.010s] [34mcolcon.colcon_core.shell[0m [1;30mINFO[0m Creating package script '/home/bwilab/fri_ws/src/install/ur_description/share/ur_description/package.ps1'
[1.010s] [34mcolcon.colcon_core.shell[0m [1;30mINFO[0m Creating package descriptor '/home/bwilab/fri_ws/src/install/ur_description/share/ur_description/package.dsv'
[1.011s] [34mcolcon.colcon_core.shell[0m [1;30mINFO[0m Creating package script '/home/bwilab/fri_ws/src/install/ur_description/share/ur_description/package.sh'
[1.011s] [34mcolcon.colcon_core.shell[0m [1;30mINFO[0m Creating package script '/home/bwilab/fri_ws/src/install/ur_description/share/ur_description/package.bash'
[1.011s] [34mcolcon.colcon_core.shell[0m [1;30mINFO[0m Creating package script '/home/bwilab/fri_ws/src/install/ur_description/share/ur_description/package.zsh'
[1.012s] [34mcolcon.colcon_core.environment[0m [1;30mLevel 1[0m create_file_with_runtime_dependencies(/home/bwilab/fri_ws/src/install/ur_description/share/colcon-core/packages/ur_description)
[1.012s] [34mcolcon.colcon_ros.task.ament_cmake.build[0m [1;30mINFO[0m Building ROS package in '/home/bwilab/fri_ws/src/v5_arm/ur_robot_driver' with build type 'ament_cmake'
[1.013s] [34mcolcon.colcon_cmake.task.cmake.build[0m [1;30mINFO[0m Building CMake package in '/home/bwilab/fri_ws/src/v5_arm/ur_robot_driver'
[1.013s] [34mcolcon.colcon_core.shell[0m [1;30mINFO[0m Skip shell extension 'powershell' for command environment: Not usable outside of PowerShell
[1.013s] [34mcolcon.colcon_core.shell[0m [1;30mDEBUG[0m [32mSkip shell extension 'dsv' for command environment[0m
[1.016s] [34mcolcon.colcon_core.environment[0m [1;30mLevel 1[0m create_environment_scripts_only(robotiq_description)
[1.016s] [34mcolcon.colcon_core.environment[0m [1;30mLevel 1[0m checking '/home/bwilab/fri_ws/src/install/robotiq_description' for CMake module files
[1.016s] [34mcolcon.colcon_core.environment[0m [1;30mLevel 1[0m checking '/home/bwilab/fri_ws/src/install/robotiq_description' for CMake config files
[1.016s] [34mcolcon.colcon_core.shell[0m [1;30mLevel 1[0m create_environment_hook('robotiq_description', 'cmake_prefix_path')
[1.017s] [34mcolcon.colcon_core.shell[0m [1;30mINFO[0m Creating environment hook '/home/bwilab/fri_ws/src/install/robotiq_description/share/robotiq_description/hook/cmake_prefix_path.ps1'
[1.017s] [34mcolcon.colcon_core.shell[0m [1;30mINFO[0m Creating environment descriptor '/home/bwilab/fri_ws/src/install/robotiq_description/share/robotiq_description/hook/cmake_prefix_path.dsv'
[1.017s] [34mcolcon.colcon_core.shell[0m [1;30mINFO[0m Creating environment hook '/home/bwilab/fri_ws/src/install/robotiq_description/share/robotiq_description/hook/cmake_prefix_path.sh'
[1.018s] [34mcolcon.colcon_core.environment[0m [1;30mLevel 1[0m checking '/home/bwilab/fri_ws/src/install/robotiq_description/bin'
[1.018s] [34mcolcon.colcon_core.environment[0m [1;30mLevel 1[0m checking '/home/bwilab/fri_ws/src/install/robotiq_description/lib/pkgconfig/robotiq_description.pc'
[1.018s] [34mcolcon.colcon_core.environment[0m [1;30mLevel 1[0m checking '/home/bwilab/fri_ws/src/install/robotiq_description/lib/python3.10/site-packages'
[1.018s] [34mcolcon.colcon_core.environment[0m [1;30mLevel 1[0m checking '/home/bwilab/fri_ws/src/install/robotiq_description/bin'
[1.018s] [34mcolcon.colcon_core.shell[0m [1;30mINFO[0m Creating package script '/home/bwilab/fri_ws/src/install/robotiq_description/share/robotiq_description/package.ps1'
[1.018s] [34mcolcon.colcon_core.shell[0m [1;30mINFO[0m Creating package descriptor '/home/bwilab/fri_ws/src/install/robotiq_description/share/robotiq_description/package.dsv'
[1.019s] [34mcolcon.colcon_core.shell[0m [1;30mINFO[0m Creating package script '/home/bwilab/fri_ws/src/install/robotiq_description/share/robotiq_description/package.sh'
[1.019s] [34mcolcon.colcon_core.shell[0m [1;30mINFO[0m Creating package script '/home/bwilab/fri_ws/src/install/robotiq_description/share/robotiq_description/package.bash'
[1.019s] [34mcolcon.colcon_core.shell[0m [1;30mINFO[0m Creating package script '/home/bwilab/fri_ws/src/install/robotiq_description/share/robotiq_description/package.zsh'
[1.020s] [34mcolcon.colcon_core.environment[0m [1;30mLevel 1[0m create_file_with_runtime_dependencies(/home/bwilab/fri_ws/src/install/robotiq_description/share/colcon-core/packages/robotiq_description)
[1.023s] [34mcolcon.colcon_core.event_handler.log_command[0m [1;30mDEBUG[0m [32mInvoking command in '/home/bwilab/fri_ws/src/build/v5_moveit_config': AMENT_PREFIX_PATH=/home/bwilab/fri_ws/src/install/v5_description:${AMENT_PREFIX_PATH} CMAKE_PREFIX_PATH=/home/bwilab/fri_ws/src/install/v5_description:/opt/ros/humble CONDA_PROMPT_MODIFIER=(base) /home/bwilab/.local/bin/cmake --build /home/bwilab/fri_ws/src/build/v5_moveit_config -- -j16 -l16[0m
[1.025s] [34mcolcon.colcon_core.event_handler.log_command[0m [1;30mDEBUG[0m [32mInvoking command in '/home/bwilab/fri_ws/src/build/ur_robot_driver': AMENT_PREFIX_PATH=/home/bwilab/fri_ws/src/install/ur_description:${AMENT_PREFIX_PATH} CMAKE_PREFIX_PATH=/home/bwilab/fri_ws/src/install/ur_description:/opt/ros/humble CONDA_PROMPT_MODIFIER=(base) /home/bwilab/.local/bin/cmake --build /home/bwilab/fri_ws/src/build/ur_robot_driver -- -j16 -l16[0m
[1.219s] [34mcolcon.colcon_core.event_handler.log_command[0m [1;30mDEBUG[0m [32mInvoked command in '/home/bwilab/fri_ws/src/build/v5_moveit_config' returned '0': AMENT_PREFIX_PATH=/home/bwilab/fri_ws/src/install/v5_description:${AMENT_PREFIX_PATH} CMAKE_PREFIX_PATH=/home/bwilab/fri_ws/src/install/v5_description:/opt/ros/humble CONDA_PROMPT_MODIFIER=(base) /home/bwilab/.local/bin/cmake --build /home/bwilab/fri_ws/src/build/v5_moveit_config -- -j16 -l16[0m
[1.255s] [34mcolcon.colcon_core.event_handler.log_command[0m [1;30mDEBUG[0m [32mInvoking command in '/home/bwilab/fri_ws/src/build/v5_moveit_config': AMENT_PREFIX_PATH=/home/bwilab/fri_ws/src/install/v5_description:${AMENT_PREFIX_PATH} CMAKE_PREFIX_PATH=/home/bwilab/fri_ws/src/install/v5_description:/opt/ros/humble CONDA_PROMPT_MODIFIER=(base) /home/bwilab/.local/bin/cmake --install /home/bwilab/fri_ws/src/build/v5_moveit_config[0m
[1.281s] [34mcolcon.colcon_core.environment[0m [1;30mLevel 1[0m create_environment_scripts_only(v5_moveit_config)
[1.282s] [34mcolcon.colcon_core.event_handler.log_command[0m [1;30mDEBUG[0m [32mInvoked command in '/home/bwilab/fri_ws/src/build/v5_moveit_config' returned '0': AMENT_PREFIX_PATH=/home/bwilab/fri_ws/src/install/v5_description:${AMENT_PREFIX_PATH} CMAKE_PREFIX_PATH=/home/bwilab/fri_ws/src/install/v5_description:/opt/ros/humble CONDA_PROMPT_MODIFIER=(base) /home/bwilab/.local/bin/cmake --install /home/bwilab/fri_ws/src/build/v5_moveit_config[0m
[1.282s] [34mcolcon.colcon_core.environment[0m [1;30mLevel 1[0m checking '/home/bwilab/fri_ws/src/install/v5_moveit_config' for CMake module files
[1.282s] [34mcolcon.colcon_core.environment[0m [1;30mLevel 1[0m checking '/home/bwilab/fri_ws/src/install/v5_moveit_config' for CMake config files
[1.282s] [34mcolcon.colcon_core.shell[0m [1;30mLevel 1[0m create_environment_hook('v5_moveit_config', 'cmake_prefix_path')
[1.283s] [34mcolcon.colcon_core.shell[0m [1;30mINFO[0m Creating environment hook '/home/bwilab/fri_ws/src/install/v5_moveit_config/share/v5_moveit_config/hook/cmake_prefix_path.ps1'
[1.283s] [34mcolcon.colcon_core.shell[0m [1;30mINFO[0m Creating environment descriptor '/home/bwilab/fri_ws/src/install/v5_moveit_config/share/v5_moveit_config/hook/cmake_prefix_path.dsv'
[1.283s] [34mcolcon.colcon_core.shell[0m [1;30mINFO[0m Creating environment hook '/home/bwilab/fri_ws/src/install/v5_moveit_config/share/v5_moveit_config/hook/cmake_prefix_path.sh'
[1.284s] [34mcolcon.colcon_core.environment[0m [1;30mLevel 1[0m checking '/home/bwilab/fri_ws/src/install/v5_moveit_config/bin'
[1.284s] [34mcolcon.colcon_core.environment[0m [1;30mLevel 1[0m checking '/home/bwilab/fri_ws/src/install/v5_moveit_config/lib/pkgconfig/v5_moveit_config.pc'
[1.284s] [34mcolcon.colcon_core.environment[0m [1;30mLevel 1[0m checking '/home/bwilab/fri_ws/src/install/v5_moveit_config/lib/python3.10/site-packages'
[1.284s] [34mcolcon.colcon_core.environment[0m [1;30mLevel 1[0m checking '/home/bwilab/fri_ws/src/install/v5_moveit_config/bin'
[1.284s] [34mcolcon.colcon_core.shell[0m [1;30mINFO[0m Creating package script '/home/bwilab/fri_ws/src/install/v5_moveit_config/share/v5_moveit_config/package.ps1'
[1.285s] [34mcolcon.colcon_core.shell[0m [1;30mINFO[0m Creating package descriptor '/home/bwilab/fri_ws/src/install/v5_moveit_config/share/v5_moveit_config/package.dsv'
[1.285s] [34mcolcon.colcon_core.shell[0m [1;30mINFO[0m Creating package script '/home/bwilab/fri_ws/src/install/v5_moveit_config/share/v5_moveit_config/package.sh'
[1.285s] [34mcolcon.colcon_core.shell[0m [1;30mINFO[0m Creating package script '/home/bwilab/fri_ws/src/install/v5_moveit_config/share/v5_moveit_config/package.bash'
[1.286s] [34mcolcon.colcon_core.shell[0m [1;30mINFO[0m Creating package script '/home/bwilab/fri_ws/src/install/v5_moveit_config/share/v5_moveit_config/package.zsh'
[1.286s] [34mcolcon.colcon_core.environment[0m [1;30mLevel 1[0m create_file_with_runtime_dependencies(/home/bwilab/fri_ws/src/install/v5_moveit_config/share/colcon-core/packages/v5_moveit_config)
[1.321s] [34mcolcon.colcon_core.environment[0m [1;30mLevel 1[0m create_environment_scripts_only(v5_moveit_config)
[1.322s] [34mcolcon.colcon_core.environment[0m [1;30mLevel 1[0m checking '/home/bwilab/fri_ws/src/install/v5_moveit_config' for CMake module files
[1.322s] [34mcolcon.colcon_core.environment[0m [1;30mLevel 1[0m checking '/home/bwilab/fri_ws/src/install/v5_moveit_config' for CMake config files
[1.322s] [34mcolcon.colcon_core.shell[0m [1;30mLevel 1[0m create_environment_hook('v5_moveit_config', 'cmake_prefix_path')
[1.322s] [34mcolcon.colcon_core.shell[0m [1;30mINFO[0m Creating environment hook '/home/bwilab/fri_ws/src/install/v5_moveit_config/share/v5_moveit_config/hook/cmake_prefix_path.ps1'
[1.323s] [34mcolcon.colcon_core.shell[0m [1;30mINFO[0m Creating environment descriptor '/home/bwilab/fri_ws/src/install/v5_moveit_config/share/v5_moveit_config/hook/cmake_prefix_path.dsv'
[1.323s] [34mcolcon.colcon_core.shell[0m [1;30mINFO[0m Creating environment hook '/home/bwilab/fri_ws/src/install/v5_moveit_config/share/v5_moveit_config/hook/cmake_prefix_path.sh'
[1.323s] [34mcolcon.colcon_core.environment[0m [1;30mLevel 1[0m checking '/home/bwilab/fri_ws/src/install/v5_moveit_config/bin'
[1.323s] [34mcolcon.colcon_core.environment[0m [1;30mLevel 1[0m checking '/home/bwilab/fri_ws/src/install/v5_moveit_config/lib/pkgconfig/v5_moveit_config.pc'
[1.324s] [34mcolcon.colcon_core.environment[0m [1;30mLevel 1[0m checking '/home/bwilab/fri_ws/src/install/v5_moveit_config/lib/python3.10/site-packages'
[1.324s] [34mcolcon.colcon_core.environment[0m [1;30mLevel 1[0m checking '/home/bwilab/fri_ws/src/install/v5_moveit_config/bin'
[1.324s] [34mcolcon.colcon_core.shell[0m [1;30mINFO[0m Creating package script '/home/bwilab/fri_ws/src/install/v5_moveit_config/share/v5_moveit_config/package.ps1'
[1.324s] [34mcolcon.colcon_core.shell[0m [1;30mINFO[0m Creating package descriptor '/home/bwilab/fri_ws/src/install/v5_moveit_config/share/v5_moveit_config/package.dsv'
[1.325s] [34mcolcon.colcon_core.shell[0m [1;30mINFO[0m Creating package script '/home/bwilab/fri_ws/src/install/v5_moveit_config/share/v5_moveit_config/package.sh'
[1.325s] [34mcolcon.colcon_core.shell[0m [1;30mINFO[0m Creating package script '/home/bwilab/fri_ws/src/install/v5_moveit_config/share/v5_moveit_config/package.bash'
[1.325s] [34mcolcon.colcon_core.shell[0m [1;30mINFO[0m Creating package script '/home/bwilab/fri_ws/src/install/v5_moveit_config/share/v5_moveit_config/package.zsh'
[1.326s] [34mcolcon.colcon_core.environment[0m [1;30mLevel 1[0m create_file_with_runtime_dependencies(/home/bwilab/fri_ws/src/install/v5_moveit_config/share/colcon-core/packages/v5_moveit_config)
[1.372s] [34mcolcon.colcon_core.event_handler.log_command[0m [1;30mDEBUG[0m [32mInvoking command in '/home/bwilab/fri_ws/src/v5_arm/robotiq_gripper_driver': CONDA_PROMPT_MODIFIER=(base) PYTHONPATH=/home/bwilab/fri_ws/src/build/robotiq_gripper_driver/prefix_override:/usr/lib/python3/dist-packages/colcon_core/task/python/colcon_distutils_commands:/home/bwilab/fri_ws/src/install/robotiq_gripper_driver/lib/python3.10/site-packages:${PYTHONPATH} /usr/bin/python3 -W ignore:setup.py install is deprecated setup.py egg_info --egg-base ../../build/robotiq_gripper_driver build --build-base /home/bwilab/fri_ws/src/build/robotiq_gripper_driver/build install --record /home/bwilab/fri_ws/src/build/robotiq_gripper_driver/install.log --single-version-externally-managed install_data[0m
[1.381s] [34mcolcon.colcon_core.event_handler.log_command[0m [1;30mDEBUG[0m [32mInvoking command in '/home/bwilab/fri_ws/src/ur5_wave': CONDA_PROMPT_MODIFIER=(base) PYTHONPATH=/home/bwilab/fri_ws/src/build/ur5_wave/prefix_override:/usr/lib/python3/dist-packages/colcon_core/task/python/colcon_distutils_commands:/home/bwilab/fri_ws/src/install/ur5_wave/lib/python3.10/site-packages:${PYTHONPATH} /usr/bin/python3 -W ignore:setup.py install is deprecated setup.py egg_info --egg-base ../build/ur5_wave build --build-base /home/bwilab/fri_ws/src/build/ur5_wave/build install --record /home/bwilab/fri_ws/src/build/ur5_wave/install.log --single-version-externally-managed install_data[0m
[1.647s] [34mcolcon.colcon_core.environment[0m [1;30mLevel 1[0m checking '/home/bwilab/fri_ws/src/install/robotiq_gripper_driver' for CMake module files
[1.647s] [34mcolcon.colcon_core.event_handler.log_command[0m [1;30mDEBUG[0m [32mInvoked command in '/home/bwilab/fri_ws/src/v5_arm/robotiq_gripper_driver' returned '0': CONDA_PROMPT_MODIFIER=(base) PYTHONPATH=/home/bwilab/fri_ws/src/build/robotiq_gripper_driver/prefix_override:/usr/lib/python3/dist-packages/colcon_core/task/python/colcon_distutils_commands:/home/bwilab/fri_ws/src/install/robotiq_gripper_driver/lib/python3.10/site-packages:${PYTHONPATH} /usr/bin/python3 -W ignore:setup.py install is deprecated setup.py egg_info --egg-base ../../build/robotiq_gripper_driver build --build-base /home/bwilab/fri_ws/src/build/robotiq_gripper_driver/build install --record /home/bwilab/fri_ws/src/build/robotiq_gripper_driver/install.log --single-version-externally-managed install_data[0m
[1.648s] [34mcolcon.colcon_core.environment[0m [1;30mLevel 1[0m checking '/home/bwilab/fri_ws/src/install/robotiq_gripper_driver' for CMake config files
[1.648s] [34mcolcon.colcon_core.environment[0m [1;30mLevel 1[0m checking '/home/bwilab/fri_ws/src/install/robotiq_gripper_driver/lib'
[1.648s] [34mcolcon.colcon_core.environment[0m [1;30mLevel 1[0m checking '/home/bwilab/fri_ws/src/install/robotiq_gripper_driver/bin'
[1.648s] [34mcolcon.colcon_core.environment[0m [1;30mLevel 1[0m checking '/home/bwilab/fri_ws/src/install/robotiq_gripper_driver/lib/pkgconfig/robotiq_gripper_driver.pc'
[1.649s] [34mcolcon.colcon_core.environment[0m [1;30mLevel 1[0m checking '/home/bwilab/fri_ws/src/install/robotiq_gripper_driver/lib/python3.10/site-packages'
[1.649s] [34mcolcon.colcon_core.shell[0m [1;30mLevel 1[0m create_environment_hook('robotiq_gripper_driver', 'pythonpath')
[1.649s] [34mcolcon.colcon_core.shell[0m [1;30mINFO[0m Creating environment hook '/home/bwilab/fri_ws/src/install/robotiq_gripper_driver/share/robotiq_gripper_driver/hook/pythonpath.ps1'
[1.649s] [34mcolcon.colcon_core.shell[0m [1;30mINFO[0m Creating environment descriptor '/home/bwilab/fri_ws/src/install/robotiq_gripper_driver/share/robotiq_gripper_driver/hook/pythonpath.dsv'
[1.649s] [34mcolcon.colcon_core.shell[0m [1;30mINFO[0m Creating environment hook '/home/bwilab/fri_ws/src/install/robotiq_gripper_driver/share/robotiq_gripper_driver/hook/pythonpath.sh'
[1.650s] [34mcolcon.colcon_core.environment[0m [1;30mLevel 1[0m checking '/home/bwilab/fri_ws/src/install/robotiq_gripper_driver/bin'
[1.650s] [34mcolcon.colcon_core.environment[0m [1;30mLevel 1[0m create_environment_scripts_only(robotiq_gripper_driver)
[1.650s] [34mcolcon.colcon_core.shell[0m [1;30mINFO[0m Creating package script '/home/bwilab/fri_ws/src/install/robotiq_gripper_driver/share/robotiq_gripper_driver/package.ps1'
[1.650s] [34mcolcon.colcon_core.shell[0m [1;30mINFO[0m Creating package descriptor '/home/bwilab/fri_ws/src/install/robotiq_gripper_driver/share/robotiq_gripper_driver/package.dsv'
[1.651s] [34mcolcon.colcon_core.shell[0m [1;30mINFO[0m Creating package script '/home/bwilab/fri_ws/src/install/robotiq_gripper_driver/share/robotiq_gripper_driver/package.sh'
[1.651s] [34mcolcon.colcon_core.shell[0m [1;30mINFO[0m Creating package script '/home/bwilab/fri_ws/src/install/robotiq_gripper_driver/share/robotiq_gripper_driver/package.bash'
[1.651s] [34mcolcon.colcon_core.shell[0m [1;30mINFO[0m Creating package script '/home/bwilab/fri_ws/src/install/robotiq_gripper_driver/share/robotiq_gripper_driver/package.zsh'
[1.652s] [34mcolcon.colcon_core.environment[0m [1;30mLevel 1[0m create_file_with_runtime_dependencies(/home/bwilab/fri_ws/src/install/robotiq_gripper_driver/share/colcon-core/packages/robotiq_gripper_driver)
[1.659s] [34mcolcon.colcon_core.environment[0m [1;30mLevel 1[0m checking '/home/bwilab/fri_ws/src/install/ur5_wave' for CMake module files
[1.659s] [34mcolcon.colcon_core.event_handler.log_command[0m [1;30mDEBUG[0m [32mInvoked command in '/home/bwilab/fri_ws/src/ur5_wave' returned '0': CONDA_PROMPT_MODIFIER=(base) PYTHONPATH=/home/bwilab/fri_ws/src/build/ur5_wave/prefix_override:/usr/lib/python3/dist-packages/colcon_core/task/python/colcon_distutils_commands:/home/bwilab/fri_ws/src/install/ur5_wave/lib/python3.10/site-packages:${PYTHONPATH} /usr/bin/python3 -W ignore:setup.py install is deprecated setup.py egg_info --egg-base ../build/ur5_wave build --build-base /home/bwilab/fri_ws/src/build/ur5_wave/build install --record /home/bwilab/fri_ws/src/build/ur5_wave/install.log --single-version-externally-managed install_data[0m
[1.660s] [34mcolcon.colcon_core.environment[0m [1;30mLevel 1[0m checking '/home/bwilab/fri_ws/src/install/ur5_wave' for CMake config files
[1.660s] [34mcolcon.colcon_core.environment[0m [1;30mLevel 1[0m checking '/home/bwilab/fri_ws/src/install/ur5_wave/lib'
[1.660s] [34mcolcon.colcon_core.environment[0m [1;30mLevel 1[0m checking '/home/bwilab/fri_ws/src/install/ur5_wave/bin'
[1.660s] [34mcolcon.colcon_core.environment[0m [1;30mLevel 1[0m checking '/home/bwilab/fri_ws/src/install/ur5_wave/lib/pkgconfig/ur5_wave.pc'
[1.660s] [34mcolcon.colcon_core.environment[0m [1;30mLevel 1[0m checking '/home/bwilab/fri_ws/src/install/ur5_wave/lib/python3.10/site-packages'
[1.660s] [34mcolcon.colcon_core.shell[0m [1;30mLevel 1[0m create_environment_hook('ur5_wave', 'pythonpath')
[1.660s] [34mcolcon.colcon_core.shell[0m [1;30mINFO[0m Creating environment hook '/home/bwilab/fri_ws/src/install/ur5_wave/share/ur5_wave/hook/pythonpath.ps1'
[1.661s] [34mcolcon.colcon_core.shell[0m [1;30mINFO[0m Creating environment descriptor '/home/bwilab/fri_ws/src/install/ur5_wave/share/ur5_wave/hook/pythonpath.dsv'
[1.661s] [34mcolcon.colcon_core.shell[0m [1;30mINFO[0m Creating environment hook '/home/bwilab/fri_ws/src/install/ur5_wave/share/ur5_wave/hook/pythonpath.sh'
[1.661s] [34mcolcon.colcon_core.environment[0m [1;30mLevel 1[0m checking '/home/bwilab/fri_ws/src/install/ur5_wave/bin'
[1.661s] [34mcolcon.colcon_core.environment[0m [1;30mLevel 1[0m create_environment_scripts_only(ur5_wave)
[1.662s] [34mcolcon.colcon_core.shell[0m [1;30mINFO[0m Creating package script '/home/bwilab/fri_ws/src/install/ur5_wave/share/ur5_wave/package.ps1'
[1.662s] [34mcolcon.colcon_core.shell[0m [1;30mINFO[0m Creating package descriptor '/home/bwilab/fri_ws/src/install/ur5_wave/share/ur5_wave/package.dsv'
[1.662s] [34mcolcon.colcon_core.shell[0m [1;30mINFO[0m Creating package script '/home/bwilab/fri_ws/src/install/ur5_wave/share/ur5_wave/package.sh'
[1.663s] [34mcolcon.colcon_core.shell[0m [1;30mINFO[0m Creating package script '/home/bwilab/fri_ws/src/install/ur5_wave/share/ur5_wave/package.bash'
[1.663s] [34mcolcon.colcon_core.shell[0m [1;30mINFO[0m Creating package script '/home/bwilab/fri_ws/src/install/ur5_wave/share/ur5_wave/package.zsh'
[1.663s] [34mcolcon.colcon_core.environment[0m [1;30mLevel 1[0m create_file_with_runtime_dependencies(/home/bwilab/fri_ws/src/install/ur5_wave/share/colcon-core/packages/ur5_wave)
[1.875s] [34mcolcon.colcon_core.event_handler.log_command[0m [1;30mDEBUG[0m [32mInvoked command in '/home/bwilab/fri_ws/src/build/azure_kinect_ros2_driver' returned '0': CMAKE_PREFIX_PATH=/opt/ros/humble CONDA_PROMPT_MODIFIER=(base) /home/bwilab/.local/bin/cmake /home/bwilab/fri_ws/src/Azure_Kinect_ROS2_Driver -DCMAKE_INSTALL_PREFIX=/home/bwilab/fri_ws/src/install/azure_kinect_ros2_driver[0m
[1.876s] [34mcolcon.colcon_core.event_handler.log_command[0m [1;30mDEBUG[0m [32mInvoking command in '/home/bwilab/fri_ws/src/build/azure_kinect_ros2_driver': CMAKE_PREFIX_PATH=/opt/ros/humble CONDA_PROMPT_MODIFIER=(base) /home/bwilab/.local/bin/cmake --build /home/bwilab/fri_ws/src/build/azure_kinect_ros2_driver -- -j16 -l16[0m
[9.644s] [34mcolcon.colcon_core.event_handler.log_command[0m [1;30mDEBUG[0m [32mInvoked command in '/home/bwilab/fri_ws/src/build/azure_kinect_ros2_driver' returned '2': CMAKE_PREFIX_PATH=/opt/ros/humble CONDA_PROMPT_MODIFIER=(base) /home/bwilab/.local/bin/cmake --build /home/bwilab/fri_ws/src/build/azure_kinect_ros2_driver -- -j16 -l16[0m
[9.688s] [34mcolcon.colcon_core.environment[0m [1;30mLevel 1[0m create_environment_scripts_only(azure_kinect_ros2_driver)
[9.689s] [34mcolcon.colcon_core.environment[0m [1;30mLevel 1[0m checking '/home/bwilab/fri_ws/src/install/azure_kinect_ros2_driver' for CMake module files
[9.689s] [34mcolcon.colcon_core.environment[0m [1;30mLevel 1[0m checking '/home/bwilab/fri_ws/src/install/azure_kinect_ros2_driver' for CMake config files
[9.689s] [34mcolcon.colcon_core.environment[0m [1;30mLevel 1[0m checking '/home/bwilab/fri_ws/src/install/azure_kinect_ros2_driver/bin'
[9.689s] [34mcolcon.colcon_core.environment[0m [1;30mLevel 1[0m checking '/home/bwilab/fri_ws/src/install/azure_kinect_ros2_driver/lib/pkgconfig/azure_kinect_ros2_driver.pc'
[9.689s] [34mcolcon.colcon_core.environment[0m [1;30mLevel 1[0m checking '/home/bwilab/fri_ws/src/install/azure_kinect_ros2_driver/lib/python3.10/site-packages'
[9.690s] [34mcolcon.colcon_core.environment[0m [1;30mLevel 1[0m checking '/home/bwilab/fri_ws/src/install/azure_kinect_ros2_driver/bin'
[9.690s] [34mcolcon.colcon_core.shell[0m [1;30mINFO[0m Creating package script '/home/bwilab/fri_ws/src/install/azure_kinect_ros2_driver/share/azure_kinect_ros2_driver/package.ps1'
[9.690s] [34mcolcon.colcon_core.shell[0m [1;30mINFO[0m Creating package descriptor '/home/bwilab/fri_ws/src/install/azure_kinect_ros2_driver/share/azure_kinect_ros2_driver/package.dsv'
[9.691s] [34mcolcon.colcon_core.shell[0m [1;30mINFO[0m Creating package script '/home/bwilab/fri_ws/src/install/azure_kinect_ros2_driver/share/azure_kinect_ros2_driver/package.sh'
[9.691s] [34mcolcon.colcon_core.shell[0m [1;30mINFO[0m Creating package script '/home/bwilab/fri_ws/src/install/azure_kinect_ros2_driver/share/azure_kinect_ros2_driver/package.bash'
[9.691s] [34mcolcon.colcon_core.shell[0m [1;30mINFO[0m Creating package script '/home/bwilab/fri_ws/src/install/azure_kinect_ros2_driver/share/azure_kinect_ros2_driver/package.zsh'
[9.692s] [34mcolcon.colcon_core.environment[0m [1;30mLevel 1[0m create_file_with_runtime_dependencies(/home/bwilab/fri_ws/src/install/azure_kinect_ros2_driver/share/colcon-core/packages/azure_kinect_ros2_driver)
[20.521s] [34mcolcon.colcon_parallel_executor.executor.parallel[0m [1;30mDEBUG[0m [32mclosing loop[0m
[20.521s] [34mcolcon.colcon_parallel_executor.executor.parallel[0m [1;30mDEBUG[0m [32mloop closed[0m
[20.521s] [34mcolcon.colcon_parallel_executor.executor.parallel[0m [1;30mDEBUG[0m [32mrun_until_complete finished with '2'[0m
[20.521s] [34mcolcon.colcon_core.event_reactor[0m [1;30mDEBUG[0m [32mjoining thread[0m
[20.525s] [34mcolcon.colcon_core.plugin_system[0m [1;30mINFO[0m Skipping extension 'colcon_notification.desktop_notification.terminal_notifier': Not used on non-Darwin systems
[20.525s] [34mcolcon.colcon_core.plugin_system[0m [1;30mINFO[0m Skipping extension 'colcon_notification.desktop_notification.win32': Not used on non-Windows systems
[20.525s] [34mcolcon.colcon_notification.desktop_notification[0m [1;30mINFO[0m Sending desktop notification using 'notify2'
