[0.019s] Invoking command in '/home/bwilab/fri_ws/build/arm_launch': CMAKE_PREFIX_PATH=/home/bwilab/fri_ws/install/recognition_node /home/bwilab/.local/bin/cmake /home/bwilab/fri_ws/src/v5_arm/arm_launch -DCMAKE_INSTALL_PREFIX=/home/bwilab/fri_ws/install/arm_launch
[0.477s] -- Found ament_cmake: 1.3.10 (/opt/ros/humble/share/ament_cmake/cmake)
[0.477s] -- Configuring incomplete, errors occurred!
[0.478s] Traceback (most recent call last):
[0.478s]   File "/opt/ros/humble/share/ament_cmake_core/cmake/package_templates/templates_2_cmake.py", line 21, in <module>
[0.478s]     from ament_package.templates import get_environment_hook_template_path
[0.479s] ModuleNotFoundError: No module named 'ament_package'
[0.479s] [31mCMake Error at /opt/ros/humble/share/ament_cmake_core/cmake/ament_cmake_package_templates-extras.cmake:41 (message):
[0.479s]   execute_process(/usr/bin/python3
[0.480s]   /opt/ros/humble/share/ament_cmake_core/cmake/package_templates/templates_2_cmake.py
[0.480s]   /home/bwilab/fri_ws/build/arm_launch/ament_cmake_package_templates/templates.cmake)
[0.480s]   returned error code 1
[0.480s] Call Stack (most recent call first):
[0.480s]   /opt/ros/humble/share/ament_cmake_core/cmake/ament_cmake_coreConfig.cmake:41 (include)
[0.480s]   /opt/ros/humble/share/ament_cmake/cmake/ament_cmake_export_dependencies-extras.cmake:15 (find_package)
[0.480s]   /opt/ros/humble/share/ament_cmake/cmake/ament_cmakeConfig.cmake:41 (include)
[0.480s]   CMakeLists.txt:9 (find_package)
[0.480s] 
[0.480s] [0m
[0.704s] Invoked command in '/home/bwilab/fri_ws/build/arm_launch' returned '1': CMAKE_PREFIX_PATH=/home/bwilab/fri_ws/install/recognition_node /home/bwilab/.local/bin/cmake /home/bwilab/fri_ws/src/v5_arm/arm_launch -DCMAKE_INSTALL_PREFIX=/home/bwilab/fri_ws/install/arm_launch
