[1.398s] Invoking command in '/home/bwilab/fri_ws/src/ur5_wave': CONDA_PROMPT_MODIFIER=(base) PYTHONPATH=/home/bwilab/fri_ws/build/ur5_wave/prefix_override:/usr/lib/python3/dist-packages/colcon_core/task/python/colcon_distutils_commands:/home/bwilab/fri_ws/install/ur5_wave/lib/python3.10/site-packages:${PYTHONPATH} /usr/bin/python3 -W ignore:setup.py install is deprecated setup.py egg_info --egg-base ../../build/ur5_wave build --build-base /home/bwilab/fri_ws/build/ur5_wave/build install --record /home/bwilab/fri_ws/build/ur5_wave/install.log --single-version-externally-managed install_data
[1.669s] running egg_info
[1.669s] writing ../../build/ur5_wave/ur5_wave.egg-info/PKG-INFO
[1.670s] writing dependency_links to ../../build/ur5_wave/ur5_wave.egg-info/dependency_links.txt
[1.670s] writing entry points to ../../build/ur5_wave/ur5_wave.egg-info/entry_points.txt
[1.670s] writing requirements to ../../build/ur5_wave/ur5_wave.egg-info/requires.txt
[1.670s] writing top-level names to ../../build/ur5_wave/ur5_wave.egg-info/top_level.txt
[1.672s] reading manifest file '../../build/ur5_wave/ur5_wave.egg-info/SOURCES.txt'
[1.672s] writing manifest file '../../build/ur5_wave/ur5_wave.egg-info/SOURCES.txt'
[1.673s] running build
[1.673s] running build_py
[1.673s] running install
[1.673s] running install_lib
[1.674s] running install_data
[1.674s] running install_egg_info
[1.675s] removing '/home/bwilab/fri_ws/install/ur5_wave/lib/python3.10/site-packages/ur5_wave-0.0.0-py3.10.egg-info' (and everything under it)
[1.676s] Copying ../../build/ur5_wave/ur5_wave.egg-info to /home/bwilab/fri_ws/install/ur5_wave/lib/python3.10/site-packages/ur5_wave-0.0.0-py3.10.egg-info
[1.676s] running install_scripts
[1.695s] Installing wave_node script to /home/bwilab/fri_ws/install/ur5_wave/lib/ur5_wave
[1.695s] writing list of installed files to '/home/bwilab/fri_ws/build/ur5_wave/install.log'
[1.729s] Invoked command in '/home/bwilab/fri_ws/src/ur5_wave' returned '0': CONDA_PROMPT_MODIFIER=(base) PYTHONPATH=/home/bwilab/fri_ws/build/ur5_wave/prefix_override:/usr/lib/python3/dist-packages/colcon_core/task/python/colcon_distutils_commands:/home/bwilab/fri_ws/install/ur5_wave/lib/python3.10/site-packages:${PYTHONPATH} /usr/bin/python3 -W ignore:setup.py install is deprecated setup.py egg_info --egg-base ../../build/ur5_wave build --build-base /home/bwilab/fri_ws/build/ur5_wave/build install --record /home/bwilab/fri_ws/build/ur5_wave/install.log --single-version-externally-managed install_data
