[1.550s] Invoking command in '/home/bwilab/fri_ws/src/v5_arm/robotiq_gripper_driver': CONDA_PROMPT_MODIFIER=(base) PYTHONPATH=/home/bwilab/fri_ws/build/robotiq_gripper_driver/prefix_override:/usr/lib/python3/dist-packages/colcon_core/task/python/colcon_distutils_commands:/home/bwilab/fri_ws/install/robotiq_gripper_driver/lib/python3.10/site-packages:${PYTHONPATH} /usr/bin/python3 -W ignore:setup.py install is deprecated setup.py egg_info --egg-base ../../../build/robotiq_gripper_driver build --build-base /home/bwilab/fri_ws/build/robotiq_gripper_driver/build install --record /home/bwilab/fri_ws/build/robotiq_gripper_driver/install.log --single-version-externally-managed install_data
[1.831s] running egg_info
[1.831s] writing ../../../build/robotiq_gripper_driver/robotiq_gripper_driver.egg-info/PKG-INFO
[1.832s] writing dependency_links to ../../../build/robotiq_gripper_driver/robotiq_gripper_driver.egg-info/dependency_links.txt
[1.832s] writing entry points to ../../../build/robotiq_gripper_driver/robotiq_gripper_driver.egg-info/entry_points.txt
[1.832s] writing requirements to ../../../build/robotiq_gripper_driver/robotiq_gripper_driver.egg-info/requires.txt
[1.832s] writing top-level names to ../../../build/robotiq_gripper_driver/robotiq_gripper_driver.egg-info/top_level.txt
[1.834s] reading manifest file '../../../build/robotiq_gripper_driver/robotiq_gripper_driver.egg-info/SOURCES.txt'
[1.835s] writing manifest file '../../../build/robotiq_gripper_driver/robotiq_gripper_driver.egg-info/SOURCES.txt'
[1.835s] running build
[1.835s] running build_py
[1.835s] running install
[1.836s] running install_lib
[1.838s] running install_data
[1.838s] running install_egg_info
[1.840s] removing '/home/bwilab/fri_ws/install/robotiq_gripper_driver/lib/python3.10/site-packages/robotiq_gripper_driver-0.0.0-py3.10.egg-info' (and everything under it)
[1.840s] Copying ../../../build/robotiq_gripper_driver/robotiq_gripper_driver.egg-info to /home/bwilab/fri_ws/install/robotiq_gripper_driver/lib/python3.10/site-packages/robotiq_gripper_driver-0.0.0-py3.10.egg-info
[1.841s] running install_scripts
[1.863s] Installing gripper_driver script to /home/bwilab/fri_ws/install/robotiq_gripper_driver/lib/robotiq_gripper_driver
[1.864s] writing list of installed files to '/home/bwilab/fri_ws/build/robotiq_gripper_driver/install.log'
[1.915s] Invoked command in '/home/bwilab/fri_ws/src/v5_arm/robotiq_gripper_driver' returned '0': CONDA_PROMPT_MODIFIER=(base) PYTHONPATH=/home/bwilab/fri_ws/build/robotiq_gripper_driver/prefix_override:/usr/lib/python3/dist-packages/colcon_core/task/python/colcon_distutils_commands:/home/bwilab/fri_ws/install/robotiq_gripper_driver/lib/python3.10/site-packages:${PYTHONPATH} /usr/bin/python3 -W ignore:setup.py install is deprecated setup.py egg_info --egg-base ../../../build/robotiq_gripper_driver build --build-base /home/bwilab/fri_ws/build/robotiq_gripper_driver/build install --record /home/bwilab/fri_ws/build/robotiq_gripper_driver/install.log --single-version-externally-managed install_data
