[0.007s] Invoking command in '/home/bwilab/fri_ws/src/build/v5_moveit_config': AMENT_PREFIX_PATH=/home/bwilab/fri_ws/src/install/v5_description:${AMENT_PREFIX_PATH} CMAKE_PREFIX_PATH=/home/bwilab/fri_ws/src/install/v5_description:/home/bwilab/fri_ws/install/v5_moveit_config:/home/bwilab/fri_ws/install/v5_description:/home/bwilab/fri_ws/install/ur_robot_driver:/home/bwilab/fri_ws/install/ur_description:/home/bwilab/fri_ws/install/rviz_marker_tools:/home/bwilab/fri_ws/install/robotiq_description:/home/bwilab/fri_ws/install/pick_place_msgs:/home/bwilab/fri_ws/install/moveit_task_constructor_msgs:/home/bwilab/fri_ws/install/arm_launch:/home/bwilab/fri_ws/install/apriltag_msgs:/home/bwilab/fri_ws/install/robotiq_gripper_driver:/opt/ros/humble CONDA_PROMPT_MODIFIER=(base) /home/bwilab/.local/bin/cmake /home/bwilab/fri_ws/src/v5_arm/v5_moveit_config -DCMAKE_INSTALL_PREFIX=/home/bwilab/fri_ws/src/install/v5_moveit_config
[0.065s] -- The C compiler identification is GNU 12.1.0
[0.112s] -- The CXX compiler identification is GNU 11.4.0
[0.122s] -- Detecting C compiler ABI info
[0.171s] -- Detecting C compiler ABI info - done
[0.181s] -- Check for working C compiler: /home/bwilab/miniconda3/bin/cc - skipped
[0.181s] -- Detecting C compile features
[0.182s] -- Detecting C compile features - done
[0.184s] -- Detecting CXX compiler ABI info
[0.241s] -- Detecting CXX compiler ABI info - done
[0.250s] -- Check for working CXX compiler: /usr/bin/c++ - skipped
[0.250s] -- Detecting CXX compile features
[0.250s] -- Detecting CXX compile features - done
[0.254s] -- Found ament_cmake: 1.3.10 (/opt/ros/humble/share/ament_cmake/cmake)
[0.517s] -- Found Python3: /home/bwilab/miniconda3/bin/python3 (found version "3.12.2") found components: Interpreter 
[0.688s] -- Configuring done (0.7s)
[0.690s] -- Generating done (0.0s)
[0.691s] -- Build files have been written to: /home/bwilab/fri_ws/src/build/v5_moveit_config
[0.698s] Invoked command in '/home/bwilab/fri_ws/src/build/v5_moveit_config' returned '0': AMENT_PREFIX_PATH=/home/bwilab/fri_ws/src/install/v5_description:${AMENT_PREFIX_PATH} CMAKE_PREFIX_PATH=/home/bwilab/fri_ws/src/install/v5_description:/home/bwilab/fri_ws/install/v5_moveit_config:/home/bwilab/fri_ws/install/v5_description:/home/bwilab/fri_ws/install/ur_robot_driver:/home/bwilab/fri_ws/install/ur_description:/home/bwilab/fri_ws/install/rviz_marker_tools:/home/bwilab/fri_ws/install/robotiq_description:/home/bwilab/fri_ws/install/pick_place_msgs:/home/bwilab/fri_ws/install/moveit_task_constructor_msgs:/home/bwilab/fri_ws/install/arm_launch:/home/bwilab/fri_ws/install/apriltag_msgs:/home/bwilab/fri_ws/install/robotiq_gripper_driver:/opt/ros/humble CONDA_PROMPT_MODIFIER=(base) /home/bwilab/.local/bin/cmake /home/bwilab/fri_ws/src/v5_arm/v5_moveit_config -DCMAKE_INSTALL_PREFIX=/home/bwilab/fri_ws/src/install/v5_moveit_config
[0.699s] Invoking command in '/home/bwilab/fri_ws/src/build/v5_moveit_config': AMENT_PREFIX_PATH=/home/bwilab/fri_ws/src/install/v5_description:${AMENT_PREFIX_PATH} CMAKE_PREFIX_PATH=/home/bwilab/fri_ws/src/install/v5_description:/home/bwilab/fri_ws/install/v5_moveit_config:/home/bwilab/fri_ws/install/v5_description:/home/bwilab/fri_ws/install/ur_robot_driver:/home/bwilab/fri_ws/install/ur_description:/home/bwilab/fri_ws/install/rviz_marker_tools:/home/bwilab/fri_ws/install/robotiq_description:/home/bwilab/fri_ws/install/pick_place_msgs:/home/bwilab/fri_ws/install/moveit_task_constructor_msgs:/home/bwilab/fri_ws/install/arm_launch:/home/bwilab/fri_ws/install/apriltag_msgs:/home/bwilab/fri_ws/install/robotiq_gripper_driver:/opt/ros/humble CONDA_PROMPT_MODIFIER=(base) /home/bwilab/.local/bin/cmake --build /home/bwilab/fri_ws/src/build/v5_moveit_config -- -j16 -l16
[0.737s] Invoked command in '/home/bwilab/fri_ws/src/build/v5_moveit_config' returned '0': AMENT_PREFIX_PATH=/home/bwilab/fri_ws/src/install/v5_description:${AMENT_PREFIX_PATH} CMAKE_PREFIX_PATH=/home/bwilab/fri_ws/src/install/v5_description:/home/bwilab/fri_ws/install/v5_moveit_config:/home/bwilab/fri_ws/install/v5_description:/home/bwilab/fri_ws/install/ur_robot_driver:/home/bwilab/fri_ws/install/ur_description:/home/bwilab/fri_ws/install/rviz_marker_tools:/home/bwilab/fri_ws/install/robotiq_description:/home/bwilab/fri_ws/install/pick_place_msgs:/home/bwilab/fri_ws/install/moveit_task_constructor_msgs:/home/bwilab/fri_ws/install/arm_launch:/home/bwilab/fri_ws/install/apriltag_msgs:/home/bwilab/fri_ws/install/robotiq_gripper_driver:/opt/ros/humble CONDA_PROMPT_MODIFIER=(base) /home/bwilab/.local/bin/cmake --build /home/bwilab/fri_ws/src/build/v5_moveit_config -- -j16 -l16
[0.776s] Invoking command in '/home/bwilab/fri_ws/src/build/v5_moveit_config': AMENT_PREFIX_PATH=/home/bwilab/fri_ws/src/install/v5_description:${AMENT_PREFIX_PATH} CMAKE_PREFIX_PATH=/home/bwilab/fri_ws/src/install/v5_description:/home/bwilab/fri_ws/install/v5_moveit_config:/home/bwilab/fri_ws/install/v5_description:/home/bwilab/fri_ws/install/ur_robot_driver:/home/bwilab/fri_ws/install/ur_description:/home/bwilab/fri_ws/install/rviz_marker_tools:/home/bwilab/fri_ws/install/robotiq_description:/home/bwilab/fri_ws/install/pick_place_msgs:/home/bwilab/fri_ws/install/moveit_task_constructor_msgs:/home/bwilab/fri_ws/install/arm_launch:/home/bwilab/fri_ws/install/apriltag_msgs:/home/bwilab/fri_ws/install/robotiq_gripper_driver:/opt/ros/humble CONDA_PROMPT_MODIFIER=(base) /home/bwilab/.local/bin/cmake --install /home/bwilab/fri_ws/src/build/v5_moveit_config
[0.797s] -- Install configuration: ""
[0.797s] -- Installing: /home/bwilab/fri_ws/src/install/v5_moveit_config/share/ament_index/resource_index/package_run_dependencies/v5_moveit_config
[0.798s] -- Installing: /home/bwilab/fri_ws/src/install/v5_moveit_config/share/ament_index/resource_index/parent_prefix_path/v5_moveit_config
[0.798s] -- Installing: /home/bwilab/fri_ws/src/install/v5_moveit_config/share/v5_moveit_config/environment/ament_prefix_path.sh
[0.798s] -- Installing: /home/bwilab/fri_ws/src/install/v5_moveit_config/share/v5_moveit_config/environment/ament_prefix_path.dsv
[0.798s] -- Installing: /home/bwilab/fri_ws/src/install/v5_moveit_config/share/v5_moveit_config/environment/path.sh
[0.798s] -- Installing: /home/bwilab/fri_ws/src/install/v5_moveit_config/share/v5_moveit_config/environment/path.dsv
[0.798s] -- Installing: /home/bwilab/fri_ws/src/install/v5_moveit_config/share/v5_moveit_config/local_setup.bash
[0.798s] -- Installing: /home/bwilab/fri_ws/src/install/v5_moveit_config/share/v5_moveit_config/local_setup.sh
[0.799s] -- Installing: /home/bwilab/fri_ws/src/install/v5_moveit_config/share/v5_moveit_config/local_setup.zsh
[0.799s] -- Installing: /home/bwilab/fri_ws/src/install/v5_moveit_config/share/v5_moveit_config/local_setup.dsv
[0.799s] -- Installing: /home/bwilab/fri_ws/src/install/v5_moveit_config/share/v5_moveit_config/package.dsv
[0.799s] -- Installing: /home/bwilab/fri_ws/src/install/v5_moveit_config/share/ament_index/resource_index/packages/v5_moveit_config
[0.799s] -- Installing: /home/bwilab/fri_ws/src/install/v5_moveit_config/share/v5_moveit_config/cmake/v5_moveit_configConfig.cmake
[0.799s] -- Installing: /home/bwilab/fri_ws/src/install/v5_moveit_config/share/v5_moveit_config/cmake/v5_moveit_configConfig-version.cmake
[0.800s] -- Installing: /home/bwilab/fri_ws/src/install/v5_moveit_config/share/v5_moveit_config/package.xml
[0.800s] -- Installing: /home/bwilab/fri_ws/src/install/v5_moveit_config/share/v5_moveit_config/launch
[0.800s] -- Installing: /home/bwilab/fri_ws/src/install/v5_moveit_config/share/v5_moveit_config/launch/rsp.launch.py
[0.800s] -- Installing: /home/bwilab/fri_ws/src/install/v5_moveit_config/share/v5_moveit_config/launch/spawn_controllers.launch.py
[0.800s] -- Installing: /home/bwilab/fri_ws/src/install/v5_moveit_config/share/v5_moveit_config/launch/move_group.launch.py
[0.801s] -- Installing: /home/bwilab/fri_ws/src/install/v5_moveit_config/share/v5_moveit_config/launch/warehouse_db.launch.py
[0.801s] -- Installing: /home/bwilab/fri_ws/src/install/v5_moveit_config/share/v5_moveit_config/launch/setup_assistant.launch.py
[0.801s] -- Installing: /home/bwilab/fri_ws/src/install/v5_moveit_config/share/v5_moveit_config/launch/moveit_rviz.launch.py
[0.801s] -- Installing: /home/bwilab/fri_ws/src/install/v5_moveit_config/share/v5_moveit_config/launch/demo.launch.py
[0.802s] -- Installing: /home/bwilab/fri_ws/src/install/v5_moveit_config/share/v5_moveit_config/launch/static_virtual_joint_tfs.launch.py
[0.802s] -- Installing: /home/bwilab/fri_ws/src/install/v5_moveit_config/share/v5_moveit_config/config
[0.802s] -- Installing: /home/bwilab/fri_ws/src/install/v5_moveit_config/share/v5_moveit_config/config/ompl_planning.yaml
[0.802s] -- Installing: /home/bwilab/fri_ws/src/install/v5_moveit_config/share/v5_moveit_config/config/sensors_kinect_pointcloud.yaml
[0.802s] -- Installing: /home/bwilab/fri_ws/src/install/v5_moveit_config/share/v5_moveit_config/config/joint_limits.yaml
[0.803s] -- Installing: /home/bwilab/fri_ws/src/install/v5_moveit_config/share/v5_moveit_config/config/moveit_controllers.yaml
[0.803s] -- Installing: /home/bwilab/fri_ws/src/install/v5_moveit_config/share/v5_moveit_config/config/moveit.rviz
[0.803s] -- Installing: /home/bwilab/fri_ws/src/install/v5_moveit_config/share/v5_moveit_config/config/ur5_with_gripper.urdf.xacro
[0.803s] -- Installing: /home/bwilab/fri_ws/src/install/v5_moveit_config/share/v5_moveit_config/config/kinematics.yaml
[0.804s] -- Installing: /home/bwilab/fri_ws/src/install/v5_moveit_config/share/v5_moveit_config/config/initial_positions.yaml
[0.804s] -- Installing: /home/bwilab/fri_ws/src/install/v5_moveit_config/share/v5_moveit_config/config/ur5_with_gripper.ros2_control.xacro
[0.804s] -- Installing: /home/bwilab/fri_ws/src/install/v5_moveit_config/share/v5_moveit_config/config/pilz_cartesian_limits.yaml
[0.804s] -- Installing: /home/bwilab/fri_ws/src/install/v5_moveit_config/share/v5_moveit_config/config/sensors_3d.yaml
[0.805s] -- Installing: /home/bwilab/fri_ws/src/install/v5_moveit_config/share/v5_moveit_config/config/ros2_controllers.yaml
[0.805s] -- Installing: /home/bwilab/fri_ws/src/install/v5_moveit_config/share/v5_moveit_config/config/v5_with_arm.srdf
[0.805s] -- Installing: /home/bwilab/fri_ws/src/install/v5_moveit_config/share/v5_moveit_config/config/ur5_with_gripper.srdf
[0.805s] -- Installing: /home/bwilab/fri_ws/src/install/v5_moveit_config/share/v5_moveit_config/config/sensors_kinect_depthmap.yaml
[0.805s] -- Installing: /home/bwilab/fri_ws/src/install/v5_moveit_config/share/v5_moveit_config/.setup_assistant
[0.810s] Invoked command in '/home/bwilab/fri_ws/src/build/v5_moveit_config' returned '0': AMENT_PREFIX_PATH=/home/bwilab/fri_ws/src/install/v5_description:${AMENT_PREFIX_PATH} CMAKE_PREFIX_PATH=/home/bwilab/fri_ws/src/install/v5_description:/home/bwilab/fri_ws/install/v5_moveit_config:/home/bwilab/fri_ws/install/v5_description:/home/bwilab/fri_ws/install/ur_robot_driver:/home/bwilab/fri_ws/install/ur_description:/home/bwilab/fri_ws/install/rviz_marker_tools:/home/bwilab/fri_ws/install/robotiq_description:/home/bwilab/fri_ws/install/pick_place_msgs:/home/bwilab/fri_ws/install/moveit_task_constructor_msgs:/home/bwilab/fri_ws/install/arm_launch:/home/bwilab/fri_ws/install/apriltag_msgs:/home/bwilab/fri_ws/install/robotiq_gripper_driver:/opt/ros/humble CONDA_PROMPT_MODIFIER=(base) /home/bwilab/.local/bin/cmake --install /home/bwilab/fri_ws/src/build/v5_moveit_config
