[1.240s] Invoking command in '/home/bwilab/fri_ws/src/ur5_wave': PYTHONPATH=/home/bwilab/fri_ws/build/ur5_wave/prefix_override:/usr/lib/python3/dist-packages/colcon_core/task/python/colcon_distutils_commands:/home/bwilab/fri_ws/install/ur5_wave/lib/python3.10/site-packages:${PYTHONPATH} /usr/bin/python3 -W ignore:setup.py install is deprecated setup.py egg_info --egg-base ../../build/ur5_wave build --build-base /home/bwilab/fri_ws/build/ur5_wave/build install --record /home/bwilab/fri_ws/build/ur5_wave/install.log --single-version-externally-managed install_data
[1.465s] running egg_info
[1.465s] writing ../../build/ur5_wave/ur5_wave.egg-info/PKG-INFO
[1.466s] writing dependency_links to ../../build/ur5_wave/ur5_wave.egg-info/dependency_links.txt
[1.466s] writing entry points to ../../build/ur5_wave/ur5_wave.egg-info/entry_points.txt
[1.466s] writing requirements to ../../build/ur5_wave/ur5_wave.egg-info/requires.txt
[1.466s] writing top-level names to ../../build/ur5_wave/ur5_wave.egg-info/top_level.txt
[1.467s] reading manifest file '../../build/ur5_wave/ur5_wave.egg-info/SOURCES.txt'
[1.468s] writing manifest file '../../build/ur5_wave/ur5_wave.egg-info/SOURCES.txt'
[1.468s] running build
[1.468s] running build_py
[1.469s] running install
[1.469s] running install_lib
[1.470s] running install_data
[1.470s] running install_egg_info
[1.471s] removing '/home/bwilab/fri_ws/install/ur5_wave/lib/python3.10/site-packages/ur5_wave-0.0.0-py3.10.egg-info' (and everything under it)
[1.472s] Copying ../../build/ur5_wave/ur5_wave.egg-info to /home/bwilab/fri_ws/install/ur5_wave/lib/python3.10/site-packages/ur5_wave-0.0.0-py3.10.egg-info
[1.473s] running install_scripts
[1.491s] Installing wave_node script to /home/bwilab/fri_ws/install/ur5_wave/lib/ur5_wave
[1.491s] writing list of installed files to '/home/bwilab/fri_ws/build/ur5_wave/install.log'
[1.544s] Invoked command in '/home/bwilab/fri_ws/src/ur5_wave' returned '0': PYTHONPATH=/home/bwilab/fri_ws/build/ur5_wave/prefix_override:/usr/lib/python3/dist-packages/colcon_core/task/python/colcon_distutils_commands:/home/bwilab/fri_ws/install/ur5_wave/lib/python3.10/site-packages:${PYTHONPATH} /usr/bin/python3 -W ignore:setup.py install is deprecated setup.py egg_info --egg-base ../../build/ur5_wave build --build-base /home/bwilab/fri_ws/build/ur5_wave/build install --record /home/bwilab/fri_ws/build/ur5_wave/install.log --single-version-externally-managed install_data
