[0.009s] Invoking command in '/home/bwilab/fri_ws/build/v5_moveit_config': CMAKE_PREFIX_PATH=/home/bwilab/fri_ws/install/v5_description:/home/bwilab/fri_ws/install/v5_moveit_config:/home/bwilab/fri_ws/install/ur_robot_driver:/home/bwilab/fri_ws/install/ur_description:/home/bwilab/fri_ws/install/robotiq_description:/home/bwilab/fri_ws/install/arm_launch:/home/bwilab/fri_ws/install/recognition_node:/home/bwilab/fri_ws/install/gesture_recognition:/home/bwilab/fri_ws/install/ur5_wave:/home/bwilab/fri_ws/install/robotiq_gripper_driver:/opt/ros/humble CONDA_PROMPT_MODIFIER=(base) /home/bwilab/.local/bin/cmake /home/bwilab/fri_ws/src/v5_arm/v5_moveit_config -DCMAKE_INSTALL_PREFIX=/home/bwilab/fri_ws/install/v5_moveit_config
[0.084s] -- The C compiler identification is GNU 12.1.0
[0.138s] -- The CXX compiler identification is GNU 11.4.0
[0.150s] -- Detecting C compiler ABI info
[0.220s] -- Detecting C compiler ABI info - done
[0.233s] -- Check for working C compiler: /home/bwilab/miniconda3/bin/cc - skipped
[0.233s] -- Detecting C compile features
[0.234s] -- Detecting C compile features - done
[0.237s] -- Detecting CXX compiler ABI info
[0.320s] -- Detecting CXX compiler ABI info - done
[0.330s] -- Check for working CXX compiler: /usr/bin/c++ - skipped
[0.331s] -- Detecting CXX compile features
[0.331s] -- Detecting CXX compile features - done
[0.337s] -- Found ament_cmake: 1.3.10 (/opt/ros/humble/share/ament_cmake/cmake)
[0.672s] -- Found Python3: /home/bwilab/miniconda3/bin/python3 (found version "3.12.2") found components: Interpreter 
[0.877s] -- Configuring done (0.8s)
[0.879s] -- Generating done (0.0s)
[0.880s] -- Build files have been written to: /home/bwilab/fri_ws/build/v5_moveit_config
[0.888s] Invoked command in '/home/bwilab/fri_ws/build/v5_moveit_config' returned '0': CMAKE_PREFIX_PATH=/home/bwilab/fri_ws/install/v5_description:/home/bwilab/fri_ws/install/v5_moveit_config:/home/bwilab/fri_ws/install/ur_robot_driver:/home/bwilab/fri_ws/install/ur_description:/home/bwilab/fri_ws/install/robotiq_description:/home/bwilab/fri_ws/install/arm_launch:/home/bwilab/fri_ws/install/recognition_node:/home/bwilab/fri_ws/install/gesture_recognition:/home/bwilab/fri_ws/install/ur5_wave:/home/bwilab/fri_ws/install/robotiq_gripper_driver:/opt/ros/humble CONDA_PROMPT_MODIFIER=(base) /home/bwilab/.local/bin/cmake /home/bwilab/fri_ws/src/v5_arm/v5_moveit_config -DCMAKE_INSTALL_PREFIX=/home/bwilab/fri_ws/install/v5_moveit_config
[0.889s] Invoking command in '/home/bwilab/fri_ws/build/v5_moveit_config': CMAKE_PREFIX_PATH=/home/bwilab/fri_ws/install/v5_description:/home/bwilab/fri_ws/install/v5_moveit_config:/home/bwilab/fri_ws/install/ur_robot_driver:/home/bwilab/fri_ws/install/ur_description:/home/bwilab/fri_ws/install/robotiq_description:/home/bwilab/fri_ws/install/arm_launch:/home/bwilab/fri_ws/install/recognition_node:/home/bwilab/fri_ws/install/gesture_recognition:/home/bwilab/fri_ws/install/ur5_wave:/home/bwilab/fri_ws/install/robotiq_gripper_driver:/opt/ros/humble CONDA_PROMPT_MODIFIER=(base) /home/bwilab/.local/bin/cmake --build /home/bwilab/fri_ws/build/v5_moveit_config -- -j16 -l16
[0.930s] Invoked command in '/home/bwilab/fri_ws/build/v5_moveit_config' returned '0': CMAKE_PREFIX_PATH=/home/bwilab/fri_ws/install/v5_description:/home/bwilab/fri_ws/install/v5_moveit_config:/home/bwilab/fri_ws/install/ur_robot_driver:/home/bwilab/fri_ws/install/ur_description:/home/bwilab/fri_ws/install/robotiq_description:/home/bwilab/fri_ws/install/arm_launch:/home/bwilab/fri_ws/install/recognition_node:/home/bwilab/fri_ws/install/gesture_recognition:/home/bwilab/fri_ws/install/ur5_wave:/home/bwilab/fri_ws/install/robotiq_gripper_driver:/opt/ros/humble CONDA_PROMPT_MODIFIER=(base) /home/bwilab/.local/bin/cmake --build /home/bwilab/fri_ws/build/v5_moveit_config -- -j16 -l16
[0.970s] Invoking command in '/home/bwilab/fri_ws/build/v5_moveit_config': CMAKE_PREFIX_PATH=/home/bwilab/fri_ws/install/v5_description:/home/bwilab/fri_ws/install/v5_moveit_config:/home/bwilab/fri_ws/install/ur_robot_driver:/home/bwilab/fri_ws/install/ur_description:/home/bwilab/fri_ws/install/robotiq_description:/home/bwilab/fri_ws/install/arm_launch:/home/bwilab/fri_ws/install/recognition_node:/home/bwilab/fri_ws/install/gesture_recognition:/home/bwilab/fri_ws/install/ur5_wave:/home/bwilab/fri_ws/install/robotiq_gripper_driver:/opt/ros/humble CONDA_PROMPT_MODIFIER=(base) /home/bwilab/.local/bin/cmake --install /home/bwilab/fri_ws/build/v5_moveit_config
[0.996s] -- Install configuration: ""
[0.996s] -- Installing: /home/bwilab/fri_ws/install/v5_moveit_config/share/ament_index/resource_index/package_run_dependencies/v5_moveit_config
[0.996s] -- Installing: /home/bwilab/fri_ws/install/v5_moveit_config/share/ament_index/resource_index/parent_prefix_path/v5_moveit_config
[0.996s] -- Installing: /home/bwilab/fri_ws/install/v5_moveit_config/share/v5_moveit_config/environment/ament_prefix_path.sh
[0.996s] -- Installing: /home/bwilab/fri_ws/install/v5_moveit_config/share/v5_moveit_config/environment/ament_prefix_path.dsv
[0.997s] -- Installing: /home/bwilab/fri_ws/install/v5_moveit_config/share/v5_moveit_config/environment/path.sh
[0.997s] -- Installing: /home/bwilab/fri_ws/install/v5_moveit_config/share/v5_moveit_config/environment/path.dsv
[0.997s] -- Installing: /home/bwilab/fri_ws/install/v5_moveit_config/share/v5_moveit_config/local_setup.bash
[0.997s] -- Installing: /home/bwilab/fri_ws/install/v5_moveit_config/share/v5_moveit_config/local_setup.sh
[0.997s] -- Installing: /home/bwilab/fri_ws/install/v5_moveit_config/share/v5_moveit_config/local_setup.zsh
[0.997s] -- Installing: /home/bwilab/fri_ws/install/v5_moveit_config/share/v5_moveit_config/local_setup.dsv
[0.997s] -- Installing: /home/bwilab/fri_ws/install/v5_moveit_config/share/v5_moveit_config/package.dsv
[0.997s] -- Installing: /home/bwilab/fri_ws/install/v5_moveit_config/share/ament_index/resource_index/packages/v5_moveit_config
[0.998s] -- Installing: /home/bwilab/fri_ws/install/v5_moveit_config/share/v5_moveit_config/cmake/v5_moveit_configConfig.cmake
[0.998s] -- Installing: /home/bwilab/fri_ws/install/v5_moveit_config/share/v5_moveit_config/cmake/v5_moveit_configConfig-version.cmake
[0.998s] -- Installing: /home/bwilab/fri_ws/install/v5_moveit_config/share/v5_moveit_config/package.xml
[0.998s] -- Installing: /home/bwilab/fri_ws/install/v5_moveit_config/share/v5_moveit_config/launch
[0.998s] -- Installing: /home/bwilab/fri_ws/install/v5_moveit_config/share/v5_moveit_config/launch/rsp.launch.py
[0.998s] -- Installing: /home/bwilab/fri_ws/install/v5_moveit_config/share/v5_moveit_config/launch/spawn_controllers.launch.py
[0.998s] -- Installing: /home/bwilab/fri_ws/install/v5_moveit_config/share/v5_moveit_config/launch/move_group.launch.py
[0.998s] -- Installing: /home/bwilab/fri_ws/install/v5_moveit_config/share/v5_moveit_config/launch/warehouse_db.launch.py
[0.998s] -- Installing: /home/bwilab/fri_ws/install/v5_moveit_config/share/v5_moveit_config/launch/setup_assistant.launch.py
[0.999s] -- Installing: /home/bwilab/fri_ws/install/v5_moveit_config/share/v5_moveit_config/launch/moveit_rviz.launch.py
[0.999s] -- Installing: /home/bwilab/fri_ws/install/v5_moveit_config/share/v5_moveit_config/launch/demo.launch.py
[0.999s] -- Installing: /home/bwilab/fri_ws/install/v5_moveit_config/share/v5_moveit_config/launch/static_virtual_joint_tfs.launch.py
[0.999s] -- Installing: /home/bwilab/fri_ws/install/v5_moveit_config/share/v5_moveit_config/config
[0.999s] -- Installing: /home/bwilab/fri_ws/install/v5_moveit_config/share/v5_moveit_config/config/ompl_planning.yaml
[0.999s] -- Installing: /home/bwilab/fri_ws/install/v5_moveit_config/share/v5_moveit_config/config/sensors_kinect_pointcloud.yaml
[0.999s] -- Installing: /home/bwilab/fri_ws/install/v5_moveit_config/share/v5_moveit_config/config/joint_limits.yaml
[0.999s] -- Installing: /home/bwilab/fri_ws/install/v5_moveit_config/share/v5_moveit_config/config/moveit_controllers.yaml
[0.999s] -- Installing: /home/bwilab/fri_ws/install/v5_moveit_config/share/v5_moveit_config/config/moveit.rviz
[1.000s] -- Installing: /home/bwilab/fri_ws/install/v5_moveit_config/share/v5_moveit_config/config/ur5_with_gripper.urdf.xacro
[1.000s] -- Installing: /home/bwilab/fri_ws/install/v5_moveit_config/share/v5_moveit_config/config/kinematics.yaml
[1.000s] -- Installing: /home/bwilab/fri_ws/install/v5_moveit_config/share/v5_moveit_config/config/initial_positions.yaml
[1.000s] -- Installing: /home/bwilab/fri_ws/install/v5_moveit_config/share/v5_moveit_config/config/trajectory_execution.yaml
[1.000s] -- Installing: /home/bwilab/fri_ws/install/v5_moveit_config/share/v5_moveit_config/config/ur5_with_gripper.ros2_control.xacro
[1.000s] -- Installing: /home/bwilab/fri_ws/install/v5_moveit_config/share/v5_moveit_config/config/pilz_cartesian_limits.yaml
[1.000s] -- Installing: /home/bwilab/fri_ws/install/v5_moveit_config/share/v5_moveit_config/config/sensors_3d.yaml
[1.000s] -- Installing: /home/bwilab/fri_ws/install/v5_moveit_config/share/v5_moveit_config/config/ros2_controllers.yaml
[1.000s] -- Installing: /home/bwilab/fri_ws/install/v5_moveit_config/share/v5_moveit_config/config/v5_with_arm.srdf
[1.000s] -- Installing: /home/bwilab/fri_ws/install/v5_moveit_config/share/v5_moveit_config/config/ur5_with_gripper.srdf
[1.000s] -- Installing: /home/bwilab/fri_ws/install/v5_moveit_config/share/v5_moveit_config/config/sensors_kinect_depthmap.yaml
[1.000s] -- Installing: /home/bwilab/fri_ws/install/v5_moveit_config/share/v5_moveit_config/.setup_assistant
[1.007s] Invoked command in '/home/bwilab/fri_ws/build/v5_moveit_config' returned '0': CMAKE_PREFIX_PATH=/home/bwilab/fri_ws/install/v5_description:/home/bwilab/fri_ws/install/v5_moveit_config:/home/bwilab/fri_ws/install/ur_robot_driver:/home/bwilab/fri_ws/install/ur_description:/home/bwilab/fri_ws/install/robotiq_description:/home/bwilab/fri_ws/install/arm_launch:/home/bwilab/fri_ws/install/recognition_node:/home/bwilab/fri_ws/install/gesture_recognition:/home/bwilab/fri_ws/install/ur5_wave:/home/bwilab/fri_ws/install/robotiq_gripper_driver:/opt/ros/humble CONDA_PROMPT_MODIFIER=(base) /home/bwilab/.local/bin/cmake --install /home/bwilab/fri_ws/build/v5_moveit_config
