[0.033s] Invoking command in '/home/bwilab/fri_ws/build/v5_description': CMAKE_PREFIX_PATH=${CMAKE_PREFIX_PATH}:/home/bwilab/fri_ws/install/ur5_wave:/home/bwilab/fri_ws/install/robotiq_gripper_driver:/home/bwilab/fri_ws/install/recognition_node:/opt/ros/humble CONDA_PROMPT_MODIFIER=(base) /home/bwilab/.local/bin/cmake --build /home/bwilab/fri_ws/build/v5_description -- -j16 -l16
[0.885s] Invoked command in '/home/bwilab/fri_ws/build/v5_description' returned '0': CMAKE_PREFIX_PATH=${CMAKE_PREFIX_PATH}:/home/bwilab/fri_ws/install/ur5_wave:/home/bwilab/fri_ws/install/robotiq_gripper_driver:/home/bwilab/fri_ws/install/recognition_node:/opt/ros/humble CONDA_PROMPT_MODIFIER=(base) /home/bwilab/.local/bin/cmake --build /home/bwilab/fri_ws/build/v5_description -- -j16 -l16
[0.971s] Invoking command in '/home/bwilab/fri_ws/build/v5_description': CMAKE_PREFIX_PATH=${CMAKE_PREFIX_PATH}:/home/bwilab/fri_ws/install/ur5_wave:/home/bwilab/fri_ws/install/robotiq_gripper_driver:/home/bwilab/fri_ws/install/recognition_node:/opt/ros/humble CONDA_PROMPT_MODIFIER=(base) /home/bwilab/.local/bin/cmake --install /home/bwilab/fri_ws/build/v5_description
[1.023s] -- Install configuration: ""
[1.023s] -- Up-to-date: /home/bwilab/fri_ws/install/v5_description/share/v5_description/cfg
[1.024s] -- Up-to-date: /home/bwilab/fri_ws/install/v5_description/share/v5_description/cfg/view_robot.rviz
[1.024s] -- Up-to-date: /home/bwilab/fri_ws/install/v5_description/share/v5_description/config
[1.025s] -- Up-to-date: /home/bwilab/fri_ws/install/v5_description/share/v5_description/config/joint_limits.yaml
[1.026s] -- Up-to-date: /home/bwilab/fri_ws/install/v5_description/share/v5_description/config/ur5
[1.026s] -- Up-to-date: /home/bwilab/fri_ws/install/v5_description/share/v5_description/config/ur5/physical_parameters.yaml
[1.026s] -- Up-to-date: /home/bwilab/fri_ws/install/v5_description/share/v5_description/config/ur5/default_kinematics.yaml
[1.026s] -- Up-to-date: /home/bwilab/fri_ws/install/v5_description/share/v5_description/config/ur5/joint_limits.yaml
[1.026s] -- Up-to-date: /home/bwilab/fri_ws/install/v5_description/share/v5_description/config/ur5/visual_parameters.yaml
[1.026s] -- Up-to-date: /home/bwilab/fri_ws/install/v5_description/share/v5_description/launch
[1.026s] -- Up-to-date: /home/bwilab/fri_ws/install/v5_description/share/v5_description/launch/view_v5.launch
[1.027s] -- Up-to-date: /home/bwilab/fri_ws/install/v5_description/share/v5_description/launch/load_ur5.launch
[1.027s] -- Up-to-date: /home/bwilab/fri_ws/install/v5_description/share/v5_description/launch/view_ur5.launch
[1.027s] -- Up-to-date: /home/bwilab/fri_ws/install/v5_description/share/v5_description/launch/load_ur.launch
[1.027s] -- Up-to-date: /home/bwilab/fri_ws/install/v5_description/share/v5_description/meshes
[1.027s] -- Up-to-date: /home/bwilab/fri_ws/install/v5_description/share/v5_description/meshes/sensors
[1.027s] -- Up-to-date: /home/bwilab/fri_ws/install/v5_description/share/v5_description/meshes/sensors/visual
[1.027s] -- Up-to-date: /home/bwilab/fri_ws/install/v5_description/share/v5_description/meshes/sensors/visual/azurekinect.dae
[1.039s] -- Up-to-date: /home/bwilab/fri_ws/install/v5_description/share/v5_description/meshes/sensors/collision
[1.039s] -- Up-to-date: /home/bwilab/fri_ws/install/v5_description/share/v5_description/meshes/sensors/collision/azurekinect.stl
[1.040s] -- Up-to-date: /home/bwilab/fri_ws/install/v5_description/share/v5_description/meshes/BWIv5.stl
[1.040s] -- Up-to-date: /home/bwilab/fri_ws/install/v5_description/share/v5_description/meshes/ur5
[1.040s] -- Up-to-date: /home/bwilab/fri_ws/install/v5_description/share/v5_description/meshes/ur5/visual
[1.040s] -- Up-to-date: /home/bwilab/fri_ws/install/v5_description/share/v5_description/meshes/ur5/visual/wrist2.dae
[1.040s] -- Up-to-date: /home/bwilab/fri_ws/install/v5_description/share/v5_description/meshes/ur5/visual/v5.stl
[1.040s] -- Up-to-date: /home/bwilab/fri_ws/install/v5_description/share/v5_description/meshes/ur5/visual/upperarm.dae
[1.040s] -- Up-to-date: /home/bwilab/fri_ws/install/v5_description/share/v5_description/meshes/ur5/visual/ur5_origin.dae
[1.040s] -- Up-to-date: /home/bwilab/fri_ws/install/v5_description/share/v5_description/meshes/ur5/visual/forearm.dae
[1.041s] -- Up-to-date: /home/bwilab/fri_ws/install/v5_description/share/v5_description/meshes/ur5/visual/wrist1.dae
[1.041s] -- Up-to-date: /home/bwilab/fri_ws/install/v5_description/share/v5_description/meshes/ur5/visual/shoulder.dae
[1.041s] -- Up-to-date: /home/bwilab/fri_ws/install/v5_description/share/v5_description/meshes/ur5/visual/wrist3.dae
[1.041s] -- Up-to-date: /home/bwilab/fri_ws/install/v5_description/share/v5_description/meshes/ur5/visual/base.dae
[1.041s] -- Up-to-date: /home/bwilab/fri_ws/install/v5_description/share/v5_description/meshes/ur5/collision
[1.041s] -- Up-to-date: /home/bwilab/fri_ws/install/v5_description/share/v5_description/meshes/ur5/collision/upperarm.stl
[1.041s] -- Up-to-date: /home/bwilab/fri_ws/install/v5_description/share/v5_description/meshes/ur5/collision/v5.stl
[1.041s] -- Up-to-date: /home/bwilab/fri_ws/install/v5_description/share/v5_description/meshes/ur5/collision/wrist2.stl
[1.041s] -- Up-to-date: /home/bwilab/fri_ws/install/v5_description/share/v5_description/meshes/ur5/collision/shoulder.stl
[1.041s] -- Up-to-date: /home/bwilab/fri_ws/install/v5_description/share/v5_description/meshes/ur5/collision/wrist1.stl
[1.041s] -- Up-to-date: /home/bwilab/fri_ws/install/v5_description/share/v5_description/meshes/ur5/collision/wrist3.stl
[1.043s] -- Up-to-date: /home/bwilab/fri_ws/install/v5_description/share/v5_description/meshes/ur5/collision/forearm.stl
[1.043s] -- Up-to-date: /home/bwilab/fri_ws/install/v5_description/share/v5_description/meshes/ur5/collision/base.stl
[1.043s] -- Up-to-date: /home/bwilab/fri_ws/install/v5_description/share/v5_description/urdf
[1.043s] -- Up-to-date: /home/bwilab/fri_ws/install/v5_description/share/v5_description/urdf/v5_robot.urdf.xacro
[1.043s] -- Up-to-date: /home/bwilab/fri_ws/install/v5_description/share/v5_description/urdf/ur5_with_gripper.urdf.xacro
[1.043s] -- Up-to-date: /home/bwilab/fri_ws/install/v5_description/share/v5_description/urdf/sensors
[1.043s] -- Up-to-date: /home/bwilab/fri_ws/install/v5_description/share/v5_description/urdf/sensors/common_properties.urdf.xacro
[1.044s] -- Up-to-date: /home/bwilab/fri_ws/install/v5_description/share/v5_description/urdf/sensors/azure_kinect_macro.xacro
[1.044s] -- Up-to-date: /home/bwilab/fri_ws/install/v5_description/share/v5_description/urdf/v5_robot_macro.xacro
[1.044s] -- Up-to-date: /home/bwilab/fri_ws/install/v5_description/share/v5_description/urdf/v5_with_arm.urdf.xacro
[1.046s] -- Up-to-date: /home/bwilab/fri_ws/install/v5_description/share/v5_description/urdf/ur5_with_gripper_macro.xacro
[1.046s] -- Up-to-date: /home/bwilab/fri_ws/install/v5_description/share/v5_description/tests
[1.046s] -- Up-to-date: /home/bwilab/fri_ws/install/v5_description/share/v5_description/tests/roslaunch_test_ur5.xml
[1.046s] -- Up-to-date: /home/bwilab/fri_ws/install/v5_description/share/ament_index/resource_index/package_run_dependencies/v5_description
[1.046s] -- Up-to-date: /home/bwilab/fri_ws/install/v5_description/share/ament_index/resource_index/parent_prefix_path/v5_description
[1.046s] -- Up-to-date: /home/bwilab/fri_ws/install/v5_description/share/v5_description/environment/ament_prefix_path.sh
[1.046s] -- Up-to-date: /home/bwilab/fri_ws/install/v5_description/share/v5_description/environment/ament_prefix_path.dsv
[1.046s] -- Up-to-date: /home/bwilab/fri_ws/install/v5_description/share/v5_description/environment/path.sh
[1.047s] -- Up-to-date: /home/bwilab/fri_ws/install/v5_description/share/v5_description/environment/path.dsv
[1.047s] -- Up-to-date: /home/bwilab/fri_ws/install/v5_description/share/v5_description/local_setup.bash
[1.047s] -- Up-to-date: /home/bwilab/fri_ws/install/v5_description/share/v5_description/local_setup.sh
[1.047s] -- Up-to-date: /home/bwilab/fri_ws/install/v5_description/share/v5_description/local_setup.zsh
[1.047s] -- Up-to-date: /home/bwilab/fri_ws/install/v5_description/share/v5_description/local_setup.dsv
[1.047s] -- Installing: /home/bwilab/fri_ws/install/v5_description/share/v5_description/package.dsv
[1.047s] -- Up-to-date: /home/bwilab/fri_ws/install/v5_description/share/ament_index/resource_index/packages/v5_description
[1.047s] -- Up-to-date: /home/bwilab/fri_ws/install/v5_description/share/v5_description/cmake/v5_descriptionConfig.cmake
[1.047s] -- Up-to-date: /home/bwilab/fri_ws/install/v5_description/share/v5_description/cmake/v5_descriptionConfig-version.cmake
[1.047s] -- Up-to-date: /home/bwilab/fri_ws/install/v5_description/share/v5_description/package.xml
[1.048s] Invoked command in '/home/bwilab/fri_ws/build/v5_description' returned '0': CMAKE_PREFIX_PATH=${CMAKE_PREFIX_PATH}:/home/bwilab/fri_ws/install/ur5_wave:/home/bwilab/fri_ws/install/robotiq_gripper_driver:/home/bwilab/fri_ws/install/recognition_node:/opt/ros/humble CONDA_PROMPT_MODIFIER=(base) /home/bwilab/.local/bin/cmake --install /home/bwilab/fri_ws/build/v5_description
